#
# There is insufficient memory for the Java Runtime Environment to continue.
# Native memory allocation (malloc) failed to allocate 982256 bytes for Chunk::new
# Possible reasons:
#   The system is out of physical RAM or swap space
#   The process is running with CompressedOops enabled, and the Java Heap may be blocking the growth of the native heap
# Possible solutions:
#   Reduce memory load on the system
#   Increase physical memory or swap space
#   Check if swap backing store is full
#   Decrease Java heap size (-Xmx/-Xms)
#   Decrease number of Java threads
#   Decrease Java thread stack sizes (-Xss)
#   Set larger code cache with -XX:ReservedCodeCacheSize=
#   JVM is running with Unscaled Compressed Oops mode in which the Java heap is
#     placed in the first 4GB address space. The Java Heap base address is the
#     maximum limit for the native heap growth. Please use -XX:HeapBaseMinAddress
#     to set the Java Heap base and to place the Java Heap above 4GB virtual address.
# This output file may be truncated or incomplete.
#
#  Out of Memory Error (arena.cpp:184), pid=32208, tid=38900
#
# JRE version: OpenJDK Runtime Environment Corretto-20.0.2.10.1 (20.0.2.1+10) (build 20.0.2.1+10-FR)
# Java VM: OpenJDK 64-Bit Server VM Corretto-20.0.2.10.1 (20.0.2.1+10-FR, mixed mode, sharing, tiered, compressed oops, compressed class ptrs, g1 gc, windows-amd64)
# No core dump will be written. Minidumps are not enabled by default on client versions of Windows
#

---------------  S U M M A R Y ------------

Command Line: --add-opens=java.base/java.util=ALL-UNNAMED --add-opens=java.base/java.lang=ALL-UNNAMED --add-opens=java.base/java.lang.invoke=ALL-UNNAMED --add-opens=java.prefs/java.util.prefs=ALL-UNNAMED --add-opens=java.base/java.nio.charset=ALL-UNNAMED --add-opens=java.base/java.net=ALL-UNNAMED --add-opens=java.base/java.util.concurrent.atomic=ALL-UNNAMED -XX:MaxMetaspaceSize=384m -XX:+HeapDumpOnOutOfMemoryError -Xms256m -Xmx512m -Dfile.encoding=windows-1252 -Duser.country=CA -Duser.language=en -Duser.variant -javaagent:C:\Users\giwat\.gradle\wrapper\dists\gradle-8.4-bin\1w5dpkrfk8irigvoxmyhowfim\gradle-8.4\lib\agents\gradle-instrumentation-agent-8.4.jar org.gradle.launcher.daemon.bootstrap.GradleDaemon 8.4

Host: 11th Gen Intel(R) Core(TM) i5-1155G7 @ 2.50GHz, 8 cores, 7G,  Windows 11 , 64 bit Build 22621 (10.0.22621.2506)
Time: Sat Nov 18 23:36:01 2023 Eastern Standard Time elapsed time: 153.976354 seconds (0d 0h 2m 33s)

---------------  T H R E A D  ---------------

Current thread (0x000001b73ac7e550):  JavaThread "C2 CompilerThread0" daemon [_thread_in_native, id=38900, stack(0x0000006a12500000,0x0000006a12600000)]


Current CompileTask:
C2: 153976 5366   !   4       jdk.internal.loader.Resource::getBytes (244 bytes)

Stack: [0x0000006a12500000,0x0000006a12600000]
Native frames: (J=compiled Java code, j=interpreted, Vv=VM code, C=native code)
V  [jvm.dll+0x6ba11a]
V  [jvm.dll+0x8968da]
V  [jvm.dll+0x898665]
V  [jvm.dll+0x898d53]
V  [jvm.dll+0x27f9ff]
V  [jvm.dll+0xc3771]
V  [jvm.dll+0xc3a95]
V  [jvm.dll+0x3b8f02]
V  [jvm.dll+0x383445]
V  [jvm.dll+0x3828aa]
V  [jvm.dll+0x249089]
V  [jvm.dll+0x24847f]
V  [jvm.dll+0x1cbc81]
V  [jvm.dll+0x257f49]
V  [jvm.dll+0x256610]
V  [jvm.dll+0x3f0155]
V  [jvm.dll+0x843859]
V  [jvm.dll+0x6b8d9b]
C  [ucrtbase.dll+0x29363]
C  [KERNEL32.DLL+0x1257d]
C  [ntdll.dll+0x5aa58]


---------------  P R O C E S S  ---------------

Threads class SMR info:
_java_thread_list=0x000001b756afba00, length=44, elements={
0x000001b72009f590, 0x000001b73ac68520, 0x000001b73ac69560, 0x000001b73ac704c0,
0x000001b73ac71970, 0x000001b73ac7cdc0, 0x000001b73ac7d7f0, 0x000001b73ac7e550,
0x000001b753400560, 0x000001b753503e70, 0x000001b7535beb90, 0x000001b75404a920,
0x000001b75404ae70, 0x000001b75404a3d0, 0x000001b75404d8f0, 0x000001b75404b3c0,
0x000001b75404b910, 0x000001b75404be60, 0x000001b75404c3b0, 0x000001b75404c900,
0x000001b75404d3a0, 0x000001b75404ce50, 0x000001b754e1fb00, 0x000001b754e21ae0,
0x000001b754e24010, 0x000001b754e205a0, 0x000001b754e20050, 0x000001b754e25550,
0x000001b754e20af0, 0x000001b754e25aa0, 0x000001b754e22030, 0x000001b754e22ad0,
0x000001b754e22580, 0x000001b754e23570, 0x000001b754e26540, 0x000001b754e23ac0,
0x000001b754e25000, 0x000001b754e1f060, 0x000001b754e23020, 0x000001b754e21040,
0x000001b754e1f5b0, 0x000001b754e21590, 0x000001b754e24560, 0x000001b75677a680
}

Java Threads: ( => current thread )
  0x000001b72009f590 JavaThread "main" [_thread_blocked, id=31296, stack(0x0000006a11800000,0x0000006a11900000)]
  0x000001b73ac68520 JavaThread "Reference Handler" daemon [_thread_blocked, id=36832, stack(0x0000006a11f00000,0x0000006a12000000)]
  0x000001b73ac69560 JavaThread "Finalizer" daemon [_thread_blocked, id=37272, stack(0x0000006a12000000,0x0000006a12100000)]
  0x000001b73ac704c0 JavaThread "Signal Dispatcher" daemon [_thread_blocked, id=37580, stack(0x0000006a12100000,0x0000006a12200000)]
  0x000001b73ac71970 JavaThread "Attach Listener" daemon [_thread_blocked, id=38436, stack(0x0000006a12200000,0x0000006a12300000)]
  0x000001b73ac7cdc0 JavaThread "Service Thread" daemon [_thread_blocked, id=16756, stack(0x0000006a12300000,0x0000006a12400000)]
  0x000001b73ac7d7f0 JavaThread "Monitor Deflation Thread" daemon [_thread_blocked, id=32944, stack(0x0000006a12400000,0x0000006a12500000)]
=>0x000001b73ac7e550 JavaThread "C2 CompilerThread0" daemon [_thread_in_native, id=38900, stack(0x0000006a12500000,0x0000006a12600000)]
  0x000001b753400560 JavaThread "C1 CompilerThread0" daemon [_thread_blocked, id=35396, stack(0x0000006a12600000,0x0000006a12700000)]
  0x000001b753503e70 JavaThread "Common-Cleaner" daemon [_thread_blocked, id=27492, stack(0x0000006a12700000,0x0000006a12800000)]
  0x000001b7535beb90 JavaThread "Notification Thread" daemon [_thread_blocked, id=4372, stack(0x0000006a12800000,0x0000006a12900000)]
  0x000001b75404a920 JavaThread "Daemon health stats" [_thread_blocked, id=36504, stack(0x0000006a12f00000,0x0000006a13000000)]
  0x000001b75404ae70 JavaThread "Incoming local TCP Connector on port 56060" [_thread_in_native, id=7152, stack(0x0000006a13000000,0x0000006a13100000)]
  0x000001b75404a3d0 JavaThread "Daemon periodic checks" [_thread_blocked, id=35912, stack(0x0000006a13100000,0x0000006a13200000)]
  0x000001b75404d8f0 JavaThread "Daemon" [_thread_blocked, id=38772, stack(0x0000006a13200000,0x0000006a13300000)]
  0x000001b75404b3c0 JavaThread "Handler for socket connection from /127.0.0.1:56060 to /127.0.0.1:56061" [_thread_in_native, id=38764, stack(0x0000006a13300000,0x0000006a13400000)]
  0x000001b75404b910 JavaThread "Cancel handler" [_thread_blocked, id=22176, stack(0x0000006a13400000,0x0000006a13500000)]
  0x000001b75404be60 JavaThread "Daemon worker" [_thread_in_vm, id=27872, stack(0x0000006a13500000,0x0000006a13600000)]
  0x000001b75404c3b0 JavaThread "Asynchronous log dispatcher for DefaultDaemonConnection: socket connection from /127.0.0.1:56060 to /127.0.0.1:56061" [_thread_blocked, id=35588, stack(0x0000006a13600000,0x0000006a13700000)]
  0x000001b75404c900 JavaThread "Stdin handler" [_thread_blocked, id=35980, stack(0x0000006a13700000,0x0000006a13800000)]
  0x000001b75404d3a0 JavaThread "Daemon client event forwarder" [_thread_blocked, id=38724, stack(0x0000006a13800000,0x0000006a13900000)]
  0x000001b75404ce50 JavaThread "Cache worker for journal cache (C:\Users\giwat\.gradle\caches\journal-1)" [_thread_blocked, id=38484, stack(0x0000006a13900000,0x0000006a13a00000)]
  0x000001b754e1fb00 JavaThread "File lock request listener" [_thread_in_native, id=37340, stack(0x0000006a13a00000,0x0000006a13b00000)]
  0x000001b754e21ae0 JavaThread "File lock release action executor" [_thread_blocked, id=31300, stack(0x0000006a13b00000,0x0000006a13c00000)]
  0x000001b754e24010 JavaThread "Cache worker for file hash cache (C:\Users\giwat\.gradle\caches\8.4\fileHashes)" [_thread_blocked, id=31968, stack(0x0000006a13c00000,0x0000006a13d00000)]
  0x000001b754e205a0 JavaThread "File watcher server" daemon [_thread_in_native, id=36108, stack(0x0000006a14000000,0x0000006a14100000)]
  0x000001b754e20050 JavaThread "File watcher consumer" daemon [_thread_blocked, id=17584, stack(0x0000006a14100000,0x0000006a14200000)]
  0x000001b754e25550 JavaThread "Cache worker for checksums cache (C:\Users\giwat\Desktop\GBC\Semester5\COMP3095 - Web Application Development Using Java\Coursework\microservices-parent\product-service\.gradle\8.4\checksums)" [_thread_blocked, id=35960, stack(0x0000006a14400000,0x0000006a14500000)]
  0x000001b754e20af0 JavaThread "Cache worker for file hash cache (C:\Users\giwat\Desktop\GBC\Semester5\COMP3095 - Web Application Development Using Java\Coursework\microservices-parent\product-service\.gradle\8.4\fileHashes)" [_thread_blocked, id=36164, stack(0x0000006a14500000,0x0000006a14600000)]
  0x000001b754e25aa0 JavaThread "Cache worker for cache directory md-supplier (C:\Users\giwat\.gradle\caches\8.4\md-supplier)" [_thread_blocked, id=27284, stack(0x0000006a14600000,0x0000006a14700000)]
  0x000001b754e22030 JavaThread "Cache worker for file content cache (C:\Users\giwat\.gradle\caches\8.4\fileContent)" [_thread_blocked, id=34928, stack(0x0000006a11700000,0x0000006a11800000)]
  0x000001b754e22ad0 JavaThread "Cache worker for cache directory md-rule (C:\Users\giwat\.gradle\caches\8.4\md-rule)" [_thread_blocked, id=20652, stack(0x0000006a14700000,0x0000006a14800000)]
  0x000001b754e22580 JavaThread "Cache worker for execution history cache (C:\Users\giwat\.gradle\caches\8.4\executionHistory)" [_thread_blocked, id=30636, stack(0x0000006a14800000,0x0000006a14900000)]
  0x000001b754e23570 JavaThread "jar transforms" [_thread_blocked, id=38116, stack(0x0000006a14900000,0x0000006a14a00000)]
  0x000001b754e26540 JavaThread "jar transforms Thread 2" [_thread_blocked, id=27316, stack(0x0000006a14a00000,0x0000006a14b00000)]
  0x000001b754e23ac0 JavaThread "jar transforms Thread 3" [_thread_blocked, id=1576, stack(0x0000006a11500000,0x0000006a11600000)]
  0x000001b754e25000 JavaThread "jar transforms Thread 4" [_thread_blocked, id=23560, stack(0x0000006a11600000,0x0000006a11700000)]
  0x000001b754e1f060 JavaThread "Cache worker for kotlin-dsl (C:\Users\giwat\.gradle\caches\8.4\kotlin-dsl)" [_thread_blocked, id=30852, stack(0x0000006a14b00000,0x0000006a14c00000)]
  0x000001b754e23020 JavaThread "jar transforms Thread 5" [_thread_blocked, id=34696, stack(0x0000006a14c00000,0x0000006a14d00000)]
  0x000001b754e21040 JavaThread "jar transforms Thread 6" [_thread_blocked, id=6140, stack(0x0000006a14d00000,0x0000006a14e00000)]
  0x000001b754e1f5b0 JavaThread "Cache worker for dependencies-accessors (C:\Users\giwat\Desktop\GBC\Semester5\COMP3095 - Web Application Development Using Java\Coursework\microservices-parent\product-service\.gradle\8.4\dependencies-accessors)" [_thread_blocked, id=24076, stack(0x0000006a14e00000,0x0000006a14f00000)]
  0x000001b754e21590 JavaThread "Cache worker for Build Output Cleanup Cache (C:\Users\giwat\Desktop\GBC\Semester5\COMP3095 - Web Application Development Using Java\Coursework\microservices-parent\product-service\.gradle\buildOutputCleanup)" [_thread_blocked, id=38744, stack(0x0000006a14300000,0x0000006a14400000)]
  0x000001b754e24560 JavaThread "jar transforms Thread 7" [_thread_blocked, id=1856, stack(0x0000006a14f00000,0x0000006a15000000)]
  0x000001b75677a680 JavaThread "jar transforms Thread 8" [_thread_blocked, id=31888, stack(0x0000006a15000000,0x0000006a15100000)]

Other Threads:
  0x000001b73ac486c0 VMThread "VM Thread" [stack: 0x0000006a11e00000,0x0000006a11f00000] [id=15144]
  0x000001b7535bd540 WatcherThread "VM Periodic Task Thread" [stack: 0x0000006a12900000,0x0000006a12a00000] [id=24760]
  0x000001b7200d1390 WorkerThread "GC Thread#0" [stack: 0x0000006a11900000,0x0000006a11a00000] [id=35632]
  0x000001b753f5f750 WorkerThread "GC Thread#1" [stack: 0x0000006a12a00000,0x0000006a12b00000] [id=16784]
  0x000001b7534dc1f0 WorkerThread "GC Thread#2" [stack: 0x0000006a12b00000,0x0000006a12c00000] [id=37144]
  0x000001b753e519f0 WorkerThread "GC Thread#3" [stack: 0x0000006a12c00000,0x0000006a12d00000] [id=34280]
  0x000001b75380b1d0 WorkerThread "GC Thread#4" [stack: 0x0000006a12d00000,0x0000006a12e00000] [id=34648]
  0x000001b75380a960 WorkerThread "GC Thread#5" [stack: 0x0000006a12e00000,0x0000006a12f00000] [id=36136]
  0x000001b753f54aa0 WorkerThread "GC Thread#6" [stack: 0x0000006a13d00000,0x0000006a13e00000] [id=36400]
  0x000001b753f55b80 WorkerThread "GC Thread#7" [stack: 0x0000006a13e00000,0x0000006a13f00000] [id=33908]
  0x000001b7200d62a0 ConcurrentGCThread "G1 Main Marker" [stack: 0x0000006a11a00000,0x0000006a11b00000] [id=3660]
  0x000001b7200d6cd0 WorkerThread "G1 Conc#0" [stack: 0x0000006a11b00000,0x0000006a11c00000] [id=12532]
  0x000001b753f528e0 WorkerThread "G1 Conc#1" [stack: 0x0000006a13f00000,0x0000006a14000000] [id=29416]
  0x000001b72015ebf0 ConcurrentGCThread "G1 Refine#0" [stack: 0x0000006a11c00000,0x0000006a11d00000] [id=3116]
  0x000001b73ab02a20 ConcurrentGCThread "G1 Service" [stack: 0x0000006a11d00000,0x0000006a11e00000] [id=13032]

Threads with active compile tasks:
C2 CompilerThread0   154044 5366   !   4       jdk.internal.loader.Resource::getBytes (244 bytes)

VM state: not at safepoint (normal execution)

VM Mutex/Monitor currently owned by a thread: None

Heap address: 0x00000000e0000000, size: 512 MB, Compressed Oops mode: 32-bit

CDS archive(s) mapped at: [0x000001b73b000000-0x000001b73bc60000-0x000001b73bc60000), size 12976128, SharedBaseAddress: 0x000001b73b000000, ArchiveRelocationMode: 1.
Compressed class space mapped at: 0x000001b73c000000-0x000001b74f400000, reserved size: 322961408
Narrow klass base: 0x000001b73b000000, Narrow klass shift: 0, Narrow klass range: 0x100000000

GC Precious Log:
 CardTable entry size: 512
 Card Set container configuration: InlinePtr #cards 5 size 8 Array Of Cards #cards 12 size 40 Howl #buckets 4 coarsen threshold 1843 Howl Bitmap #cards 512 size 80 coarsen threshold 460 Card regions per heap region 1 cards per card region 2048
 CPUs: 8 total, 8 available
 Memory: 7941M
 Large Page Support: Disabled
 NUMA Support: Disabled
 Compressed Oops: Enabled (32-bit)
 Heap Region Size: 1M
 Heap Min Capacity: 256M
 Heap Initial Capacity: 256M
 Heap Max Capacity: 512M
 Pre-touch: Disabled
 Parallel Workers: 8
 Concurrent Workers: 2
 Concurrent Refinement Workers: 8
 Periodic GC: Disabled

Heap:
 garbage-first heap   total 262144K, used 50228K [0x00000000e0000000, 0x0000000100000000)
  region size 1024K, 22 young (22528K), 4 survivors (4096K)
 Metaspace       used 43692K, committed 45312K, reserved 380928K
  class space    used 6158K, committed 6976K, reserved 315392K

Heap Regions: E=young(eden), S=young(survivor), O=old, HS=humongous(starts), HC=humongous(continues), CS=collection set, F=free, OA=open archive, CA=closed archive, TAMS=top-at-mark-start, PB=parsable bottom
|   0|0x00000000e0000000, 0x00000000e0100000, 0x00000000e0100000|100%|HS|  |TAMS 0x00000000e0000000| PB 0x00000000e0000000| Complete 
|   1|0x00000000e0100000, 0x00000000e0200000, 0x00000000e0200000|100%|HC|  |TAMS 0x00000000e0100000| PB 0x00000000e0100000| Complete 
|   2|0x00000000e0200000, 0x00000000e0300000, 0x00000000e0300000|100%|HC|  |TAMS 0x00000000e0200000| PB 0x00000000e0200000| Complete 
|   3|0x00000000e0300000, 0x00000000e0400000, 0x00000000e0400000|100%|HC|  |TAMS 0x00000000e0300000| PB 0x00000000e0300000| Complete 
|   4|0x00000000e0400000, 0x00000000e0500000, 0x00000000e0500000|100%| O|  |TAMS 0x00000000e0400000| PB 0x00000000e0400000| Untracked 
|   5|0x00000000e0500000, 0x00000000e0600000, 0x00000000e0600000|100%| O|  |TAMS 0x00000000e0500000| PB 0x00000000e0500000| Untracked 
|   6|0x00000000e0600000, 0x00000000e0700000, 0x00000000e0700000|100%| O|  |TAMS 0x00000000e0600000| PB 0x00000000e0600000| Untracked 
|   7|0x00000000e0700000, 0x00000000e0700000, 0x00000000e0800000|  0%| F|  |TAMS 0x00000000e0700000| PB 0x00000000e0700000| Untracked 
|   8|0x00000000e0800000, 0x00000000e0900000, 0x00000000e0900000|100%| O|  |TAMS 0x00000000e0800000| PB 0x00000000e0800000| Untracked 
|   9|0x00000000e0900000, 0x00000000e0a00000, 0x00000000e0a00000|100%| O|  |TAMS 0x00000000e0900000| PB 0x00000000e0900000| Untracked 
|  10|0x00000000e0a00000, 0x00000000e0b00000, 0x00000000e0b00000|100%| O|  |TAMS 0x00000000e0a00000| PB 0x00000000e0a00000| Untracked 
|  11|0x00000000e0b00000, 0x00000000e0c00000, 0x00000000e0c00000|100%| O|  |TAMS 0x00000000e0b00000| PB 0x00000000e0b00000| Untracked 
|  12|0x00000000e0c00000, 0x00000000e0d00000, 0x00000000e0d00000|100%| O|  |TAMS 0x00000000e0c00000| PB 0x00000000e0c00000| Untracked 
|  13|0x00000000e0d00000, 0x00000000e0e00000, 0x00000000e0e00000|100%| O|  |TAMS 0x00000000e0d00000| PB 0x00000000e0d00000| Untracked 
|  14|0x00000000e0e00000, 0x00000000e0f00000, 0x00000000e0f00000|100%| O|  |TAMS 0x00000000e0e00000| PB 0x00000000e0e00000| Untracked 
|  15|0x00000000e0f00000, 0x00000000e1000000, 0x00000000e1000000|100%| O|  |TAMS 0x00000000e0f00000| PB 0x00000000e0f00000| Untracked 
|  16|0x00000000e1000000, 0x00000000e1100000, 0x00000000e1100000|100%| O|  |TAMS 0x00000000e1000000| PB 0x00000000e1000000| Untracked 
|  17|0x00000000e1100000, 0x00000000e1200000, 0x00000000e1200000|100%| O|  |TAMS 0x00000000e1100000| PB 0x00000000e1100000| Untracked 
|  18|0x00000000e1200000, 0x00000000e1300000, 0x00000000e1300000|100%| O|  |TAMS 0x00000000e1200000| PB 0x00000000e1200000| Untracked 
|  19|0x00000000e1300000, 0x00000000e1400000, 0x00000000e1400000|100%| O|  |TAMS 0x00000000e1300000| PB 0x00000000e1300000| Untracked 
|  20|0x00000000e1400000, 0x00000000e1500000, 0x00000000e1500000|100%| O|  |TAMS 0x00000000e1400000| PB 0x00000000e1400000| Untracked 
|  21|0x00000000e1500000, 0x00000000e1600000, 0x00000000e1600000|100%| O|  |TAMS 0x00000000e1500000| PB 0x00000000e1500000| Untracked 
|  22|0x00000000e1600000, 0x00000000e1700000, 0x00000000e1700000|100%| O|  |TAMS 0x00000000e1600000| PB 0x00000000e1600000| Untracked 
|  23|0x00000000e1700000, 0x00000000e1800000, 0x00000000e1800000|100%| O|  |TAMS 0x00000000e1700000| PB 0x00000000e1700000| Untracked 
|  24|0x00000000e1800000, 0x00000000e1900000, 0x00000000e1900000|100%| O|  |TAMS 0x00000000e1800000| PB 0x00000000e1800000| Untracked 
|  25|0x00000000e1900000, 0x00000000e1a00000, 0x00000000e1a00000|100%| O|  |TAMS 0x00000000e1900000| PB 0x00000000e1900000| Untracked 
|  26|0x00000000e1a00000, 0x00000000e1b00000, 0x00000000e1b00000|100%| O|  |TAMS 0x00000000e1a00000| PB 0x00000000e1a00000| Untracked 
|  27|0x00000000e1b00000, 0x00000000e1c00000, 0x00000000e1c00000|100%| O|  |TAMS 0x00000000e1b00000| PB 0x00000000e1b00000| Untracked 
|  28|0x00000000e1c00000, 0x00000000e1d00000, 0x00000000e1d00000|100%| O|  |TAMS 0x00000000e1c00000| PB 0x00000000e1c00000| Complete 
|  29|0x00000000e1d00000, 0x00000000e1d76800, 0x00000000e1e00000| 46%| O|  |TAMS 0x00000000e1d00000| PB 0x00000000e1d00000| Untracked 
|  30|0x00000000e1e00000, 0x00000000e1e00000, 0x00000000e1f00000|  0%| F|  |TAMS 0x00000000e1e00000| PB 0x00000000e1e00000| Untracked 
|  31|0x00000000e1f00000, 0x00000000e1f00000, 0x00000000e2000000|  0%| F|  |TAMS 0x00000000e1f00000| PB 0x00000000e1f00000| Untracked 
|  32|0x00000000e2000000, 0x00000000e2000000, 0x00000000e2100000|  0%| F|  |TAMS 0x00000000e2000000| PB 0x00000000e2000000| Untracked 
|  33|0x00000000e2100000, 0x00000000e2100000, 0x00000000e2200000|  0%| F|  |TAMS 0x00000000e2100000| PB 0x00000000e2100000| Untracked 
|  34|0x00000000e2200000, 0x00000000e2200000, 0x00000000e2300000|  0%| F|  |TAMS 0x00000000e2200000| PB 0x00000000e2200000| Untracked 
|  35|0x00000000e2300000, 0x00000000e2300000, 0x00000000e2400000|  0%| F|  |TAMS 0x00000000e2300000| PB 0x00000000e2300000| Untracked 
|  36|0x00000000e2400000, 0x00000000e2400000, 0x00000000e2500000|  0%| F|  |TAMS 0x00000000e2400000| PB 0x00000000e2400000| Untracked 
|  37|0x00000000e2500000, 0x00000000e2500000, 0x00000000e2600000|  0%| F|  |TAMS 0x00000000e2500000| PB 0x00000000e2500000| Untracked 
|  38|0x00000000e2600000, 0x00000000e2600000, 0x00000000e2700000|  0%| F|  |TAMS 0x00000000e2600000| PB 0x00000000e2600000| Untracked 
|  39|0x00000000e2700000, 0x00000000e2700000, 0x00000000e2800000|  0%| F|  |TAMS 0x00000000e2700000| PB 0x00000000e2700000| Untracked 
|  40|0x00000000e2800000, 0x00000000e2800000, 0x00000000e2900000|  0%| F|  |TAMS 0x00000000e2800000| PB 0x00000000e2800000| Untracked 
|  41|0x00000000e2900000, 0x00000000e2900000, 0x00000000e2a00000|  0%| F|  |TAMS 0x00000000e2900000| PB 0x00000000e2900000| Untracked 
|  42|0x00000000e2a00000, 0x00000000e2a00000, 0x00000000e2b00000|  0%| F|  |TAMS 0x00000000e2a00000| PB 0x00000000e2a00000| Untracked 
|  43|0x00000000e2b00000, 0x00000000e2b00000, 0x00000000e2c00000|  0%| F|  |TAMS 0x00000000e2b00000| PB 0x00000000e2b00000| Untracked 
|  44|0x00000000e2c00000, 0x00000000e2c00000, 0x00000000e2d00000|  0%| F|  |TAMS 0x00000000e2c00000| PB 0x00000000e2c00000| Untracked 
|  45|0x00000000e2d00000, 0x00000000e2d00000, 0x00000000e2e00000|  0%| F|  |TAMS 0x00000000e2d00000| PB 0x00000000e2d00000| Untracked 
|  46|0x00000000e2e00000, 0x00000000e2e00000, 0x00000000e2f00000|  0%| F|  |TAMS 0x00000000e2e00000| PB 0x00000000e2e00000| Untracked 
|  47|0x00000000e2f00000, 0x00000000e2f00000, 0x00000000e3000000|  0%| F|  |TAMS 0x00000000e2f00000| PB 0x00000000e2f00000| Untracked 
|  48|0x00000000e3000000, 0x00000000e3000000, 0x00000000e3100000|  0%| F|  |TAMS 0x00000000e3000000| PB 0x00000000e3000000| Untracked 
|  49|0x00000000e3100000, 0x00000000e3100000, 0x00000000e3200000|  0%| F|  |TAMS 0x00000000e3100000| PB 0x00000000e3100000| Untracked 
|  50|0x00000000e3200000, 0x00000000e3200000, 0x00000000e3300000|  0%| F|  |TAMS 0x00000000e3200000| PB 0x00000000e3200000| Untracked 
|  51|0x00000000e3300000, 0x00000000e3300000, 0x00000000e3400000|  0%| F|  |TAMS 0x00000000e3300000| PB 0x00000000e3300000| Untracked 
|  52|0x00000000e3400000, 0x00000000e3400000, 0x00000000e3500000|  0%| F|  |TAMS 0x00000000e3400000| PB 0x00000000e3400000| Untracked 
|  53|0x00000000e3500000, 0x00000000e3500000, 0x00000000e3600000|  0%| F|  |TAMS 0x00000000e3500000| PB 0x00000000e3500000| Untracked 
|  54|0x00000000e3600000, 0x00000000e3600000, 0x00000000e3700000|  0%| F|  |TAMS 0x00000000e3600000| PB 0x00000000e3600000| Untracked 
|  55|0x00000000e3700000, 0x00000000e3700000, 0x00000000e3800000|  0%| F|  |TAMS 0x00000000e3700000| PB 0x00000000e3700000| Untracked 
|  56|0x00000000e3800000, 0x00000000e3800000, 0x00000000e3900000|  0%| F|  |TAMS 0x00000000e3800000| PB 0x00000000e3800000| Untracked 
|  57|0x00000000e3900000, 0x00000000e3900000, 0x00000000e3a00000|  0%| F|  |TAMS 0x00000000e3900000| PB 0x00000000e3900000| Untracked 
|  58|0x00000000e3a00000, 0x00000000e3a00000, 0x00000000e3b00000|  0%| F|  |TAMS 0x00000000e3a00000| PB 0x00000000e3a00000| Untracked 
|  59|0x00000000e3b00000, 0x00000000e3b00000, 0x00000000e3c00000|  0%| F|  |TAMS 0x00000000e3b00000| PB 0x00000000e3b00000| Untracked 
|  60|0x00000000e3c00000, 0x00000000e3c00000, 0x00000000e3d00000|  0%| F|  |TAMS 0x00000000e3c00000| PB 0x00000000e3c00000| Untracked 
|  61|0x00000000e3d00000, 0x00000000e3d00000, 0x00000000e3e00000|  0%| F|  |TAMS 0x00000000e3d00000| PB 0x00000000e3d00000| Untracked 
|  62|0x00000000e3e00000, 0x00000000e3e00000, 0x00000000e3f00000|  0%| F|  |TAMS 0x00000000e3e00000| PB 0x00000000e3e00000| Untracked 
|  63|0x00000000e3f00000, 0x00000000e3f00000, 0x00000000e4000000|  0%| F|  |TAMS 0x00000000e3f00000| PB 0x00000000e3f00000| Untracked 
|  64|0x00000000e4000000, 0x00000000e4000000, 0x00000000e4100000|  0%| F|  |TAMS 0x00000000e4000000| PB 0x00000000e4000000| Untracked 
|  65|0x00000000e4100000, 0x00000000e4100000, 0x00000000e4200000|  0%| F|  |TAMS 0x00000000e4100000| PB 0x00000000e4100000| Untracked 
|  66|0x00000000e4200000, 0x00000000e4200000, 0x00000000e4300000|  0%| F|  |TAMS 0x00000000e4200000| PB 0x00000000e4200000| Untracked 
|  67|0x00000000e4300000, 0x00000000e4300000, 0x00000000e4400000|  0%| F|  |TAMS 0x00000000e4300000| PB 0x00000000e4300000| Untracked 
|  68|0x00000000e4400000, 0x00000000e4400000, 0x00000000e4500000|  0%| F|  |TAMS 0x00000000e4400000| PB 0x00000000e4400000| Untracked 
|  69|0x00000000e4500000, 0x00000000e4500000, 0x00000000e4600000|  0%| F|  |TAMS 0x00000000e4500000| PB 0x00000000e4500000| Untracked 
|  70|0x00000000e4600000, 0x00000000e4600000, 0x00000000e4700000|  0%| F|  |TAMS 0x00000000e4600000| PB 0x00000000e4600000| Untracked 
|  71|0x00000000e4700000, 0x00000000e4700000, 0x00000000e4800000|  0%| F|  |TAMS 0x00000000e4700000| PB 0x00000000e4700000| Untracked 
|  72|0x00000000e4800000, 0x00000000e4800000, 0x00000000e4900000|  0%| F|  |TAMS 0x00000000e4800000| PB 0x00000000e4800000| Untracked 
|  73|0x00000000e4900000, 0x00000000e4900000, 0x00000000e4a00000|  0%| F|  |TAMS 0x00000000e4900000| PB 0x00000000e4900000| Untracked 
|  74|0x00000000e4a00000, 0x00000000e4a00000, 0x00000000e4b00000|  0%| F|  |TAMS 0x00000000e4a00000| PB 0x00000000e4a00000| Untracked 
|  75|0x00000000e4b00000, 0x00000000e4b00000, 0x00000000e4c00000|  0%| F|  |TAMS 0x00000000e4b00000| PB 0x00000000e4b00000| Untracked 
|  76|0x00000000e4c00000, 0x00000000e4c00000, 0x00000000e4d00000|  0%| F|  |TAMS 0x00000000e4c00000| PB 0x00000000e4c00000| Untracked 
|  77|0x00000000e4d00000, 0x00000000e4d00000, 0x00000000e4e00000|  0%| F|  |TAMS 0x00000000e4d00000| PB 0x00000000e4d00000| Untracked 
|  78|0x00000000e4e00000, 0x00000000e4e00000, 0x00000000e4f00000|  0%| F|  |TAMS 0x00000000e4e00000| PB 0x00000000e4e00000| Untracked 
|  79|0x00000000e4f00000, 0x00000000e4f00000, 0x00000000e5000000|  0%| F|  |TAMS 0x00000000e4f00000| PB 0x00000000e4f00000| Untracked 
|  80|0x00000000e5000000, 0x00000000e5000000, 0x00000000e5100000|  0%| F|  |TAMS 0x00000000e5000000| PB 0x00000000e5000000| Untracked 
|  81|0x00000000e5100000, 0x00000000e5100000, 0x00000000e5200000|  0%| F|  |TAMS 0x00000000e5100000| PB 0x00000000e5100000| Untracked 
|  82|0x00000000e5200000, 0x00000000e5200000, 0x00000000e5300000|  0%| F|  |TAMS 0x00000000e5200000| PB 0x00000000e5200000| Untracked 
|  83|0x00000000e5300000, 0x00000000e5300000, 0x00000000e5400000|  0%| F|  |TAMS 0x00000000e5300000| PB 0x00000000e5300000| Untracked 
|  84|0x00000000e5400000, 0x00000000e5400000, 0x00000000e5500000|  0%| F|  |TAMS 0x00000000e5400000| PB 0x00000000e5400000| Untracked 
|  85|0x00000000e5500000, 0x00000000e5500000, 0x00000000e5600000|  0%| F|  |TAMS 0x00000000e5500000| PB 0x00000000e5500000| Untracked 
|  86|0x00000000e5600000, 0x00000000e5600000, 0x00000000e5700000|  0%| F|  |TAMS 0x00000000e5600000| PB 0x00000000e5600000| Untracked 
|  87|0x00000000e5700000, 0x00000000e5700000, 0x00000000e5800000|  0%| F|  |TAMS 0x00000000e5700000| PB 0x00000000e5700000| Untracked 
|  88|0x00000000e5800000, 0x00000000e5800000, 0x00000000e5900000|  0%| F|  |TAMS 0x00000000e5800000| PB 0x00000000e5800000| Untracked 
|  89|0x00000000e5900000, 0x00000000e5900000, 0x00000000e5a00000|  0%| F|  |TAMS 0x00000000e5900000| PB 0x00000000e5900000| Untracked 
|  90|0x00000000e5a00000, 0x00000000e5a00000, 0x00000000e5b00000|  0%| F|  |TAMS 0x00000000e5a00000| PB 0x00000000e5a00000| Untracked 
|  91|0x00000000e5b00000, 0x00000000e5b00000, 0x00000000e5c00000|  0%| F|  |TAMS 0x00000000e5b00000| PB 0x00000000e5b00000| Untracked 
|  92|0x00000000e5c00000, 0x00000000e5c00000, 0x00000000e5d00000|  0%| F|  |TAMS 0x00000000e5c00000| PB 0x00000000e5c00000| Untracked 
|  93|0x00000000e5d00000, 0x00000000e5d00000, 0x00000000e5e00000|  0%| F|  |TAMS 0x00000000e5d00000| PB 0x00000000e5d00000| Untracked 
|  94|0x00000000e5e00000, 0x00000000e5e00000, 0x00000000e5f00000|  0%| F|  |TAMS 0x00000000e5e00000| PB 0x00000000e5e00000| Untracked 
|  95|0x00000000e5f00000, 0x00000000e5f00000, 0x00000000e6000000|  0%| F|  |TAMS 0x00000000e5f00000| PB 0x00000000e5f00000| Untracked 
|  96|0x00000000e6000000, 0x00000000e6000000, 0x00000000e6100000|  0%| F|  |TAMS 0x00000000e6000000| PB 0x00000000e6000000| Untracked 
|  97|0x00000000e6100000, 0x00000000e6100000, 0x00000000e6200000|  0%| F|  |TAMS 0x00000000e6100000| PB 0x00000000e6100000| Untracked 
|  98|0x00000000e6200000, 0x00000000e6200000, 0x00000000e6300000|  0%| F|  |TAMS 0x00000000e6200000| PB 0x00000000e6200000| Untracked 
|  99|0x00000000e6300000, 0x00000000e6300000, 0x00000000e6400000|  0%| F|  |TAMS 0x00000000e6300000| PB 0x00000000e6300000| Untracked 
| 100|0x00000000e6400000, 0x00000000e6400000, 0x00000000e6500000|  0%| F|  |TAMS 0x00000000e6400000| PB 0x00000000e6400000| Untracked 
| 101|0x00000000e6500000, 0x00000000e6500000, 0x00000000e6600000|  0%| F|  |TAMS 0x00000000e6500000| PB 0x00000000e6500000| Untracked 
| 102|0x00000000e6600000, 0x00000000e6600000, 0x00000000e6700000|  0%| F|  |TAMS 0x00000000e6600000| PB 0x00000000e6600000| Untracked 
| 103|0x00000000e6700000, 0x00000000e6700000, 0x00000000e6800000|  0%| F|  |TAMS 0x00000000e6700000| PB 0x00000000e6700000| Untracked 
| 104|0x00000000e6800000, 0x00000000e6800000, 0x00000000e6900000|  0%| F|  |TAMS 0x00000000e6800000| PB 0x00000000e6800000| Untracked 
| 105|0x00000000e6900000, 0x00000000e6900000, 0x00000000e6a00000|  0%| F|  |TAMS 0x00000000e6900000| PB 0x00000000e6900000| Untracked 
| 106|0x00000000e6a00000, 0x00000000e6a00000, 0x00000000e6b00000|  0%| F|  |TAMS 0x00000000e6a00000| PB 0x00000000e6a00000| Untracked 
| 107|0x00000000e6b00000, 0x00000000e6b00000, 0x00000000e6c00000|  0%| F|  |TAMS 0x00000000e6b00000| PB 0x00000000e6b00000| Untracked 
| 108|0x00000000e6c00000, 0x00000000e6c00000, 0x00000000e6d00000|  0%| F|  |TAMS 0x00000000e6c00000| PB 0x00000000e6c00000| Untracked 
| 109|0x00000000e6d00000, 0x00000000e6d00000, 0x00000000e6e00000|  0%| F|  |TAMS 0x00000000e6d00000| PB 0x00000000e6d00000| Untracked 
| 110|0x00000000e6e00000, 0x00000000e6e00000, 0x00000000e6f00000|  0%| F|  |TAMS 0x00000000e6e00000| PB 0x00000000e6e00000| Untracked 
| 111|0x00000000e6f00000, 0x00000000e6f00000, 0x00000000e7000000|  0%| F|  |TAMS 0x00000000e6f00000| PB 0x00000000e6f00000| Untracked 
| 112|0x00000000e7000000, 0x00000000e7000000, 0x00000000e7100000|  0%| F|  |TAMS 0x00000000e7000000| PB 0x00000000e7000000| Untracked 
| 113|0x00000000e7100000, 0x00000000e7100000, 0x00000000e7200000|  0%| F|  |TAMS 0x00000000e7100000| PB 0x00000000e7100000| Untracked 
| 114|0x00000000e7200000, 0x00000000e7200000, 0x00000000e7300000|  0%| F|  |TAMS 0x00000000e7200000| PB 0x00000000e7200000| Untracked 
| 115|0x00000000e7300000, 0x00000000e7300000, 0x00000000e7400000|  0%| F|  |TAMS 0x00000000e7300000| PB 0x00000000e7300000| Untracked 
| 116|0x00000000e7400000, 0x00000000e7400000, 0x00000000e7500000|  0%| F|  |TAMS 0x00000000e7400000| PB 0x00000000e7400000| Untracked 
| 117|0x00000000e7500000, 0x00000000e7500000, 0x00000000e7600000|  0%| F|  |TAMS 0x00000000e7500000| PB 0x00000000e7500000| Untracked 
| 118|0x00000000e7600000, 0x00000000e7600000, 0x00000000e7700000|  0%| F|  |TAMS 0x00000000e7600000| PB 0x00000000e7600000| Untracked 
| 119|0x00000000e7700000, 0x00000000e7700000, 0x00000000e7800000|  0%| F|  |TAMS 0x00000000e7700000| PB 0x00000000e7700000| Untracked 
| 120|0x00000000e7800000, 0x00000000e7800000, 0x00000000e7900000|  0%| F|  |TAMS 0x00000000e7800000| PB 0x00000000e7800000| Untracked 
| 121|0x00000000e7900000, 0x00000000e7900000, 0x00000000e7a00000|  0%| F|  |TAMS 0x00000000e7900000| PB 0x00000000e7900000| Untracked 
| 122|0x00000000e7a00000, 0x00000000e7a00000, 0x00000000e7b00000|  0%| F|  |TAMS 0x00000000e7a00000| PB 0x00000000e7a00000| Untracked 
| 123|0x00000000e7b00000, 0x00000000e7b00000, 0x00000000e7c00000|  0%| F|  |TAMS 0x00000000e7b00000| PB 0x00000000e7b00000| Untracked 
| 124|0x00000000e7c00000, 0x00000000e7c00000, 0x00000000e7d00000|  0%| F|  |TAMS 0x00000000e7c00000| PB 0x00000000e7c00000| Untracked 
| 125|0x00000000e7d00000, 0x00000000e7d00000, 0x00000000e7e00000|  0%| F|  |TAMS 0x00000000e7d00000| PB 0x00000000e7d00000| Untracked 
| 126|0x00000000e7e00000, 0x00000000e7e00000, 0x00000000e7f00000|  0%| F|  |TAMS 0x00000000e7e00000| PB 0x00000000e7e00000| Untracked 
| 127|0x00000000e7f00000, 0x00000000e7f00000, 0x00000000e8000000|  0%| F|  |TAMS 0x00000000e7f00000| PB 0x00000000e7f00000| Untracked 
| 128|0x00000000e8000000, 0x00000000e8000000, 0x00000000e8100000|  0%| F|  |TAMS 0x00000000e8000000| PB 0x00000000e8000000| Untracked 
| 129|0x00000000e8100000, 0x00000000e8100000, 0x00000000e8200000|  0%| F|  |TAMS 0x00000000e8100000| PB 0x00000000e8100000| Untracked 
| 130|0x00000000e8200000, 0x00000000e8200000, 0x00000000e8300000|  0%| F|  |TAMS 0x00000000e8200000| PB 0x00000000e8200000| Untracked 
| 131|0x00000000e8300000, 0x00000000e8300000, 0x00000000e8400000|  0%| F|  |TAMS 0x00000000e8300000| PB 0x00000000e8300000| Untracked 
| 132|0x00000000e8400000, 0x00000000e8400000, 0x00000000e8500000|  0%| F|  |TAMS 0x00000000e8400000| PB 0x00000000e8400000| Untracked 
| 133|0x00000000e8500000, 0x00000000e8500000, 0x00000000e8600000|  0%| F|  |TAMS 0x00000000e8500000| PB 0x00000000e8500000| Untracked 
| 134|0x00000000e8600000, 0x00000000e8600000, 0x00000000e8700000|  0%| F|  |TAMS 0x00000000e8600000| PB 0x00000000e8600000| Untracked 
| 135|0x00000000e8700000, 0x00000000e8700000, 0x00000000e8800000|  0%| F|  |TAMS 0x00000000e8700000| PB 0x00000000e8700000| Untracked 
| 136|0x00000000e8800000, 0x00000000e8800000, 0x00000000e8900000|  0%| F|  |TAMS 0x00000000e8800000| PB 0x00000000e8800000| Untracked 
| 137|0x00000000e8900000, 0x00000000e8900000, 0x00000000e8a00000|  0%| F|  |TAMS 0x00000000e8900000| PB 0x00000000e8900000| Untracked 
| 138|0x00000000e8a00000, 0x00000000e8a00000, 0x00000000e8b00000|  0%| F|  |TAMS 0x00000000e8a00000| PB 0x00000000e8a00000| Untracked 
| 139|0x00000000e8b00000, 0x00000000e8b00000, 0x00000000e8c00000|  0%| F|  |TAMS 0x00000000e8b00000| PB 0x00000000e8b00000| Untracked 
| 140|0x00000000e8c00000, 0x00000000e8c00000, 0x00000000e8d00000|  0%| F|  |TAMS 0x00000000e8c00000| PB 0x00000000e8c00000| Untracked 
| 141|0x00000000e8d00000, 0x00000000e8d00000, 0x00000000e8e00000|  0%| F|  |TAMS 0x00000000e8d00000| PB 0x00000000e8d00000| Untracked 
| 142|0x00000000e8e00000, 0x00000000e8e00000, 0x00000000e8f00000|  0%| F|  |TAMS 0x00000000e8e00000| PB 0x00000000e8e00000| Untracked 
| 143|0x00000000e8f00000, 0x00000000e8f00000, 0x00000000e9000000|  0%| F|  |TAMS 0x00000000e8f00000| PB 0x00000000e8f00000| Untracked 
| 144|0x00000000e9000000, 0x00000000e9000000, 0x00000000e9100000|  0%| F|  |TAMS 0x00000000e9000000| PB 0x00000000e9000000| Untracked 
| 145|0x00000000e9100000, 0x00000000e9100000, 0x00000000e9200000|  0%| F|  |TAMS 0x00000000e9100000| PB 0x00000000e9100000| Untracked 
| 146|0x00000000e9200000, 0x00000000e9200000, 0x00000000e9300000|  0%| F|  |TAMS 0x00000000e9200000| PB 0x00000000e9200000| Untracked 
| 147|0x00000000e9300000, 0x00000000e9300000, 0x00000000e9400000|  0%| F|  |TAMS 0x00000000e9300000| PB 0x00000000e9300000| Untracked 
| 148|0x00000000e9400000, 0x00000000e9400000, 0x00000000e9500000|  0%| F|  |TAMS 0x00000000e9400000| PB 0x00000000e9400000| Untracked 
| 149|0x00000000e9500000, 0x00000000e9500000, 0x00000000e9600000|  0%| F|  |TAMS 0x00000000e9500000| PB 0x00000000e9500000| Untracked 
| 150|0x00000000e9600000, 0x00000000e9600000, 0x00000000e9700000|  0%| F|  |TAMS 0x00000000e9600000| PB 0x00000000e9600000| Untracked 
| 151|0x00000000e9700000, 0x00000000e9700000, 0x00000000e9800000|  0%| F|  |TAMS 0x00000000e9700000| PB 0x00000000e9700000| Untracked 
| 152|0x00000000e9800000, 0x00000000e9800000, 0x00000000e9900000|  0%| F|  |TAMS 0x00000000e9800000| PB 0x00000000e9800000| Untracked 
| 153|0x00000000e9900000, 0x00000000e9900000, 0x00000000e9a00000|  0%| F|  |TAMS 0x00000000e9900000| PB 0x00000000e9900000| Untracked 
| 154|0x00000000e9a00000, 0x00000000e9a00000, 0x00000000e9b00000|  0%| F|  |TAMS 0x00000000e9a00000| PB 0x00000000e9a00000| Untracked 
| 155|0x00000000e9b00000, 0x00000000e9b00000, 0x00000000e9c00000|  0%| F|  |TAMS 0x00000000e9b00000| PB 0x00000000e9b00000| Untracked 
| 156|0x00000000e9c00000, 0x00000000e9c00000, 0x00000000e9d00000|  0%| F|  |TAMS 0x00000000e9c00000| PB 0x00000000e9c00000| Untracked 
| 157|0x00000000e9d00000, 0x00000000e9d00000, 0x00000000e9e00000|  0%| F|  |TAMS 0x00000000e9d00000| PB 0x00000000e9d00000| Untracked 
| 158|0x00000000e9e00000, 0x00000000e9e00000, 0x00000000e9f00000|  0%| F|  |TAMS 0x00000000e9e00000| PB 0x00000000e9e00000| Untracked 
| 159|0x00000000e9f00000, 0x00000000e9f00000, 0x00000000ea000000|  0%| F|  |TAMS 0x00000000e9f00000| PB 0x00000000e9f00000| Untracked 
| 160|0x00000000ea000000, 0x00000000ea000000, 0x00000000ea100000|  0%| F|  |TAMS 0x00000000ea000000| PB 0x00000000ea000000| Untracked 
| 161|0x00000000ea100000, 0x00000000ea100000, 0x00000000ea200000|  0%| F|  |TAMS 0x00000000ea100000| PB 0x00000000ea100000| Untracked 
| 162|0x00000000ea200000, 0x00000000ea200000, 0x00000000ea300000|  0%| F|  |TAMS 0x00000000ea200000| PB 0x00000000ea200000| Untracked 
| 163|0x00000000ea300000, 0x00000000ea300000, 0x00000000ea400000|  0%| F|  |TAMS 0x00000000ea300000| PB 0x00000000ea300000| Untracked 
| 164|0x00000000ea400000, 0x00000000ea400000, 0x00000000ea500000|  0%| F|  |TAMS 0x00000000ea400000| PB 0x00000000ea400000| Untracked 
| 165|0x00000000ea500000, 0x00000000ea500000, 0x00000000ea600000|  0%| F|  |TAMS 0x00000000ea500000| PB 0x00000000ea500000| Untracked 
| 166|0x00000000ea600000, 0x00000000ea600000, 0x00000000ea700000|  0%| F|  |TAMS 0x00000000ea600000| PB 0x00000000ea600000| Untracked 
| 167|0x00000000ea700000, 0x00000000ea700000, 0x00000000ea800000|  0%| F|  |TAMS 0x00000000ea700000| PB 0x00000000ea700000| Untracked 
| 168|0x00000000ea800000, 0x00000000ea800000, 0x00000000ea900000|  0%| F|  |TAMS 0x00000000ea800000| PB 0x00000000ea800000| Untracked 
| 169|0x00000000ea900000, 0x00000000ea900000, 0x00000000eaa00000|  0%| F|  |TAMS 0x00000000ea900000| PB 0x00000000ea900000| Untracked 
| 170|0x00000000eaa00000, 0x00000000eaa00000, 0x00000000eab00000|  0%| F|  |TAMS 0x00000000eaa00000| PB 0x00000000eaa00000| Untracked 
| 171|0x00000000eab00000, 0x00000000eab00000, 0x00000000eac00000|  0%| F|  |TAMS 0x00000000eab00000| PB 0x00000000eab00000| Untracked 
| 172|0x00000000eac00000, 0x00000000eac00000, 0x00000000ead00000|  0%| F|  |TAMS 0x00000000eac00000| PB 0x00000000eac00000| Untracked 
| 173|0x00000000ead00000, 0x00000000ead00000, 0x00000000eae00000|  0%| F|  |TAMS 0x00000000ead00000| PB 0x00000000ead00000| Untracked 
| 174|0x00000000eae00000, 0x00000000eae00000, 0x00000000eaf00000|  0%| F|  |TAMS 0x00000000eae00000| PB 0x00000000eae00000| Untracked 
| 175|0x00000000eaf00000, 0x00000000eaf00000, 0x00000000eb000000|  0%| F|  |TAMS 0x00000000eaf00000| PB 0x00000000eaf00000| Untracked 
| 176|0x00000000eb000000, 0x00000000eb000000, 0x00000000eb100000|  0%| F|  |TAMS 0x00000000eb000000| PB 0x00000000eb000000| Untracked 
| 177|0x00000000eb100000, 0x00000000eb100000, 0x00000000eb200000|  0%| F|  |TAMS 0x00000000eb100000| PB 0x00000000eb100000| Untracked 
| 178|0x00000000eb200000, 0x00000000eb200000, 0x00000000eb300000|  0%| F|  |TAMS 0x00000000eb200000| PB 0x00000000eb200000| Untracked 
| 179|0x00000000eb300000, 0x00000000eb300000, 0x00000000eb400000|  0%| F|  |TAMS 0x00000000eb300000| PB 0x00000000eb300000| Untracked 
| 180|0x00000000eb400000, 0x00000000eb400000, 0x00000000eb500000|  0%| F|  |TAMS 0x00000000eb400000| PB 0x00000000eb400000| Untracked 
| 181|0x00000000eb500000, 0x00000000eb500000, 0x00000000eb600000|  0%| F|  |TAMS 0x00000000eb500000| PB 0x00000000eb500000| Untracked 
| 182|0x00000000eb600000, 0x00000000eb600000, 0x00000000eb700000|  0%| F|  |TAMS 0x00000000eb600000| PB 0x00000000eb600000| Untracked 
| 183|0x00000000eb700000, 0x00000000eb700000, 0x00000000eb800000|  0%| F|  |TAMS 0x00000000eb700000| PB 0x00000000eb700000| Untracked 
| 184|0x00000000eb800000, 0x00000000eb800000, 0x00000000eb900000|  0%| F|  |TAMS 0x00000000eb800000| PB 0x00000000eb800000| Untracked 
| 185|0x00000000eb900000, 0x00000000eb900000, 0x00000000eba00000|  0%| F|  |TAMS 0x00000000eb900000| PB 0x00000000eb900000| Untracked 
| 186|0x00000000eba00000, 0x00000000eba00000, 0x00000000ebb00000|  0%| F|  |TAMS 0x00000000eba00000| PB 0x00000000eba00000| Untracked 
| 187|0x00000000ebb00000, 0x00000000ebb00000, 0x00000000ebc00000|  0%| F|  |TAMS 0x00000000ebb00000| PB 0x00000000ebb00000| Untracked 
| 188|0x00000000ebc00000, 0x00000000ebc00000, 0x00000000ebd00000|  0%| F|  |TAMS 0x00000000ebc00000| PB 0x00000000ebc00000| Untracked 
| 189|0x00000000ebd00000, 0x00000000ebd96a50, 0x00000000ebe00000| 58%| S|CS|TAMS 0x00000000ebd00000| PB 0x00000000ebd00000| Complete 
| 190|0x00000000ebe00000, 0x00000000ebf00000, 0x00000000ebf00000|100%| S|CS|TAMS 0x00000000ebe00000| PB 0x00000000ebe00000| Complete 
| 191|0x00000000ebf00000, 0x00000000ec000000, 0x00000000ec000000|100%| S|CS|TAMS 0x00000000ebf00000| PB 0x00000000ebf00000| Complete 
| 192|0x00000000ec000000, 0x00000000ec100000, 0x00000000ec100000|100%| S|CS|TAMS 0x00000000ec000000| PB 0x00000000ec000000| Complete 
| 193|0x00000000ec100000, 0x00000000ec100000, 0x00000000ec200000|  0%| F|  |TAMS 0x00000000ec100000| PB 0x00000000ec100000| Untracked 
| 194|0x00000000ec200000, 0x00000000ec200000, 0x00000000ec300000|  0%| F|  |TAMS 0x00000000ec200000| PB 0x00000000ec200000| Untracked 
| 195|0x00000000ec300000, 0x00000000ec300000, 0x00000000ec400000|  0%| F|  |TAMS 0x00000000ec300000| PB 0x00000000ec300000| Untracked 
| 196|0x00000000ec400000, 0x00000000ec400000, 0x00000000ec500000|  0%| F|  |TAMS 0x00000000ec400000| PB 0x00000000ec400000| Untracked 
| 197|0x00000000ec500000, 0x00000000ec500000, 0x00000000ec600000|  0%| F|  |TAMS 0x00000000ec500000| PB 0x00000000ec500000| Untracked 
| 198|0x00000000ec600000, 0x00000000ec600000, 0x00000000ec700000|  0%| F|  |TAMS 0x00000000ec600000| PB 0x00000000ec600000| Untracked 
| 199|0x00000000ec700000, 0x00000000ec700000, 0x00000000ec800000|  0%| F|  |TAMS 0x00000000ec700000| PB 0x00000000ec700000| Untracked 
| 200|0x00000000ec800000, 0x00000000ec800000, 0x00000000ec900000|  0%| F|  |TAMS 0x00000000ec800000| PB 0x00000000ec800000| Untracked 
| 201|0x00000000ec900000, 0x00000000ec900000, 0x00000000eca00000|  0%| F|  |TAMS 0x00000000ec900000| PB 0x00000000ec900000| Untracked 
| 202|0x00000000eca00000, 0x00000000eca00000, 0x00000000ecb00000|  0%| F|  |TAMS 0x00000000eca00000| PB 0x00000000eca00000| Untracked 
| 203|0x00000000ecb00000, 0x00000000ecb00000, 0x00000000ecc00000|  0%| F|  |TAMS 0x00000000ecb00000| PB 0x00000000ecb00000| Untracked 
| 204|0x00000000ecc00000, 0x00000000ecc00000, 0x00000000ecd00000|  0%| F|  |TAMS 0x00000000ecc00000| PB 0x00000000ecc00000| Untracked 
| 205|0x00000000ecd00000, 0x00000000ecd00000, 0x00000000ece00000|  0%| F|  |TAMS 0x00000000ecd00000| PB 0x00000000ecd00000| Untracked 
| 206|0x00000000ece00000, 0x00000000ece00000, 0x00000000ecf00000|  0%| F|  |TAMS 0x00000000ece00000| PB 0x00000000ece00000| Untracked 
| 207|0x00000000ecf00000, 0x00000000ecf00000, 0x00000000ed000000|  0%| F|  |TAMS 0x00000000ecf00000| PB 0x00000000ecf00000| Untracked 
| 208|0x00000000ed000000, 0x00000000ed000000, 0x00000000ed100000|  0%| F|  |TAMS 0x00000000ed000000| PB 0x00000000ed000000| Untracked 
| 209|0x00000000ed100000, 0x00000000ed100000, 0x00000000ed200000|  0%| F|  |TAMS 0x00000000ed100000| PB 0x00000000ed100000| Untracked 
| 210|0x00000000ed200000, 0x00000000ed200000, 0x00000000ed300000|  0%| F|  |TAMS 0x00000000ed200000| PB 0x00000000ed200000| Untracked 
| 211|0x00000000ed300000, 0x00000000ed300000, 0x00000000ed400000|  0%| F|  |TAMS 0x00000000ed300000| PB 0x00000000ed300000| Untracked 
| 212|0x00000000ed400000, 0x00000000ed400000, 0x00000000ed500000|  0%| F|  |TAMS 0x00000000ed400000| PB 0x00000000ed400000| Untracked 
| 213|0x00000000ed500000, 0x00000000ed500000, 0x00000000ed600000|  0%| F|  |TAMS 0x00000000ed500000| PB 0x00000000ed500000| Untracked 
| 214|0x00000000ed600000, 0x00000000ed600000, 0x00000000ed700000|  0%| F|  |TAMS 0x00000000ed600000| PB 0x00000000ed600000| Untracked 
| 215|0x00000000ed700000, 0x00000000ed700000, 0x00000000ed800000|  0%| F|  |TAMS 0x00000000ed700000| PB 0x00000000ed700000| Untracked 
| 216|0x00000000ed800000, 0x00000000ed800000, 0x00000000ed900000|  0%| F|  |TAMS 0x00000000ed800000| PB 0x00000000ed800000| Untracked 
| 217|0x00000000ed900000, 0x00000000ed900000, 0x00000000eda00000|  0%| F|  |TAMS 0x00000000ed900000| PB 0x00000000ed900000| Untracked 
| 218|0x00000000eda00000, 0x00000000eda00000, 0x00000000edb00000|  0%| F|  |TAMS 0x00000000eda00000| PB 0x00000000eda00000| Untracked 
| 219|0x00000000edb00000, 0x00000000edb00000, 0x00000000edc00000|  0%| F|  |TAMS 0x00000000edb00000| PB 0x00000000edb00000| Untracked 
| 220|0x00000000edc00000, 0x00000000edc00000, 0x00000000edd00000|  0%| F|  |TAMS 0x00000000edc00000| PB 0x00000000edc00000| Untracked 
| 221|0x00000000edd00000, 0x00000000edd00000, 0x00000000ede00000|  0%| F|  |TAMS 0x00000000edd00000| PB 0x00000000edd00000| Untracked 
| 222|0x00000000ede00000, 0x00000000ede00000, 0x00000000edf00000|  0%| F|  |TAMS 0x00000000ede00000| PB 0x00000000ede00000| Untracked 
| 223|0x00000000edf00000, 0x00000000edf00000, 0x00000000ee000000|  0%| F|  |TAMS 0x00000000edf00000| PB 0x00000000edf00000| Untracked 
| 224|0x00000000ee000000, 0x00000000ee000000, 0x00000000ee100000|  0%| F|  |TAMS 0x00000000ee000000| PB 0x00000000ee000000| Untracked 
| 225|0x00000000ee100000, 0x00000000ee100000, 0x00000000ee200000|  0%| F|  |TAMS 0x00000000ee100000| PB 0x00000000ee100000| Untracked 
| 226|0x00000000ee200000, 0x00000000ee200000, 0x00000000ee300000|  0%| F|  |TAMS 0x00000000ee200000| PB 0x00000000ee200000| Untracked 
| 227|0x00000000ee300000, 0x00000000ee300000, 0x00000000ee400000|  0%| F|  |TAMS 0x00000000ee300000| PB 0x00000000ee300000| Untracked 
| 228|0x00000000ee400000, 0x00000000ee400000, 0x00000000ee500000|  0%| F|  |TAMS 0x00000000ee400000| PB 0x00000000ee400000| Untracked 
| 229|0x00000000ee500000, 0x00000000ee500000, 0x00000000ee600000|  0%| F|  |TAMS 0x00000000ee500000| PB 0x00000000ee500000| Untracked 
| 230|0x00000000ee600000, 0x00000000ee600000, 0x00000000ee700000|  0%| F|  |TAMS 0x00000000ee600000| PB 0x00000000ee600000| Untracked 
| 231|0x00000000ee700000, 0x00000000ee700000, 0x00000000ee800000|  0%| F|  |TAMS 0x00000000ee700000| PB 0x00000000ee700000| Untracked 
| 232|0x00000000ee800000, 0x00000000ee800000, 0x00000000ee900000|  0%| F|  |TAMS 0x00000000ee800000| PB 0x00000000ee800000| Untracked 
| 233|0x00000000ee900000, 0x00000000ee900000, 0x00000000eea00000|  0%| F|  |TAMS 0x00000000ee900000| PB 0x00000000ee900000| Untracked 
| 234|0x00000000eea00000, 0x00000000eea00000, 0x00000000eeb00000|  0%| F|  |TAMS 0x00000000eea00000| PB 0x00000000eea00000| Untracked 
| 235|0x00000000eeb00000, 0x00000000eeb00000, 0x00000000eec00000|  0%| F|  |TAMS 0x00000000eeb00000| PB 0x00000000eeb00000| Untracked 
| 236|0x00000000eec00000, 0x00000000eec00000, 0x00000000eed00000|  0%| F|  |TAMS 0x00000000eec00000| PB 0x00000000eec00000| Untracked 
| 237|0x00000000eed00000, 0x00000000eed00000, 0x00000000eee00000|  0%| F|  |TAMS 0x00000000eed00000| PB 0x00000000eed00000| Untracked 
| 238|0x00000000eee00000, 0x00000000eee80978, 0x00000000eef00000| 50%| E|  |TAMS 0x00000000eee00000| PB 0x00000000eee00000| Complete 
| 239|0x00000000eef00000, 0x00000000ef000000, 0x00000000ef000000|100%| E|CS|TAMS 0x00000000eef00000| PB 0x00000000eef00000| Complete 
| 240|0x00000000ef000000, 0x00000000ef100000, 0x00000000ef100000|100%| E|CS|TAMS 0x00000000ef000000| PB 0x00000000ef000000| Complete 
| 241|0x00000000ef100000, 0x00000000ef200000, 0x00000000ef200000|100%| E|CS|TAMS 0x00000000ef100000| PB 0x00000000ef100000| Complete 
| 242|0x00000000ef200000, 0x00000000ef300000, 0x00000000ef300000|100%| E|CS|TAMS 0x00000000ef200000| PB 0x00000000ef200000| Complete 
| 243|0x00000000ef300000, 0x00000000ef400000, 0x00000000ef400000|100%| E|CS|TAMS 0x00000000ef300000| PB 0x00000000ef300000| Complete 
| 244|0x00000000ef400000, 0x00000000ef500000, 0x00000000ef500000|100%| E|CS|TAMS 0x00000000ef400000| PB 0x00000000ef400000| Complete 
| 245|0x00000000ef500000, 0x00000000ef600000, 0x00000000ef600000|100%| E|CS|TAMS 0x00000000ef500000| PB 0x00000000ef500000| Complete 
| 246|0x00000000ef600000, 0x00000000ef700000, 0x00000000ef700000|100%| E|CS|TAMS 0x00000000ef600000| PB 0x00000000ef600000| Complete 
| 247|0x00000000ef700000, 0x00000000ef800000, 0x00000000ef800000|100%| E|CS|TAMS 0x00000000ef700000| PB 0x00000000ef700000| Complete 
| 248|0x00000000ef800000, 0x00000000ef900000, 0x00000000ef900000|100%| E|CS|TAMS 0x00000000ef800000| PB 0x00000000ef800000| Complete 
| 249|0x00000000ef900000, 0x00000000efa00000, 0x00000000efa00000|100%| E|CS|TAMS 0x00000000ef900000| PB 0x00000000ef900000| Complete 
| 250|0x00000000efa00000, 0x00000000efb00000, 0x00000000efb00000|100%| E|CS|TAMS 0x00000000efa00000| PB 0x00000000efa00000| Complete 
| 251|0x00000000efb00000, 0x00000000efc00000, 0x00000000efc00000|100%| E|CS|TAMS 0x00000000efb00000| PB 0x00000000efb00000| Complete 
| 252|0x00000000efc00000, 0x00000000efd00000, 0x00000000efd00000|100%| E|CS|TAMS 0x00000000efc00000| PB 0x00000000efc00000| Complete 
| 253|0x00000000efd00000, 0x00000000efe00000, 0x00000000efe00000|100%| E|CS|TAMS 0x00000000efd00000| PB 0x00000000efd00000| Complete 
| 254|0x00000000efe00000, 0x00000000eff00000, 0x00000000eff00000|100%| E|CS|TAMS 0x00000000efe00000| PB 0x00000000efe00000| Complete 
| 255|0x00000000eff00000, 0x00000000f0000000, 0x00000000f0000000|100%| E|CS|TAMS 0x00000000eff00000| PB 0x00000000eff00000| Complete 

Card table byte_map: [0x000001b737800000,0x000001b737900000] _byte_map_base: 0x000001b737100000

Marking Bits: (CMBitMap*) 0x000001b7200d19c0
 Bits: [0x000001b737a00000, 0x000001b738200000)

Polling page: 0x000001b71f860000

Metaspace:

Usage:
  Non-class:     36.65 MB used.
      Class:      6.01 MB used.
       Both:     42.67 MB used.

Virtual space:
  Non-class space:       64.00 MB reserved,      37.44 MB ( 58%) committed,  1 nodes.
      Class space:      308.00 MB reserved,       6.81 MB (  2%) committed,  1 nodes.
             Both:      372.00 MB reserved,      44.25 MB ( 12%) committed. 

Chunk freelists:
   Non-Class:  2.45 MB
       Class:  1.20 MB
        Both:  3.66 MB

MaxMetaspaceSize: 384.00 MB
CompressedClassSpaceSize: 308.00 MB
Initial GC threshold: 21.00 MB
Current GC threshold: 58.69 MB
CDS: on
MetaspaceReclaimPolicy: balanced
 - commit_granule_bytes: 65536.
 - commit_granule_words: 8192.
 - virtual_space_node_default_size: 8388608.
 - enlarge_chunks_in_place: 1.
 - new_chunks_are_fully_committed: 0.
 - uncommit_free_chunks: 1.
 - use_allocation_guard: 0.


Internal statistics:

num_allocs_failed_limit: 6.
num_arena_births: 2786.
num_arena_deaths: 0.
num_vsnodes_births: 2.
num_vsnodes_deaths: 0.
num_space_committed: 708.
num_space_uncommitted: 0.
num_chunks_returned_to_freelist: 6.
num_chunks_taken_from_freelist: 4718.
num_chunk_merges: 6.
num_chunk_splits: 3123.
num_chunks_enlarged: 1955.
num_inconsistent_stats: 0.

CodeHeap 'non-profiled nmethods': size=120000Kb used=2724Kb max_used=2724Kb free=117275Kb
 bounds [0x000001b72fea0000, 0x000001b730150000, 0x000001b7373d0000]
CodeHeap 'profiled nmethods': size=120000Kb used=9329Kb max_used=9329Kb free=110671Kb
 bounds [0x000001b7283d0000, 0x000001b728cf0000, 0x000001b72f900000]
CodeHeap 'non-nmethods': size=5760Kb used=2948Kb max_used=2984Kb free=2811Kb
 bounds [0x000001b72f900000, 0x000001b72fc00000, 0x000001b72fea0000]
 total_blobs=5712 nmethods=4881 adapters=741
 compilation: enabled
              stopped_count=0, restarted_count=0
 full_count=0

Compilation events (20 events):
Event: 153.767 Thread 0x000001b753400560 nmethod 5356 0x000001b728ce9690 code [0x000001b728ce9820, 0x000001b728ce9a60]
Event: 153.784 Thread 0x000001b73ac7e550 5357       4       org.objectweb.asm.MethodWriter::visitVarInsn (302 bytes)
Event: 153.785 Thread 0x000001b753400560 5359       3       com.google.common.collect.AbstractMapBasedMultimap$WrappedCollection$WrappedIterator::hasNext (14 bytes)
Event: 153.786 Thread 0x000001b753400560 nmethod 5359 0x000001b728ce9b90 code [0x000001b728ce9d60, 0x000001b728cea180]
Event: 153.786 Thread 0x000001b753400560 5360       3       org.gradle.internal.instantiation.generator.AsmBackedClassGenerator$ClassBuilderImpl$$Lambda$155/0x000001b73c1d1050::transform (8 bytes)
Event: 153.786 Thread 0x000001b753400560 nmethod 5360 0x000001b728cea310 code [0x000001b728cea4a0, 0x000001b728cea6c8]
Event: 153.786 Thread 0x000001b753400560 5361       3       com.google.common.collect.LinkedHashMultimap::get (6 bytes)
Event: 153.787 Thread 0x000001b753400560 nmethod 5361 0x000001b728cea790 code [0x000001b728cea960, 0x000001b728ceaf58]
Event: 153.787 Thread 0x000001b753400560 5362       3       com.google.common.collect.AbstractSetMultimap::get (9 bytes)
Event: 153.787 Thread 0x000001b753400560 nmethod 5362 0x000001b728ceb110 code [0x000001b728ceb2e0, 0x000001b728ceb900]
Event: 153.787 Thread 0x000001b753400560 5363       3       com.google.common.collect.AbstractMapBasedMultimap$WrappedCollection::iterator (13 bytes)
Event: 153.788 Thread 0x000001b753400560 nmethod 5363 0x000001b728ceba90 code [0x000001b728cebc80, 0x000001b728cec530]
Event: 153.789 Thread 0x000001b73ac7e550 nmethod 5357 0x000001b730146010 code [0x000001b7301461c0, 0x000001b730146598]
Event: 153.789 Thread 0x000001b73ac7e550 5358       4       org.objectweb.asm.Frame::execute (2318 bytes)
Event: 153.801 Thread 0x000001b753400560 5364       3       com.google.common.collect.ImmutableList$Builder::<init> (18 bytes)
Event: 153.802 Thread 0x000001b753400560 nmethod 5364 0x000001b728cec710 code [0x000001b728cec8a0, 0x000001b728cecb70]
Event: 153.802 Thread 0x000001b753400560 5365       3       com.google.common.collect.ImmutableList$Builder::build (17 bytes)
Event: 153.803 Thread 0x000001b753400560 nmethod 5365 0x000001b728cecc90 code [0x000001b728cece20, 0x000001b728cecf68]
Event: 153.831 Thread 0x000001b73ac7e550 nmethod 5358 0x000001b730146910 code [0x000001b730146c80, 0x000001b7301480b0]
Event: 153.875 Thread 0x000001b73ac7e550 5366   !   4       jdk.internal.loader.Resource::getBytes (244 bytes)

GC Heap History (14 events):
Event: 11.676 GC heap before
{Heap before GC invocations=0 (full 0):
 garbage-first heap   total 262144K, used 26624K [0x00000000e0000000, 0x0000000100000000)
  region size 1024K, 23 young (23552K), 0 survivors (0K)
 Metaspace       used 3137K, committed 3264K, reserved 380928K
  class space    used 397K, committed 448K, reserved 315392K
}
Event: 12.096 GC heap after
{Heap after GC invocations=1 (full 0):
 garbage-first heap   total 262144K, used 10240K [0x00000000e0000000, 0x0000000100000000)
  region size 1024K, 3 young (3072K), 3 survivors (3072K)
 Metaspace       used 3137K, committed 3264K, reserved 380928K
  class space    used 397K, committed 448K, reserved 315392K
}
Event: 18.490 GC heap before
{Heap before GC invocations=1 (full 0):
 garbage-first heap   total 262144K, used 37888K [0x00000000e0000000, 0x0000000100000000)
  region size 1024K, 30 young (30720K), 3 survivors (3072K)
 Metaspace       used 4075K, committed 4224K, reserved 380928K
  class space    used 491K, committed 576K, reserved 315392K
}
Event: 18.497 GC heap after
{Heap after GC invocations=2 (full 0):
 garbage-first heap   total 262144K, used 12127K [0x00000000e0000000, 0x0000000100000000)
  region size 1024K, 2 young (2048K), 2 survivors (2048K)
 Metaspace       used 4075K, committed 4224K, reserved 380928K
  class space    used 491K, committed 576K, reserved 315392K
}
Event: 53.443 GC heap before
{Heap before GC invocations=2 (full 0):
 garbage-first heap   total 262144K, used 115551K [0x00000000e0000000, 0x0000000100000000)
  region size 1024K, 103 young (105472K), 2 survivors (2048K)
 Metaspace       used 20749K, committed 21504K, reserved 380928K
  class space    used 3000K, committed 3392K, reserved 315392K
}
Event: 53.494 GC heap after
{Heap after GC invocations=3 (full 0):
 garbage-first heap   total 262144K, used 22485K [0x00000000e0000000, 0x0000000100000000)
  region size 1024K, 12 young (12288K), 12 survivors (12288K)
 Metaspace       used 20749K, committed 21504K, reserved 380928K
  class space    used 3000K, committed 3392K, reserved 315392K
}
Event: 94.376 GC heap before
{Heap before GC invocations=4 (full 0):
 garbage-first heap   total 262144K, used 122837K [0x00000000e0000000, 0x0000000100000000)
  region size 1024K, 111 young (113664K), 12 survivors (12288K)
 Metaspace       used 34489K, committed 35712K, reserved 380928K
  class space    used 4884K, committed 5504K, reserved 315392K
}
Event: 94.957 GC heap after
{Heap after GC invocations=5 (full 0):
 garbage-first heap   total 262144K, used 30883K [0x00000000e0000000, 0x0000000100000000)
  region size 1024K, 9 young (9216K), 9 survivors (9216K)
 Metaspace       used 34489K, committed 35712K, reserved 380928K
  class space    used 4884K, committed 5504K, reserved 315392K
}
Event: 95.368 GC heap before
{Heap before GC invocations=5 (full 0):
 garbage-first heap   total 262144K, used 33955K [0x00000000e0000000, 0x0000000100000000)
  region size 1024K, 12 young (12288K), 9 survivors (9216K)
 Metaspace       used 34529K, committed 35776K, reserved 380928K
  class space    used 4886K, committed 5504K, reserved 315392K
}
Event: 95.449 GC heap after
{Heap after GC invocations=6 (full 0):
 garbage-first heap   total 262144K, used 30519K [0x00000000e0000000, 0x0000000100000000)
  region size 1024K, 2 young (2048K), 2 survivors (2048K)
 Metaspace       used 34529K, committed 35776K, reserved 380928K
  class space    used 4886K, committed 5504K, reserved 315392K
}
Event: 97.005 GC heap before
{Heap before GC invocations=6 (full 0):
 garbage-first heap   total 262144K, used 33591K [0x00000000e0000000, 0x0000000100000000)
  region size 1024K, 6 young (6144K), 2 survivors (2048K)
 Metaspace       used 34803K, committed 35968K, reserved 380928K
  class space    used 4922K, committed 5504K, reserved 315392K
}
Event: 97.051 GC heap after
{Heap after GC invocations=7 (full 0):
 garbage-first heap   total 262144K, used 30220K [0x00000000e0000000, 0x0000000100000000)
  region size 1024K, 2 young (2048K), 2 survivors (2048K)
 Metaspace       used 34803K, committed 35968K, reserved 380928K
  class space    used 4922K, committed 5504K, reserved 315392K
}
Event: 146.136 GC heap before
{Heap before GC invocations=8 (full 0):
 garbage-first heap   total 262144K, used 98828K [0x00000000e0000000, 0x0000000100000000)
  region size 1024K, 63 young (64512K), 2 survivors (2048K)
 Metaspace       used 41953K, committed 43392K, reserved 380928K
  class space    used 5842K, committed 6528K, reserved 315392K
}
Event: 146.193 GC heap after
{Heap after GC invocations=9 (full 0):
 garbage-first heap   total 262144K, used 32820K [0x00000000e0000000, 0x0000000100000000)
  region size 1024K, 4 young (4096K), 4 survivors (4096K)
 Metaspace       used 41953K, committed 43392K, reserved 380928K
  class space    used 5842K, committed 6528K, reserved 315392K
}

Dll operation events (15 events):
Event: 0.168 Loaded shared library C:\Users\giwat\.jdks\corretto-20.0.2.1\bin\java.dll
Event: 0.373 Loaded shared library C:\Users\giwat\.jdks\corretto-20.0.2.1\bin\jsvml.dll
Event: 0.710 Loaded shared library C:\Users\giwat\.jdks\corretto-20.0.2.1\bin\zip.dll
Event: 0.719 Loaded shared library C:\Users\giwat\.jdks\corretto-20.0.2.1\bin\instrument.dll
Event: 0.782 Loaded shared library C:\Users\giwat\.jdks\corretto-20.0.2.1\bin\net.dll
Event: 0.991 Loaded shared library C:\Users\giwat\.jdks\corretto-20.0.2.1\bin\nio.dll
Event: 0.999 Loaded shared library C:\Users\giwat\.jdks\corretto-20.0.2.1\bin\zip.dll
Event: 3.059 Loaded shared library C:\Users\giwat\.jdks\corretto-20.0.2.1\bin\jimage.dll
Event: 3.847 Loaded shared library C:\Users\giwat\.jdks\corretto-20.0.2.1\bin\verify.dll
Event: 7.674 Loaded shared library C:\Users\giwat\.gradle\native\c067742578af261105cb4f569cf0c3c89f3d7b1fecec35dd04571415982c5e48\windows-amd64\native-platform.dll
Event: 7.936 Loaded shared library C:\Users\giwat\.gradle\native\38dada09dfb8b06ba9b0570ebf7e218e3eb74d4ef43ca46872605cf95ebc2f47\windows-amd64\native-platform-file-events.dll
Event: 24.116 Loaded shared library C:\Users\giwat\.jdks\corretto-20.0.2.1\bin\management.dll
Event: 24.270 Loaded shared library C:\Users\giwat\.jdks\corretto-20.0.2.1\bin\management_ext.dll
Event: 27.811 Loaded shared library C:\Users\giwat\.jdks\corretto-20.0.2.1\bin\extnet.dll
Event: 29.882 Loaded shared library C:\Users\giwat\.jdks\corretto-20.0.2.1\bin\sunmscapi.dll

Deoptimization events (20 events):
Event: 153.330 Thread 0x000001b75404be60 Uncommon trap: trap_request=0xffffffde fr.pc=0x000001b7300ede30 relative=0x00000000000015d0
Event: 153.330 Thread 0x000001b75404be60 Uncommon trap: reason=class_check action=maybe_recompile pc=0x000001b7300ede30 method=jdk.internal.loader.URLClassPath.getLoader(I)Ljdk/internal/loader/URLClassPath$Loader; @ 190 c2
Event: 153.330 Thread 0x000001b75404be60 DEOPT PACKING pc=0x000001b7300ede30 sp=0x0000006a135f8fc0
Event: 153.330 Thread 0x000001b75404be60 DEOPT UNPACKING pc=0x000001b72f91d2a2 sp=0x0000006a135f8f28 mode 2
Event: 153.335 Thread 0x000001b75404be60 Uncommon trap: trap_request=0xffffffde fr.pc=0x000001b7300f7ca8 relative=0x0000000000002f28
Event: 153.335 Thread 0x000001b75404be60 Uncommon trap: reason=class_check action=maybe_recompile pc=0x000001b7300f7ca8 method=jdk.internal.loader.Resource.getBytes()[B @ 10 c2
Event: 153.335 Thread 0x000001b75404be60 DEOPT PACKING pc=0x000001b7300f7ca8 sp=0x0000006a135f8e10
Event: 153.335 Thread 0x000001b75404be60 DEOPT UNPACKING pc=0x000001b72f91d2a2 sp=0x0000006a135f8e48 mode 2
Event: 153.430 Thread 0x000001b75404be60 Uncommon trap: trap_request=0xffffffc6 fr.pc=0x000001b73002f8d0 relative=0x00000000000002b0
Event: 153.430 Thread 0x000001b75404be60 Uncommon trap: reason=bimorphic_or_optimized_type_check action=maybe_recompile pc=0x000001b73002f8d0 method=com.google.common.base.CharMatcher.indexIn(Ljava/lang/CharSequence;I)I @ 31 c2
Event: 153.430 Thread 0x000001b75404be60 DEOPT PACKING pc=0x000001b73002f8d0 sp=0x0000006a135f9770
Event: 153.430 Thread 0x000001b75404be60 DEOPT UNPACKING pc=0x000001b72f91d2a2 sp=0x0000006a135f9718 mode 2
Event: 153.433 Thread 0x000001b75404be60 Uncommon trap: trap_request=0xffffffc6 fr.pc=0x000001b73002f8d0 relative=0x00000000000002b0
Event: 153.433 Thread 0x000001b75404be60 Uncommon trap: reason=bimorphic_or_optimized_type_check action=maybe_recompile pc=0x000001b73002f8d0 method=com.google.common.base.CharMatcher.indexIn(Ljava/lang/CharSequence;I)I @ 31 c2
Event: 153.433 Thread 0x000001b75404be60 DEOPT PACKING pc=0x000001b73002f8d0 sp=0x0000006a135f9770
Event: 153.433 Thread 0x000001b75404be60 DEOPT UNPACKING pc=0x000001b72f91d2a2 sp=0x0000006a135f9718 mode 2
Event: 153.440 Thread 0x000001b75404be60 Uncommon trap: trap_request=0xffffffc6 fr.pc=0x000001b73002f8d0 relative=0x00000000000002b0
Event: 153.440 Thread 0x000001b75404be60 Uncommon trap: reason=bimorphic_or_optimized_type_check action=maybe_recompile pc=0x000001b73002f8d0 method=com.google.common.base.CharMatcher.indexIn(Ljava/lang/CharSequence;I)I @ 31 c2
Event: 153.440 Thread 0x000001b75404be60 DEOPT PACKING pc=0x000001b73002f8d0 sp=0x0000006a135f9770
Event: 153.440 Thread 0x000001b75404be60 DEOPT UNPACKING pc=0x000001b72f91d2a2 sp=0x0000006a135f9718 mode 2

Classes loaded (20 events):
Event: 143.081 Loading class java/lang/StringIndexOutOfBoundsException
Event: 143.093 Loading class java/lang/StringIndexOutOfBoundsException done
Event: 146.841 Loading class javax/net/ssl/HostnameVerifier
Event: 146.842 Loading class javax/net/ssl/HostnameVerifier done
Event: 146.865 Loading class javax/net/ssl/TrustManager
Event: 146.866 Loading class javax/net/ssl/TrustManager done
Event: 146.867 Loading class javax/net/ssl/X509TrustManager
Event: 146.873 Loading class javax/net/ssl/X509TrustManager done
Event: 146.912 Loading class javax/net/ssl/SSLException
Event: 146.913 Loading class javax/net/ssl/SSLException done
Event: 146.913 Loading class javax/net/ssl/SSLPeerUnverifiedException
Event: 146.913 Loading class javax/net/ssl/SSLPeerUnverifiedException done
Event: 146.913 Loading class javax/naming/NamingException
Event: 146.915 Loading class javax/naming/NamingException done
Event: 146.915 Loading class javax/naming/InvalidNameException
Event: 146.919 Loading class javax/naming/InvalidNameException done
Event: 146.919 Loading class java/security/cert/CertificateParsingException
Event: 146.920 Loading class java/security/cert/CertificateException
Event: 146.921 Loading class java/security/cert/CertificateException done
Event: 146.921 Loading class java/security/cert/CertificateParsingException done

Classes unloaded (0 events):
No events

Classes redefined (0 events):
No events

Internal exceptions (20 events):
Event: 101.430 Thread 0x000001b75404be60 Exception <a 'sun/nio/fs/WindowsException'{0x00000000ef243b08}> (0x00000000ef243b08) 
thrown [s\src\hotspot\share\prims\jni.cpp, line 519]
Event: 101.432 Thread 0x000001b75404be60 Exception <a 'sun/nio/fs/WindowsException'{0x00000000ef245000}> (0x00000000ef245000) 
thrown [s\src\hotspot\share\prims\jni.cpp, line 519]
Event: 101.433 Thread 0x000001b75404be60 Exception <a 'sun/nio/fs/WindowsException'{0x00000000ef2464d0}> (0x00000000ef2464d0) 
thrown [s\src\hotspot\share\prims\jni.cpp, line 519]
Event: 101.434 Thread 0x000001b75404be60 Exception <a 'sun/nio/fs/WindowsException'{0x00000000ef2479b0}> (0x00000000ef2479b0) 
thrown [s\src\hotspot\share\prims\jni.cpp, line 519]
Event: 101.666 Thread 0x000001b75404be60 Exception <a 'java/lang/NoSuchMethodError'{0x00000000ef19d560}: 'java.lang.Object java.lang.invoke.Invokers$Holder.invoker(java.lang.Object, java.lang.Object, java.lang.Object, java.lang.Object, java.lang.Object, java.lang.Object, java.lang.Object, java.lang.Object, java.lang.Object)'> (0x00000000ef19d560) 
thrown [s\src\hotspot\share\interpreter\linkResolver.cpp, line 773]
Event: 101.845 Thread 0x000001b75404be60 Exception <a 'java/lang/NoSuchMethodError'{0x00000000ef0d6320}: 'java.lang.Object java.lang.invoke.DirectMethodHandle$Holder.invokeSpecial(java.lang.Object, java.lang.Object, java.lang.Object, java.lang.Object, java.lang.Object, java.lang.Object, java.lang.Object, java.lang.Object, java.lang.Object, java.lang.Object, java.lang.Object, java.lang.Object, java.lang.Object, java.lang.Object, java.lang.Object, java.lang.Object, java.lang.Object, java.lang.Object, java.lang.Object, java.lang.Object, java.lang.Ob
Event: 101.845 Thread 0x000001b75404be60 Exception <a 'java/lang/NoSuchMethodError'{0x00000000ef0dbda0}: 'java.lang.Object java.lang.invoke.DelegatingMethodHandle$Holder.reinvoke_L(java.lang.Object, java.lang.Object, java.lang.Object, java.lang.Object, java.lang.Object, java.lang.Object, java.lang.Object, java.lang.Object, java.lang.Object, java.lang.Object, java.lang.Object, java.lang.Object, java.lang.Object, java.lang.Object, java.lang.Object, java.lang.Object, java.lang.Object, java.lang.Object, java.lang.Object, java.lang.Object, java.lang.O
Event: 101.847 Thread 0x000001b75404be60 Exception <a 'java/lang/NoSuchMethodError'{0x00000000ef0e6db8}: 'java.lang.Object java.lang.invoke.Invokers$Holder.invoker(java.lang.Object, java.lang.Object, java.lang.Object, java.lang.Object, java.lang.Object, java.lang.Object, java.lang.Object, java.lang.Object, java.lang.Object, java.lang.Object, java.lang.Object, java.lang.Object, java.lang.Object, java.lang.Object, java.lang.Object, java.lang.Object, java.lang.Object, java.lang.Object, java.lang.Object, java.lang.Object, java.lang.Object, java.lang.
Event: 101.847 Thread 0x000001b75404be60 Exception <a 'java/lang/NoSuchMethodError'{0x00000000ef0ed008}: 'java.lang.Object java.lang.invoke.DelegatingMethodHandle$Holder.delegate(java.lang.Object, java.lang.Object, java.lang.Object, java.lang.Object, java.lang.Object, java.lang.Object, java.lang.Object, java.lang.Object, java.lang.Object, java.lang.Object, java.lang.Object, java.lang.Object, java.lang.Object, java.lang.Object, java.lang.Object, java.lang.Object, java.lang.Object, java.lang.Object, java.lang.Object, java.lang.Object, java.lang.Obj
Event: 104.563 Thread 0x000001b75404be60 Exception <a 'java/lang/IncompatibleClassChangeError'{0x00000000ee03fc68}: Found class java.lang.Object, but interface was expected> (0x00000000ee03fc68) 
thrown [s\src\hotspot\share\interpreter\linkResolver.cpp, line 840]
Event: 117.441 Thread 0x000001b75404be60 Exception <a 'java/lang/IncompatibleClassChangeError'{0x00000000eddd8838}: Found class java.lang.Object, but interface was expected> (0x00000000eddd8838) 
thrown [s\src\hotspot\share\interpreter\linkResolver.cpp, line 840]
Event: 117.521 Thread 0x000001b75404be60 Exception <a 'java/lang/NoSuchMethodError'{0x00000000edc51120}: 'void java.lang.invoke.DirectMethodHandle$Holder.invokeStatic(java.lang.Object, java.lang.Object, java.lang.Object, java.lang.Object, java.lang.Object, java.lang.Object)'> (0x00000000edc51120) 
thrown [s\src\hotspot\share\interpreter\linkResolver.cpp, line 773]
Event: 117.953 Thread 0x000001b75404be60 Exception <a 'java/lang/NoSuchMethodError'{0x00000000edb85d00}: 'int java.lang.invoke.DirectMethodHandle$Holder.invokeStaticInit(java.lang.Object, java.lang.Object, java.lang.Object, java.lang.Object, java.lang.Object)'> (0x00000000edb85d00) 
thrown [s\src\hotspot\share\interpreter\linkResolver.cpp, line 773]
Event: 122.056 Thread 0x000001b75404be60 Exception <a 'java/lang/IncompatibleClassChangeError'{0x00000000ed95a0f0}: Found class java.lang.Object, but interface was expected> (0x00000000ed95a0f0) 
thrown [s\src\hotspot\share\interpreter\linkResolver.cpp, line 840]
Event: 126.003 Thread 0x000001b75404be60 Implicit null exception at 0x000001b730069e5c to 0x000001b730069f04
Event: 141.828 Thread 0x000001b75404be60 Exception <a 'java/lang/NoSuchMethodError'{0x00000000ec6af2f0}: 'long java.lang.invoke.DirectMethodHandle$Holder.invokeStatic(java.lang.Object, long)'> (0x00000000ec6af2f0) 
thrown [s\src\hotspot\share\interpreter\linkResolver.cpp, line 773]
Event: 146.677 Thread 0x000001b75404be60 Exception <a 'java/lang/NoSuchMethodError'{0x00000000efd017c0}: 'java.lang.Object java.lang.invoke.DirectMethodHandle$Holder.invokeVirtual(java.lang.Object, java.lang.Object, java.lang.Object, java.lang.Object, java.lang.Object, java.lang.Object, java.lang.Object, java.lang.Object, java.lang.Object, java.lang.Object, java.lang.Object, java.lang.Object, java.lang.Object, java.lang.Object, java.lang.Object, java.lang.Object, java.lang.Object)'> (0x00000000efd017c0) 
thrown [s\src\hotspot\share\interpreter\li
Event: 146.677 Thread 0x000001b75404be60 Exception <a 'java/lang/NoSuchMethodError'{0x00000000efd07778}: 'java.lang.Object java.lang.invoke.DirectMethodHandle$Holder.invokeSpecial(java.lang.Object, java.lang.Object, java.lang.Object, java.lang.Object, java.lang.Object, java.lang.Object, java.lang.Object, java.lang.Object, java.lang.Object, java.lang.Object, java.lang.Object, java.lang.Object, java.lang.Object, java.lang.Object, java.lang.Object, java.lang.Object, java.lang.Object, java.lang.Object)'> (0x00000000efd07778) 
thrown [s\src\hotspot\sh
Event: 146.729 Thread 0x000001b75404be60 Exception <a 'java/lang/NoSuchMethodError'{0x00000000efd0ccc0}: 'java.lang.Object java.lang.invoke.DelegatingMethodHandle$Holder.reinvoke_L(java.lang.Object, java.lang.Object, java.lang.Object, java.lang.Object, java.lang.Object, java.lang.Object, java.lang.Object, java.lang.Object, java.lang.Object, java.lang.Object, java.lang.Object, java.lang.Object, java.lang.Object, java.lang.Object, java.lang.Object, java.lang.Object, java.lang.Object)'> (0x00000000efd0ccc0) 
thrown [s\src\hotspot\share\interpreter\l
Event: 152.724 Thread 0x000001b75404be60 Exception <a 'java/lang/NoSuchMethodError'{0x00000000ef4d7be8}: 'java.lang.Object java.lang.invoke.DirectMethodHandle$Holder.newInvokeSpecial(java.lang.Object, java.lang.Object, java.lang.Object, java.lang.Object, java.lang.Object, java.lang.Object, java.lang.Object, java.lang.Object, java.lang.Object, java.lang.Object, java.lang.Object, java.lang.Object, java.lang.Object, java.lang.Object, java.lang.Object, java.lang.Object, java.lang.Object, java.lang.Object, java.lang.Object, java.lang.Object, java.lang

VM Operations (20 events):
Event: 143.141 Executing VM operation: Cleanup
Event: 143.159 Executing VM operation: Cleanup done
Event: 145.183 Executing VM operation: Cleanup
Event: 145.234 Executing VM operation: Cleanup done
Event: 146.135 Executing VM operation: G1CollectForAllocation
Event: 146.193 Executing VM operation: G1CollectForAllocation done
Event: 147.204 Executing VM operation: Cleanup
Event: 147.220 Executing VM operation: Cleanup done
Event: 148.230 Executing VM operation: Cleanup
Event: 148.277 Executing VM operation: Cleanup done
Event: 149.287 Executing VM operation: Cleanup
Event: 149.287 Executing VM operation: Cleanup done
Event: 150.292 Executing VM operation: Cleanup
Event: 150.309 Executing VM operation: Cleanup done
Event: 151.318 Executing VM operation: Cleanup
Event: 151.337 Executing VM operation: Cleanup done
Event: 152.340 Executing VM operation: Cleanup
Event: 152.356 Executing VM operation: Cleanup done
Event: 153.361 Executing VM operation: Cleanup
Event: 153.362 Executing VM operation: Cleanup done

Events (20 events):
Event: 97.152 Thread 0x000001b73ac486c0 flushing nmethod 0x000001b72feff510
Event: 97.152 Thread 0x000001b73ac486c0 flushing nmethod 0x000001b72fed5a90
Event: 97.152 Thread 0x000001b73ac486c0 flushing nmethod 0x000001b72fed4e90
Event: 97.152 Thread 0x000001b73ac486c0 flushing nmethod 0x000001b72fed4590
Event: 97.152 Thread 0x000001b73ac486c0 flushing nmethod 0x000001b72fed1f90
Event: 97.152 Thread 0x000001b73ac486c0 flushing nmethod 0x000001b72fee0910
Event: 97.152 Thread 0x000001b73ac486c0 flushing nmethod 0x000001b72feaf090
Event: 97.152 Thread 0x000001b73ac486c0 flushing nmethod 0x000001b72fead510
Event: 97.152 Thread 0x000001b73ac486c0 flushing nmethod 0x000001b72fec3210
Event: 97.152 Thread 0x000001b73ac486c0 flushing nmethod 0x000001b72feb6890
Event: 97.152 Thread 0x000001b73ac486c0 flushing nmethod 0x000001b72fea8a10
Event: 98.816 Thread 0x000001b754e23ac0 Thread added: 0x000001b754e23ac0
Event: 99.238 Thread 0x000001b754e25000 Thread added: 0x000001b754e25000
Event: 101.835 Thread 0x000001b754e1f060 Thread added: 0x000001b754e1f060
Event: 120.847 Thread 0x000001b754e23020 Thread added: 0x000001b754e23020
Event: 121.133 Thread 0x000001b754e21040 Thread added: 0x000001b754e21040
Event: 126.700 Thread 0x000001b754e1f5b0 Thread added: 0x000001b754e1f5b0
Event: 148.140 Thread 0x000001b754e21590 Thread added: 0x000001b754e21590
Event: 150.520 Thread 0x000001b754e24560 Thread added: 0x000001b754e24560
Event: 150.554 Thread 0x000001b75677a680 Thread added: 0x000001b75677a680


Dynamic libraries:
0x00007ff647f30000 - 0x00007ff647f3e000 	C:\Users\giwat\.jdks\corretto-20.0.2.1\bin\java.exe
0x00007ff894fb0000 - 0x00007ff8951c7000 	C:\WINDOWS\SYSTEM32\ntdll.dll
0x00007ff8949e0000 - 0x00007ff894aa4000 	C:\WINDOWS\System32\KERNEL32.DLL
0x00007ff8927f0000 - 0x00007ff892b95000 	C:\WINDOWS\System32\KERNELBASE.dll
0x00007ff854b10000 - 0x00007ff854b2b000 	C:\Users\giwat\.jdks\corretto-20.0.2.1\bin\VCRUNTIME140.dll
0x00007ff892320000 - 0x00007ff892431000 	C:\WINDOWS\System32\ucrtbase.dll
0x00007ff854b30000 - 0x00007ff854b47000 	C:\Users\giwat\.jdks\corretto-20.0.2.1\bin\jli.dll
0x00007ff892d00000 - 0x00007ff892eae000 	C:\WINDOWS\System32\USER32.dll
0x00007ff892740000 - 0x00007ff892766000 	C:\WINDOWS\System32\win32u.dll
0x00007ff8930d0000 - 0x00007ff8930f9000 	C:\WINDOWS\System32\GDI32.dll
0x00007ff892620000 - 0x00007ff892739000 	C:\WINDOWS\System32\gdi32full.dll
0x00007ff892ba0000 - 0x00007ff892c3a000 	C:\WINDOWS\System32\msvcp_win.dll
0x00007ff86d030000 - 0x00007ff86d2c3000 	C:\WINDOWS\WinSxS\amd64_microsoft.windows.common-controls_6595b64144ccf1df_6.0.22621.2506_none_270c5ae97388e100\COMCTL32.dll
0x00007ff8944b0000 - 0x00007ff894557000 	C:\WINDOWS\System32\msvcrt.dll
0x00007ff894ab0000 - 0x00007ff894ae1000 	C:\WINDOWS\System32\IMM32.DLL
0x00007ff888c50000 - 0x00007ff888c5c000 	C:\Users\giwat\.jdks\corretto-20.0.2.1\bin\vcruntime140_1.dll
0x00007ff83b4b0000 - 0x00007ff83b53e000 	C:\Users\giwat\.jdks\corretto-20.0.2.1\bin\msvcp140.dll
0x00007ff81c5e0000 - 0x00007ff81d2e4000 	C:\Users\giwat\.jdks\corretto-20.0.2.1\bin\server\jvm.dll
0x00007ff892f90000 - 0x00007ff893041000 	C:\WINDOWS\System32\ADVAPI32.dll
0x00007ff893d20000 - 0x00007ff893dc6000 	C:\WINDOWS\System32\sechost.dll
0x00007ff894e50000 - 0x00007ff894f67000 	C:\WINDOWS\System32\RPCRT4.dll
0x00007ff86f7b0000 - 0x00007ff86f7b9000 	C:\WINDOWS\SYSTEM32\WSOCK32.dll
0x00007ff894040000 - 0x00007ff8940b1000 	C:\WINDOWS\System32\WS2_32.dll
0x00007ff8871f0000 - 0x00007ff887224000 	C:\WINDOWS\SYSTEM32\WINMM.dll
0x00007ff888dd0000 - 0x00007ff888dda000 	C:\WINDOWS\SYSTEM32\VERSION.dll
0x00007ff891280000 - 0x00007ff891298000 	C:\WINDOWS\SYSTEM32\kernel.appcore.dll
0x00007ff85b020000 - 0x00007ff85b02a000 	C:\Users\giwat\.jdks\corretto-20.0.2.1\bin\jimage.dll
0x00007ff88f6a0000 - 0x00007ff88f8d3000 	C:\WINDOWS\SYSTEM32\DBGHELP.DLL
0x00007ff8940c0000 - 0x00007ff894449000 	C:\WINDOWS\System32\combase.dll
0x00007ff892eb0000 - 0x00007ff892f87000 	C:\WINDOWS\System32\OLEAUT32.dll
0x00007ff870d80000 - 0x00007ff870db2000 	C:\WINDOWS\SYSTEM32\dbgcore.DLL
0x00007ff892770000 - 0x00007ff8927ea000 	C:\WINDOWS\System32\bcryptPrimitives.dll
0x00007ff851180000 - 0x00007ff85118e000 	C:\Users\giwat\.jdks\corretto-20.0.2.1\bin\instrument.dll
0x00007ff8510b0000 - 0x00007ff8510d6000 	C:\Users\giwat\.jdks\corretto-20.0.2.1\bin\java.dll
0x00007ff83b0c0000 - 0x00007ff83b197000 	C:\Users\giwat\.jdks\corretto-20.0.2.1\bin\jsvml.dll
0x00007ff8934a0000 - 0x00007ff893cf9000 	C:\WINDOWS\System32\SHELL32.dll
0x00007ff8901f0000 - 0x00007ff890ae4000 	C:\WINDOWS\SYSTEM32\windows.storage.dll
0x00007ff8900b0000 - 0x00007ff8901ee000 	C:\WINDOWS\SYSTEM32\wintypes.dll
0x00007ff893dd0000 - 0x00007ff893ec3000 	C:\WINDOWS\System32\SHCORE.dll
0x00007ff893fe0000 - 0x00007ff89403e000 	C:\WINDOWS\System32\shlwapi.dll
0x00007ff892250000 - 0x00007ff892276000 	C:\WINDOWS\SYSTEM32\profapi.dll
0x00007ff851160000 - 0x00007ff851178000 	C:\Users\giwat\.jdks\corretto-20.0.2.1\bin\zip.dll
0x00007ff850fd0000 - 0x00007ff850fe3000 	C:\Users\giwat\.jdks\corretto-20.0.2.1\bin\net.dll
0x00007ff8897d0000 - 0x00007ff889907000 	C:\WINDOWS\SYSTEM32\WINHTTP.dll
0x00007ff891750000 - 0x00007ff8917b9000 	C:\WINDOWS\system32\mswsock.dll
0x00007ff84f430000 - 0x00007ff84f446000 	C:\Users\giwat\.jdks\corretto-20.0.2.1\bin\nio.dll
0x00007ff8510a0000 - 0x00007ff8510b0000 	C:\Users\giwat\.jdks\corretto-20.0.2.1\bin\verify.dll
0x00007ff83f320000 - 0x00007ff83f347000 	C:\Users\giwat\.gradle\native\c067742578af261105cb4f569cf0c3c89f3d7b1fecec35dd04571415982c5e48\windows-amd64\native-platform.dll
0x00007ff8247c0000 - 0x00007ff824904000 	C:\Users\giwat\.gradle\native\38dada09dfb8b06ba9b0570ebf7e218e3eb74d4ef43ca46872605cf95ebc2f47\windows-amd64\native-platform-file-events.dll
0x00007ff851060000 - 0x00007ff85106a000 	C:\Users\giwat\.jdks\corretto-20.0.2.1\bin\management.dll
0x00007ff850fc0000 - 0x00007ff850fcb000 	C:\Users\giwat\.jdks\corretto-20.0.2.1\bin\management_ext.dll
0x00007ff893460000 - 0x00007ff893468000 	C:\WINDOWS\System32\PSAPI.DLL
0x00007ff891a40000 - 0x00007ff891a5b000 	C:\WINDOWS\SYSTEM32\CRYPTSP.dll
0x00007ff891240000 - 0x00007ff891275000 	C:\WINDOWS\system32\rsaenh.dll
0x00007ff8917f0000 - 0x00007ff89181c000 	C:\WINDOWS\SYSTEM32\USERENV.dll
0x00007ff891bc0000 - 0x00007ff891be8000 	C:\WINDOWS\SYSTEM32\bcrypt.dll
0x00007ff891950000 - 0x00007ff89195c000 	C:\WINDOWS\SYSTEM32\CRYPTBASE.dll
0x00007ff890d50000 - 0x00007ff890d7d000 	C:\WINDOWS\SYSTEM32\IPHLPAPI.DLL
0x00007ff893490000 - 0x00007ff893499000 	C:\WINDOWS\System32\NSI.dll
0x00007ff886c30000 - 0x00007ff886c49000 	C:\WINDOWS\SYSTEM32\dhcpcsvc6.DLL
0x00007ff886780000 - 0x00007ff88679f000 	C:\WINDOWS\SYSTEM32\dhcpcsvc.DLL
0x00007ff890dc0000 - 0x00007ff890eb9000 	C:\WINDOWS\SYSTEM32\DNSAPI.dll
0x00007ff84f420000 - 0x00007ff84f427000 	C:\Users\giwat\.jdks\corretto-20.0.2.1\bin\extnet.dll
0x00007ff84f410000 - 0x00007ff84f41e000 	C:\Users\giwat\.jdks\corretto-20.0.2.1\bin\sunmscapi.dll
0x00007ff8924b0000 - 0x00007ff892616000 	C:\WINDOWS\System32\CRYPT32.dll
0x00007ff891b90000 - 0x00007ff891bbd000 	C:\WINDOWS\SYSTEM32\ncrypt.dll
0x00007ff891b50000 - 0x00007ff891b87000 	C:\WINDOWS\SYSTEM32\NTASN1.dll
0x00007ff855f70000 - 0x00007ff855f78000 	C:\WINDOWS\system32\wshunix.dll

dbghelp: loaded successfully - version: 4.0.5 - missing functions: none
symbol engine: initialized successfully - sym options: 0x614 - pdb path: .;C:\Users\giwat\.jdks\corretto-20.0.2.1\bin;C:\WINDOWS\SYSTEM32;C:\WINDOWS\WinSxS\amd64_microsoft.windows.common-controls_6595b64144ccf1df_6.0.22621.2506_none_270c5ae97388e100;C:\Users\giwat\.jdks\corretto-20.0.2.1\bin\server;C:\Users\giwat\.gradle\native\c067742578af261105cb4f569cf0c3c89f3d7b1fecec35dd04571415982c5e48\windows-amd64;C:\Users\giwat\.gradle\native\38dada09dfb8b06ba9b0570ebf7e218e3eb74d4ef43ca46872605cf95ebc2f47\windows-amd64

VM Arguments:
jvm_args: --add-opens=java.base/java.util=ALL-UNNAMED --add-opens=java.base/java.lang=ALL-UNNAMED --add-opens=java.base/java.lang.invoke=ALL-UNNAMED --add-opens=java.prefs/java.util.prefs=ALL-UNNAMED --add-opens=java.base/java.nio.charset=ALL-UNNAMED --add-opens=java.base/java.net=ALL-UNNAMED --add-opens=java.base/java.util.concurrent.atomic=ALL-UNNAMED -XX:MaxMetaspaceSize=384m -XX:+HeapDumpOnOutOfMemoryError -Xms256m -Xmx512m -Dfile.encoding=windows-1252 -Duser.country=CA -Duser.language=en -Duser.variant -javaagent:C:\Users\giwat\.gradle\wrapper\dists\gradle-8.4-bin\1w5dpkrfk8irigvoxmyhowfim\gradle-8.4\lib\agents\gradle-instrumentation-agent-8.4.jar 
java_command: org.gradle.launcher.daemon.bootstrap.GradleDaemon 8.4
java_class_path (initial): C:\Users\giwat\.gradle\wrapper\dists\gradle-8.4-bin\1w5dpkrfk8irigvoxmyhowfim\gradle-8.4\lib\gradle-launcher-8.4.jar
Launcher Type: SUN_STANDARD

[Global flags]
     intx CICompilerCount                          = 4                                         {product} {ergonomic}
   size_t CompressedClassSpaceSize                 = 322961408                                 {product} {ergonomic}
     uint ConcGCThreads                            = 2                                         {product} {ergonomic}
     uint G1ConcRefinementThreads                  = 8                                         {product} {ergonomic}
   size_t G1HeapRegionSize                         = 1048576                                   {product} {ergonomic}
    uintx GCDrainStackTargetSize                   = 64                                        {product} {ergonomic}
     bool HeapDumpOnOutOfMemoryError               = true                                   {manageable} {command line}
   size_t InitialHeapSize                          = 268435456                                 {product} {command line}
   size_t MarkStackSize                            = 4194304                                   {product} {ergonomic}
   size_t MaxHeapSize                              = 536870912                                 {product} {command line}
   size_t MaxMetaspaceSize                         = 402653184                                 {product} {command line}
   size_t MaxNewSize                               = 321912832                                 {product} {ergonomic}
   size_t MinHeapDeltaBytes                        = 1048576                                   {product} {ergonomic}
   size_t MinHeapSize                              = 268435456                                 {product} {command line}
    uintx NonNMethodCodeHeapSize                   = 5839372                                {pd product} {ergonomic}
    uintx NonProfiledCodeHeapSize                  = 122909434                              {pd product} {ergonomic}
    uintx ProfiledCodeHeapSize                     = 122909434                              {pd product} {ergonomic}
    uintx ReservedCodeCacheSize                    = 251658240                              {pd product} {ergonomic}
     bool SegmentedCodeCache                       = true                                      {product} {ergonomic}
   size_t SoftMaxHeapSize                          = 536870912                              {manageable} {ergonomic}
     bool UseCompressedClassPointers               = true                           {product lp64_product} {ergonomic}
     bool UseCompressedOops                        = true                           {product lp64_product} {ergonomic}
     bool UseG1GC                                  = true                                      {product} {ergonomic}
     bool UseLargePagesIndividualAllocation        = false                                  {pd product} {ergonomic}

Logging:
Log output configuration:
 #0: stdout all=warning uptime,level,tags foldmultilines=false
 #1: stderr all=off uptime,level,tags foldmultilines=false

Environment Variables:
PATH=C:\Program Files\Common Files\Oracle\Java\javapath;C:\Program Files (x86)\Common Files\Oracle\Java\javapath;C:\windows\system32;C:\windows;C:\windows\System32\Wbem;C:\windows\System32\WindowsPowerShell\v1.0\;C:\windows\System32\OpenSSH\;C:\Program Files\Microsoft SQL Server\130\Tools\Binn\;C:\Program Files\Git\cmd;C:\xampp\php;C:\ProgramData\ComposerSetup\bin;C:\WINDOWS\system32;C:\WINDOWS;C:\WINDOWS\System32\Wbem;C:\WINDOWS\System32\WindowsPowerShell\v1.0\;C:\WINDOWS\System32\OpenSSH\;C:\Program Files\dotnet\;C:\Program Files\Microsoft SQL Server\150\Tools\Binn\;C:\Program Files\nodejs\;C:\Users\giwat\Gradle\gradle-8.3\bin;;C:\Program Files\Docker\Docker\resources\bin;C:\Users\giwat\AppData\Local\Programs\Python\Python311\Scripts\;C:\Users\giwat\AppData\Local\Programs\Python\Python311\;C:\Program Files\MySQL\MySQL Shell 8.0\bin\;C:\Users\giwat\AppData\Local\Microsoft\WindowsApps;C:\Users\giwat\AppData\Local\Programs\Microsoft VS Code\bin;C:\Users\giwat\.dotnet\tools;C:\Users\giwat\AppData\Local\atom\bin;C:\Users\giwat\AppData\Roaming\Composer\vendor\bin;C:\Program Files (x86)\Brackets\;C:\Users\giwat\AppData\Local\Microsoft\WindowsApps;C:\Program Files\JetBrains\PyCharm 2022.3.1\bin;;C:\Users\giwat\.dotnet\tools;C:\Program Files\heroku\bin;C:\Users\giwat\AppData\Roaming\npm;C:\Program Files\JetBrains\DataGrip 2023.2.2\bin;
USERNAME=giwat
OS=Windows_NT
PROCESSOR_IDENTIFIER=Intel64 Family 6 Model 140 Stepping 2, GenuineIntel
TMP=C:\Users\giwat\AppData\Local\Temp
TEMP=C:\Users\giwat\AppData\Local\Temp




---------------  S Y S T E M  ---------------

OS:
 Windows 11 , 64 bit Build 22621 (10.0.22621.2506)
OS uptime: 0 days 3:26 hours
Hyper-V role detected

CPU: total 8 (initial active 8) (4 cores per cpu, 2 threads per core) family 6 model 140 stepping 2 microcode 0x2c, cx8, cmov, fxsr, ht, mmx, 3dnowpref, sse, sse2, sse3, ssse3, sse4.1, sse4.2, popcnt, lzcnt, tsc, tscinvbit, avx, avx2, aes, erms, clmul, bmi1, bmi2, adx, avx512f, avx512dq, avx512cd, avx512bw, avx512vl, sha, fma, vzeroupper, avx512_vpopcntdq, avx512_vpclmulqdq, avx512_vaes, avx512_vnni, clflush, clflushopt, clwb, avx512_vbmi2, avx512_vbmi, hv, rdtscp, rdpid, fsrm, gfni, avx512_bitalg, f16c, cet_ibt, cet_ss, avx512_ifma

Memory: 4k page, system-wide physical 7941M (222M free)
TotalPageFile size 32517M (AvailPageFile size 57M)
current process WorkingSet (physical memory assigned to process): 107M, peak: 178M
current process commit charge ("private bytes"): 442M, peak: 450M

vm_info: OpenJDK 64-Bit Server VM (20.0.2.1+10-FR) for windows-amd64 JRE (20.0.2.1+10-FR), built on 2023-08-19T09:18:31Z by "Administrator" with unknown MS VC++:1937

END.
