#
# There is insufficient memory for the Java Runtime Environment to continue.
# Native memory allocation (malloc) failed to allocate 813664 bytes for Chunk::new
# Possible reasons:
#   The system is out of physical RAM or swap space
#   The process is running with CompressedOops enabled, and the Java Heap may be blocking the growth of the native heap
# Possible solutions:
#   Reduce memory load on the system
#   Increase physical memory or swap space
#   Check if swap backing store is full
#   Decrease Java heap size (-Xmx/-Xms)
#   Decrease number of Java threads
#   Decrease Java thread stack sizes (-Xss)
#   Set larger code cache with -XX:ReservedCodeCacheSize=
#   JVM is running with Unscaled Compressed Oops mode in which the Java heap is
#     placed in the first 4GB address space. The Java Heap base address is the
#     maximum limit for the native heap growth. Please use -XX:HeapBaseMinAddress
#     to set the Java Heap base and to place the Java Heap above 4GB virtual address.
# This output file may be truncated or incomplete.
#
#  Out of Memory Error (arena.cpp:184), pid=35480, tid=32652
#
# JRE version: OpenJDK Runtime Environment Corretto-20.0.2.10.1 (20.0.2.1+10) (build 20.0.2.1+10-FR)
# Java VM: OpenJDK 64-Bit Server VM Corretto-20.0.2.10.1 (20.0.2.1+10-FR, mixed mode, sharing, tiered, compressed oops, compressed class ptrs, g1 gc, windows-amd64)
# No core dump will be written. Minidumps are not enabled by default on client versions of Windows
#

---------------  S U M M A R Y ------------

Command Line: --add-opens=java.base/java.util=ALL-UNNAMED --add-opens=java.base/java.lang=ALL-UNNAMED --add-opens=java.base/java.lang.invoke=ALL-UNNAMED --add-opens=java.prefs/java.util.prefs=ALL-UNNAMED --add-opens=java.base/java.nio.charset=ALL-UNNAMED --add-opens=java.base/java.net=ALL-UNNAMED --add-opens=java.base/java.util.concurrent.atomic=ALL-UNNAMED -XX:MaxMetaspaceSize=384m -XX:+HeapDumpOnOutOfMemoryError -Xms256m -Xmx512m -Dfile.encoding=windows-1252 -Duser.country=CA -Duser.language=en -Duser.variant -javaagent:C:\Users\giwat\.gradle\wrapper\dists\gradle-8.4-bin\1w5dpkrfk8irigvoxmyhowfim\gradle-8.4\lib\agents\gradle-instrumentation-agent-8.4.jar org.gradle.launcher.daemon.bootstrap.GradleDaemon 8.4

Host: 11th Gen Intel(R) Core(TM) i5-1155G7 @ 2.50GHz, 8 cores, 7G,  Windows 11 , 64 bit Build 22621 (10.0.22621.2506)
Time: Sat Nov 18 23:33:10 2023 Eastern Standard Time elapsed time: 162.384142 seconds (0d 0h 2m 42s)

---------------  T H R E A D  ---------------

Current thread (0x0000022059fb8d90):  JavaThread "C2 CompilerThread0" daemon [_thread_in_native, id=32652, stack(0x000000ad72f00000,0x000000ad73000000)]


Current CompileTask:
C2: 162385 7668       4       io.spring.gradle.dependencymanagement.org.codehaus.plexus.util.xml.pull.MXParser::parseStartTag (1210 bytes)

Stack: [0x000000ad72f00000,0x000000ad73000000]
Native frames: (J=compiled Java code, j=interpreted, Vv=VM code, C=native code)
V  [jvm.dll+0x6ba11a]
V  [jvm.dll+0x8968da]
V  [jvm.dll+0x898665]
V  [jvm.dll+0x898d53]
V  [jvm.dll+0x27f9ff]
V  [jvm.dll+0xc3771]
V  [jvm.dll+0xc3a95]
V  [jvm.dll+0x3b8f3c]
V  [jvm.dll+0x383445]
V  [jvm.dll+0x3828aa]
V  [jvm.dll+0x249089]
V  [jvm.dll+0x24847f]
V  [jvm.dll+0x1cbc81]
V  [jvm.dll+0x257f49]
V  [jvm.dll+0x256610]
V  [jvm.dll+0x3f0155]
V  [jvm.dll+0x843859]
V  [jvm.dll+0x6b8d9b]
C  [ucrtbase.dll+0x29363]
C  [KERNEL32.DLL+0x1257d]
C  [ntdll.dll+0x5aa58]


---------------  P R O C E S S  ---------------

Threads class SMR info:
_java_thread_list=0x0000022076155450, length=73, elements={
0x000002203f3dfc30, 0x0000022059fac380, 0x0000022059fad180, 0x0000022059fb2220,
0x0000022059fb32b0, 0x0000022059fb6e60, 0x0000022059fb8030, 0x0000022059fb8d90,
0x0000022059fbaf00, 0x00000220725b9620, 0x00000220726e92d0, 0x0000022073c835b0,
0x0000022073c86580, 0x0000022073c83b00, 0x0000022073c85ae0, 0x0000022073c84050,
0x0000022073c86030, 0x0000022073c83060, 0x0000022073c845a0, 0x0000022073c84af0,
0x0000022073c85040, 0x0000022073c85590, 0x0000022073cf0010, 0x0000022073cec5a0,
0x0000022073cef570, 0x0000022073cec050, 0x0000022073cf1ff0, 0x0000022073ceb5b0,
0x0000022073cf0ab0, 0x0000022073ced040, 0x0000022073cf0560, 0x0000022073cecaf0,
0x0000022073cf2540, 0x0000022073cf1550, 0x0000022073cefac0, 0x0000022073cf1aa0,
0x0000022073cee580, 0x0000022073ced590, 0x0000022073cf2a90, 0x0000022073ceb060,
0x0000022073cebb00, 0x0000022073cedae0, 0x0000022073cef020, 0x00000220733f6a20,
0x00000220733efa90, 0x00000220733f1fc0, 0x00000220733effe0, 0x00000220733f74c0,
0x00000220733f3a50, 0x00000220733f2510, 0x00000220733f3500, 0x00000220733f0a80,
0x00000220733f5a30, 0x0000022074a92060, 0x0000022074a915c0, 0x0000022074a91b10,
0x0000022074a925b0, 0x0000022074a91070, 0x0000022074ff4070, 0x0000022074ff6af0,
0x0000022074d6a050, 0x0000022076b8e290, 0x0000022076b8dd40, 0x0000022075159060,
0x0000022076b8ed30, 0x0000022074ff5060, 0x0000022076b8f280, 0x00000220733af5a0,
0x00000220733ae5b0, 0x00000220733ae060, 0x00000220733afaf0, 0x00000220733b1030,
0x00000220733b1580
}

Java Threads: ( => current thread )
  0x000002203f3dfc30 JavaThread "main" [_thread_blocked, id=35800, stack(0x000000ad72200000,0x000000ad72300000)]
  0x0000022059fac380 JavaThread "Reference Handler" daemon [_thread_blocked, id=1656, stack(0x000000ad72900000,0x000000ad72a00000)]
  0x0000022059fad180 JavaThread "Finalizer" daemon [_thread_blocked, id=14420, stack(0x000000ad72a00000,0x000000ad72b00000)]
  0x0000022059fb2220 JavaThread "Signal Dispatcher" daemon [_thread_blocked, id=11272, stack(0x000000ad72b00000,0x000000ad72c00000)]
  0x0000022059fb32b0 JavaThread "Attach Listener" daemon [_thread_blocked, id=31884, stack(0x000000ad72c00000,0x000000ad72d00000)]
  0x0000022059fb6e60 JavaThread "Service Thread" daemon [_thread_blocked, id=23624, stack(0x000000ad72d00000,0x000000ad72e00000)]
  0x0000022059fb8030 JavaThread "Monitor Deflation Thread" daemon [_thread_blocked, id=13128, stack(0x000000ad72e00000,0x000000ad72f00000)]
=>0x0000022059fb8d90 JavaThread "C2 CompilerThread0" daemon [_thread_in_native, id=32652, stack(0x000000ad72f00000,0x000000ad73000000)]
  0x0000022059fbaf00 JavaThread "C1 CompilerThread0" daemon [_thread_blocked, id=29656, stack(0x000000ad73000000,0x000000ad73100000)]
  0x00000220725b9620 JavaThread "Common-Cleaner" daemon [_thread_blocked, id=33016, stack(0x000000ad73100000,0x000000ad73200000)]
  0x00000220726e92d0 JavaThread "Notification Thread" daemon [_thread_blocked, id=4320, stack(0x000000ad73200000,0x000000ad73300000)]
  0x0000022073c835b0 JavaThread "Daemon health stats" [_thread_blocked, id=32836, stack(0x000000ad73900000,0x000000ad73a00000)]
  0x0000022073c86580 JavaThread "Incoming local TCP Connector on port 55782" [_thread_in_native, id=25008, stack(0x000000ad73a00000,0x000000ad73b00000)]
  0x0000022073c83b00 JavaThread "Daemon periodic checks" [_thread_blocked, id=34468, stack(0x000000ad73b00000,0x000000ad73c00000)]
  0x0000022073c85ae0 JavaThread "Daemon" [_thread_blocked, id=28728, stack(0x000000ad73c00000,0x000000ad73d00000)]
  0x0000022073c84050 JavaThread "Handler for socket connection from /127.0.0.1:55782 to /127.0.0.1:55799" [_thread_in_native, id=26684, stack(0x000000ad73d00000,0x000000ad73e00000)]
  0x0000022073c86030 JavaThread "Cancel handler" [_thread_blocked, id=28288, stack(0x000000ad73e00000,0x000000ad73f00000)]
  0x0000022073c83060 JavaThread "Daemon worker" [_thread_blocked, id=28404, stack(0x000000ad73f00000,0x000000ad74000000)]
  0x0000022073c845a0 JavaThread "Asynchronous log dispatcher for DefaultDaemonConnection: socket connection from /127.0.0.1:55782 to /127.0.0.1:55799" [_thread_blocked, id=28164, stack(0x000000ad74000000,0x000000ad74100000)]
  0x0000022073c84af0 JavaThread "Stdin handler" [_thread_blocked, id=28108, stack(0x000000ad74100000,0x000000ad74200000)]
  0x0000022073c85040 JavaThread "Daemon client event forwarder" [_thread_blocked, id=33432, stack(0x000000ad74200000,0x000000ad74300000)]
  0x0000022073c85590 JavaThread "Cache worker for journal cache (C:\Users\giwat\.gradle\caches\journal-1)" [_thread_blocked, id=10136, stack(0x000000ad74300000,0x000000ad74400000)]
  0x0000022073cf0010 JavaThread "File lock request listener" [_thread_in_native, id=28596, stack(0x000000ad74400000,0x000000ad74500000)]
  0x0000022073cec5a0 JavaThread "Cache worker for file hash cache (C:\Users\giwat\.gradle\caches\8.4\fileHashes)" [_thread_blocked, id=25328, stack(0x000000ad74500000,0x000000ad74600000)]
  0x0000022073cef570 JavaThread "File lock release action executor" [_thread_blocked, id=32068, stack(0x000000ad74600000,0x000000ad74700000)]
  0x0000022073cec050 JavaThread "File watcher server" daemon [_thread_in_native, id=29664, stack(0x000000ad74a00000,0x000000ad74b00000)]
  0x0000022073cf1ff0 JavaThread "File watcher consumer" daemon [_thread_in_Java, id=13896, stack(0x000000ad74b00000,0x000000ad74c00000)]
  0x0000022073ceb5b0 JavaThread "Cache worker for checksums cache (C:\Users\giwat\Desktop\GBC\Semester5\COMP3095 - Web Application Development Using Java\Coursework\microservices-parent\product-service\.gradle\8.4\checksums)" [_thread_blocked, id=31552, stack(0x000000ad74c00000,0x000000ad74d00000)]
  0x0000022073cf0ab0 JavaThread "Cache worker for file hash cache (C:\Users\giwat\Desktop\GBC\Semester5\COMP3095 - Web Application Development Using Java\Coursework\microservices-parent\product-service\.gradle\8.4\fileHashes)" [_thread_blocked, id=26204, stack(0x000000ad74d00000,0x000000ad74e00000)]
  0x0000022073ced040 JavaThread "Cache worker for cache directory md-supplier (C:\Users\giwat\.gradle\caches\8.4\md-supplier)" [_thread_blocked, id=284, stack(0x000000ad74e00000,0x000000ad74f00000)]
  0x0000022073cf0560 JavaThread "Cache worker for file content cache (C:\Users\giwat\.gradle\caches\8.4\fileContent)" [_thread_blocked, id=29904, stack(0x000000ad74f00000,0x000000ad75000000)]
  0x0000022073cecaf0 JavaThread "Cache worker for cache directory md-rule (C:\Users\giwat\.gradle\caches\8.4\md-rule)" [_thread_blocked, id=33128, stack(0x000000ad75000000,0x000000ad75100000)]
  0x0000022073cf2540 JavaThread "Cache worker for execution history cache (C:\Users\giwat\.gradle\caches\8.4\executionHistory)" [_thread_blocked, id=27440, stack(0x000000ad75100000,0x000000ad75200000)]
  0x0000022073cf1550 JavaThread "jar transforms" [_thread_blocked, id=33468, stack(0x000000ad75200000,0x000000ad75300000)]
  0x0000022073cefac0 JavaThread "jar transforms Thread 2" [_thread_blocked, id=34596, stack(0x000000ad75300000,0x000000ad75400000)]
  0x0000022073cf1aa0 JavaThread "jar transforms Thread 3" [_thread_blocked, id=32204, stack(0x000000ad75400000,0x000000ad75500000)]
  0x0000022073cee580 JavaThread "jar transforms Thread 4" [_thread_blocked, id=18056, stack(0x000000ad75500000,0x000000ad75600000)]
  0x0000022073ced590 JavaThread "Cache worker for kotlin-dsl (C:\Users\giwat\.gradle\caches\8.4\kotlin-dsl)" [_thread_blocked, id=11292, stack(0x000000ad75600000,0x000000ad75700000)]
  0x0000022073cf2a90 JavaThread "jar transforms Thread 5" [_thread_blocked, id=31568, stack(0x000000ad75900000,0x000000ad75a00000)]
  0x0000022073ceb060 JavaThread "jar transforms Thread 6" [_thread_blocked, id=30916, stack(0x000000ad75a00000,0x000000ad75b00000)]
  0x0000022073cebb00 JavaThread "Cache worker for dependencies-accessors (C:\Users\giwat\Desktop\GBC\Semester5\COMP3095 - Web Application Development Using Java\Coursework\microservices-parent\product-service\.gradle\8.4\dependencies-accessors)" [_thread_blocked, id=32456, stack(0x000000ad75b00000,0x000000ad75c00000)]
  0x0000022073cedae0 JavaThread "Cache worker for Build Output Cleanup Cache (C:\Users\giwat\Desktop\GBC\Semester5\COMP3095 - Web Application Development Using Java\Coursework\microservices-parent\product-service\.gradle\buildOutputCleanup)" [_thread_blocked, id=34424, stack(0x000000ad75c00000,0x000000ad75d00000)]
  0x0000022073cef020 JavaThread "jar transforms Thread 7" [_thread_blocked, id=32432, stack(0x000000ad75d00000,0x000000ad75e00000)]
  0x00000220733f6a20 JavaThread "jar transforms Thread 8" [_thread_blocked, id=19912, stack(0x000000ad75e00000,0x000000ad75f00000)]
  0x00000220733efa90 JavaThread "Unconstrained build operations" [_thread_blocked, id=33604, stack(0x000000ad71f00000,0x000000ad72000000)]
  0x00000220733f1fc0 JavaThread "Unconstrained build operations Thread 2" [_thread_blocked, id=33024, stack(0x000000ad72000000,0x000000ad72100000)]
  0x00000220733effe0 JavaThread "Unconstrained build operations Thread 3" [_thread_blocked, id=22852, stack(0x000000ad72100000,0x000000ad72200000)]
  0x00000220733f74c0 JavaThread "Unconstrained build operations Thread 4" [_thread_blocked, id=25812, stack(0x000000ad75f00000,0x000000ad76000000)]
  0x00000220733f3a50 JavaThread "Unconstrained build operations Thread 5" [_thread_blocked, id=32544, stack(0x000000ad76000000,0x000000ad76100000)]
  0x00000220733f2510 JavaThread "Unconstrained build operations Thread 6" [_thread_blocked, id=8880, stack(0x000000ad76100000,0x000000ad76200000)]
  0x00000220733f3500 JavaThread "Unconstrained build operations Thread 7" [_thread_blocked, id=34772, stack(0x000000ad76200000,0x000000ad76300000)]
  0x00000220733f0a80 JavaThread "Memory manager" [_thread_blocked, id=9764, stack(0x000000ad76300000,0x000000ad76400000)]
  0x00000220733f5a30 JavaThread "included builds" [_thread_in_vm, id=15144, stack(0x000000ad76400000,0x000000ad76500000)]
  0x0000022074a92060 JavaThread "Execution worker" [_thread_blocked, id=3116, stack(0x000000ad76500000,0x000000ad76600000)]
  0x0000022074a915c0 JavaThread "Execution worker Thread 2" [_thread_blocked, id=13032, stack(0x000000ad76600000,0x000000ad76700000)]
  0x0000022074a91b10 JavaThread "Execution worker Thread 3" [_thread_blocked, id=32816, stack(0x000000ad76700000,0x000000ad76800000)]
  0x0000022074a925b0 JavaThread "Execution worker Thread 4" [_thread_blocked, id=33796, stack(0x000000ad76800000,0x000000ad76900000)]
  0x0000022074a91070 JavaThread "Execution worker Thread 5" [_thread_blocked, id=31244, stack(0x000000ad76900000,0x000000ad76a00000)]
  0x0000022074ff4070 JavaThread "Execution worker Thread 6" [_thread_blocked, id=28644, stack(0x000000ad76a00000,0x000000ad76b00000)]
  0x0000022074ff6af0 JavaThread "Execution worker Thread 7" [_thread_blocked, id=9756, stack(0x000000ad76b00000,0x000000ad76c00000)]
  0x0000022074d6a050 JavaThread "Cache worker for execution history cache (C:\Users\giwat\Desktop\GBC\Semester5\COMP3095 - Web Application Development Using Java\Coursework\microservices-parent\product-service\.gradle\8.4\executionHistory)" [_thread_blocked, id=29628, stack(0x000000ad76c00000,0x000000ad76d00000)]
  0x0000022076b8e290 JavaThread "Unconstrained build operations Thread 8" [_thread_blocked, id=30864, stack(0x000000ad76d00000,0x000000ad76e00000)]
  0x0000022076b8dd40 JavaThread "Unconstrained build operations Thread 9" [_thread_blocked, id=33036, stack(0x000000ad76e00000,0x000000ad76f00000)]
  0x0000022075159060 JavaThread "Unconstrained build operations Thread 10" [_thread_blocked, id=31052, stack(0x000000ad76f00000,0x000000ad77000000)]
  0x0000022076b8ed30 JavaThread "Unconstrained build operations Thread 11" [_thread_blocked, id=36672, stack(0x000000ad77000000,0x000000ad77100000)]
  0x0000022074ff5060 JavaThread "Unconstrained build operations Thread 12" [_thread_blocked, id=36832, stack(0x000000ad77100000,0x000000ad77200000)]
  0x0000022076b8f280 JavaThread "Unconstrained build operations Thread 13" [_thread_blocked, id=37272, stack(0x000000ad77200000,0x000000ad77300000)]
  0x00000220733af5a0 JavaThread "Unconstrained build operations Thread 14" [_thread_blocked, id=37580, stack(0x000000ad77300000,0x000000ad77400000)]
  0x00000220733ae5b0 JavaThread "Unconstrained build operations Thread 15" [_thread_blocked, id=37208, stack(0x000000ad75800000,0x000000ad75900000)]
  0x00000220733ae060 JavaThread "Unconstrained build operations Thread 16" [_thread_blocked, id=38840, stack(0x000000ad77400000,0x000000ad77500000)]
  0x00000220733afaf0 JavaThread "Unconstrained build operations Thread 17" [_thread_blocked, id=38436, stack(0x000000ad77500000,0x000000ad77600000)]
  0x00000220733b1030 JavaThread "Unconstrained build operations Thread 18" [_thread_blocked, id=37040, stack(0x000000ad77600000,0x000000ad77700000)]
  0x00000220733b1580 JavaThread "Unconstrained build operations Thread 19" [_thread_blocked, id=37608, stack(0x000000ad77700000,0x000000ad77800000)]

Other Threads:
  0x0000022059f8ab10 VMThread "VM Thread" [stack: 0x000000ad72800000,0x000000ad72900000] [id=12652]
  0x000002203f3e0c50 WatcherThread "VM Periodic Task Thread" [stack: 0x000000ad73300000,0x000000ad73400000] [id=32208]
  0x000002203f4118f0 WorkerThread "GC Thread#0" [stack: 0x000000ad72300000,0x000000ad72400000] [id=7152]
  0x0000022072ed2b60 WorkerThread "GC Thread#1" [stack: 0x000000ad73400000,0x000000ad73500000] [id=15468]
  0x0000022072eb6fe0 WorkerThread "GC Thread#2" [stack: 0x000000ad73500000,0x000000ad73600000] [id=17032]
  0x0000022072ecd530 WorkerThread "GC Thread#3" [stack: 0x000000ad73600000,0x000000ad73700000] [id=34188]
  0x0000022072ecd800 WorkerThread "GC Thread#4" [stack: 0x000000ad73700000,0x000000ad73800000] [id=33804]
  0x0000022072ecdad0 WorkerThread "GC Thread#5" [stack: 0x000000ad73800000,0x000000ad73900000] [id=26892]
  0x00000220730c4550 WorkerThread "GC Thread#6" [stack: 0x000000ad74700000,0x000000ad74800000] [id=23320]
  0x000002207517ca50 WorkerThread "GC Thread#7" [stack: 0x000000ad74800000,0x000000ad74900000] [id=31740]
  0x000002203f416800 ConcurrentGCThread "G1 Main Marker" [stack: 0x000000ad72400000,0x000000ad72500000] [id=32316]
  0x000002203f417230 WorkerThread "G1 Conc#0" [stack: 0x000000ad72500000,0x000000ad72600000] [id=10180]
  0x000002207517b3d0 WorkerThread "G1 Conc#1" [stack: 0x000000ad74900000,0x000000ad74a00000] [id=32036]
  0x000002203f49ea90 ConcurrentGCThread "G1 Refine#0" [stack: 0x000000ad72600000,0x000000ad72700000] [id=1136]
  0x0000022059e43f30 ConcurrentGCThread "G1 Service" [stack: 0x000000ad72700000,0x000000ad72800000] [id=4956]

Threads with active compile tasks:
C2 CompilerThread0   162525 7668       4       io.spring.gradle.dependencymanagement.org.codehaus.plexus.util.xml.pull.MXParser::parseStartTag (1210 bytes)

VM state: not at safepoint (normal execution)

VM Mutex/Monitor currently owned by a thread: None

Heap address: 0x00000000e0000000, size: 512 MB, Compressed Oops mode: 32-bit

CDS archive(s) mapped at: [0x000002205a000000-0x000002205ac60000-0x000002205ac60000), size 12976128, SharedBaseAddress: 0x000002205a000000, ArchiveRelocationMode: 1.
Compressed class space mapped at: 0x000002205b000000-0x000002206e400000, reserved size: 322961408
Narrow klass base: 0x000002205a000000, Narrow klass shift: 0, Narrow klass range: 0x100000000

GC Precious Log:
 CardTable entry size: 512
 Card Set container configuration: InlinePtr #cards 5 size 8 Array Of Cards #cards 12 size 40 Howl #buckets 4 coarsen threshold 1843 Howl Bitmap #cards 512 size 80 coarsen threshold 460 Card regions per heap region 1 cards per card region 2048
 CPUs: 8 total, 8 available
 Memory: 7941M
 Large Page Support: Disabled
 NUMA Support: Disabled
 Compressed Oops: Enabled (32-bit)
 Heap Region Size: 1M
 Heap Min Capacity: 256M
 Heap Initial Capacity: 256M
 Heap Max Capacity: 512M
 Pre-touch: Disabled
 Parallel Workers: 8
 Concurrent Workers: 2
 Concurrent Refinement Workers: 8
 Periodic GC: Disabled

Heap:
 garbage-first heap   total 262144K, used 85825K [0x00000000e0000000, 0x0000000100000000)
  region size 1024K, 56 young (57344K), 14 survivors (14336K)
 Metaspace       used 61093K, committed 62976K, reserved 380928K
  class space    used 8677K, committed 9600K, reserved 315392K

Heap Regions: E=young(eden), S=young(survivor), O=old, HS=humongous(starts), HC=humongous(continues), CS=collection set, F=free, OA=open archive, CA=closed archive, TAMS=top-at-mark-start, PB=parsable bottom
|   0|0x00000000e0000000, 0x00000000e0100000, 0x00000000e0100000|100%|HS|  |TAMS 0x00000000e0000000| PB 0x00000000e0000000| Complete 
|   1|0x00000000e0100000, 0x00000000e0200000, 0x00000000e0200000|100%|HC|  |TAMS 0x00000000e0100000| PB 0x00000000e0100000| Complete 
|   2|0x00000000e0200000, 0x00000000e0300000, 0x00000000e0300000|100%|HC|  |TAMS 0x00000000e0200000| PB 0x00000000e0200000| Complete 
|   3|0x00000000e0300000, 0x00000000e0400000, 0x00000000e0400000|100%|HC|  |TAMS 0x00000000e0300000| PB 0x00000000e0300000| Complete 
|   4|0x00000000e0400000, 0x00000000e0500000, 0x00000000e0500000|100%| O|  |TAMS 0x00000000e0400000| PB 0x00000000e0400000| Untracked 
|   5|0x00000000e0500000, 0x00000000e0600000, 0x00000000e0600000|100%| O|  |TAMS 0x00000000e0500000| PB 0x00000000e0500000| Untracked 
|   6|0x00000000e0600000, 0x00000000e0700000, 0x00000000e0700000|100%| O|  |TAMS 0x00000000e0600000| PB 0x00000000e0600000| Untracked 
|   7|0x00000000e0700000, 0x00000000e0800000, 0x00000000e0800000|100%| O|  |TAMS 0x00000000e0700000| PB 0x00000000e0700000| Untracked 
|   8|0x00000000e0800000, 0x00000000e0900000, 0x00000000e0900000|100%| O|  |TAMS 0x00000000e0800000| PB 0x00000000e0800000| Untracked 
|   9|0x00000000e0900000, 0x00000000e0a00000, 0x00000000e0a00000|100%| O|  |TAMS 0x00000000e0900000| PB 0x00000000e0900000| Untracked 
|  10|0x00000000e0a00000, 0x00000000e0b00000, 0x00000000e0b00000|100%| O|  |TAMS 0x00000000e0a00000| PB 0x00000000e0a00000| Untracked 
|  11|0x00000000e0b00000, 0x00000000e0c00000, 0x00000000e0c00000|100%| O|  |TAMS 0x00000000e0b00000| PB 0x00000000e0b00000| Untracked 
|  12|0x00000000e0c00000, 0x00000000e0d00000, 0x00000000e0d00000|100%| O|  |TAMS 0x00000000e0c00000| PB 0x00000000e0c00000| Untracked 
|  13|0x00000000e0d00000, 0x00000000e0e00000, 0x00000000e0e00000|100%| O|  |TAMS 0x00000000e0d00000| PB 0x00000000e0d00000| Untracked 
|  14|0x00000000e0e00000, 0x00000000e0f00000, 0x00000000e0f00000|100%| O|  |TAMS 0x00000000e0e00000| PB 0x00000000e0e00000| Untracked 
|  15|0x00000000e0f00000, 0x00000000e1000000, 0x00000000e1000000|100%| O|  |TAMS 0x00000000e0f00000| PB 0x00000000e0f00000| Untracked 
|  16|0x00000000e1000000, 0x00000000e1100000, 0x00000000e1100000|100%| O|  |TAMS 0x00000000e1000000| PB 0x00000000e1000000| Untracked 
|  17|0x00000000e1100000, 0x00000000e1200000, 0x00000000e1200000|100%| O|  |TAMS 0x00000000e1100000| PB 0x00000000e1100000| Untracked 
|  18|0x00000000e1200000, 0x00000000e1300000, 0x00000000e1300000|100%| O|  |TAMS 0x00000000e1200000| PB 0x00000000e1200000| Untracked 
|  19|0x00000000e1300000, 0x00000000e1400000, 0x00000000e1400000|100%| O|  |TAMS 0x00000000e1300000| PB 0x00000000e1300000| Untracked 
|  20|0x00000000e1400000, 0x00000000e1500000, 0x00000000e1500000|100%| O|  |TAMS 0x00000000e1400000| PB 0x00000000e1400000| Untracked 
|  21|0x00000000e1500000, 0x00000000e1600000, 0x00000000e1600000|100%| O|  |TAMS 0x00000000e1500000| PB 0x00000000e1500000| Complete 
|  22|0x00000000e1600000, 0x00000000e1700000, 0x00000000e1700000|100%| O|  |TAMS 0x00000000e1600000| PB 0x00000000e1600000| Untracked 
|  23|0x00000000e1700000, 0x00000000e1700000, 0x00000000e1800000|  0%| F|  |TAMS 0x00000000e1700000| PB 0x00000000e1700000| Untracked 
|  24|0x00000000e1800000, 0x00000000e1800000, 0x00000000e1900000|  0%| F|  |TAMS 0x00000000e1800000| PB 0x00000000e1800000| Untracked 
|  25|0x00000000e1900000, 0x00000000e1900000, 0x00000000e1a00000|  0%| F|  |TAMS 0x00000000e1900000| PB 0x00000000e1900000| Untracked 
|  26|0x00000000e1a00000, 0x00000000e1a00000, 0x00000000e1b00000|  0%| F|  |TAMS 0x00000000e1a00000| PB 0x00000000e1a00000| Untracked 
|  27|0x00000000e1b00000, 0x00000000e1b00000, 0x00000000e1c00000|  0%| F|  |TAMS 0x00000000e1b00000| PB 0x00000000e1b00000| Untracked 
|  28|0x00000000e1c00000, 0x00000000e1c00000, 0x00000000e1d00000|  0%| F|  |TAMS 0x00000000e1c00000| PB 0x00000000e1c00000| Untracked 
|  29|0x00000000e1d00000, 0x00000000e1d00000, 0x00000000e1e00000|  0%| F|  |TAMS 0x00000000e1d00000| PB 0x00000000e1d00000| Untracked 
|  30|0x00000000e1e00000, 0x00000000e1f00000, 0x00000000e1f00000|100%| O|  |TAMS 0x00000000e1e00000| PB 0x00000000e1e00000| Untracked 
|  31|0x00000000e1f00000, 0x00000000e2000000, 0x00000000e2000000|100%| O|  |TAMS 0x00000000e1f00000| PB 0x00000000e1f00000| Untracked 
|  32|0x00000000e2000000, 0x00000000e2100000, 0x00000000e2100000|100%| O|  |TAMS 0x00000000e2000000| PB 0x00000000e2000000| Untracked 
|  33|0x00000000e2100000, 0x00000000e2200000, 0x00000000e2200000|100%| O|  |TAMS 0x00000000e2100000| PB 0x00000000e2100000| Untracked 
|  34|0x00000000e2200000, 0x00000000e2300000, 0x00000000e2300000|100%| O|  |TAMS 0x00000000e2200000| PB 0x00000000e2200000| Untracked 
|  35|0x00000000e2300000, 0x00000000e2400000, 0x00000000e2400000|100%| O|  |TAMS 0x00000000e2300000| PB 0x00000000e2300000| Untracked 
|  36|0x00000000e2400000, 0x00000000e2500000, 0x00000000e2500000|100%| O|  |TAMS 0x00000000e2400000| PB 0x00000000e2400000| Untracked 
|  37|0x00000000e2500000, 0x00000000e2592c00, 0x00000000e2600000| 57%| O|  |TAMS 0x00000000e2500000| PB 0x00000000e2500000| Untracked 
|  38|0x00000000e2600000, 0x00000000e2600000, 0x00000000e2700000|  0%| F|  |TAMS 0x00000000e2600000| PB 0x00000000e2600000| Untracked 
|  39|0x00000000e2700000, 0x00000000e2700000, 0x00000000e2800000|  0%| F|  |TAMS 0x00000000e2700000| PB 0x00000000e2700000| Untracked 
|  40|0x00000000e2800000, 0x00000000e2800000, 0x00000000e2900000|  0%| F|  |TAMS 0x00000000e2800000| PB 0x00000000e2800000| Untracked 
|  41|0x00000000e2900000, 0x00000000e2900000, 0x00000000e2a00000|  0%| F|  |TAMS 0x00000000e2900000| PB 0x00000000e2900000| Untracked 
|  42|0x00000000e2a00000, 0x00000000e2a00000, 0x00000000e2b00000|  0%| F|  |TAMS 0x00000000e2a00000| PB 0x00000000e2a00000| Untracked 
|  43|0x00000000e2b00000, 0x00000000e2b00000, 0x00000000e2c00000|  0%| F|  |TAMS 0x00000000e2b00000| PB 0x00000000e2b00000| Untracked 
|  44|0x00000000e2c00000, 0x00000000e2c00000, 0x00000000e2d00000|  0%| F|  |TAMS 0x00000000e2c00000| PB 0x00000000e2c00000| Untracked 
|  45|0x00000000e2d00000, 0x00000000e2d00000, 0x00000000e2e00000|  0%| F|  |TAMS 0x00000000e2d00000| PB 0x00000000e2d00000| Untracked 
|  46|0x00000000e2e00000, 0x00000000e2e00000, 0x00000000e2f00000|  0%| F|  |TAMS 0x00000000e2e00000| PB 0x00000000e2e00000| Untracked 
|  47|0x00000000e2f00000, 0x00000000e2f00000, 0x00000000e3000000|  0%| F|  |TAMS 0x00000000e2f00000| PB 0x00000000e2f00000| Untracked 
|  48|0x00000000e3000000, 0x00000000e3000000, 0x00000000e3100000|  0%| F|  |TAMS 0x00000000e3000000| PB 0x00000000e3000000| Untracked 
|  49|0x00000000e3100000, 0x00000000e3100000, 0x00000000e3200000|  0%| F|  |TAMS 0x00000000e3100000| PB 0x00000000e3100000| Untracked 
|  50|0x00000000e3200000, 0x00000000e3200000, 0x00000000e3300000|  0%| F|  |TAMS 0x00000000e3200000| PB 0x00000000e3200000| Untracked 
|  51|0x00000000e3300000, 0x00000000e3300000, 0x00000000e3400000|  0%| F|  |TAMS 0x00000000e3300000| PB 0x00000000e3300000| Untracked 
|  52|0x00000000e3400000, 0x00000000e3400000, 0x00000000e3500000|  0%| F|  |TAMS 0x00000000e3400000| PB 0x00000000e3400000| Untracked 
|  53|0x00000000e3500000, 0x00000000e3500000, 0x00000000e3600000|  0%| F|  |TAMS 0x00000000e3500000| PB 0x00000000e3500000| Untracked 
|  54|0x00000000e3600000, 0x00000000e3600000, 0x00000000e3700000|  0%| F|  |TAMS 0x00000000e3600000| PB 0x00000000e3600000| Untracked 
|  55|0x00000000e3700000, 0x00000000e3700000, 0x00000000e3800000|  0%| F|  |TAMS 0x00000000e3700000| PB 0x00000000e3700000| Untracked 
|  56|0x00000000e3800000, 0x00000000e3800000, 0x00000000e3900000|  0%| F|  |TAMS 0x00000000e3800000| PB 0x00000000e3800000| Untracked 
|  57|0x00000000e3900000, 0x00000000e3900000, 0x00000000e3a00000|  0%| F|  |TAMS 0x00000000e3900000| PB 0x00000000e3900000| Untracked 
|  58|0x00000000e3a00000, 0x00000000e3a00000, 0x00000000e3b00000|  0%| F|  |TAMS 0x00000000e3a00000| PB 0x00000000e3a00000| Untracked 
|  59|0x00000000e3b00000, 0x00000000e3b00000, 0x00000000e3c00000|  0%| F|  |TAMS 0x00000000e3b00000| PB 0x00000000e3b00000| Untracked 
|  60|0x00000000e3c00000, 0x00000000e3c00000, 0x00000000e3d00000|  0%| F|  |TAMS 0x00000000e3c00000| PB 0x00000000e3c00000| Untracked 
|  61|0x00000000e3d00000, 0x00000000e3d00000, 0x00000000e3e00000|  0%| F|  |TAMS 0x00000000e3d00000| PB 0x00000000e3d00000| Untracked 
|  62|0x00000000e3e00000, 0x00000000e3e00000, 0x00000000e3f00000|  0%| F|  |TAMS 0x00000000e3e00000| PB 0x00000000e3e00000| Untracked 
|  63|0x00000000e3f00000, 0x00000000e3f00000, 0x00000000e4000000|  0%| F|  |TAMS 0x00000000e3f00000| PB 0x00000000e3f00000| Untracked 
|  64|0x00000000e4000000, 0x00000000e4000000, 0x00000000e4100000|  0%| F|  |TAMS 0x00000000e4000000| PB 0x00000000e4000000| Untracked 
|  65|0x00000000e4100000, 0x00000000e4100000, 0x00000000e4200000|  0%| F|  |TAMS 0x00000000e4100000| PB 0x00000000e4100000| Untracked 
|  66|0x00000000e4200000, 0x00000000e4200000, 0x00000000e4300000|  0%| F|  |TAMS 0x00000000e4200000| PB 0x00000000e4200000| Untracked 
|  67|0x00000000e4300000, 0x00000000e4300000, 0x00000000e4400000|  0%| F|  |TAMS 0x00000000e4300000| PB 0x00000000e4300000| Untracked 
|  68|0x00000000e4400000, 0x00000000e4400000, 0x00000000e4500000|  0%| F|  |TAMS 0x00000000e4400000| PB 0x00000000e4400000| Untracked 
|  69|0x00000000e4500000, 0x00000000e4500000, 0x00000000e4600000|  0%| F|  |TAMS 0x00000000e4500000| PB 0x00000000e4500000| Untracked 
|  70|0x00000000e4600000, 0x00000000e4600000, 0x00000000e4700000|  0%| F|  |TAMS 0x00000000e4600000| PB 0x00000000e4600000| Untracked 
|  71|0x00000000e4700000, 0x00000000e4700000, 0x00000000e4800000|  0%| F|  |TAMS 0x00000000e4700000| PB 0x00000000e4700000| Untracked 
|  72|0x00000000e4800000, 0x00000000e4800000, 0x00000000e4900000|  0%| F|  |TAMS 0x00000000e4800000| PB 0x00000000e4800000| Untracked 
|  73|0x00000000e4900000, 0x00000000e4900000, 0x00000000e4a00000|  0%| F|  |TAMS 0x00000000e4900000| PB 0x00000000e4900000| Untracked 
|  74|0x00000000e4a00000, 0x00000000e4a00000, 0x00000000e4b00000|  0%| F|  |TAMS 0x00000000e4a00000| PB 0x00000000e4a00000| Untracked 
|  75|0x00000000e4b00000, 0x00000000e4b00000, 0x00000000e4c00000|  0%| F|  |TAMS 0x00000000e4b00000| PB 0x00000000e4b00000| Untracked 
|  76|0x00000000e4c00000, 0x00000000e4c00000, 0x00000000e4d00000|  0%| F|  |TAMS 0x00000000e4c00000| PB 0x00000000e4c00000| Untracked 
|  77|0x00000000e4d00000, 0x00000000e4d00000, 0x00000000e4e00000|  0%| F|  |TAMS 0x00000000e4d00000| PB 0x00000000e4d00000| Untracked 
|  78|0x00000000e4e00000, 0x00000000e4e00000, 0x00000000e4f00000|  0%| F|  |TAMS 0x00000000e4e00000| PB 0x00000000e4e00000| Untracked 
|  79|0x00000000e4f00000, 0x00000000e4f00000, 0x00000000e5000000|  0%| F|  |TAMS 0x00000000e4f00000| PB 0x00000000e4f00000| Untracked 
|  80|0x00000000e5000000, 0x00000000e5000000, 0x00000000e5100000|  0%| F|  |TAMS 0x00000000e5000000| PB 0x00000000e5000000| Untracked 
|  81|0x00000000e5100000, 0x00000000e5100000, 0x00000000e5200000|  0%| F|  |TAMS 0x00000000e5100000| PB 0x00000000e5100000| Untracked 
|  82|0x00000000e5200000, 0x00000000e5200000, 0x00000000e5300000|  0%| F|  |TAMS 0x00000000e5200000| PB 0x00000000e5200000| Untracked 
|  83|0x00000000e5300000, 0x00000000e5300000, 0x00000000e5400000|  0%| F|  |TAMS 0x00000000e5300000| PB 0x00000000e5300000| Untracked 
|  84|0x00000000e5400000, 0x00000000e5400000, 0x00000000e5500000|  0%| F|  |TAMS 0x00000000e5400000| PB 0x00000000e5400000| Untracked 
|  85|0x00000000e5500000, 0x00000000e5500000, 0x00000000e5600000|  0%| F|  |TAMS 0x00000000e5500000| PB 0x00000000e5500000| Untracked 
|  86|0x00000000e5600000, 0x00000000e5600000, 0x00000000e5700000|  0%| F|  |TAMS 0x00000000e5600000| PB 0x00000000e5600000| Untracked 
|  87|0x00000000e5700000, 0x00000000e5700000, 0x00000000e5800000|  0%| F|  |TAMS 0x00000000e5700000| PB 0x00000000e5700000| Untracked 
|  88|0x00000000e5800000, 0x00000000e5800000, 0x00000000e5900000|  0%| F|  |TAMS 0x00000000e5800000| PB 0x00000000e5800000| Untracked 
|  89|0x00000000e5900000, 0x00000000e5900000, 0x00000000e5a00000|  0%| F|  |TAMS 0x00000000e5900000| PB 0x00000000e5900000| Untracked 
|  90|0x00000000e5a00000, 0x00000000e5a00000, 0x00000000e5b00000|  0%| F|  |TAMS 0x00000000e5a00000| PB 0x00000000e5a00000| Untracked 
|  91|0x00000000e5b00000, 0x00000000e5b00000, 0x00000000e5c00000|  0%| F|  |TAMS 0x00000000e5b00000| PB 0x00000000e5b00000| Untracked 
|  92|0x00000000e5c00000, 0x00000000e5c00000, 0x00000000e5d00000|  0%| F|  |TAMS 0x00000000e5c00000| PB 0x00000000e5c00000| Untracked 
|  93|0x00000000e5d00000, 0x00000000e5d00000, 0x00000000e5e00000|  0%| F|  |TAMS 0x00000000e5d00000| PB 0x00000000e5d00000| Untracked 
|  94|0x00000000e5e00000, 0x00000000e5e00000, 0x00000000e5f00000|  0%| F|  |TAMS 0x00000000e5e00000| PB 0x00000000e5e00000| Untracked 
|  95|0x00000000e5f00000, 0x00000000e5f00000, 0x00000000e6000000|  0%| F|  |TAMS 0x00000000e5f00000| PB 0x00000000e5f00000| Untracked 
|  96|0x00000000e6000000, 0x00000000e6000000, 0x00000000e6100000|  0%| F|  |TAMS 0x00000000e6000000| PB 0x00000000e6000000| Untracked 
|  97|0x00000000e6100000, 0x00000000e6100000, 0x00000000e6200000|  0%| F|  |TAMS 0x00000000e6100000| PB 0x00000000e6100000| Untracked 
|  98|0x00000000e6200000, 0x00000000e6200000, 0x00000000e6300000|  0%| F|  |TAMS 0x00000000e6200000| PB 0x00000000e6200000| Untracked 
|  99|0x00000000e6300000, 0x00000000e6300000, 0x00000000e6400000|  0%| F|  |TAMS 0x00000000e6300000| PB 0x00000000e6300000| Untracked 
| 100|0x00000000e6400000, 0x00000000e6400000, 0x00000000e6500000|  0%| F|  |TAMS 0x00000000e6400000| PB 0x00000000e6400000| Untracked 
| 101|0x00000000e6500000, 0x00000000e6500000, 0x00000000e6600000|  0%| F|  |TAMS 0x00000000e6500000| PB 0x00000000e6500000| Untracked 
| 102|0x00000000e6600000, 0x00000000e6600000, 0x00000000e6700000|  0%| F|  |TAMS 0x00000000e6600000| PB 0x00000000e6600000| Untracked 
| 103|0x00000000e6700000, 0x00000000e6700000, 0x00000000e6800000|  0%| F|  |TAMS 0x00000000e6700000| PB 0x00000000e6700000| Untracked 
| 104|0x00000000e6800000, 0x00000000e6800000, 0x00000000e6900000|  0%| F|  |TAMS 0x00000000e6800000| PB 0x00000000e6800000| Untracked 
| 105|0x00000000e6900000, 0x00000000e6900000, 0x00000000e6a00000|  0%| F|  |TAMS 0x00000000e6900000| PB 0x00000000e6900000| Untracked 
| 106|0x00000000e6a00000, 0x00000000e6a00000, 0x00000000e6b00000|  0%| F|  |TAMS 0x00000000e6a00000| PB 0x00000000e6a00000| Untracked 
| 107|0x00000000e6b00000, 0x00000000e6b00000, 0x00000000e6c00000|  0%| F|  |TAMS 0x00000000e6b00000| PB 0x00000000e6b00000| Untracked 
| 108|0x00000000e6c00000, 0x00000000e6c3da00, 0x00000000e6d00000| 24%| S|CS|TAMS 0x00000000e6c00000| PB 0x00000000e6c00000| Complete 
| 109|0x00000000e6d00000, 0x00000000e6e00000, 0x00000000e6e00000|100%| S|CS|TAMS 0x00000000e6d00000| PB 0x00000000e6d00000| Complete 
| 110|0x00000000e6e00000, 0x00000000e6f00000, 0x00000000e6f00000|100%| S|CS|TAMS 0x00000000e6e00000| PB 0x00000000e6e00000| Complete 
| 111|0x00000000e6f00000, 0x00000000e7000000, 0x00000000e7000000|100%| S|CS|TAMS 0x00000000e6f00000| PB 0x00000000e6f00000| Complete 
| 112|0x00000000e7000000, 0x00000000e7100000, 0x00000000e7100000|100%| S|CS|TAMS 0x00000000e7000000| PB 0x00000000e7000000| Complete 
| 113|0x00000000e7100000, 0x00000000e7200000, 0x00000000e7200000|100%| S|CS|TAMS 0x00000000e7100000| PB 0x00000000e7100000| Complete 
| 114|0x00000000e7200000, 0x00000000e7300000, 0x00000000e7300000|100%| S|CS|TAMS 0x00000000e7200000| PB 0x00000000e7200000| Complete 
| 115|0x00000000e7300000, 0x00000000e7400000, 0x00000000e7400000|100%| S|CS|TAMS 0x00000000e7300000| PB 0x00000000e7300000| Complete 
| 116|0x00000000e7400000, 0x00000000e7500000, 0x00000000e7500000|100%| S|CS|TAMS 0x00000000e7400000| PB 0x00000000e7400000| Complete 
| 117|0x00000000e7500000, 0x00000000e7600000, 0x00000000e7600000|100%| S|CS|TAMS 0x00000000e7500000| PB 0x00000000e7500000| Complete 
| 118|0x00000000e7600000, 0x00000000e7700000, 0x00000000e7700000|100%| S|CS|TAMS 0x00000000e7600000| PB 0x00000000e7600000| Complete 
| 119|0x00000000e7700000, 0x00000000e7800000, 0x00000000e7800000|100%| S|CS|TAMS 0x00000000e7700000| PB 0x00000000e7700000| Complete 
| 120|0x00000000e7800000, 0x00000000e7900000, 0x00000000e7900000|100%| S|CS|TAMS 0x00000000e7800000| PB 0x00000000e7800000| Complete 
| 121|0x00000000e7900000, 0x00000000e7a00000, 0x00000000e7a00000|100%| S|CS|TAMS 0x00000000e7900000| PB 0x00000000e7900000| Complete 
| 122|0x00000000e7a00000, 0x00000000e7a00000, 0x00000000e7b00000|  0%| F|  |TAMS 0x00000000e7a00000| PB 0x00000000e7a00000| Untracked 
| 123|0x00000000e7b00000, 0x00000000e7b00000, 0x00000000e7c00000|  0%| F|  |TAMS 0x00000000e7b00000| PB 0x00000000e7b00000| Untracked 
| 124|0x00000000e7c00000, 0x00000000e7c00000, 0x00000000e7d00000|  0%| F|  |TAMS 0x00000000e7c00000| PB 0x00000000e7c00000| Untracked 
| 125|0x00000000e7d00000, 0x00000000e7d00000, 0x00000000e7e00000|  0%| F|  |TAMS 0x00000000e7d00000| PB 0x00000000e7d00000| Untracked 
| 126|0x00000000e7e00000, 0x00000000e7e00000, 0x00000000e7f00000|  0%| F|  |TAMS 0x00000000e7e00000| PB 0x00000000e7e00000| Untracked 
| 127|0x00000000e7f00000, 0x00000000e7f00000, 0x00000000e8000000|  0%| F|  |TAMS 0x00000000e7f00000| PB 0x00000000e7f00000| Untracked 
| 128|0x00000000e8000000, 0x00000000e8000000, 0x00000000e8100000|  0%| F|  |TAMS 0x00000000e8000000| PB 0x00000000e8000000| Untracked 
| 129|0x00000000e8100000, 0x00000000e8100000, 0x00000000e8200000|  0%| F|  |TAMS 0x00000000e8100000| PB 0x00000000e8100000| Untracked 
| 130|0x00000000e8200000, 0x00000000e8200000, 0x00000000e8300000|  0%| F|  |TAMS 0x00000000e8200000| PB 0x00000000e8200000| Untracked 
| 131|0x00000000e8300000, 0x00000000e8300000, 0x00000000e8400000|  0%| F|  |TAMS 0x00000000e8300000| PB 0x00000000e8300000| Untracked 
| 132|0x00000000e8400000, 0x00000000e8400000, 0x00000000e8500000|  0%| F|  |TAMS 0x00000000e8400000| PB 0x00000000e8400000| Untracked 
| 133|0x00000000e8500000, 0x00000000e8500000, 0x00000000e8600000|  0%| F|  |TAMS 0x00000000e8500000| PB 0x00000000e8500000| Untracked 
| 134|0x00000000e8600000, 0x00000000e8600000, 0x00000000e8700000|  0%| F|  |TAMS 0x00000000e8600000| PB 0x00000000e8600000| Untracked 
| 135|0x00000000e8700000, 0x00000000e8700000, 0x00000000e8800000|  0%| F|  |TAMS 0x00000000e8700000| PB 0x00000000e8700000| Untracked 
| 136|0x00000000e8800000, 0x00000000e8800000, 0x00000000e8900000|  0%| F|  |TAMS 0x00000000e8800000| PB 0x00000000e8800000| Untracked 
| 137|0x00000000e8900000, 0x00000000e8900000, 0x00000000e8a00000|  0%| F|  |TAMS 0x00000000e8900000| PB 0x00000000e8900000| Untracked 
| 138|0x00000000e8a00000, 0x00000000e8a00000, 0x00000000e8b00000|  0%| F|  |TAMS 0x00000000e8a00000| PB 0x00000000e8a00000| Untracked 
| 139|0x00000000e8b00000, 0x00000000e8b00000, 0x00000000e8c00000|  0%| F|  |TAMS 0x00000000e8b00000| PB 0x00000000e8b00000| Untracked 
| 140|0x00000000e8c00000, 0x00000000e8c00000, 0x00000000e8d00000|  0%| F|  |TAMS 0x00000000e8c00000| PB 0x00000000e8c00000| Untracked 
| 141|0x00000000e8d00000, 0x00000000e8d00000, 0x00000000e8e00000|  0%| F|  |TAMS 0x00000000e8d00000| PB 0x00000000e8d00000| Untracked 
| 142|0x00000000e8e00000, 0x00000000e8e00000, 0x00000000e8f00000|  0%| F|  |TAMS 0x00000000e8e00000| PB 0x00000000e8e00000| Untracked 
| 143|0x00000000e8f00000, 0x00000000e8f00000, 0x00000000e9000000|  0%| F|  |TAMS 0x00000000e8f00000| PB 0x00000000e8f00000| Untracked 
| 144|0x00000000e9000000, 0x00000000e9000000, 0x00000000e9100000|  0%| F|  |TAMS 0x00000000e9000000| PB 0x00000000e9000000| Untracked 
| 145|0x00000000e9100000, 0x00000000e9100000, 0x00000000e9200000|  0%| F|  |TAMS 0x00000000e9100000| PB 0x00000000e9100000| Untracked 
| 146|0x00000000e9200000, 0x00000000e9200000, 0x00000000e9300000|  0%| F|  |TAMS 0x00000000e9200000| PB 0x00000000e9200000| Untracked 
| 147|0x00000000e9300000, 0x00000000e9300000, 0x00000000e9400000|  0%| F|  |TAMS 0x00000000e9300000| PB 0x00000000e9300000| Untracked 
| 148|0x00000000e9400000, 0x00000000e9400000, 0x00000000e9500000|  0%| F|  |TAMS 0x00000000e9400000| PB 0x00000000e9400000| Untracked 
| 149|0x00000000e9500000, 0x00000000e9500000, 0x00000000e9600000|  0%| F|  |TAMS 0x00000000e9500000| PB 0x00000000e9500000| Untracked 
| 150|0x00000000e9600000, 0x00000000e9600000, 0x00000000e9700000|  0%| F|  |TAMS 0x00000000e9600000| PB 0x00000000e9600000| Untracked 
| 151|0x00000000e9700000, 0x00000000e9700000, 0x00000000e9800000|  0%| F|  |TAMS 0x00000000e9700000| PB 0x00000000e9700000| Untracked 
| 152|0x00000000e9800000, 0x00000000e9800000, 0x00000000e9900000|  0%| F|  |TAMS 0x00000000e9800000| PB 0x00000000e9800000| Untracked 
| 153|0x00000000e9900000, 0x00000000e9900000, 0x00000000e9a00000|  0%| F|  |TAMS 0x00000000e9900000| PB 0x00000000e9900000| Untracked 
| 154|0x00000000e9a00000, 0x00000000e9a00000, 0x00000000e9b00000|  0%| F|  |TAMS 0x00000000e9a00000| PB 0x00000000e9a00000| Untracked 
| 155|0x00000000e9b00000, 0x00000000e9b00000, 0x00000000e9c00000|  0%| F|  |TAMS 0x00000000e9b00000| PB 0x00000000e9b00000| Untracked 
| 156|0x00000000e9c00000, 0x00000000e9c00000, 0x00000000e9d00000|  0%| F|  |TAMS 0x00000000e9c00000| PB 0x00000000e9c00000| Untracked 
| 157|0x00000000e9d00000, 0x00000000e9d00000, 0x00000000e9e00000|  0%| F|  |TAMS 0x00000000e9d00000| PB 0x00000000e9d00000| Untracked 
| 158|0x00000000e9e00000, 0x00000000e9e00000, 0x00000000e9f00000|  0%| F|  |TAMS 0x00000000e9e00000| PB 0x00000000e9e00000| Untracked 
| 159|0x00000000e9f00000, 0x00000000e9f00000, 0x00000000ea000000|  0%| F|  |TAMS 0x00000000e9f00000| PB 0x00000000e9f00000| Untracked 
| 160|0x00000000ea000000, 0x00000000ea000000, 0x00000000ea100000|  0%| F|  |TAMS 0x00000000ea000000| PB 0x00000000ea000000| Untracked 
| 161|0x00000000ea100000, 0x00000000ea100000, 0x00000000ea200000|  0%| F|  |TAMS 0x00000000ea100000| PB 0x00000000ea100000| Untracked 
| 162|0x00000000ea200000, 0x00000000ea200000, 0x00000000ea300000|  0%| F|  |TAMS 0x00000000ea200000| PB 0x00000000ea200000| Untracked 
| 163|0x00000000ea300000, 0x00000000ea300000, 0x00000000ea400000|  0%| F|  |TAMS 0x00000000ea300000| PB 0x00000000ea300000| Untracked 
| 164|0x00000000ea400000, 0x00000000ea400000, 0x00000000ea500000|  0%| F|  |TAMS 0x00000000ea400000| PB 0x00000000ea400000| Untracked 
| 165|0x00000000ea500000, 0x00000000ea500000, 0x00000000ea600000|  0%| F|  |TAMS 0x00000000ea500000| PB 0x00000000ea500000| Untracked 
| 166|0x00000000ea600000, 0x00000000ea600000, 0x00000000ea700000|  0%| F|  |TAMS 0x00000000ea600000| PB 0x00000000ea600000| Untracked 
| 167|0x00000000ea700000, 0x00000000ea700000, 0x00000000ea800000|  0%| F|  |TAMS 0x00000000ea700000| PB 0x00000000ea700000| Untracked 
| 168|0x00000000ea800000, 0x00000000ea800000, 0x00000000ea900000|  0%| F|  |TAMS 0x00000000ea800000| PB 0x00000000ea800000| Untracked 
| 169|0x00000000ea900000, 0x00000000ea900000, 0x00000000eaa00000|  0%| F|  |TAMS 0x00000000ea900000| PB 0x00000000ea900000| Untracked 
| 170|0x00000000eaa00000, 0x00000000eaa00000, 0x00000000eab00000|  0%| F|  |TAMS 0x00000000eaa00000| PB 0x00000000eaa00000| Untracked 
| 171|0x00000000eab00000, 0x00000000eab00000, 0x00000000eac00000|  0%| F|  |TAMS 0x00000000eab00000| PB 0x00000000eab00000| Untracked 
| 172|0x00000000eac00000, 0x00000000eac00000, 0x00000000ead00000|  0%| F|  |TAMS 0x00000000eac00000| PB 0x00000000eac00000| Untracked 
| 173|0x00000000ead00000, 0x00000000ead00000, 0x00000000eae00000|  0%| F|  |TAMS 0x00000000ead00000| PB 0x00000000ead00000| Untracked 
| 174|0x00000000eae00000, 0x00000000eae00000, 0x00000000eaf00000|  0%| F|  |TAMS 0x00000000eae00000| PB 0x00000000eae00000| Untracked 
| 175|0x00000000eaf00000, 0x00000000eaf00000, 0x00000000eb000000|  0%| F|  |TAMS 0x00000000eaf00000| PB 0x00000000eaf00000| Untracked 
| 176|0x00000000eb000000, 0x00000000eb000000, 0x00000000eb100000|  0%| F|  |TAMS 0x00000000eb000000| PB 0x00000000eb000000| Untracked 
| 177|0x00000000eb100000, 0x00000000eb100000, 0x00000000eb200000|  0%| F|  |TAMS 0x00000000eb100000| PB 0x00000000eb100000| Untracked 
| 178|0x00000000eb200000, 0x00000000eb200000, 0x00000000eb300000|  0%| F|  |TAMS 0x00000000eb200000| PB 0x00000000eb200000| Untracked 
| 179|0x00000000eb300000, 0x00000000eb300000, 0x00000000eb400000|  0%| F|  |TAMS 0x00000000eb300000| PB 0x00000000eb300000| Untracked 
| 180|0x00000000eb400000, 0x00000000eb400000, 0x00000000eb500000|  0%| F|  |TAMS 0x00000000eb400000| PB 0x00000000eb400000| Untracked 
| 181|0x00000000eb500000, 0x00000000eb500000, 0x00000000eb600000|  0%| F|  |TAMS 0x00000000eb500000| PB 0x00000000eb500000| Untracked 
| 182|0x00000000eb600000, 0x00000000eb600000, 0x00000000eb700000|  0%| F|  |TAMS 0x00000000eb600000| PB 0x00000000eb600000| Untracked 
| 183|0x00000000eb700000, 0x00000000eb700000, 0x00000000eb800000|  0%| F|  |TAMS 0x00000000eb700000| PB 0x00000000eb700000| Untracked 
| 184|0x00000000eb800000, 0x00000000eb800000, 0x00000000eb900000|  0%| F|  |TAMS 0x00000000eb800000| PB 0x00000000eb800000| Untracked 
| 185|0x00000000eb900000, 0x00000000eb900000, 0x00000000eba00000|  0%| F|  |TAMS 0x00000000eb900000| PB 0x00000000eb900000| Untracked 
| 186|0x00000000eba00000, 0x00000000eba00000, 0x00000000ebb00000|  0%| F|  |TAMS 0x00000000eba00000| PB 0x00000000eba00000| Untracked 
| 187|0x00000000ebb00000, 0x00000000ebb00000, 0x00000000ebc00000|  0%| F|  |TAMS 0x00000000ebb00000| PB 0x00000000ebb00000| Untracked 
| 188|0x00000000ebc00000, 0x00000000ebc00000, 0x00000000ebd00000|  0%| F|  |TAMS 0x00000000ebc00000| PB 0x00000000ebc00000| Untracked 
| 189|0x00000000ebd00000, 0x00000000ebd00000, 0x00000000ebe00000|  0%| F|  |TAMS 0x00000000ebd00000| PB 0x00000000ebd00000| Untracked 
| 190|0x00000000ebe00000, 0x00000000ebe00000, 0x00000000ebf00000|  0%| F|  |TAMS 0x00000000ebe00000| PB 0x00000000ebe00000| Untracked 
| 191|0x00000000ebf00000, 0x00000000ebf00000, 0x00000000ec000000|  0%| F|  |TAMS 0x00000000ebf00000| PB 0x00000000ebf00000| Untracked 
| 192|0x00000000ec000000, 0x00000000ec000000, 0x00000000ec100000|  0%| F|  |TAMS 0x00000000ec000000| PB 0x00000000ec000000| Untracked 
| 193|0x00000000ec100000, 0x00000000ec100000, 0x00000000ec200000|  0%| F|  |TAMS 0x00000000ec100000| PB 0x00000000ec100000| Untracked 
| 194|0x00000000ec200000, 0x00000000ec200000, 0x00000000ec300000|  0%| F|  |TAMS 0x00000000ec200000| PB 0x00000000ec200000| Untracked 
| 195|0x00000000ec300000, 0x00000000ec300000, 0x00000000ec400000|  0%| F|  |TAMS 0x00000000ec300000| PB 0x00000000ec300000| Untracked 
| 196|0x00000000ec400000, 0x00000000ec400000, 0x00000000ec500000|  0%| F|  |TAMS 0x00000000ec400000| PB 0x00000000ec400000| Untracked 
| 197|0x00000000ec500000, 0x00000000ec500000, 0x00000000ec600000|  0%| F|  |TAMS 0x00000000ec500000| PB 0x00000000ec500000| Untracked 
| 198|0x00000000ec600000, 0x00000000ec600000, 0x00000000ec700000|  0%| F|  |TAMS 0x00000000ec600000| PB 0x00000000ec600000| Untracked 
| 199|0x00000000ec700000, 0x00000000ec700000, 0x00000000ec800000|  0%| F|  |TAMS 0x00000000ec700000| PB 0x00000000ec700000| Untracked 
| 200|0x00000000ec800000, 0x00000000ec800000, 0x00000000ec900000|  0%| F|  |TAMS 0x00000000ec800000| PB 0x00000000ec800000| Untracked 
| 201|0x00000000ec900000, 0x00000000ec900000, 0x00000000eca00000|  0%| F|  |TAMS 0x00000000ec900000| PB 0x00000000ec900000| Untracked 
| 202|0x00000000eca00000, 0x00000000eca00000, 0x00000000ecb00000|  0%| F|  |TAMS 0x00000000eca00000| PB 0x00000000eca00000| Untracked 
| 203|0x00000000ecb00000, 0x00000000ecb00000, 0x00000000ecc00000|  0%| F|  |TAMS 0x00000000ecb00000| PB 0x00000000ecb00000| Untracked 
| 204|0x00000000ecc00000, 0x00000000ecc00000, 0x00000000ecd00000|  0%| F|  |TAMS 0x00000000ecc00000| PB 0x00000000ecc00000| Untracked 
| 205|0x00000000ecd00000, 0x00000000ecd00000, 0x00000000ece00000|  0%| F|  |TAMS 0x00000000ecd00000| PB 0x00000000ecd00000| Untracked 
| 206|0x00000000ece00000, 0x00000000ece00000, 0x00000000ecf00000|  0%| F|  |TAMS 0x00000000ece00000| PB 0x00000000ece00000| Untracked 
| 207|0x00000000ecf00000, 0x00000000ecf00000, 0x00000000ed000000|  0%| F|  |TAMS 0x00000000ecf00000| PB 0x00000000ecf00000| Untracked 
| 208|0x00000000ed000000, 0x00000000ed000000, 0x00000000ed100000|  0%| F|  |TAMS 0x00000000ed000000| PB 0x00000000ed000000| Untracked 
| 209|0x00000000ed100000, 0x00000000ed100000, 0x00000000ed200000|  0%| F|  |TAMS 0x00000000ed100000| PB 0x00000000ed100000| Untracked 
| 210|0x00000000ed200000, 0x00000000ed200000, 0x00000000ed300000|  0%| F|  |TAMS 0x00000000ed200000| PB 0x00000000ed200000| Untracked 
| 211|0x00000000ed300000, 0x00000000ed300000, 0x00000000ed400000|  0%| F|  |TAMS 0x00000000ed300000| PB 0x00000000ed300000| Untracked 
| 212|0x00000000ed400000, 0x00000000ed400000, 0x00000000ed500000|  0%| F|  |TAMS 0x00000000ed400000| PB 0x00000000ed400000| Untracked 
| 213|0x00000000ed500000, 0x00000000ed500000, 0x00000000ed600000|  0%| F|  |TAMS 0x00000000ed500000| PB 0x00000000ed500000| Untracked 
| 214|0x00000000ed600000, 0x00000000ed6a6a28, 0x00000000ed700000| 65%| E|  |TAMS 0x00000000ed600000| PB 0x00000000ed600000| Complete 
| 215|0x00000000ed700000, 0x00000000ed800000, 0x00000000ed800000|100%| E|CS|TAMS 0x00000000ed700000| PB 0x00000000ed700000| Complete 
| 216|0x00000000ed800000, 0x00000000ed900000, 0x00000000ed900000|100%| E|CS|TAMS 0x00000000ed800000| PB 0x00000000ed800000| Complete 
| 217|0x00000000ed900000, 0x00000000eda00000, 0x00000000eda00000|100%| E|CS|TAMS 0x00000000ed900000| PB 0x00000000ed900000| Complete 
| 218|0x00000000eda00000, 0x00000000edb00000, 0x00000000edb00000|100%| E|CS|TAMS 0x00000000eda00000| PB 0x00000000eda00000| Complete 
| 219|0x00000000edb00000, 0x00000000edc00000, 0x00000000edc00000|100%| E|CS|TAMS 0x00000000edb00000| PB 0x00000000edb00000| Complete 
| 220|0x00000000edc00000, 0x00000000edd00000, 0x00000000edd00000|100%| E|CS|TAMS 0x00000000edc00000| PB 0x00000000edc00000| Complete 
| 221|0x00000000edd00000, 0x00000000ede00000, 0x00000000ede00000|100%| E|CS|TAMS 0x00000000edd00000| PB 0x00000000edd00000| Complete 
| 222|0x00000000ede00000, 0x00000000edf00000, 0x00000000edf00000|100%| E|CS|TAMS 0x00000000ede00000| PB 0x00000000ede00000| Complete 
| 223|0x00000000edf00000, 0x00000000ee000000, 0x00000000ee000000|100%| E|CS|TAMS 0x00000000edf00000| PB 0x00000000edf00000| Complete 
| 224|0x00000000ee000000, 0x00000000ee100000, 0x00000000ee100000|100%| E|CS|TAMS 0x00000000ee000000| PB 0x00000000ee000000| Complete 
| 225|0x00000000ee100000, 0x00000000ee200000, 0x00000000ee200000|100%| E|CS|TAMS 0x00000000ee100000| PB 0x00000000ee100000| Complete 
| 226|0x00000000ee200000, 0x00000000ee300000, 0x00000000ee300000|100%| E|CS|TAMS 0x00000000ee200000| PB 0x00000000ee200000| Complete 
| 227|0x00000000ee300000, 0x00000000ee400000, 0x00000000ee400000|100%| E|CS|TAMS 0x00000000ee300000| PB 0x00000000ee300000| Complete 
| 228|0x00000000ee400000, 0x00000000ee500000, 0x00000000ee500000|100%| E|CS|TAMS 0x00000000ee400000| PB 0x00000000ee400000| Complete 
| 229|0x00000000ee500000, 0x00000000ee600000, 0x00000000ee600000|100%| E|CS|TAMS 0x00000000ee500000| PB 0x00000000ee500000| Complete 
| 230|0x00000000ee600000, 0x00000000ee700000, 0x00000000ee700000|100%| E|CS|TAMS 0x00000000ee600000| PB 0x00000000ee600000| Complete 
| 231|0x00000000ee700000, 0x00000000ee800000, 0x00000000ee800000|100%| E|CS|TAMS 0x00000000ee700000| PB 0x00000000ee700000| Complete 
| 232|0x00000000ee800000, 0x00000000ee900000, 0x00000000ee900000|100%| E|  |TAMS 0x00000000ee800000| PB 0x00000000ee800000| Complete 
| 233|0x00000000ee900000, 0x00000000eea00000, 0x00000000eea00000|100%| E|CS|TAMS 0x00000000ee900000| PB 0x00000000ee900000| Complete 
| 234|0x00000000eea00000, 0x00000000eeb00000, 0x00000000eeb00000|100%| E|CS|TAMS 0x00000000eea00000| PB 0x00000000eea00000| Complete 
| 235|0x00000000eeb00000, 0x00000000eec00000, 0x00000000eec00000|100%| E|CS|TAMS 0x00000000eeb00000| PB 0x00000000eeb00000| Complete 
| 236|0x00000000eec00000, 0x00000000eed00000, 0x00000000eed00000|100%| E|CS|TAMS 0x00000000eec00000| PB 0x00000000eec00000| Complete 
| 237|0x00000000eed00000, 0x00000000eee00000, 0x00000000eee00000|100%| E|CS|TAMS 0x00000000eed00000| PB 0x00000000eed00000| Complete 
| 238|0x00000000eee00000, 0x00000000eef00000, 0x00000000eef00000|100%| E|CS|TAMS 0x00000000eee00000| PB 0x00000000eee00000| Complete 
| 239|0x00000000eef00000, 0x00000000ef000000, 0x00000000ef000000|100%| E|CS|TAMS 0x00000000eef00000| PB 0x00000000eef00000| Complete 
| 240|0x00000000ef000000, 0x00000000ef100000, 0x00000000ef100000|100%| E|CS|TAMS 0x00000000ef000000| PB 0x00000000ef000000| Complete 
| 241|0x00000000ef100000, 0x00000000ef200000, 0x00000000ef200000|100%| E|CS|TAMS 0x00000000ef100000| PB 0x00000000ef100000| Complete 
| 242|0x00000000ef200000, 0x00000000ef300000, 0x00000000ef300000|100%| E|CS|TAMS 0x00000000ef200000| PB 0x00000000ef200000| Complete 
| 243|0x00000000ef300000, 0x00000000ef400000, 0x00000000ef400000|100%| E|CS|TAMS 0x00000000ef300000| PB 0x00000000ef300000| Complete 
| 244|0x00000000ef400000, 0x00000000ef500000, 0x00000000ef500000|100%| E|CS|TAMS 0x00000000ef400000| PB 0x00000000ef400000| Complete 
| 245|0x00000000ef500000, 0x00000000ef600000, 0x00000000ef600000|100%| E|CS|TAMS 0x00000000ef500000| PB 0x00000000ef500000| Complete 
| 246|0x00000000ef600000, 0x00000000ef700000, 0x00000000ef700000|100%| E|CS|TAMS 0x00000000ef600000| PB 0x00000000ef600000| Complete 
| 247|0x00000000ef700000, 0x00000000ef800000, 0x00000000ef800000|100%| E|CS|TAMS 0x00000000ef700000| PB 0x00000000ef700000| Complete 
| 248|0x00000000ef800000, 0x00000000ef900000, 0x00000000ef900000|100%| E|CS|TAMS 0x00000000ef800000| PB 0x00000000ef800000| Complete 
| 249|0x00000000ef900000, 0x00000000efa00000, 0x00000000efa00000|100%| E|CS|TAMS 0x00000000ef900000| PB 0x00000000ef900000| Complete 
| 250|0x00000000efa00000, 0x00000000efb00000, 0x00000000efb00000|100%| E|CS|TAMS 0x00000000efa00000| PB 0x00000000efa00000| Complete 
| 251|0x00000000efb00000, 0x00000000efc00000, 0x00000000efc00000|100%| E|CS|TAMS 0x00000000efb00000| PB 0x00000000efb00000| Complete 
| 252|0x00000000efc00000, 0x00000000efd00000, 0x00000000efd00000|100%| E|CS|TAMS 0x00000000efc00000| PB 0x00000000efc00000| Complete 
| 253|0x00000000efd00000, 0x00000000efe00000, 0x00000000efe00000|100%| E|CS|TAMS 0x00000000efd00000| PB 0x00000000efd00000| Complete 
| 254|0x00000000efe00000, 0x00000000eff00000, 0x00000000eff00000|100%| E|CS|TAMS 0x00000000efe00000| PB 0x00000000efe00000| Complete 
| 255|0x00000000eff00000, 0x00000000f0000000, 0x00000000f0000000|100%| E|CS|TAMS 0x00000000eff00000| PB 0x00000000eff00000| Complete 

Card table byte_map: [0x0000022056b40000,0x0000022056c40000] _byte_map_base: 0x0000022056440000

Marking Bits: (CMBitMap*) 0x000002203f411f20
 Bits: [0x0000022056d40000, 0x0000022057540000)

Polling page: 0x000002203eba0000

Metaspace:

Usage:
  Non-class:     51.19 MB used.
      Class:      8.47 MB used.
       Both:     59.66 MB used.

Virtual space:
  Non-class space:       64.00 MB reserved,      52.12 MB ( 81%) committed,  1 nodes.
      Class space:      308.00 MB reserved,       9.38 MB (  3%) committed,  1 nodes.
             Both:      372.00 MB reserved,      61.50 MB ( 17%) committed. 

Chunk freelists:
   Non-Class:  3.36 MB
       Class:  2.64 MB
        Both:  6.00 MB

MaxMetaspaceSize: 384.00 MB
CompressedClassSpaceSize: 308.00 MB
Initial GC threshold: 21.00 MB
Current GC threshold: 98.25 MB
CDS: on
MetaspaceReclaimPolicy: balanced
 - commit_granule_bytes: 65536.
 - commit_granule_words: 8192.
 - virtual_space_node_default_size: 8388608.
 - enlarge_chunks_in_place: 1.
 - new_chunks_are_fully_committed: 0.
 - uncommit_free_chunks: 1.
 - use_allocation_guard: 0.


Internal statistics:

num_allocs_failed_limit: 9.
num_arena_births: 3452.
num_arena_deaths: 0.
num_vsnodes_births: 2.
num_vsnodes_deaths: 0.
num_space_committed: 984.
num_space_uncommitted: 0.
num_chunks_returned_to_freelist: 9.
num_chunks_taken_from_freelist: 6277.
num_chunk_merges: 3.
num_chunk_splits: 4110.
num_chunks_enlarged: 2597.
num_inconsistent_stats: 0.

CodeHeap 'non-profiled nmethods': size=120000Kb used=3769Kb max_used=3769Kb free=116230Kb
 bounds [0x000002204f1e0000, 0x000002204f590000, 0x0000022056710000]
CodeHeap 'profiled nmethods': size=120000Kb used=13730Kb max_used=13730Kb free=106269Kb
 bounds [0x0000022047710000, 0x0000022048480000, 0x000002204ec40000]
CodeHeap 'non-nmethods': size=5760Kb used=3023Kb max_used=3069Kb free=2736Kb
 bounds [0x000002204ec40000, 0x000002204ef50000, 0x000002204f1e0000]
 total_blobs=7844 nmethods=6963 adapters=790
 compilation: enabled
              stopped_count=0, restarted_count=0
 full_count=0

Compilation events (20 events):
Event: 162.150 Thread 0x0000022059fbaf00 7663       3       io.spring.gradle.dependencymanagement.org.codehaus.plexus.util.xml.pull.MXParser::nextImpl (1207 bytes)
Event: 162.150 Thread 0x0000022059fb8d90 7664       4       java.lang.StringLatin1::trim (76 bytes)
Event: 162.156 Thread 0x0000022059fbaf00 nmethod 7663 0x0000022048466b10 code [0x0000022048467160, 0x000002204846a270]
Event: 162.157 Thread 0x0000022059fbaf00 7665       3       org.gradle.internal.service.DefaultServiceRegistry::get (10 bytes)
Event: 162.162 Thread 0x0000022059fbaf00 nmethod 7665 0x000002204846b110 code [0x000002204846b2e0, 0x000002204846b6a8]
Event: 162.164 Thread 0x0000022059fb8d90 nmethod 7664 0x000002204f58cd10 code [0x000002204f58cea0, 0x000002204f58d458]
Event: 162.164 Thread 0x0000022059fbaf00 7666       3       io.spring.gradle.dependencymanagement.org.codehaus.plexus.util.xml.Xpp3Dom::<init> (21 bytes)
Event: 162.165 Thread 0x0000022059fbaf00 nmethod 7666 0x000002204846b810 code [0x000002204846b9c0, 0x000002204846be28]
Event: 162.165 Thread 0x0000022059fbaf00 7667       3       io.spring.gradle.dependencymanagement.org.codehaus.plexus.util.xml.pull.MXParser::isEmptyElementTag (26 bytes)
Event: 162.165 Thread 0x0000022059fbaf00 nmethod 7667 0x000002204846bf90 code [0x000002204846c140, 0x000002204846c380]
Event: 162.165 Thread 0x0000022059fb8d90 7668       4       io.spring.gradle.dependencymanagement.org.codehaus.plexus.util.xml.pull.MXParser::parseStartTag (1210 bytes)
Event: 162.175 Thread 0x0000022059fbaf00 7670       3       java.lang.StringLatin1::trim (76 bytes)
Event: 162.175 Thread 0x0000022059fbaf00 nmethod 7670 0x000002204846c490 code [0x000002204846c640, 0x000002204846ca30]
Event: 162.178 Thread 0x0000022059fbaf00 7671       3       io.spring.gradle.dependencymanagement.org.apache.maven.model.ConfigurationContainer::<init> (10 bytes)
Event: 162.178 Thread 0x0000022059fbaf00 nmethod 7671 0x000002204846cb90 code [0x000002204846cd20, 0x000002204846ce88]
Event: 162.179 Thread 0x0000022059fbaf00 7672   !   3       io.spring.gradle.dependencymanagement.org.codehaus.plexus.util.xml.pull.MXParser::parseComment (486 bytes)
Event: 162.183 Thread 0x0000022059fbaf00 nmethod 7672 0x000002204846cf90 code [0x000002204846d360, 0x000002204846ed58]
Event: 162.218 Thread 0x0000022059fbaf00 7673   !   3       io.spring.gradle.dependencymanagement.org.apache.maven.model.Plugin::clone (204 bytes)
Event: 162.251 Thread 0x0000022059fbaf00 nmethod 7673 0x000002204846fa10 code [0x000002204846fde0, 0x0000022048471ac8]
Event: 162.251 Thread 0x0000022059fbaf00 7674   !   3       io.spring.gradle.dependencymanagement.org.apache.maven.model.ConfigurationContainer::clone (98 bytes)

GC Heap History (12 events):
Event: 10.222 GC heap before
{Heap before GC invocations=0 (full 0):
 garbage-first heap   total 262144K, used 26624K [0x00000000e0000000, 0x0000000100000000)
  region size 1024K, 23 young (23552K), 0 survivors (0K)
 Metaspace       used 3133K, committed 3264K, reserved 380928K
  class space    used 397K, committed 448K, reserved 315392K
}
Event: 10.290 GC heap after
{Heap after GC invocations=1 (full 0):
 garbage-first heap   total 262144K, used 10592K [0x00000000e0000000, 0x0000000100000000)
  region size 1024K, 3 young (3072K), 3 survivors (3072K)
 Metaspace       used 3133K, committed 3264K, reserved 380928K
  class space    used 397K, committed 448K, reserved 315392K
}
Event: 13.088 GC heap before
{Heap before GC invocations=1 (full 0):
 garbage-first heap   total 262144K, used 40288K [0x00000000e0000000, 0x0000000100000000)
  region size 1024K, 32 young (32768K), 3 survivors (3072K)
 Metaspace       used 4092K, committed 4288K, reserved 380928K
  class space    used 492K, committed 576K, reserved 315392K
}
Event: 13.093 GC heap after
{Heap after GC invocations=2 (full 0):
 garbage-first heap   total 262144K, used 13565K [0x00000000e0000000, 0x0000000100000000)
  region size 1024K, 4 young (4096K), 4 survivors (4096K)
 Metaspace       used 4092K, committed 4288K, reserved 380928K
  class space    used 492K, committed 576K, reserved 315392K
}
Event: 26.298 GC heap before
{Heap before GC invocations=2 (full 0):
 garbage-first heap   total 262144K, used 113917K [0x00000000e0000000, 0x0000000100000000)
  region size 1024K, 103 young (105472K), 4 survivors (4096K)
 Metaspace       used 20819K, committed 21504K, reserved 380928K
  class space    used 3021K, committed 3392K, reserved 315392K
}
Event: 26.345 GC heap after
{Heap after GC invocations=3 (full 0):
 garbage-first heap   total 262144K, used 22684K [0x00000000e0000000, 0x0000000100000000)
  region size 1024K, 12 young (12288K), 12 survivors (12288K)
 Metaspace       used 20819K, committed 21504K, reserved 380928K
  class space    used 3021K, committed 3392K, reserved 315392K
}
Event: 37.138 GC heap before
{Heap before GC invocations=4 (full 0):
 garbage-first heap   total 262144K, used 129180K [0x00000000e0000000, 0x0000000100000000)
  region size 1024K, 118 young (120832K), 12 survivors (12288K)
 Metaspace       used 34907K, committed 36096K, reserved 380928K
  class space    used 4938K, committed 5504K, reserved 315392K
}
Event: 37.331 GC heap after
{Heap after GC invocations=5 (full 0):
 garbage-first heap   total 262144K, used 31705K [0x00000000e0000000, 0x0000000100000000)
  region size 1024K, 9 young (9216K), 9 survivors (9216K)
 Metaspace       used 34907K, committed 36096K, reserved 380928K
  class space    used 4938K, committed 5504K, reserved 315392K
}
Event: 57.538 GC heap before
{Heap before GC invocations=6 (full 0):
 garbage-first heap   total 262144K, used 134105K [0x00000000e0000000, 0x0000000100000000)
  region size 1024K, 103 young (105472K), 9 survivors (9216K)
 Metaspace       used 45777K, committed 47424K, reserved 380928K
  class space    used 6466K, committed 7296K, reserved 315392K
}
Event: 57.575 GC heap after
{Heap after GC invocations=7 (full 0):
 garbage-first heap   total 262144K, used 36427K [0x00000000e0000000, 0x0000000100000000)
  region size 1024K, 5 young (5120K), 5 survivors (5120K)
 Metaspace       used 45777K, committed 47424K, reserved 380928K
  class space    used 6466K, committed 7296K, reserved 315392K
}
Event: 81.648 GC heap before
{Heap before GC invocations=7 (full 0):
 garbage-first heap   total 262144K, used 167499K [0x00000000e0000000, 0x0000000100000000)
  region size 1024K, 134 young (137216K), 5 survivors (5120K)
 Metaspace       used 58422K, committed 60288K, reserved 380928K
  class space    used 8340K, committed 9280K, reserved 315392K
}
Event: 81.678 GC heap after
{Heap after GC invocations=8 (full 0):
 garbage-first heap   total 262144K, used 44865K [0x00000000e0000000, 0x0000000100000000)
  region size 1024K, 14 young (14336K), 14 survivors (14336K)
 Metaspace       used 58422K, committed 60288K, reserved 380928K
  class space    used 8340K, committed 9280K, reserved 315392K
}

Dll operation events (15 events):
Event: 0.227 Loaded shared library C:\Users\giwat\.jdks\corretto-20.0.2.1\bin\java.dll
Event: 0.675 Loaded shared library C:\Users\giwat\.jdks\corretto-20.0.2.1\bin\jsvml.dll
Event: 1.194 Loaded shared library C:\Users\giwat\.jdks\corretto-20.0.2.1\bin\zip.dll
Event: 1.214 Loaded shared library C:\Users\giwat\.jdks\corretto-20.0.2.1\bin\instrument.dll
Event: 1.291 Loaded shared library C:\Users\giwat\.jdks\corretto-20.0.2.1\bin\net.dll
Event: 1.305 Loaded shared library C:\Users\giwat\.jdks\corretto-20.0.2.1\bin\nio.dll
Event: 1.339 Loaded shared library C:\Users\giwat\.jdks\corretto-20.0.2.1\bin\zip.dll
Event: 6.808 Loaded shared library C:\Users\giwat\.jdks\corretto-20.0.2.1\bin\jimage.dll
Event: 7.274 Loaded shared library C:\Users\giwat\.jdks\corretto-20.0.2.1\bin\verify.dll
Event: 8.724 Loaded shared library C:\Users\giwat\.gradle\native\c067742578af261105cb4f569cf0c3c89f3d7b1fecec35dd04571415982c5e48\windows-amd64\native-platform.dll
Event: 8.765 Loaded shared library C:\Users\giwat\.gradle\native\38dada09dfb8b06ba9b0570ebf7e218e3eb74d4ef43ca46872605cf95ebc2f47\windows-amd64\native-platform-file-events.dll
Event: 14.733 Loaded shared library C:\Users\giwat\.jdks\corretto-20.0.2.1\bin\management.dll
Event: 14.767 Loaded shared library C:\Users\giwat\.jdks\corretto-20.0.2.1\bin\management_ext.dll
Event: 15.729 Loaded shared library C:\Users\giwat\.jdks\corretto-20.0.2.1\bin\extnet.dll
Event: 18.232 Loaded shared library C:\Users\giwat\.jdks\corretto-20.0.2.1\bin\sunmscapi.dll

Deoptimization events (20 events):
Event: 150.222 Thread 0x00000220733f5a30 Uncommon trap: trap_request=0xffffff45 fr.pc=0x000002204f3e3a70 relative=0x0000000000000450
Event: 150.222 Thread 0x00000220733f5a30 Uncommon trap: reason=unstable_if action=reinterpret pc=0x000002204f3e3a70 method=java.lang.StringUTF16.compress([CII)[B @ 13 c2
Event: 150.222 Thread 0x00000220733f5a30 DEOPT PACKING pc=0x000002204f3e3a70 sp=0x000000ad764f90c0
Event: 150.223 Thread 0x00000220733f5a30 DEOPT UNPACKING pc=0x000002204ec5d2a2 sp=0x000000ad764f8f88 mode 2
Event: 150.223 Thread 0x00000220733f5a30 Uncommon trap: trap_request=0xffffff45 fr.pc=0x000002204f570b84 relative=0x00000000000004e4
Event: 150.223 Thread 0x00000220733f5a30 Uncommon trap: reason=unstable_if action=reinterpret pc=0x000002204f570b84 method=java.lang.String.trim()Ljava/lang/String; @ 4 c2
Event: 150.223 Thread 0x00000220733f5a30 DEOPT PACKING pc=0x000002204f570b84 sp=0x000000ad764f91a0
Event: 150.224 Thread 0x00000220733f5a30 DEOPT UNPACKING pc=0x000002204ec5d2a2 sp=0x000000ad764f9180 mode 2
Event: 150.461 Thread 0x00000220733f5a30 Uncommon trap: trap_request=0xffffff45 fr.pc=0x000002204f575ff4 relative=0x0000000000000754
Event: 150.461 Thread 0x00000220733f5a30 Uncommon trap: reason=unstable_if action=reinterpret pc=0x000002204f575ff4 method=java.lang.String.indexOf(Ljava/lang/String;)I @ 10 c2
Event: 150.461 Thread 0x00000220733f5a30 DEOPT PACKING pc=0x000002204f575ff4 sp=0x000000ad764f92d0
Event: 150.461 Thread 0x00000220733f5a30 DEOPT UNPACKING pc=0x000002204ec5d2a2 sp=0x000000ad764f9060 mode 2
Event: 158.707 Thread 0x00000220733f5a30 Uncommon trap: trap_request=0xffffff45 fr.pc=0x000002204f57b814 relative=0x0000000000000c74
Event: 158.707 Thread 0x00000220733f5a30 Uncommon trap: reason=unstable_if action=reinterpret pc=0x000002204f57b814 method=io.spring.gradle.dependencymanagement.org.codehaus.plexus.util.xml.pull.MXParser.nextImpl()I @ 495 c2
Event: 158.707 Thread 0x00000220733f5a30 DEOPT PACKING pc=0x000002204f57b814 sp=0x000000ad764f8eb0
Event: 158.707 Thread 0x00000220733f5a30 DEOPT UNPACKING pc=0x000002204ec5d2a2 sp=0x000000ad764f8e28 mode 2
Event: 162.173 Thread 0x00000220733f5a30 Uncommon trap: trap_request=0xffffff45 fr.pc=0x000002204f58d33c relative=0x000000000000049c
Event: 162.173 Thread 0x00000220733f5a30 Uncommon trap: reason=unstable_if action=reinterpret pc=0x000002204f58d33c method=java.lang.StringLatin1.trim([B)Ljava/lang/String; @ 60 c2
Event: 162.173 Thread 0x00000220733f5a30 DEOPT PACKING pc=0x000002204f58d33c sp=0x000000ad764f8d40
Event: 162.173 Thread 0x00000220733f5a30 DEOPT UNPACKING pc=0x000002204ec5d2a2 sp=0x000000ad764f8d00 mode 2

Classes loaded (20 events):
Event: 81.181 Loading class org/xml/sax/SAXParseException
Event: 81.183 Loading class org/xml/sax/SAXParseException done
Event: 81.363 Loading class org/xml/sax/Attributes
Event: 81.363 Loading class org/xml/sax/Attributes done
Event: 81.637 Loading class java/io/FilterReader
Event: 81.638 Loading class java/io/FilterReader done
Event: 83.230 Loading class java/util/TreeMap$KeySpliterator
Event: 83.231 Loading class java/util/TreeMap$TreeMapSpliterator
Event: 83.232 Loading class java/util/TreeMap$TreeMapSpliterator done
Event: 83.232 Loading class java/util/TreeMap$KeySpliterator done
Event: 83.266 Loading class java/io/SerialCallbackContext
Event: 83.268 Loading class java/io/SerialCallbackContext done
Event: 83.933 Loading class java/util/concurrent/ConcurrentSkipListMap$KeySet
Event: 83.934 Loading class java/util/concurrent/ConcurrentSkipListMap$KeySet done
Event: 83.934 Loading class java/util/concurrent/ConcurrentSkipListMap$KeyIterator
Event: 83.934 Loading class java/util/concurrent/ConcurrentSkipListMap$KeyIterator done
Event: 91.885 Loading class java/text/MessageFormat
Event: 91.892 Loading class java/text/MessageFormat done
Event: 112.891 Loading class java/time/Instant$1
Event: 112.941 Loading class java/time/Instant$1 done

Classes unloaded (0 events):
No events

Classes redefined (0 events):
No events

Internal exceptions (20 events):
Event: 81.516 Thread 0x0000022073c83060 Exception <a 'java/lang/ClassNotFoundException'{0x00000000e7ddbe40}: org/gradle/api/plugins/internal/NaggingJavaPluginConventionCustomizer> (0x00000000e7ddbe40) 
thrown [s\src\hotspot\share\classfile\systemDictionary.cpp, line 305]
Event: 81.632 Thread 0x0000022073c83060 Exception <a 'java/lang/ClassNotFoundException'{0x00000000e7b40b00}: org/gradle/language/jvm/tasks/ProcessResources_DecoratedBeanInfo> (0x00000000e7b40b00) 
thrown [s\src\hotspot\share\classfile\systemDictionary.cpp, line 305]
Event: 81.633 Thread 0x0000022073c83060 Exception <a 'java/lang/ClassNotFoundException'{0x00000000e7b4b8d0}: org/gradle/language/jvm/tasks/ProcessResourcesBeanInfo> (0x00000000e7b4b8d0) 
thrown [s\src\hotspot\share\classfile\systemDictionary.cpp, line 305]
Event: 81.633 Thread 0x0000022073c83060 Exception <a 'java/lang/ClassNotFoundException'{0x00000000e7b54828}: org/gradle/api/tasks/CopyBeanInfo> (0x00000000e7b54828) 
thrown [s\src\hotspot\share\classfile\systemDictionary.cpp, line 305]
Event: 81.634 Thread 0x0000022073c83060 Exception <a 'java/lang/ClassNotFoundException'{0x00000000e7b5d858}: org/gradle/api/tasks/AbstractCopyTaskBeanInfo> (0x00000000e7b5d858) 
thrown [s\src\hotspot\share\classfile\systemDictionary.cpp, line 305]
Event: 81.635 Thread 0x0000022073c83060 Exception <a 'java/lang/ClassNotFoundException'{0x00000000e7b668c0}: org/gradle/api/tasks/AbstractCopyTaskCustomizer> (0x00000000e7b668c0) 
thrown [s\src\hotspot\share\classfile\systemDictionary.cpp, line 305]
Event: 81.642 Thread 0x0000022073c83060 Exception <a 'java/lang/ClassNotFoundException'{0x00000000e7be0fe8}: org/gradle/api/tasks/CopyCustomizer> (0x00000000e7be0fe8) 
thrown [s\src\hotspot\share\classfile\systemDictionary.cpp, line 305]
Event: 81.644 Thread 0x0000022073c83060 Exception <a 'java/lang/ClassNotFoundException'{0x00000000e7a03170}: org/gradle/language/jvm/tasks/ProcessResourcesCustomizer> (0x00000000e7a03170) 
thrown [s\src\hotspot\share\classfile\systemDictionary.cpp, line 305]
Event: 81.646 Thread 0x0000022073c83060 Exception <a 'java/lang/ClassNotFoundException'{0x00000000e7a21eb8}: org/gradle/language/jvm/tasks/ProcessResources_DecoratedCustomizer> (0x00000000e7a21eb8) 
thrown [s\src\hotspot\share\classfile\systemDictionary.cpp, line 305]
Event: 81.910 Thread 0x0000022073c83060 Exception <a 'java/lang/ClassNotFoundException'{0x00000000eff6a3a8}: org/gradle/api/DefaultTask_DecoratedBeanInfo> (0x00000000eff6a3a8) 
thrown [s\src\hotspot\share\classfile\systemDictionary.cpp, line 305]
Event: 81.910 Thread 0x0000022073c83060 Exception <a 'java/lang/ClassNotFoundException'{0x00000000eff733c8}: org/gradle/api/DefaultTask_DecoratedCustomizer> (0x00000000eff733c8) 
thrown [s\src\hotspot\share\classfile\systemDictionary.cpp, line 305]
Event: 82.607 Thread 0x00000220733f5a30 Exception <a 'java/lang/NoSuchMethodError'{0x00000000efb165a0}: 'java.lang.Object java.lang.invoke.DirectMethodHandle$Holder.newInvokeSpecial(java.lang.Object, java.lang.Object, java.lang.Object, java.lang.Object, int, java.lang.Object)'> (0x00000000efb165a0) 
thrown [s\src\hotspot\share\interpreter\linkResolver.cpp, line 773]
Event: 82.608 Thread 0x00000220733f5a30 Exception <a 'java/lang/NoSuchMethodError'{0x00000000efb1a5b0}: 'java.lang.Object java.lang.invoke.Invokers$Holder.linkToTargetMethod(java.lang.Object, java.lang.Object, java.lang.Object, int, java.lang.Object, java.lang.Object)'> (0x00000000efb1a5b0) 
thrown [s\src\hotspot\share\interpreter\linkResolver.cpp, line 773]
Event: 83.034 Thread 0x00000220733f5a30 Exception <a 'java/lang/NoSuchMethodError'{0x00000000efab6288}: 'java.lang.Object java.lang.invoke.DirectMethodHandle$Holder.invokeVirtual(java.lang.Object, java.lang.Object, java.lang.Object, java.lang.Object, java.lang.Object, java.lang.Object, java.lang.Object, java.lang.Object, java.lang.Object, java.lang.Object, java.lang.Object, java.lang.Object, java.lang.Object, java.lang.Object, java.lang.Object, java.lang.Object, java.lang.Object, java.lang.Object, java.lang.Object, java.lang.Object, java.lang.Ob
Event: 83.034 Thread 0x00000220733f5a30 Exception <a 'java/lang/NoSuchMethodError'{0x00000000efabb7d0}: 'java.lang.Object java.lang.invoke.DelegatingMethodHandle$Holder.reinvoke_L(java.lang.Object, java.lang.Object, java.lang.Object, java.lang.Object, java.lang.Object, java.lang.Object, java.lang.Object, java.lang.Object, java.lang.Object, java.lang.Object, java.lang.Object, java.lang.Object, java.lang.Object, java.lang.Object, java.lang.Object, java.lang.Object, java.lang.Object, java.lang.Object, java.lang.Object, java.lang.Object, java.lang.O
Event: 83.260 Thread 0x0000022073c85040 Exception <a 'java/lang/NoSuchMethodError'{0x00000000eff0ee20}: static Lorg/gradle/internal/build/event/types/DefaultTaskStartedProgressEvent;.<clinit>()V> (0x00000000eff0ee20) 
thrown [s\src\hotspot\share\prims\jni.cpp, line 1105]
Event: 83.262 Thread 0x0000022073c85040 Exception <a 'java/lang/NoSuchMethodError'{0x00000000ef9f5c50}: static Lorg/gradle/internal/build/event/types/DefaultTaskDescriptor;.<clinit>()V> (0x00000000ef9f5c50) 
thrown [s\src\hotspot\share\prims\jni.cpp, line 1105]
Event: 83.270 Thread 0x0000022073c85040 Exception <a 'java/lang/NoSuchMethodError'{0x00000000ef814ac8}: static Lorg/gradle/internal/build/event/types/DefaultBinaryPluginIdentifier;.<clinit>()V> (0x00000000ef814ac8) 
thrown [s\src\hotspot\share\prims\jni.cpp, line 1105]
Event: 84.741 Thread 0x00000220733f5a30 Exception <a 'java/lang/NoSuchMethodError'{0x00000000ef61bc00}: static Ljava/lang/Object;.<clinit>()V> (0x00000000ef61bc00) 
thrown [s\src\hotspot\share\prims\jni.cpp, line 1105]
Event: 93.909 Thread 0x00000220733f5a30 Exception <a 'java/lang/NoSuchMethodError'{0x00000000ee77b180}: 'void java.lang.invoke.Invokers$Holder.invokeExact_MT(java.lang.Object, java.lang.Object, java.lang.Object, java.lang.Object)'> (0x00000000ee77b180) 
thrown [s\src\hotspot\share\interpreter\linkResolver.cpp, line 773]

VM Operations (20 events):
Event: 146.039 Executing VM operation: Cleanup
Event: 146.058 Executing VM operation: Cleanup done
Event: 147.071 Executing VM operation: Cleanup
Event: 147.134 Executing VM operation: Cleanup done
Event: 148.147 Executing VM operation: Cleanup
Event: 148.255 Executing VM operation: Cleanup done
Event: 149.265 Executing VM operation: Cleanup
Event: 149.280 Executing VM operation: Cleanup done
Event: 151.305 Executing VM operation: Cleanup
Event: 151.306 Executing VM operation: Cleanup done
Event: 152.317 Executing VM operation: Cleanup
Event: 152.433 Executing VM operation: Cleanup done
Event: 153.439 Executing VM operation: Cleanup
Event: 153.458 Executing VM operation: Cleanup done
Event: 156.490 Executing VM operation: Cleanup
Event: 156.490 Executing VM operation: Cleanup done
Event: 159.500 Executing VM operation: Cleanup
Event: 159.502 Executing VM operation: Cleanup done
Event: 161.517 Executing VM operation: Cleanup
Event: 161.517 Executing VM operation: Cleanup done

Events (20 events):
Event: 82.297 Thread 0x0000022074a92060 Thread added: 0x0000022074a92060
Event: 82.297 Thread 0x0000022074a915c0 Thread added: 0x0000022074a915c0
Event: 82.297 Thread 0x0000022074a91b10 Thread added: 0x0000022074a91b10
Event: 82.297 Thread 0x0000022074a925b0 Thread added: 0x0000022074a925b0
Event: 82.297 Thread 0x0000022074a91070 Thread added: 0x0000022074a91070
Event: 82.297 Thread 0x0000022074ff4070 Thread added: 0x0000022074ff4070
Event: 82.298 Thread 0x0000022074ff6af0 Thread added: 0x0000022074ff6af0
Event: 82.806 Thread 0x0000022074d6a050 Thread added: 0x0000022074d6a050
Event: 94.854 Thread 0x0000022076b8e290 Thread added: 0x0000022076b8e290
Event: 95.812 Thread 0x0000022076b8dd40 Thread added: 0x0000022076b8dd40
Event: 100.883 Thread 0x0000022075159060 Thread added: 0x0000022075159060
Event: 110.988 Thread 0x0000022076b8ed30 Thread added: 0x0000022076b8ed30
Event: 112.922 Thread 0x0000022074ff5060 Thread added: 0x0000022074ff5060
Event: 120.840 Thread 0x0000022076b8f280 Thread added: 0x0000022076b8f280
Event: 122.876 Thread 0x00000220733af5a0 Thread added: 0x00000220733af5a0
Event: 135.958 Thread 0x00000220733ae5b0 Thread added: 0x00000220733ae5b0
Event: 148.911 Thread 0x00000220733ae060 Thread added: 0x00000220733ae060
Event: 152.836 Thread 0x00000220733afaf0 Thread added: 0x00000220733afaf0
Event: 155.641 Thread 0x00000220733b1030 Thread added: 0x00000220733b1030
Event: 161.439 Thread 0x00000220733b1580 Thread added: 0x00000220733b1580


Dynamic libraries:
0x00007ff647f30000 - 0x00007ff647f3e000 	C:\Users\giwat\.jdks\corretto-20.0.2.1\bin\java.exe
0x00007ff894fb0000 - 0x00007ff8951c7000 	C:\WINDOWS\SYSTEM32\ntdll.dll
0x00007ff8949e0000 - 0x00007ff894aa4000 	C:\WINDOWS\System32\KERNEL32.DLL
0x00007ff8927f0000 - 0x00007ff892b95000 	C:\WINDOWS\System32\KERNELBASE.dll
0x00007ff892320000 - 0x00007ff892431000 	C:\WINDOWS\System32\ucrtbase.dll
0x00007ff854b30000 - 0x00007ff854b47000 	C:\Users\giwat\.jdks\corretto-20.0.2.1\bin\jli.dll
0x00007ff854b10000 - 0x00007ff854b2b000 	C:\Users\giwat\.jdks\corretto-20.0.2.1\bin\VCRUNTIME140.dll
0x00007ff892d00000 - 0x00007ff892eae000 	C:\WINDOWS\System32\USER32.dll
0x00007ff86d030000 - 0x00007ff86d2c3000 	C:\WINDOWS\WinSxS\amd64_microsoft.windows.common-controls_6595b64144ccf1df_6.0.22621.2506_none_270c5ae97388e100\COMCTL32.dll
0x00007ff892740000 - 0x00007ff892766000 	C:\WINDOWS\System32\win32u.dll
0x00007ff8930d0000 - 0x00007ff8930f9000 	C:\WINDOWS\System32\GDI32.dll
0x00007ff892620000 - 0x00007ff892739000 	C:\WINDOWS\System32\gdi32full.dll
0x00007ff8944b0000 - 0x00007ff894557000 	C:\WINDOWS\System32\msvcrt.dll
0x00007ff892ba0000 - 0x00007ff892c3a000 	C:\WINDOWS\System32\msvcp_win.dll
0x00007ff894ab0000 - 0x00007ff894ae1000 	C:\WINDOWS\System32\IMM32.DLL
0x00007ff888c50000 - 0x00007ff888c5c000 	C:\Users\giwat\.jdks\corretto-20.0.2.1\bin\vcruntime140_1.dll
0x00007ff83b4b0000 - 0x00007ff83b53e000 	C:\Users\giwat\.jdks\corretto-20.0.2.1\bin\msvcp140.dll
0x00007ff81c5e0000 - 0x00007ff81d2e4000 	C:\Users\giwat\.jdks\corretto-20.0.2.1\bin\server\jvm.dll
0x00007ff892f90000 - 0x00007ff893041000 	C:\WINDOWS\System32\ADVAPI32.dll
0x00007ff893d20000 - 0x00007ff893dc6000 	C:\WINDOWS\System32\sechost.dll
0x00007ff894e50000 - 0x00007ff894f67000 	C:\WINDOWS\System32\RPCRT4.dll
0x00007ff8871f0000 - 0x00007ff887224000 	C:\WINDOWS\SYSTEM32\WINMM.dll
0x00007ff86f7b0000 - 0x00007ff86f7b9000 	C:\WINDOWS\SYSTEM32\WSOCK32.dll
0x00007ff894040000 - 0x00007ff8940b1000 	C:\WINDOWS\System32\WS2_32.dll
0x00007ff888dd0000 - 0x00007ff888dda000 	C:\WINDOWS\SYSTEM32\VERSION.dll
0x00007ff891280000 - 0x00007ff891298000 	C:\WINDOWS\SYSTEM32\kernel.appcore.dll
0x00007ff85b020000 - 0x00007ff85b02a000 	C:\Users\giwat\.jdks\corretto-20.0.2.1\bin\jimage.dll
0x00007ff88f6a0000 - 0x00007ff88f8d3000 	C:\WINDOWS\SYSTEM32\DBGHELP.DLL
0x00007ff8940c0000 - 0x00007ff894449000 	C:\WINDOWS\System32\combase.dll
0x00007ff892eb0000 - 0x00007ff892f87000 	C:\WINDOWS\System32\OLEAUT32.dll
0x00007ff870d80000 - 0x00007ff870db2000 	C:\WINDOWS\SYSTEM32\dbgcore.DLL
0x00007ff892770000 - 0x00007ff8927ea000 	C:\WINDOWS\System32\bcryptPrimitives.dll
0x00007ff851180000 - 0x00007ff85118e000 	C:\Users\giwat\.jdks\corretto-20.0.2.1\bin\instrument.dll
0x00007ff8510b0000 - 0x00007ff8510d6000 	C:\Users\giwat\.jdks\corretto-20.0.2.1\bin\java.dll
0x00007ff83b0c0000 - 0x00007ff83b197000 	C:\Users\giwat\.jdks\corretto-20.0.2.1\bin\jsvml.dll
0x00007ff8934a0000 - 0x00007ff893cf9000 	C:\WINDOWS\System32\SHELL32.dll
0x00007ff8901f0000 - 0x00007ff890ae4000 	C:\WINDOWS\SYSTEM32\windows.storage.dll
0x00007ff8900b0000 - 0x00007ff8901ee000 	C:\WINDOWS\SYSTEM32\wintypes.dll
0x00007ff893dd0000 - 0x00007ff893ec3000 	C:\WINDOWS\System32\SHCORE.dll
0x00007ff893fe0000 - 0x00007ff89403e000 	C:\WINDOWS\System32\shlwapi.dll
0x00007ff892250000 - 0x00007ff892276000 	C:\WINDOWS\SYSTEM32\profapi.dll
0x00007ff851160000 - 0x00007ff851178000 	C:\Users\giwat\.jdks\corretto-20.0.2.1\bin\zip.dll
0x00007ff850fd0000 - 0x00007ff850fe3000 	C:\Users\giwat\.jdks\corretto-20.0.2.1\bin\net.dll
0x00007ff8897d0000 - 0x00007ff889907000 	C:\WINDOWS\SYSTEM32\WINHTTP.dll
0x00007ff891750000 - 0x00007ff8917b9000 	C:\WINDOWS\system32\mswsock.dll
0x00007ff84f430000 - 0x00007ff84f446000 	C:\Users\giwat\.jdks\corretto-20.0.2.1\bin\nio.dll
0x00007ff8510a0000 - 0x00007ff8510b0000 	C:\Users\giwat\.jdks\corretto-20.0.2.1\bin\verify.dll
0x00007ff83f320000 - 0x00007ff83f347000 	C:\Users\giwat\.gradle\native\c067742578af261105cb4f569cf0c3c89f3d7b1fecec35dd04571415982c5e48\windows-amd64\native-platform.dll
0x00007ff8247c0000 - 0x00007ff824904000 	C:\Users\giwat\.gradle\native\38dada09dfb8b06ba9b0570ebf7e218e3eb74d4ef43ca46872605cf95ebc2f47\windows-amd64\native-platform-file-events.dll
0x00007ff851060000 - 0x00007ff85106a000 	C:\Users\giwat\.jdks\corretto-20.0.2.1\bin\management.dll
0x00007ff850fc0000 - 0x00007ff850fcb000 	C:\Users\giwat\.jdks\corretto-20.0.2.1\bin\management_ext.dll
0x00007ff893460000 - 0x00007ff893468000 	C:\WINDOWS\System32\PSAPI.DLL
0x00007ff891a40000 - 0x00007ff891a5b000 	C:\WINDOWS\SYSTEM32\CRYPTSP.dll
0x00007ff891240000 - 0x00007ff891275000 	C:\WINDOWS\system32\rsaenh.dll
0x00007ff8917f0000 - 0x00007ff89181c000 	C:\WINDOWS\SYSTEM32\USERENV.dll
0x00007ff891bc0000 - 0x00007ff891be8000 	C:\WINDOWS\SYSTEM32\bcrypt.dll
0x00007ff891950000 - 0x00007ff89195c000 	C:\WINDOWS\SYSTEM32\CRYPTBASE.dll
0x00007ff890d50000 - 0x00007ff890d7d000 	C:\WINDOWS\SYSTEM32\IPHLPAPI.DLL
0x00007ff893490000 - 0x00007ff893499000 	C:\WINDOWS\System32\NSI.dll
0x00007ff886c30000 - 0x00007ff886c49000 	C:\WINDOWS\SYSTEM32\dhcpcsvc6.DLL
0x00007ff886780000 - 0x00007ff88679f000 	C:\WINDOWS\SYSTEM32\dhcpcsvc.DLL
0x00007ff890dc0000 - 0x00007ff890eb9000 	C:\WINDOWS\SYSTEM32\DNSAPI.dll
0x00007ff84f420000 - 0x00007ff84f427000 	C:\Users\giwat\.jdks\corretto-20.0.2.1\bin\extnet.dll
0x00007ff84f410000 - 0x00007ff84f41e000 	C:\Users\giwat\.jdks\corretto-20.0.2.1\bin\sunmscapi.dll
0x00007ff8924b0000 - 0x00007ff892616000 	C:\WINDOWS\System32\CRYPT32.dll
0x00007ff891b90000 - 0x00007ff891bbd000 	C:\WINDOWS\SYSTEM32\ncrypt.dll
0x00007ff891b50000 - 0x00007ff891b87000 	C:\WINDOWS\SYSTEM32\NTASN1.dll
0x00007ff855f70000 - 0x00007ff855f78000 	C:\WINDOWS\system32\wshunix.dll

dbghelp: loaded successfully - version: 4.0.5 - missing functions: none
symbol engine: initialized successfully - sym options: 0x614 - pdb path: .;C:\Users\giwat\.jdks\corretto-20.0.2.1\bin;C:\WINDOWS\SYSTEM32;C:\WINDOWS\WinSxS\amd64_microsoft.windows.common-controls_6595b64144ccf1df_6.0.22621.2506_none_270c5ae97388e100;C:\Users\giwat\.jdks\corretto-20.0.2.1\bin\server;C:\Users\giwat\.gradle\native\c067742578af261105cb4f569cf0c3c89f3d7b1fecec35dd04571415982c5e48\windows-amd64;C:\Users\giwat\.gradle\native\38dada09dfb8b06ba9b0570ebf7e218e3eb74d4ef43ca46872605cf95ebc2f47\windows-amd64

VM Arguments:
jvm_args: --add-opens=java.base/java.util=ALL-UNNAMED --add-opens=java.base/java.lang=ALL-UNNAMED --add-opens=java.base/java.lang.invoke=ALL-UNNAMED --add-opens=java.prefs/java.util.prefs=ALL-UNNAMED --add-opens=java.base/java.nio.charset=ALL-UNNAMED --add-opens=java.base/java.net=ALL-UNNAMED --add-opens=java.base/java.util.concurrent.atomic=ALL-UNNAMED -XX:MaxMetaspaceSize=384m -XX:+HeapDumpOnOutOfMemoryError -Xms256m -Xmx512m -Dfile.encoding=windows-1252 -Duser.country=CA -Duser.language=en -Duser.variant -javaagent:C:\Users\giwat\.gradle\wrapper\dists\gradle-8.4-bin\1w5dpkrfk8irigvoxmyhowfim\gradle-8.4\lib\agents\gradle-instrumentation-agent-8.4.jar 
java_command: org.gradle.launcher.daemon.bootstrap.GradleDaemon 8.4
java_class_path (initial): C:\Users\giwat\.gradle\wrapper\dists\gradle-8.4-bin\1w5dpkrfk8irigvoxmyhowfim\gradle-8.4\lib\gradle-launcher-8.4.jar
Launcher Type: SUN_STANDARD

[Global flags]
     intx CICompilerCount                          = 4                                         {product} {ergonomic}
   size_t CompressedClassSpaceSize                 = 322961408                                 {product} {ergonomic}
     uint ConcGCThreads                            = 2                                         {product} {ergonomic}
     uint G1ConcRefinementThreads                  = 8                                         {product} {ergonomic}
   size_t G1HeapRegionSize                         = 1048576                                   {product} {ergonomic}
    uintx GCDrainStackTargetSize                   = 64                                        {product} {ergonomic}
     bool HeapDumpOnOutOfMemoryError               = true                                   {manageable} {command line}
   size_t InitialHeapSize                          = 268435456                                 {product} {command line}
   size_t MarkStackSize                            = 4194304                                   {product} {ergonomic}
   size_t MaxHeapSize                              = 536870912                                 {product} {command line}
   size_t MaxMetaspaceSize                         = 402653184                                 {product} {command line}
   size_t MaxNewSize                               = 321912832                                 {product} {ergonomic}
   size_t MinHeapDeltaBytes                        = 1048576                                   {product} {ergonomic}
   size_t MinHeapSize                              = 268435456                                 {product} {command line}
    uintx NonNMethodCodeHeapSize                   = 5839372                                {pd product} {ergonomic}
    uintx NonProfiledCodeHeapSize                  = 122909434                              {pd product} {ergonomic}
    uintx ProfiledCodeHeapSize                     = 122909434                              {pd product} {ergonomic}
    uintx ReservedCodeCacheSize                    = 251658240                              {pd product} {ergonomic}
     bool SegmentedCodeCache                       = true                                      {product} {ergonomic}
   size_t SoftMaxHeapSize                          = 536870912                              {manageable} {ergonomic}
     bool UseCompressedClassPointers               = true                           {product lp64_product} {ergonomic}
     bool UseCompressedOops                        = true                           {product lp64_product} {ergonomic}
     bool UseG1GC                                  = true                                      {product} {ergonomic}
     bool UseLargePagesIndividualAllocation        = false                                  {pd product} {ergonomic}

Logging:
Log output configuration:
 #0: stdout all=warning uptime,level,tags foldmultilines=false
 #1: stderr all=off uptime,level,tags foldmultilines=false

Environment Variables:
PATH=C:\Program Files\Common Files\Oracle\Java\javapath;C:\Program Files (x86)\Common Files\Oracle\Java\javapath;C:\windows\system32;C:\windows;C:\windows\System32\Wbem;C:\windows\System32\WindowsPowerShell\v1.0\;C:\windows\System32\OpenSSH\;C:\Program Files\Microsoft SQL Server\130\Tools\Binn\;C:\Program Files\Git\cmd;C:\xampp\php;C:\ProgramData\ComposerSetup\bin;C:\WINDOWS\system32;C:\WINDOWS;C:\WINDOWS\System32\Wbem;C:\WINDOWS\System32\WindowsPowerShell\v1.0\;C:\WINDOWS\System32\OpenSSH\;C:\Program Files\dotnet\;C:\Program Files\Microsoft SQL Server\150\Tools\Binn\;C:\Program Files\nodejs\;C:\Users\giwat\Gradle\gradle-8.3\bin;;C:\Program Files\Docker\Docker\resources\bin;C:\Users\giwat\AppData\Local\Programs\Python\Python311\Scripts\;C:\Users\giwat\AppData\Local\Programs\Python\Python311\;C:\Program Files\MySQL\MySQL Shell 8.0\bin\;C:\Users\giwat\AppData\Local\Microsoft\WindowsApps;C:\Users\giwat\AppData\Local\Programs\Microsoft VS Code\bin;C:\Users\giwat\.dotnet\tools;C:\Users\giwat\AppData\Local\atom\bin;C:\Users\giwat\AppData\Roaming\Composer\vendor\bin;C:\Program Files (x86)\Brackets\;C:\Users\giwat\AppData\Local\Microsoft\WindowsApps;C:\Program Files\JetBrains\PyCharm 2022.3.1\bin;;C:\Users\giwat\.dotnet\tools;C:\Program Files\heroku\bin;C:\Users\giwat\AppData\Roaming\npm;C:\Program Files\JetBrains\DataGrip 2023.2.2\bin;
USERNAME=giwat
OS=Windows_NT
PROCESSOR_IDENTIFIER=Intel64 Family 6 Model 140 Stepping 2, GenuineIntel
TMP=C:\Users\giwat\AppData\Local\Temp
TEMP=C:\Users\giwat\AppData\Local\Temp




---------------  S Y S T E M  ---------------

OS:
 Windows 11 , 64 bit Build 22621 (10.0.22621.2506)
OS uptime: 0 days 3:23 hours
Hyper-V role detected

CPU: total 8 (initial active 8) (4 cores per cpu, 2 threads per core) family 6 model 140 stepping 2 microcode 0x2c, cx8, cmov, fxsr, ht, mmx, 3dnowpref, sse, sse2, sse3, ssse3, sse4.1, sse4.2, popcnt, lzcnt, tsc, tscinvbit, avx, avx2, aes, erms, clmul, bmi1, bmi2, adx, avx512f, avx512dq, avx512cd, avx512bw, avx512vl, sha, fma, vzeroupper, avx512_vpopcntdq, avx512_vpclmulqdq, avx512_vaes, avx512_vnni, clflush, clflushopt, clwb, avx512_vbmi2, avx512_vbmi, hv, rdtscp, rdpid, fsrm, gfni, avx512_bitalg, f16c, cet_ibt, cet_ss, avx512_ifma

Memory: 4k page, system-wide physical 7941M (6M free)
TotalPageFile size 32517M (AvailPageFile size 14M)
current process WorkingSet (physical memory assigned to process): 46M, peak: 207M
current process commit charge ("private bytes"): 473M, peak: 491M

vm_info: OpenJDK 64-Bit Server VM (20.0.2.1+10-FR) for windows-amd64 JRE (20.0.2.1+10-FR), built on 2023-08-19T09:18:31Z by "Administrator" with unknown MS VC++:1937

END.
