#
# There is insufficient memory for the Java Runtime Environment to continue.
# Native memory allocation (malloc) failed to allocate 1822496 bytes for Chunk::new
# Possible reasons:
#   The system is out of physical RAM or swap space
#   The process is running with CompressedOops enabled, and the Java Heap may be blocking the growth of the native heap
# Possible solutions:
#   Reduce memory load on the system
#   Increase physical memory or swap space
#   Check if swap backing store is full
#   Decrease Java heap size (-Xmx/-Xms)
#   Decrease number of Java threads
#   Decrease Java thread stack sizes (-Xss)
#   Set larger code cache with -XX:ReservedCodeCacheSize=
#   JVM is running with Unscaled Compressed Oops mode in which the Java heap is
#     placed in the first 4GB address space. The Java Heap base address is the
#     maximum limit for the native heap growth. Please use -XX:HeapBaseMinAddress
#     to set the Java Heap base and to place the Java Heap above 4GB virtual address.
# This output file may be truncated or incomplete.
#
#  Out of Memory Error (arena.cpp:184), pid=30772, tid=37008
#
# JRE version: OpenJDK Runtime Environment Corretto-20.0.2.10.1 (20.0.2.1+10) (build 20.0.2.1+10-FR)
# Java VM: OpenJDK 64-Bit Server VM Corretto-20.0.2.10.1 (20.0.2.1+10-FR, mixed mode, sharing, tiered, compressed oops, compressed class ptrs, g1 gc, windows-amd64)
# No core dump will be written. Minidumps are not enabled by default on client versions of Windows
#

---------------  S U M M A R Y ------------

Command Line: --add-opens=java.base/java.util=ALL-UNNAMED --add-opens=java.base/java.lang=ALL-UNNAMED --add-opens=java.base/java.lang.invoke=ALL-UNNAMED --add-opens=java.prefs/java.util.prefs=ALL-UNNAMED --add-opens=java.base/java.nio.charset=ALL-UNNAMED --add-opens=java.base/java.net=ALL-UNNAMED --add-opens=java.base/java.util.concurrent.atomic=ALL-UNNAMED -XX:MaxMetaspaceSize=384m -XX:+HeapDumpOnOutOfMemoryError -Xms256m -Xmx512m -Dfile.encoding=windows-1252 -Duser.country=CA -Duser.language=en -Duser.variant -javaagent:C:\Users\giwat\.gradle\wrapper\dists\gradle-8.4-bin\1w5dpkrfk8irigvoxmyhowfim\gradle-8.4\lib\agents\gradle-instrumentation-agent-8.4.jar org.gradle.launcher.daemon.bootstrap.GradleDaemon 8.4

Host: 11th Gen Intel(R) Core(TM) i5-1155G7 @ 2.50GHz, 8 cores, 7G,  Windows 11 , 64 bit Build 22621 (10.0.22621.2506)
Time: Sat Nov 18 18:41:26 2023 Eastern Standard Time elapsed time: 36.678609 seconds (0d 0h 0m 36s)

---------------  T H R E A D  ---------------

Current thread (0x0000016f7f618c20):  JavaThread "C2 CompilerThread0" daemon [_thread_in_native, id=37008, stack(0x0000000101300000,0x0000000101400000)]


Current CompileTask:
C2:  36678 5264   !   4       java.lang.ClassLoader::loadClass (121 bytes)

Stack: [0x0000000101300000,0x0000000101400000]
Native frames: (J=compiled Java code, j=interpreted, Vv=VM code, C=native code)
V  [jvm.dll+0x6ba11a]
V  [jvm.dll+0x8968da]
V  [jvm.dll+0x898665]
V  [jvm.dll+0x898d53]
V  [jvm.dll+0x27f9ff]
V  [jvm.dll+0xc3771]
V  [jvm.dll+0xc3a95]
V  [jvm.dll+0x3b8f3c]
V  [jvm.dll+0x383445]
V  [jvm.dll+0x3828aa]
V  [jvm.dll+0x249089]
V  [jvm.dll+0x24847f]
V  [jvm.dll+0x1cbc81]
V  [jvm.dll+0x257f49]
V  [jvm.dll+0x256610]
V  [jvm.dll+0x3f0155]
V  [jvm.dll+0x843859]
V  [jvm.dll+0x6b8d9b]
C  [ucrtbase.dll+0x29363]
C  [KERNEL32.DLL+0x1257d]
C  [ntdll.dll+0x5aa58]


---------------  P R O C E S S  ---------------

Threads class SMR info:
_java_thread_list=0x0000016f32388cc0, length=44, elements={
0x0000016f7bcafb90, 0x0000016f7f60b690, 0x0000016f7f60c490, 0x0000016f7f611390,
0x0000016f7f612a20, 0x0000016f7f616830, 0x0000016f7f617390, 0x0000016f7f618c20,
0x0000016f2f8027c0, 0x0000016f2f90c830, 0x0000016f2fab9b70, 0x0000016f30f10640,
0x0000016f30f10b90, 0x0000016f30f11630, 0x0000016f30f100f0, 0x0000016f30f110e0,
0x0000016f30f7d1c0, 0x0000016f30f7ac90, 0x0000016f30f78cb0, 0x0000016f30f7b1e0,
0x0000016f30f7d710, 0x0000016f30f7c1d0, 0x0000016f30f7f1a0, 0x0000016f30f7dc60,
0x0000016f30f7b730, 0x0000016f30f7bc80, 0x0000016f30f7c720, 0x0000016f30f7cc70,
0x0000016f30f79750, 0x0000016f30f7e1b0, 0x0000016f30f7e700, 0x0000016f30f79ca0,
0x0000016f30f79200, 0x0000016f30f7ec50, 0x0000016f30f7a1f0, 0x0000016f30f78760,
0x0000016f30f7a740, 0x0000016f32624990, 0x0000016f32628950, 0x0000016f3262ae80,
0x0000016f32627eb0, 0x0000016f32625430, 0x0000016f32626ec0, 0x0000016f32629e90
}

Java Threads: ( => current thread )
  0x0000016f7bcafb90 JavaThread "main" [_thread_blocked, id=23684, stack(0x0000000100600000,0x0000000100700000)]
  0x0000016f7f60b690 JavaThread "Reference Handler" daemon [_thread_blocked, id=39480, stack(0x0000000100d00000,0x0000000100e00000)]
  0x0000016f7f60c490 JavaThread "Finalizer" daemon [_thread_blocked, id=26384, stack(0x0000000100e00000,0x0000000100f00000)]
  0x0000016f7f611390 JavaThread "Signal Dispatcher" daemon [_thread_blocked, id=16624, stack(0x0000000100f00000,0x0000000101000000)]
  0x0000016f7f612a20 JavaThread "Attach Listener" daemon [_thread_blocked, id=36280, stack(0x0000000101000000,0x0000000101100000)]
  0x0000016f7f616830 JavaThread "Service Thread" daemon [_thread_blocked, id=38160, stack(0x0000000101100000,0x0000000101200000)]
  0x0000016f7f617390 JavaThread "Monitor Deflation Thread" daemon [_thread_blocked, id=30292, stack(0x0000000101200000,0x0000000101300000)]
=>0x0000016f7f618c20 JavaThread "C2 CompilerThread0" daemon [_thread_in_native, id=37008, stack(0x0000000101300000,0x0000000101400000)]
  0x0000016f2f8027c0 JavaThread "C1 CompilerThread0" daemon [_thread_blocked, id=20636, stack(0x0000000101400000,0x0000000101500000)]
  0x0000016f2f90c830 JavaThread "Common-Cleaner" daemon [_thread_blocked, id=38304, stack(0x0000000101500000,0x0000000101600000)]
  0x0000016f2fab9b70 JavaThread "Notification Thread" daemon [_thread_blocked, id=30248, stack(0x0000000101600000,0x0000000101700000)]
  0x0000016f30f10640 JavaThread "Daemon health stats" [_thread_blocked, id=36700, stack(0x0000000101d00000,0x0000000101e00000)]
  0x0000016f30f10b90 JavaThread "Incoming local TCP Connector on port 58109" [_thread_in_native, id=27140, stack(0x0000000101e00000,0x0000000101f00000)]
  0x0000016f30f11630 JavaThread "Daemon periodic checks" [_thread_blocked, id=26236, stack(0x0000000101f00000,0x0000000102000000)]
  0x0000016f30f100f0 JavaThread "Daemon" [_thread_blocked, id=5372, stack(0x0000000102000000,0x0000000102100000)]
  0x0000016f30f110e0 JavaThread "Handler for socket connection from /127.0.0.1:58109 to /127.0.0.1:58113" [_thread_in_native, id=34384, stack(0x0000000102100000,0x0000000102200000)]
  0x0000016f30f7d1c0 JavaThread "Cancel handler" [_thread_blocked, id=38500, stack(0x0000000102200000,0x0000000102300000)]
  0x0000016f30f7ac90 JavaThread "Daemon worker" [_thread_in_native, id=10088, stack(0x0000000102300000,0x0000000102400000)]
  0x0000016f30f78cb0 JavaThread "Asynchronous log dispatcher for DefaultDaemonConnection: socket connection from /127.0.0.1:58109 to /127.0.0.1:58113" [_thread_blocked, id=16548, stack(0x0000000102400000,0x0000000102500000)]
  0x0000016f30f7b1e0 JavaThread "Stdin handler" [_thread_blocked, id=27604, stack(0x0000000102500000,0x0000000102600000)]
  0x0000016f30f7d710 JavaThread "Daemon client event forwarder" [_thread_blocked, id=23656, stack(0x0000000102600000,0x0000000102700000)]
  0x0000016f30f7c1d0 JavaThread "Cache worker for journal cache (C:\Users\giwat\.gradle\caches\journal-1)" [_thread_blocked, id=27392, stack(0x0000000102700000,0x0000000102800000)]
  0x0000016f30f7f1a0 JavaThread "File lock request listener" [_thread_in_native, id=39612, stack(0x0000000102800000,0x0000000102900000)]
  0x0000016f30f7dc60 JavaThread "File lock release action executor" [_thread_blocked, id=27544, stack(0x0000000102900000,0x0000000102a00000)]
  0x0000016f30f7b730 JavaThread "Cache worker for file hash cache (C:\Users\giwat\.gradle\caches\8.4\fileHashes)" [_thread_blocked, id=35268, stack(0x0000000102a00000,0x0000000102b00000)]
  0x0000016f30f7bc80 JavaThread "File watcher server" daemon [_thread_in_native, id=2736, stack(0x0000000102e00000,0x0000000102f00000)]
  0x0000016f30f7c720 JavaThread "File watcher consumer" daemon [_thread_blocked, id=29460, stack(0x0000000102f00000,0x0000000103000000)]
  0x0000016f30f7cc70 JavaThread "Cache worker for checksums cache (C:\Users\giwat\Desktop\GBC\Semester5\COMP3095 - Web Application Development Using Java\Coursework\microservices-parent\inventory-service\.gradle\8.4\checksums)" [_thread_blocked, id=9448, stack(0x0000000103000000,0x0000000103100000)]
  0x0000016f30f79750 JavaThread "Cache worker for file hash cache (C:\Users\giwat\Desktop\GBC\Semester5\COMP3095 - Web Application Development Using Java\Coursework\microservices-parent\inventory-service\.gradle\8.4\fileHashes)" [_thread_blocked, id=36484, stack(0x0000000103100000,0x0000000103200000)]
  0x0000016f30f7e1b0 JavaThread "Cache worker for cache directory md-supplier (C:\Users\giwat\.gradle\caches\8.4\md-supplier)" [_thread_blocked, id=30152, stack(0x0000000103200000,0x0000000103300000)]
  0x0000016f30f7e700 JavaThread "Cache worker for file content cache (C:\Users\giwat\.gradle\caches\8.4\fileContent)" [_thread_blocked, id=39592, stack(0x0000000103300000,0x0000000103400000)]
  0x0000016f30f79ca0 JavaThread "Cache worker for cache directory md-rule (C:\Users\giwat\.gradle\caches\8.4\md-rule)" [_thread_blocked, id=35644, stack(0x0000000103400000,0x0000000103500000)]
  0x0000016f30f79200 JavaThread "Cache worker for execution history cache (C:\Users\giwat\.gradle\caches\8.4\executionHistory)" [_thread_blocked, id=33884, stack(0x0000000103500000,0x0000000103600000)]
  0x0000016f30f7ec50 JavaThread "jar transforms" [_thread_blocked, id=16784, stack(0x0000000103600000,0x0000000103700000)]
  0x0000016f30f7a1f0 JavaThread "jar transforms Thread 2" [_thread_blocked, id=26376, stack(0x0000000103700000,0x0000000103800000)]
  0x0000016f30f78760 JavaThread "jar transforms Thread 3" [_thread_blocked, id=37840, stack(0x0000000103800000,0x0000000103900000)]
  0x0000016f30f7a740 JavaThread "jar transforms Thread 4" [_thread_blocked, id=68, stack(0x0000000103900000,0x0000000103a00000)]
  0x0000016f32624990 JavaThread "Cache worker for kotlin-dsl (C:\Users\giwat\.gradle\caches\8.4\kotlin-dsl)" [_thread_blocked, id=37608, stack(0x0000000103a00000,0x0000000103b00000)]
  0x0000016f32628950 JavaThread "jar transforms Thread 5" [_thread_blocked, id=14076, stack(0x0000000100100000,0x0000000100200000)]
  0x0000016f3262ae80 JavaThread "jar transforms Thread 6" [_thread_blocked, id=37644, stack(0x0000000103b00000,0x0000000103c00000)]
  0x0000016f32627eb0 JavaThread "Cache worker for dependencies-accessors (C:\Users\giwat\Desktop\GBC\Semester5\COMP3095 - Web Application Development Using Java\Coursework\microservices-parent\inventory-service\.gradle\8.4\dependencies-accessors)" [_thread_blocked, id=39360, stack(0x0000000103c00000,0x0000000103d00000)]
  0x0000016f32625430 JavaThread "Cache worker for Build Output Cleanup Cache (C:\Users\giwat\Desktop\GBC\Semester5\COMP3095 - Web Application Development Using Java\Coursework\microservices-parent\inventory-service\.gradle\buildOutputCleanup)" [_thread_blocked, id=37204, stack(0x0000000103d00000,0x0000000103e00000)]
  0x0000016f32626ec0 JavaThread "jar transforms Thread 7" [_thread_blocked, id=29264, stack(0x0000000103e00000,0x0000000103f00000)]
  0x0000016f32629e90 JavaThread "jar transforms Thread 8" [_thread_blocked, id=36740, stack(0x0000000103f00000,0x0000000104000000)]

Other Threads:
  0x0000016f7f5ee170 VMThread "VM Thread" [stack: 0x0000000100c00000,0x0000000100d00000] [id=33556]
  0x0000016f2fa28bc0 WatcherThread "VM Periodic Task Thread" [stack: 0x0000000101700000,0x0000000101800000] [id=38864]
  0x0000016f7bce1850 WorkerThread "GC Thread#0" [stack: 0x0000000100700000,0x0000000100800000] [id=21248]
  0x0000016f303f2470 WorkerThread "GC Thread#1" [stack: 0x0000000101800000,0x0000000101900000] [id=32724]
  0x0000016f303f2a10 WorkerThread "GC Thread#2" [stack: 0x0000000101900000,0x0000000101a00000] [id=340]
  0x0000016f303f2ce0 WorkerThread "GC Thread#3" [stack: 0x0000000101a00000,0x0000000101b00000] [id=17428]
  0x0000016f303f2fb0 WorkerThread "GC Thread#4" [stack: 0x0000000101b00000,0x0000000101c00000] [id=2348]
  0x0000016f303f3820 WorkerThread "GC Thread#5" [stack: 0x0000000101c00000,0x0000000101d00000] [id=14852]
  0x0000016f2f8cc8a0 WorkerThread "GC Thread#6" [stack: 0x0000000102b00000,0x0000000102c00000] [id=36748]
  0x0000016f2f8cba90 WorkerThread "GC Thread#7" [stack: 0x0000000102c00000,0x0000000102d00000] [id=35692]
  0x0000016f7bce6760 ConcurrentGCThread "G1 Main Marker" [stack: 0x0000000100800000,0x0000000100900000] [id=39812]
  0x0000016f7bce7190 WorkerThread "G1 Conc#0" [stack: 0x0000000100900000,0x0000000100a00000] [id=14804]
  0x0000016f2f8ca410 WorkerThread "G1 Conc#1" [stack: 0x0000000102d00000,0x0000000102e00000] [id=2492]
  0x0000016f7bd6e560 ConcurrentGCThread "G1 Refine#0" [stack: 0x0000000100a00000,0x0000000100b00000] [id=37236]
  0x0000016f7f4a52b0 ConcurrentGCThread "G1 Service" [stack: 0x0000000100b00000,0x0000000100c00000] [id=26972]

Threads with active compile tasks:
C2 CompilerThread0    36754 5264   !   4       java.lang.ClassLoader::loadClass (121 bytes)

VM state: not at safepoint (normal execution)

VM Mutex/Monitor currently owned by a thread: None

Heap address: 0x00000000e0000000, size: 512 MB, Compressed Oops mode: 32-bit

CDS archive(s) mapped at: [0x0000016f17400000-0x0000016f18060000-0x0000016f18060000), size 12976128, SharedBaseAddress: 0x0000016f17400000, ArchiveRelocationMode: 1.
Compressed class space mapped at: 0x0000016f18400000-0x0000016f2b800000, reserved size: 322961408
Narrow klass base: 0x0000016f17400000, Narrow klass shift: 0, Narrow klass range: 0x100000000

GC Precious Log:
 CardTable entry size: 512
 Card Set container configuration: InlinePtr #cards 5 size 8 Array Of Cards #cards 12 size 40 Howl #buckets 4 coarsen threshold 1843 Howl Bitmap #cards 512 size 80 coarsen threshold 460 Card regions per heap region 1 cards per card region 2048
 CPUs: 8 total, 8 available
 Memory: 7941M
 Large Page Support: Disabled
 NUMA Support: Disabled
 Compressed Oops: Enabled (32-bit)
 Heap Region Size: 1M
 Heap Min Capacity: 256M
 Heap Initial Capacity: 256M
 Heap Max Capacity: 512M
 Pre-touch: Disabled
 Parallel Workers: 8
 Concurrent Workers: 2
 Concurrent Refinement Workers: 8
 Periodic GC: Disabled

Heap:
 garbage-first heap   total 262144K, used 134749K [0x00000000e0000000, 0x0000000100000000)
  region size 1024K, 107 young (109568K), 8 survivors (8192K)
 Metaspace       used 46273K, committed 47936K, reserved 380928K
  class space    used 6560K, committed 7424K, reserved 315392K

Heap Regions: E=young(eden), S=young(survivor), O=old, HS=humongous(starts), HC=humongous(continues), CS=collection set, F=free, OA=open archive, CA=closed archive, TAMS=top-at-mark-start, PB=parsable bottom
|   0|0x00000000e0000000, 0x00000000e0100000, 0x00000000e0100000|100%|HS|  |TAMS 0x00000000e0000000| PB 0x00000000e0000000| Complete 
|   1|0x00000000e0100000, 0x00000000e0200000, 0x00000000e0200000|100%|HC|  |TAMS 0x00000000e0100000| PB 0x00000000e0100000| Complete 
|   2|0x00000000e0200000, 0x00000000e0300000, 0x00000000e0300000|100%|HC|  |TAMS 0x00000000e0200000| PB 0x00000000e0200000| Complete 
|   3|0x00000000e0300000, 0x00000000e0400000, 0x00000000e0400000|100%|HC|  |TAMS 0x00000000e0300000| PB 0x00000000e0300000| Complete 
|   4|0x00000000e0400000, 0x00000000e0500000, 0x00000000e0500000|100%| O|  |TAMS 0x00000000e0400000| PB 0x00000000e0400000| Untracked 
|   5|0x00000000e0500000, 0x00000000e0600000, 0x00000000e0600000|100%| O|  |TAMS 0x00000000e0500000| PB 0x00000000e0500000| Untracked 
|   6|0x00000000e0600000, 0x00000000e0700000, 0x00000000e0700000|100%| O|  |TAMS 0x00000000e0600000| PB 0x00000000e0600000| Untracked 
|   7|0x00000000e0700000, 0x00000000e0800000, 0x00000000e0800000|100%|HS|  |TAMS 0x00000000e0700000| PB 0x00000000e0700000| Complete 
|   8|0x00000000e0800000, 0x00000000e0900000, 0x00000000e0900000|100%| O|  |TAMS 0x00000000e0800000| PB 0x00000000e0800000| Untracked 
|   9|0x00000000e0900000, 0x00000000e0a00000, 0x00000000e0a00000|100%| O|  |TAMS 0x00000000e0900000| PB 0x00000000e0900000| Untracked 
|  10|0x00000000e0a00000, 0x00000000e0b00000, 0x00000000e0b00000|100%| O|  |TAMS 0x00000000e0a00000| PB 0x00000000e0a00000| Untracked 
|  11|0x00000000e0b00000, 0x00000000e0c00000, 0x00000000e0c00000|100%| O|  |TAMS 0x00000000e0b00000| PB 0x00000000e0b00000| Untracked 
|  12|0x00000000e0c00000, 0x00000000e0d00000, 0x00000000e0d00000|100%| O|  |TAMS 0x00000000e0c00000| PB 0x00000000e0c00000| Untracked 
|  13|0x00000000e0d00000, 0x00000000e0e00000, 0x00000000e0e00000|100%| O|  |TAMS 0x00000000e0d00000| PB 0x00000000e0d00000| Untracked 
|  14|0x00000000e0e00000, 0x00000000e0f00000, 0x00000000e0f00000|100%| O|  |TAMS 0x00000000e0e00000| PB 0x00000000e0e00000| Untracked 
|  15|0x00000000e0f00000, 0x00000000e1000000, 0x00000000e1000000|100%| O|  |TAMS 0x00000000e0f00000| PB 0x00000000e0f00000| Complete 
|  16|0x00000000e1000000, 0x00000000e1100000, 0x00000000e1100000|100%| O|  |TAMS 0x00000000e1000000| PB 0x00000000e1000000| Untracked 
|  17|0x00000000e1100000, 0x00000000e1200000, 0x00000000e1200000|100%| O|  |TAMS 0x00000000e1100000| PB 0x00000000e1100000| Untracked 
|  18|0x00000000e1200000, 0x00000000e1300000, 0x00000000e1300000|100%| O|  |TAMS 0x00000000e1200000| PB 0x00000000e1200000| Untracked 
|  19|0x00000000e1300000, 0x00000000e1400000, 0x00000000e1400000|100%| O|  |TAMS 0x00000000e1300000| PB 0x00000000e1300000| Untracked 
|  20|0x00000000e1400000, 0x00000000e1500000, 0x00000000e1500000|100%| O|  |TAMS 0x00000000e1400000| PB 0x00000000e1400000| Untracked 
|  21|0x00000000e1500000, 0x00000000e1600000, 0x00000000e1600000|100%| O|  |TAMS 0x00000000e1500000| PB 0x00000000e1500000| Untracked 
|  22|0x00000000e1600000, 0x00000000e1700000, 0x00000000e1700000|100%| O|  |TAMS 0x00000000e1600000| PB 0x00000000e1600000| Untracked 
|  23|0x00000000e1700000, 0x00000000e1800000, 0x00000000e1800000|100%|HS|  |TAMS 0x00000000e1700000| PB 0x00000000e1700000| Complete 
|  24|0x00000000e1800000, 0x00000000e1900000, 0x00000000e1900000|100%|HS|  |TAMS 0x00000000e1800000| PB 0x00000000e1800000| Complete 
|  25|0x00000000e1900000, 0x00000000e1a00000, 0x00000000e1a00000|100%|HC|  |TAMS 0x00000000e1900000| PB 0x00000000e1900000| Complete 
|  26|0x00000000e1a00000, 0x00000000e1a00000, 0x00000000e1b00000|  0%| F|  |TAMS 0x00000000e1a00000| PB 0x00000000e1a00000| Untracked 
|  27|0x00000000e1b00000, 0x00000000e1b00000, 0x00000000e1c00000|  0%| F|  |TAMS 0x00000000e1b00000| PB 0x00000000e1b00000| Untracked 
|  28|0x00000000e1c00000, 0x00000000e1c97600, 0x00000000e1d00000| 59%| O|  |TAMS 0x00000000e1c00000| PB 0x00000000e1c00000| Untracked 
|  29|0x00000000e1d00000, 0x00000000e1d00000, 0x00000000e1e00000|  0%| F|  |TAMS 0x00000000e1d00000| PB 0x00000000e1d00000| Untracked 
|  30|0x00000000e1e00000, 0x00000000e1e00000, 0x00000000e1f00000|  0%| F|  |TAMS 0x00000000e1e00000| PB 0x00000000e1e00000| Untracked 
|  31|0x00000000e1f00000, 0x00000000e1f00000, 0x00000000e2000000|  0%| F|  |TAMS 0x00000000e1f00000| PB 0x00000000e1f00000| Untracked 
|  32|0x00000000e2000000, 0x00000000e2000000, 0x00000000e2100000|  0%| F|  |TAMS 0x00000000e2000000| PB 0x00000000e2000000| Untracked 
|  33|0x00000000e2100000, 0x00000000e2100000, 0x00000000e2200000|  0%| F|  |TAMS 0x00000000e2100000| PB 0x00000000e2100000| Untracked 
|  34|0x00000000e2200000, 0x00000000e2200000, 0x00000000e2300000|  0%| F|  |TAMS 0x00000000e2200000| PB 0x00000000e2200000| Untracked 
|  35|0x00000000e2300000, 0x00000000e2300000, 0x00000000e2400000|  0%| F|  |TAMS 0x00000000e2300000| PB 0x00000000e2300000| Untracked 
|  36|0x00000000e2400000, 0x00000000e2400000, 0x00000000e2500000|  0%| F|  |TAMS 0x00000000e2400000| PB 0x00000000e2400000| Untracked 
|  37|0x00000000e2500000, 0x00000000e2500000, 0x00000000e2600000|  0%| F|  |TAMS 0x00000000e2500000| PB 0x00000000e2500000| Untracked 
|  38|0x00000000e2600000, 0x00000000e2600000, 0x00000000e2700000|  0%| F|  |TAMS 0x00000000e2600000| PB 0x00000000e2600000| Untracked 
|  39|0x00000000e2700000, 0x00000000e2700000, 0x00000000e2800000|  0%| F|  |TAMS 0x00000000e2700000| PB 0x00000000e2700000| Untracked 
|  40|0x00000000e2800000, 0x00000000e2800000, 0x00000000e2900000|  0%| F|  |TAMS 0x00000000e2800000| PB 0x00000000e2800000| Untracked 
|  41|0x00000000e2900000, 0x00000000e2900000, 0x00000000e2a00000|  0%| F|  |TAMS 0x00000000e2900000| PB 0x00000000e2900000| Untracked 
|  42|0x00000000e2a00000, 0x00000000e2a00000, 0x00000000e2b00000|  0%| F|  |TAMS 0x00000000e2a00000| PB 0x00000000e2a00000| Untracked 
|  43|0x00000000e2b00000, 0x00000000e2b00000, 0x00000000e2c00000|  0%| F|  |TAMS 0x00000000e2b00000| PB 0x00000000e2b00000| Untracked 
|  44|0x00000000e2c00000, 0x00000000e2c00000, 0x00000000e2d00000|  0%| F|  |TAMS 0x00000000e2c00000| PB 0x00000000e2c00000| Untracked 
|  45|0x00000000e2d00000, 0x00000000e2d00000, 0x00000000e2e00000|  0%| F|  |TAMS 0x00000000e2d00000| PB 0x00000000e2d00000| Untracked 
|  46|0x00000000e2e00000, 0x00000000e2e00000, 0x00000000e2f00000|  0%| F|  |TAMS 0x00000000e2e00000| PB 0x00000000e2e00000| Untracked 
|  47|0x00000000e2f00000, 0x00000000e2f00000, 0x00000000e3000000|  0%| F|  |TAMS 0x00000000e2f00000| PB 0x00000000e2f00000| Untracked 
|  48|0x00000000e3000000, 0x00000000e3000000, 0x00000000e3100000|  0%| F|  |TAMS 0x00000000e3000000| PB 0x00000000e3000000| Untracked 
|  49|0x00000000e3100000, 0x00000000e3100000, 0x00000000e3200000|  0%| F|  |TAMS 0x00000000e3100000| PB 0x00000000e3100000| Untracked 
|  50|0x00000000e3200000, 0x00000000e3200000, 0x00000000e3300000|  0%| F|  |TAMS 0x00000000e3200000| PB 0x00000000e3200000| Untracked 
|  51|0x00000000e3300000, 0x00000000e3300000, 0x00000000e3400000|  0%| F|  |TAMS 0x00000000e3300000| PB 0x00000000e3300000| Untracked 
|  52|0x00000000e3400000, 0x00000000e3400000, 0x00000000e3500000|  0%| F|  |TAMS 0x00000000e3400000| PB 0x00000000e3400000| Untracked 
|  53|0x00000000e3500000, 0x00000000e3500000, 0x00000000e3600000|  0%| F|  |TAMS 0x00000000e3500000| PB 0x00000000e3500000| Untracked 
|  54|0x00000000e3600000, 0x00000000e3600000, 0x00000000e3700000|  0%| F|  |TAMS 0x00000000e3600000| PB 0x00000000e3600000| Untracked 
|  55|0x00000000e3700000, 0x00000000e3700000, 0x00000000e3800000|  0%| F|  |TAMS 0x00000000e3700000| PB 0x00000000e3700000| Untracked 
|  56|0x00000000e3800000, 0x00000000e3800000, 0x00000000e3900000|  0%| F|  |TAMS 0x00000000e3800000| PB 0x00000000e3800000| Untracked 
|  57|0x00000000e3900000, 0x00000000e3900000, 0x00000000e3a00000|  0%| F|  |TAMS 0x00000000e3900000| PB 0x00000000e3900000| Untracked 
|  58|0x00000000e3a00000, 0x00000000e3a00000, 0x00000000e3b00000|  0%| F|  |TAMS 0x00000000e3a00000| PB 0x00000000e3a00000| Untracked 
|  59|0x00000000e3b00000, 0x00000000e3b00000, 0x00000000e3c00000|  0%| F|  |TAMS 0x00000000e3b00000| PB 0x00000000e3b00000| Untracked 
|  60|0x00000000e3c00000, 0x00000000e3c00000, 0x00000000e3d00000|  0%| F|  |TAMS 0x00000000e3c00000| PB 0x00000000e3c00000| Untracked 
|  61|0x00000000e3d00000, 0x00000000e3d00000, 0x00000000e3e00000|  0%| F|  |TAMS 0x00000000e3d00000| PB 0x00000000e3d00000| Untracked 
|  62|0x00000000e3e00000, 0x00000000e3e00000, 0x00000000e3f00000|  0%| F|  |TAMS 0x00000000e3e00000| PB 0x00000000e3e00000| Untracked 
|  63|0x00000000e3f00000, 0x00000000e3f00000, 0x00000000e4000000|  0%| F|  |TAMS 0x00000000e3f00000| PB 0x00000000e3f00000| Untracked 
|  64|0x00000000e4000000, 0x00000000e4000000, 0x00000000e4100000|  0%| F|  |TAMS 0x00000000e4000000| PB 0x00000000e4000000| Untracked 
|  65|0x00000000e4100000, 0x00000000e4100000, 0x00000000e4200000|  0%| F|  |TAMS 0x00000000e4100000| PB 0x00000000e4100000| Untracked 
|  66|0x00000000e4200000, 0x00000000e4200000, 0x00000000e4300000|  0%| F|  |TAMS 0x00000000e4200000| PB 0x00000000e4200000| Untracked 
|  67|0x00000000e4300000, 0x00000000e4300000, 0x00000000e4400000|  0%| F|  |TAMS 0x00000000e4300000| PB 0x00000000e4300000| Untracked 
|  68|0x00000000e4400000, 0x00000000e4400000, 0x00000000e4500000|  0%| F|  |TAMS 0x00000000e4400000| PB 0x00000000e4400000| Untracked 
|  69|0x00000000e4500000, 0x00000000e4500000, 0x00000000e4600000|  0%| F|  |TAMS 0x00000000e4500000| PB 0x00000000e4500000| Untracked 
|  70|0x00000000e4600000, 0x00000000e4600000, 0x00000000e4700000|  0%| F|  |TAMS 0x00000000e4600000| PB 0x00000000e4600000| Untracked 
|  71|0x00000000e4700000, 0x00000000e4700000, 0x00000000e4800000|  0%| F|  |TAMS 0x00000000e4700000| PB 0x00000000e4700000| Untracked 
|  72|0x00000000e4800000, 0x00000000e4800000, 0x00000000e4900000|  0%| F|  |TAMS 0x00000000e4800000| PB 0x00000000e4800000| Untracked 
|  73|0x00000000e4900000, 0x00000000e4900000, 0x00000000e4a00000|  0%| F|  |TAMS 0x00000000e4900000| PB 0x00000000e4900000| Untracked 
|  74|0x00000000e4a00000, 0x00000000e4a00000, 0x00000000e4b00000|  0%| F|  |TAMS 0x00000000e4a00000| PB 0x00000000e4a00000| Untracked 
|  75|0x00000000e4b00000, 0x00000000e4b00000, 0x00000000e4c00000|  0%| F|  |TAMS 0x00000000e4b00000| PB 0x00000000e4b00000| Untracked 
|  76|0x00000000e4c00000, 0x00000000e4c00000, 0x00000000e4d00000|  0%| F|  |TAMS 0x00000000e4c00000| PB 0x00000000e4c00000| Untracked 
|  77|0x00000000e4d00000, 0x00000000e4d00000, 0x00000000e4e00000|  0%| F|  |TAMS 0x00000000e4d00000| PB 0x00000000e4d00000| Untracked 
|  78|0x00000000e4e00000, 0x00000000e4e00000, 0x00000000e4f00000|  0%| F|  |TAMS 0x00000000e4e00000| PB 0x00000000e4e00000| Untracked 
|  79|0x00000000e4f00000, 0x00000000e4f00000, 0x00000000e5000000|  0%| F|  |TAMS 0x00000000e4f00000| PB 0x00000000e4f00000| Untracked 
|  80|0x00000000e5000000, 0x00000000e5000000, 0x00000000e5100000|  0%| F|  |TAMS 0x00000000e5000000| PB 0x00000000e5000000| Untracked 
|  81|0x00000000e5100000, 0x00000000e5100000, 0x00000000e5200000|  0%| F|  |TAMS 0x00000000e5100000| PB 0x00000000e5100000| Untracked 
|  82|0x00000000e5200000, 0x00000000e5200000, 0x00000000e5300000|  0%| F|  |TAMS 0x00000000e5200000| PB 0x00000000e5200000| Untracked 
|  83|0x00000000e5300000, 0x00000000e5300000, 0x00000000e5400000|  0%| F|  |TAMS 0x00000000e5300000| PB 0x00000000e5300000| Untracked 
|  84|0x00000000e5400000, 0x00000000e5400000, 0x00000000e5500000|  0%| F|  |TAMS 0x00000000e5400000| PB 0x00000000e5400000| Untracked 
|  85|0x00000000e5500000, 0x00000000e5500000, 0x00000000e5600000|  0%| F|  |TAMS 0x00000000e5500000| PB 0x00000000e5500000| Untracked 
|  86|0x00000000e5600000, 0x00000000e5600000, 0x00000000e5700000|  0%| F|  |TAMS 0x00000000e5600000| PB 0x00000000e5600000| Untracked 
|  87|0x00000000e5700000, 0x00000000e5700000, 0x00000000e5800000|  0%| F|  |TAMS 0x00000000e5700000| PB 0x00000000e5700000| Untracked 
|  88|0x00000000e5800000, 0x00000000e5800000, 0x00000000e5900000|  0%| F|  |TAMS 0x00000000e5800000| PB 0x00000000e5800000| Untracked 
|  89|0x00000000e5900000, 0x00000000e5900000, 0x00000000e5a00000|  0%| F|  |TAMS 0x00000000e5900000| PB 0x00000000e5900000| Untracked 
|  90|0x00000000e5a00000, 0x00000000e5a00000, 0x00000000e5b00000|  0%| F|  |TAMS 0x00000000e5a00000| PB 0x00000000e5a00000| Untracked 
|  91|0x00000000e5b00000, 0x00000000e5b00000, 0x00000000e5c00000|  0%| F|  |TAMS 0x00000000e5b00000| PB 0x00000000e5b00000| Untracked 
|  92|0x00000000e5c00000, 0x00000000e5c00000, 0x00000000e5d00000|  0%| F|  |TAMS 0x00000000e5c00000| PB 0x00000000e5c00000| Untracked 
|  93|0x00000000e5d00000, 0x00000000e5d00000, 0x00000000e5e00000|  0%| F|  |TAMS 0x00000000e5d00000| PB 0x00000000e5d00000| Untracked 
|  94|0x00000000e5e00000, 0x00000000e5e00000, 0x00000000e5f00000|  0%| F|  |TAMS 0x00000000e5e00000| PB 0x00000000e5e00000| Untracked 
|  95|0x00000000e5f00000, 0x00000000e5f00000, 0x00000000e6000000|  0%| F|  |TAMS 0x00000000e5f00000| PB 0x00000000e5f00000| Untracked 
|  96|0x00000000e6000000, 0x00000000e6000000, 0x00000000e6100000|  0%| F|  |TAMS 0x00000000e6000000| PB 0x00000000e6000000| Untracked 
|  97|0x00000000e6100000, 0x00000000e6100000, 0x00000000e6200000|  0%| F|  |TAMS 0x00000000e6100000| PB 0x00000000e6100000| Untracked 
|  98|0x00000000e6200000, 0x00000000e6200000, 0x00000000e6300000|  0%| F|  |TAMS 0x00000000e6200000| PB 0x00000000e6200000| Untracked 
|  99|0x00000000e6300000, 0x00000000e6300000, 0x00000000e6400000|  0%| F|  |TAMS 0x00000000e6300000| PB 0x00000000e6300000| Untracked 
| 100|0x00000000e6400000, 0x00000000e6400000, 0x00000000e6500000|  0%| F|  |TAMS 0x00000000e6400000| PB 0x00000000e6400000| Untracked 
| 101|0x00000000e6500000, 0x00000000e6500000, 0x00000000e6600000|  0%| F|  |TAMS 0x00000000e6500000| PB 0x00000000e6500000| Untracked 
| 102|0x00000000e6600000, 0x00000000e6600000, 0x00000000e6700000|  0%| F|  |TAMS 0x00000000e6600000| PB 0x00000000e6600000| Untracked 
| 103|0x00000000e6700000, 0x00000000e6700000, 0x00000000e6800000|  0%| F|  |TAMS 0x00000000e6700000| PB 0x00000000e6700000| Untracked 
| 104|0x00000000e6800000, 0x00000000e6800000, 0x00000000e6900000|  0%| F|  |TAMS 0x00000000e6800000| PB 0x00000000e6800000| Untracked 
| 105|0x00000000e6900000, 0x00000000e6900000, 0x00000000e6a00000|  0%| F|  |TAMS 0x00000000e6900000| PB 0x00000000e6900000| Untracked 
| 106|0x00000000e6a00000, 0x00000000e6a00000, 0x00000000e6b00000|  0%| F|  |TAMS 0x00000000e6a00000| PB 0x00000000e6a00000| Untracked 
| 107|0x00000000e6b00000, 0x00000000e6b00000, 0x00000000e6c00000|  0%| F|  |TAMS 0x00000000e6b00000| PB 0x00000000e6b00000| Untracked 
| 108|0x00000000e6c00000, 0x00000000e6c00000, 0x00000000e6d00000|  0%| F|  |TAMS 0x00000000e6c00000| PB 0x00000000e6c00000| Untracked 
| 109|0x00000000e6d00000, 0x00000000e6d00000, 0x00000000e6e00000|  0%| F|  |TAMS 0x00000000e6d00000| PB 0x00000000e6d00000| Untracked 
| 110|0x00000000e6e00000, 0x00000000e6e00000, 0x00000000e6f00000|  0%| F|  |TAMS 0x00000000e6e00000| PB 0x00000000e6e00000| Untracked 
| 111|0x00000000e6f00000, 0x00000000e6f00000, 0x00000000e7000000|  0%| F|  |TAMS 0x00000000e6f00000| PB 0x00000000e6f00000| Untracked 
| 112|0x00000000e7000000, 0x00000000e7000000, 0x00000000e7100000|  0%| F|  |TAMS 0x00000000e7000000| PB 0x00000000e7000000| Untracked 
| 113|0x00000000e7100000, 0x00000000e7100000, 0x00000000e7200000|  0%| F|  |TAMS 0x00000000e7100000| PB 0x00000000e7100000| Untracked 
| 114|0x00000000e7200000, 0x00000000e7200000, 0x00000000e7300000|  0%| F|  |TAMS 0x00000000e7200000| PB 0x00000000e7200000| Untracked 
| 115|0x00000000e7300000, 0x00000000e7300000, 0x00000000e7400000|  0%| F|  |TAMS 0x00000000e7300000| PB 0x00000000e7300000| Untracked 
| 116|0x00000000e7400000, 0x00000000e7400000, 0x00000000e7500000|  0%| F|  |TAMS 0x00000000e7400000| PB 0x00000000e7400000| Untracked 
| 117|0x00000000e7500000, 0x00000000e7500000, 0x00000000e7600000|  0%| F|  |TAMS 0x00000000e7500000| PB 0x00000000e7500000| Untracked 
| 118|0x00000000e7600000, 0x00000000e7600000, 0x00000000e7700000|  0%| F|  |TAMS 0x00000000e7600000| PB 0x00000000e7600000| Untracked 
| 119|0x00000000e7700000, 0x00000000e7700000, 0x00000000e7800000|  0%| F|  |TAMS 0x00000000e7700000| PB 0x00000000e7700000| Untracked 
| 120|0x00000000e7800000, 0x00000000e7800000, 0x00000000e7900000|  0%| F|  |TAMS 0x00000000e7800000| PB 0x00000000e7800000| Untracked 
| 121|0x00000000e7900000, 0x00000000e7900000, 0x00000000e7a00000|  0%| F|  |TAMS 0x00000000e7900000| PB 0x00000000e7900000| Untracked 
| 122|0x00000000e7a00000, 0x00000000e7a00000, 0x00000000e7b00000|  0%| F|  |TAMS 0x00000000e7a00000| PB 0x00000000e7a00000| Untracked 
| 123|0x00000000e7b00000, 0x00000000e7b00000, 0x00000000e7c00000|  0%| F|  |TAMS 0x00000000e7b00000| PB 0x00000000e7b00000| Untracked 
| 124|0x00000000e7c00000, 0x00000000e7c00000, 0x00000000e7d00000|  0%| F|  |TAMS 0x00000000e7c00000| PB 0x00000000e7c00000| Untracked 
| 125|0x00000000e7d00000, 0x00000000e7d00000, 0x00000000e7e00000|  0%| F|  |TAMS 0x00000000e7d00000| PB 0x00000000e7d00000| Untracked 
| 126|0x00000000e7e00000, 0x00000000e7e00000, 0x00000000e7f00000|  0%| F|  |TAMS 0x00000000e7e00000| PB 0x00000000e7e00000| Untracked 
| 127|0x00000000e7f00000, 0x00000000e7f00000, 0x00000000e8000000|  0%| F|  |TAMS 0x00000000e7f00000| PB 0x00000000e7f00000| Untracked 
| 128|0x00000000e8000000, 0x00000000e8000000, 0x00000000e8100000|  0%| F|  |TAMS 0x00000000e8000000| PB 0x00000000e8000000| Untracked 
| 129|0x00000000e8100000, 0x00000000e8100000, 0x00000000e8200000|  0%| F|  |TAMS 0x00000000e8100000| PB 0x00000000e8100000| Untracked 
| 130|0x00000000e8200000, 0x00000000e8200000, 0x00000000e8300000|  0%| F|  |TAMS 0x00000000e8200000| PB 0x00000000e8200000| Untracked 
| 131|0x00000000e8300000, 0x00000000e8300000, 0x00000000e8400000|  0%| F|  |TAMS 0x00000000e8300000| PB 0x00000000e8300000| Untracked 
| 132|0x00000000e8400000, 0x00000000e8400000, 0x00000000e8500000|  0%| F|  |TAMS 0x00000000e8400000| PB 0x00000000e8400000| Untracked 
| 133|0x00000000e8500000, 0x00000000e8500000, 0x00000000e8600000|  0%| F|  |TAMS 0x00000000e8500000| PB 0x00000000e8500000| Untracked 
| 134|0x00000000e8600000, 0x00000000e8600000, 0x00000000e8700000|  0%| F|  |TAMS 0x00000000e8600000| PB 0x00000000e8600000| Untracked 
| 135|0x00000000e8700000, 0x00000000e8700000, 0x00000000e8800000|  0%| F|  |TAMS 0x00000000e8700000| PB 0x00000000e8700000| Untracked 
| 136|0x00000000e8800000, 0x00000000e8800000, 0x00000000e8900000|  0%| F|  |TAMS 0x00000000e8800000| PB 0x00000000e8800000| Untracked 
| 137|0x00000000e8900000, 0x00000000e8900000, 0x00000000e8a00000|  0%| F|  |TAMS 0x00000000e8900000| PB 0x00000000e8900000| Untracked 
| 138|0x00000000e8a00000, 0x00000000e8a00000, 0x00000000e8b00000|  0%| F|  |TAMS 0x00000000e8a00000| PB 0x00000000e8a00000| Untracked 
| 139|0x00000000e8b00000, 0x00000000e8b00000, 0x00000000e8c00000|  0%| F|  |TAMS 0x00000000e8b00000| PB 0x00000000e8b00000| Untracked 
| 140|0x00000000e8c00000, 0x00000000e8c00000, 0x00000000e8d00000|  0%| F|  |TAMS 0x00000000e8c00000| PB 0x00000000e8c00000| Untracked 
| 141|0x00000000e8d00000, 0x00000000e8d00000, 0x00000000e8e00000|  0%| F|  |TAMS 0x00000000e8d00000| PB 0x00000000e8d00000| Untracked 
| 142|0x00000000e8e00000, 0x00000000e8e00000, 0x00000000e8f00000|  0%| F|  |TAMS 0x00000000e8e00000| PB 0x00000000e8e00000| Untracked 
| 143|0x00000000e8f00000, 0x00000000e8f00000, 0x00000000e9000000|  0%| F|  |TAMS 0x00000000e8f00000| PB 0x00000000e8f00000| Untracked 
| 144|0x00000000e9000000, 0x00000000e9000000, 0x00000000e9100000|  0%| F|  |TAMS 0x00000000e9000000| PB 0x00000000e9000000| Untracked 
| 145|0x00000000e9100000, 0x00000000e9100000, 0x00000000e9200000|  0%| F|  |TAMS 0x00000000e9100000| PB 0x00000000e9100000| Untracked 
| 146|0x00000000e9200000, 0x00000000e9200000, 0x00000000e9300000|  0%| F|  |TAMS 0x00000000e9200000| PB 0x00000000e9200000| Untracked 
| 147|0x00000000e9300000, 0x00000000e9300000, 0x00000000e9400000|  0%| F|  |TAMS 0x00000000e9300000| PB 0x00000000e9300000| Untracked 
| 148|0x00000000e9400000, 0x00000000e9400000, 0x00000000e9500000|  0%| F|  |TAMS 0x00000000e9400000| PB 0x00000000e9400000| Untracked 
| 149|0x00000000e9500000, 0x00000000e9581010, 0x00000000e9600000| 50%| E|  |TAMS 0x00000000e9500000| PB 0x00000000e9500000| Complete 
| 150|0x00000000e9600000, 0x00000000e9700000, 0x00000000e9700000|100%| E|CS|TAMS 0x00000000e9600000| PB 0x00000000e9600000| Complete 
| 151|0x00000000e9700000, 0x00000000e9800000, 0x00000000e9800000|100%| E|CS|TAMS 0x00000000e9700000| PB 0x00000000e9700000| Complete 
| 152|0x00000000e9800000, 0x00000000e9900000, 0x00000000e9900000|100%| E|CS|TAMS 0x00000000e9800000| PB 0x00000000e9800000| Complete 
| 153|0x00000000e9900000, 0x00000000e9a00000, 0x00000000e9a00000|100%| E|CS|TAMS 0x00000000e9900000| PB 0x00000000e9900000| Complete 
| 154|0x00000000e9a00000, 0x00000000e9b00000, 0x00000000e9b00000|100%| E|CS|TAMS 0x00000000e9a00000| PB 0x00000000e9a00000| Complete 
| 155|0x00000000e9b00000, 0x00000000e9c00000, 0x00000000e9c00000|100%| E|CS|TAMS 0x00000000e9b00000| PB 0x00000000e9b00000| Complete 
| 156|0x00000000e9c00000, 0x00000000e9d00000, 0x00000000e9d00000|100%| E|CS|TAMS 0x00000000e9c00000| PB 0x00000000e9c00000| Complete 
| 157|0x00000000e9d00000, 0x00000000e9e00000, 0x00000000e9e00000|100%| E|CS|TAMS 0x00000000e9d00000| PB 0x00000000e9d00000| Complete 
| 158|0x00000000e9e00000, 0x00000000e9f00000, 0x00000000e9f00000|100%| E|CS|TAMS 0x00000000e9e00000| PB 0x00000000e9e00000| Complete 
| 159|0x00000000e9f00000, 0x00000000ea000000, 0x00000000ea000000|100%| E|CS|TAMS 0x00000000e9f00000| PB 0x00000000e9f00000| Complete 
| 160|0x00000000ea000000, 0x00000000ea100000, 0x00000000ea100000|100%| E|CS|TAMS 0x00000000ea000000| PB 0x00000000ea000000| Complete 
| 161|0x00000000ea100000, 0x00000000ea200000, 0x00000000ea200000|100%| E|CS|TAMS 0x00000000ea100000| PB 0x00000000ea100000| Complete 
| 162|0x00000000ea200000, 0x00000000ea300000, 0x00000000ea300000|100%| E|CS|TAMS 0x00000000ea200000| PB 0x00000000ea200000| Complete 
| 163|0x00000000ea300000, 0x00000000ea400000, 0x00000000ea400000|100%| E|CS|TAMS 0x00000000ea300000| PB 0x00000000ea300000| Complete 
| 164|0x00000000ea400000, 0x00000000ea500000, 0x00000000ea500000|100%| E|CS|TAMS 0x00000000ea400000| PB 0x00000000ea400000| Complete 
| 165|0x00000000ea500000, 0x00000000ea600000, 0x00000000ea600000|100%| E|CS|TAMS 0x00000000ea500000| PB 0x00000000ea500000| Complete 
| 166|0x00000000ea600000, 0x00000000ea700000, 0x00000000ea700000|100%| E|CS|TAMS 0x00000000ea600000| PB 0x00000000ea600000| Complete 
| 167|0x00000000ea700000, 0x00000000ea800000, 0x00000000ea800000|100%| E|CS|TAMS 0x00000000ea700000| PB 0x00000000ea700000| Complete 
| 168|0x00000000ea800000, 0x00000000ea900000, 0x00000000ea900000|100%| E|CS|TAMS 0x00000000ea800000| PB 0x00000000ea800000| Complete 
| 169|0x00000000ea900000, 0x00000000eaa00000, 0x00000000eaa00000|100%| E|CS|TAMS 0x00000000ea900000| PB 0x00000000ea900000| Complete 
| 170|0x00000000eaa00000, 0x00000000eab00000, 0x00000000eab00000|100%| E|CS|TAMS 0x00000000eaa00000| PB 0x00000000eaa00000| Complete 
| 171|0x00000000eab00000, 0x00000000eac00000, 0x00000000eac00000|100%| E|CS|TAMS 0x00000000eab00000| PB 0x00000000eab00000| Complete 
| 172|0x00000000eac00000, 0x00000000ead00000, 0x00000000ead00000|100%| E|CS|TAMS 0x00000000eac00000| PB 0x00000000eac00000| Complete 
| 173|0x00000000ead00000, 0x00000000eae00000, 0x00000000eae00000|100%| E|CS|TAMS 0x00000000ead00000| PB 0x00000000ead00000| Complete 
| 174|0x00000000eae00000, 0x00000000eaf00000, 0x00000000eaf00000|100%| E|CS|TAMS 0x00000000eae00000| PB 0x00000000eae00000| Complete 
| 175|0x00000000eaf00000, 0x00000000eb000000, 0x00000000eb000000|100%| E|CS|TAMS 0x00000000eaf00000| PB 0x00000000eaf00000| Complete 
| 176|0x00000000eb000000, 0x00000000eb100000, 0x00000000eb100000|100%| E|CS|TAMS 0x00000000eb000000| PB 0x00000000eb000000| Complete 
| 177|0x00000000eb100000, 0x00000000eb200000, 0x00000000eb200000|100%| E|CS|TAMS 0x00000000eb100000| PB 0x00000000eb100000| Complete 
| 178|0x00000000eb200000, 0x00000000eb300000, 0x00000000eb300000|100%| E|CS|TAMS 0x00000000eb200000| PB 0x00000000eb200000| Complete 
| 179|0x00000000eb300000, 0x00000000eb400000, 0x00000000eb400000|100%| E|CS|TAMS 0x00000000eb300000| PB 0x00000000eb300000| Complete 
| 180|0x00000000eb400000, 0x00000000eb500000, 0x00000000eb500000|100%| E|CS|TAMS 0x00000000eb400000| PB 0x00000000eb400000| Complete 
| 181|0x00000000eb500000, 0x00000000eb600000, 0x00000000eb600000|100%| E|CS|TAMS 0x00000000eb500000| PB 0x00000000eb500000| Complete 
| 182|0x00000000eb600000, 0x00000000eb700000, 0x00000000eb700000|100%| E|CS|TAMS 0x00000000eb600000| PB 0x00000000eb600000| Complete 
| 183|0x00000000eb700000, 0x00000000eb800000, 0x00000000eb800000|100%| E|CS|TAMS 0x00000000eb700000| PB 0x00000000eb700000| Complete 
| 184|0x00000000eb800000, 0x00000000eb900000, 0x00000000eb900000|100%| E|CS|TAMS 0x00000000eb800000| PB 0x00000000eb800000| Complete 
| 185|0x00000000eb900000, 0x00000000eba00000, 0x00000000eba00000|100%| E|CS|TAMS 0x00000000eb900000| PB 0x00000000eb900000| Complete 
| 186|0x00000000eba00000, 0x00000000ebb00000, 0x00000000ebb00000|100%| E|CS|TAMS 0x00000000eba00000| PB 0x00000000eba00000| Complete 
| 187|0x00000000ebb00000, 0x00000000ebc00000, 0x00000000ebc00000|100%| E|CS|TAMS 0x00000000ebb00000| PB 0x00000000ebb00000| Complete 
| 188|0x00000000ebc00000, 0x00000000ebd00000, 0x00000000ebd00000|100%| E|CS|TAMS 0x00000000ebc00000| PB 0x00000000ebc00000| Complete 
| 189|0x00000000ebd00000, 0x00000000ebe00000, 0x00000000ebe00000|100%| E|CS|TAMS 0x00000000ebd00000| PB 0x00000000ebd00000| Complete 
| 190|0x00000000ebe00000, 0x00000000ebf00000, 0x00000000ebf00000|100%| E|CS|TAMS 0x00000000ebe00000| PB 0x00000000ebe00000| Complete 
| 191|0x00000000ebf00000, 0x00000000ec000000, 0x00000000ec000000|100%| E|CS|TAMS 0x00000000ebf00000| PB 0x00000000ebf00000| Complete 
| 192|0x00000000ec000000, 0x00000000ec100000, 0x00000000ec100000|100%| E|CS|TAMS 0x00000000ec000000| PB 0x00000000ec000000| Complete 
| 193|0x00000000ec100000, 0x00000000ec200000, 0x00000000ec200000|100%| E|CS|TAMS 0x00000000ec100000| PB 0x00000000ec100000| Complete 
| 194|0x00000000ec200000, 0x00000000ec300000, 0x00000000ec300000|100%| E|CS|TAMS 0x00000000ec200000| PB 0x00000000ec200000| Complete 
| 195|0x00000000ec300000, 0x00000000ec400000, 0x00000000ec400000|100%| E|CS|TAMS 0x00000000ec300000| PB 0x00000000ec300000| Complete 
| 196|0x00000000ec400000, 0x00000000ec500000, 0x00000000ec500000|100%| E|CS|TAMS 0x00000000ec400000| PB 0x00000000ec400000| Complete 
| 197|0x00000000ec500000, 0x00000000ec600000, 0x00000000ec600000|100%| E|CS|TAMS 0x00000000ec500000| PB 0x00000000ec500000| Complete 
| 198|0x00000000ec600000, 0x00000000ec700000, 0x00000000ec700000|100%| E|CS|TAMS 0x00000000ec600000| PB 0x00000000ec600000| Complete 
| 199|0x00000000ec700000, 0x00000000ec800000, 0x00000000ec800000|100%| E|CS|TAMS 0x00000000ec700000| PB 0x00000000ec700000| Complete 
| 200|0x00000000ec800000, 0x00000000ec900000, 0x00000000ec900000|100%| E|CS|TAMS 0x00000000ec800000| PB 0x00000000ec800000| Complete 
| 201|0x00000000ec900000, 0x00000000eca00000, 0x00000000eca00000|100%| E|CS|TAMS 0x00000000ec900000| PB 0x00000000ec900000| Complete 
| 202|0x00000000eca00000, 0x00000000ecb00000, 0x00000000ecb00000|100%| E|CS|TAMS 0x00000000eca00000| PB 0x00000000eca00000| Complete 
| 203|0x00000000ecb00000, 0x00000000ecc00000, 0x00000000ecc00000|100%| E|CS|TAMS 0x00000000ecb00000| PB 0x00000000ecb00000| Complete 
| 204|0x00000000ecc00000, 0x00000000ecd00000, 0x00000000ecd00000|100%| E|CS|TAMS 0x00000000ecc00000| PB 0x00000000ecc00000| Complete 
| 205|0x00000000ecd00000, 0x00000000ece00000, 0x00000000ece00000|100%| E|CS|TAMS 0x00000000ecd00000| PB 0x00000000ecd00000| Complete 
| 206|0x00000000ece00000, 0x00000000ecf00000, 0x00000000ecf00000|100%| E|CS|TAMS 0x00000000ece00000| PB 0x00000000ece00000| Complete 
| 207|0x00000000ecf00000, 0x00000000ed000000, 0x00000000ed000000|100%| E|CS|TAMS 0x00000000ecf00000| PB 0x00000000ecf00000| Complete 
| 208|0x00000000ed000000, 0x00000000ed100000, 0x00000000ed100000|100%| E|CS|TAMS 0x00000000ed000000| PB 0x00000000ed000000| Complete 
| 209|0x00000000ed100000, 0x00000000ed200000, 0x00000000ed200000|100%| E|CS|TAMS 0x00000000ed100000| PB 0x00000000ed100000| Complete 
| 210|0x00000000ed200000, 0x00000000ed300000, 0x00000000ed300000|100%| E|CS|TAMS 0x00000000ed200000| PB 0x00000000ed200000| Complete 
| 211|0x00000000ed300000, 0x00000000ed400000, 0x00000000ed400000|100%| E|CS|TAMS 0x00000000ed300000| PB 0x00000000ed300000| Complete 
| 212|0x00000000ed400000, 0x00000000ed500000, 0x00000000ed500000|100%| E|CS|TAMS 0x00000000ed400000| PB 0x00000000ed400000| Complete 
| 213|0x00000000ed500000, 0x00000000ed600000, 0x00000000ed600000|100%| E|CS|TAMS 0x00000000ed500000| PB 0x00000000ed500000| Complete 
| 214|0x00000000ed600000, 0x00000000ed700000, 0x00000000ed700000|100%| E|CS|TAMS 0x00000000ed600000| PB 0x00000000ed600000| Complete 
| 215|0x00000000ed700000, 0x00000000ed800000, 0x00000000ed800000|100%| E|CS|TAMS 0x00000000ed700000| PB 0x00000000ed700000| Complete 
| 216|0x00000000ed800000, 0x00000000ed900000, 0x00000000ed900000|100%| E|CS|TAMS 0x00000000ed800000| PB 0x00000000ed800000| Complete 
| 217|0x00000000ed900000, 0x00000000eda00000, 0x00000000eda00000|100%| E|CS|TAMS 0x00000000ed900000| PB 0x00000000ed900000| Complete 
| 218|0x00000000eda00000, 0x00000000edb00000, 0x00000000edb00000|100%| E|CS|TAMS 0x00000000eda00000| PB 0x00000000eda00000| Complete 
| 219|0x00000000edb00000, 0x00000000edc00000, 0x00000000edc00000|100%| E|CS|TAMS 0x00000000edb00000| PB 0x00000000edb00000| Complete 
| 220|0x00000000edc00000, 0x00000000edd00000, 0x00000000edd00000|100%| E|CS|TAMS 0x00000000edc00000| PB 0x00000000edc00000| Complete 
| 221|0x00000000edd00000, 0x00000000ede00000, 0x00000000ede00000|100%| E|  |TAMS 0x00000000edd00000| PB 0x00000000edd00000| Complete 
| 222|0x00000000ede00000, 0x00000000edf00000, 0x00000000edf00000|100%| E|CS|TAMS 0x00000000ede00000| PB 0x00000000ede00000| Complete 
| 223|0x00000000edf00000, 0x00000000ee000000, 0x00000000ee000000|100%| E|CS|TAMS 0x00000000edf00000| PB 0x00000000edf00000| Complete 
| 224|0x00000000ee000000, 0x00000000ee100000, 0x00000000ee100000|100%| E|CS|TAMS 0x00000000ee000000| PB 0x00000000ee000000| Complete 
| 225|0x00000000ee100000, 0x00000000ee200000, 0x00000000ee200000|100%| E|CS|TAMS 0x00000000ee100000| PB 0x00000000ee100000| Complete 
| 226|0x00000000ee200000, 0x00000000ee300000, 0x00000000ee300000|100%| E|CS|TAMS 0x00000000ee200000| PB 0x00000000ee200000| Complete 
| 227|0x00000000ee300000, 0x00000000ee400000, 0x00000000ee400000|100%| E|CS|TAMS 0x00000000ee300000| PB 0x00000000ee300000| Complete 
| 228|0x00000000ee400000, 0x00000000ee500000, 0x00000000ee500000|100%| E|CS|TAMS 0x00000000ee400000| PB 0x00000000ee400000| Complete 
| 229|0x00000000ee500000, 0x00000000ee600000, 0x00000000ee600000|100%| E|CS|TAMS 0x00000000ee500000| PB 0x00000000ee500000| Complete 
| 230|0x00000000ee600000, 0x00000000ee700000, 0x00000000ee700000|100%| E|CS|TAMS 0x00000000ee600000| PB 0x00000000ee600000| Complete 
| 231|0x00000000ee700000, 0x00000000ee800000, 0x00000000ee800000|100%| E|CS|TAMS 0x00000000ee700000| PB 0x00000000ee700000| Complete 
| 232|0x00000000ee800000, 0x00000000ee900000, 0x00000000ee900000|100%| E|CS|TAMS 0x00000000ee800000| PB 0x00000000ee800000| Complete 
| 233|0x00000000ee900000, 0x00000000eea00000, 0x00000000eea00000|100%| E|CS|TAMS 0x00000000ee900000| PB 0x00000000ee900000| Complete 
| 234|0x00000000eea00000, 0x00000000eeb00000, 0x00000000eeb00000|100%| E|CS|TAMS 0x00000000eea00000| PB 0x00000000eea00000| Complete 
| 235|0x00000000eeb00000, 0x00000000eec00000, 0x00000000eec00000|100%| E|CS|TAMS 0x00000000eeb00000| PB 0x00000000eeb00000| Complete 
| 236|0x00000000eec00000, 0x00000000eed00000, 0x00000000eed00000|100%| E|CS|TAMS 0x00000000eec00000| PB 0x00000000eec00000| Complete 
| 237|0x00000000eed00000, 0x00000000eee00000, 0x00000000eee00000|100%| E|CS|TAMS 0x00000000eed00000| PB 0x00000000eed00000| Complete 
| 238|0x00000000eee00000, 0x00000000eef00000, 0x00000000eef00000|100%| E|CS|TAMS 0x00000000eee00000| PB 0x00000000eee00000| Complete 
| 239|0x00000000eef00000, 0x00000000ef000000, 0x00000000ef000000|100%| S|CS|TAMS 0x00000000eef00000| PB 0x00000000eef00000| Complete 
| 240|0x00000000ef000000, 0x00000000ef100000, 0x00000000ef100000|100%| S|CS|TAMS 0x00000000ef000000| PB 0x00000000ef000000| Complete 
| 241|0x00000000ef100000, 0x00000000ef200000, 0x00000000ef200000|100%| S|CS|TAMS 0x00000000ef100000| PB 0x00000000ef100000| Complete 
| 242|0x00000000ef200000, 0x00000000ef300000, 0x00000000ef300000|100%| S|CS|TAMS 0x00000000ef200000| PB 0x00000000ef200000| Complete 
| 243|0x00000000ef300000, 0x00000000ef400000, 0x00000000ef400000|100%| S|CS|TAMS 0x00000000ef300000| PB 0x00000000ef300000| Complete 
| 244|0x00000000ef400000, 0x00000000ef500000, 0x00000000ef500000|100%| E|CS|TAMS 0x00000000ef400000| PB 0x00000000ef400000| Complete 
| 245|0x00000000ef500000, 0x00000000ef600000, 0x00000000ef600000|100%| E|CS|TAMS 0x00000000ef500000| PB 0x00000000ef500000| Complete 
| 246|0x00000000ef600000, 0x00000000ef700000, 0x00000000ef700000|100%| E|CS|TAMS 0x00000000ef600000| PB 0x00000000ef600000| Complete 
| 247|0x00000000ef700000, 0x00000000ef800000, 0x00000000ef800000|100%| E|CS|TAMS 0x00000000ef700000| PB 0x00000000ef700000| Complete 
| 248|0x00000000ef800000, 0x00000000ef900000, 0x00000000ef900000|100%| E|CS|TAMS 0x00000000ef800000| PB 0x00000000ef800000| Complete 
| 249|0x00000000ef900000, 0x00000000efa00000, 0x00000000efa00000|100%| E|CS|TAMS 0x00000000ef900000| PB 0x00000000ef900000| Complete 
| 250|0x00000000efa00000, 0x00000000efb00000, 0x00000000efb00000|100%| E|CS|TAMS 0x00000000efa00000| PB 0x00000000efa00000| Complete 
| 251|0x00000000efb00000, 0x00000000efc00000, 0x00000000efc00000|100%| E|CS|TAMS 0x00000000efb00000| PB 0x00000000efb00000| Complete 
| 252|0x00000000efc00000, 0x00000000efd00000, 0x00000000efd00000|100%| S|CS|TAMS 0x00000000efc00000| PB 0x00000000efc00000| Complete 
| 253|0x00000000efd00000, 0x00000000efe00000, 0x00000000efe00000|100%| S|CS|TAMS 0x00000000efd00000| PB 0x00000000efd00000| Complete 
| 254|0x00000000efe00000, 0x00000000eff00000, 0x00000000eff00000|100%| S|CS|TAMS 0x00000000efe00000| PB 0x00000000efe00000| Complete 
| 255|0x00000000eff00000, 0x00000000f0000000, 0x00000000f0000000|100%| E|CS|TAMS 0x00000000eff00000| PB 0x00000000eff00000| Complete 

Card table byte_map: [0x0000016f7c1a0000,0x0000016f7c2a0000] _byte_map_base: 0x0000016f7baa0000

Marking Bits: (CMBitMap*) 0x0000016f7bce1e80
 Bits: [0x0000016f7c3a0000, 0x0000016f7cba0000)

Polling page: 0x0000016f7b470000

Metaspace:

Usage:
  Non-class:     38.78 MB used.
      Class:      6.41 MB used.
       Both:     45.19 MB used.

Virtual space:
  Non-class space:       64.00 MB reserved,      39.56 MB ( 62%) committed,  1 nodes.
      Class space:      308.00 MB reserved,       7.25 MB (  2%) committed,  1 nodes.
             Both:      372.00 MB reserved,      46.81 MB ( 13%) committed. 

Chunk freelists:
   Non-Class:  272.00 KB
       Class:  816.00 KB
        Both:  1.06 MB

MaxMetaspaceSize: 384.00 MB
CompressedClassSpaceSize: 308.00 MB
Initial GC threshold: 21.00 MB
Current GC threshold: 59.94 MB
CDS: on
MetaspaceReclaimPolicy: balanced
 - commit_granule_bytes: 65536.
 - commit_granule_words: 8192.
 - virtual_space_node_default_size: 8388608.
 - enlarge_chunks_in_place: 1.
 - new_chunks_are_fully_committed: 0.
 - uncommit_free_chunks: 1.
 - use_allocation_guard: 0.


Internal statistics:

num_allocs_failed_limit: 12.
num_arena_births: 2892.
num_arena_deaths: 0.
num_vsnodes_births: 2.
num_vsnodes_deaths: 0.
num_space_committed: 749.
num_space_uncommitted: 0.
num_chunks_returned_to_freelist: 12.
num_chunks_taken_from_freelist: 4966.
num_chunk_merges: 12.
num_chunk_splits: 3282.
num_chunks_enlarged: 2062.
num_inconsistent_stats: 0.

CodeHeap 'non-profiled nmethods': size=120000Kb used=2469Kb max_used=2469Kb free=117530Kb
 bounds [0x0000016f0fd40000, 0x0000016f0ffb0000, 0x0000016f17270000]
CodeHeap 'profiled nmethods': size=120000Kb used=9259Kb max_used=9259Kb free=110740Kb
 bounds [0x0000016f08270000, 0x0000016f08b80000, 0x0000016f0f7a0000]
CodeHeap 'non-nmethods': size=5760Kb used=2980Kb max_used=2995Kb free=2779Kb
 bounds [0x0000016f0f7a0000, 0x0000016f0faa0000, 0x0000016f0fd40000]
 total_blobs=5653 nmethods=4802 adapters=760
 compilation: enabled
              stopped_count=0, restarted_count=0
 full_count=0

Compilation events (20 events):
Event: 36.324 Thread 0x0000016f2f8027c0 5269       3       java.lang.Long::numberOfTrailingZeros (26 bytes)
Event: 36.324 Thread 0x0000016f2f8027c0 nmethod 5269 0x0000016f08b72790 code [0x0000016f08b72940, 0x0000016f08b72af0]
Event: 36.325 Thread 0x0000016f2f8027c0 5271       3       org.gradle.internal.instantiation.generator.AbstractClassGenerator$ClassGenerationHandler::startType (1 bytes)
Event: 36.326 Thread 0x0000016f2f8027c0 nmethod 5271 0x0000016f08b72b90 code [0x0000016f08b72d20, 0x0000016f08b72e30]
Event: 36.327 Thread 0x0000016f2f8027c0 5272       3       com.google.common.math.MathPreconditions::checkPositive (42 bytes)
Event: 36.328 Thread 0x0000016f2f8027c0 nmethod 5272 0x0000016f08b72f10 code [0x0000016f08b73140, 0x0000016f08b73848]
Event: 36.328 Thread 0x0000016f2f8027c0 5273       3       com.google.common.math.IntMath::isPowerOfTwo (24 bytes)
Event: 36.328 Thread 0x0000016f2f8027c0 nmethod 5273 0x0000016f08b73b90 code [0x0000016f08b73d20, 0x0000016f08b73ed0]
Event: 36.328 Thread 0x0000016f2f8027c0 5274       3       com.google.common.math.MathPreconditions::checkRoundingUnnecessary (15 bytes)
Event: 36.329 Thread 0x0000016f2f8027c0 nmethod 5274 0x0000016f08b73f90 code [0x0000016f08b74120, 0x0000016f08b74308]
Event: 36.347 Thread 0x0000016f2f8027c0 5277       3       sun.invoke.util.Wrapper::isDoubleWord (15 bytes)
Event: 36.347 Thread 0x0000016f2f8027c0 nmethod 5277 0x0000016f08b74410 code [0x0000016f08b745a0, 0x0000016f08b74710]
Event: 36.371 Thread 0x0000016f7f618c20 nmethod 5263 0x0000016f0ffa6a90 code [0x0000016f0ffa6d40, 0x0000016f0ffa7f28]
Event: 36.372 Thread 0x0000016f7f618c20 5264   !   4       java.lang.ClassLoader::loadClass (121 bytes)
Event: 36.372 Thread 0x0000016f2f8027c0 5280       3       com.esotericsoftware.kryo.io.Output::require (209 bytes)
Event: 36.374 Thread 0x0000016f2f8027c0 nmethod 5280 0x0000016f08b74790 code [0x0000016f08b74ac0, 0x0000016f08b75cb0]
Event: 36.493 Thread 0x0000016f2f8027c0 5282       3       java.lang.invoke.MethodHandles::identity (87 bytes)
Event: 36.494 Thread 0x0000016f2f8027c0 nmethod 5282 0x0000016f08b76310 code [0x0000016f08b76500, 0x0000016f08b76920]
Event: 36.510 Thread 0x0000016f2f8027c0 5284       3       java.lang.ThreadLocal$ThreadLocalMap::expungeStaleEntry (146 bytes)
Event: 36.512 Thread 0x0000016f2f8027c0 nmethod 5284 0x0000016f08b76b10 code [0x0000016f08b76d40, 0x0000016f08b77b38]

GC Heap History (12 events):
Event: 2.456 GC heap before
{Heap before GC invocations=0 (full 0):
 garbage-first heap   total 262144K, used 26624K [0x00000000e0000000, 0x0000000100000000)
  region size 1024K, 23 young (23552K), 0 survivors (0K)
 Metaspace       used 3119K, committed 3264K, reserved 380928K
  class space    used 397K, committed 448K, reserved 315392K
}
Event: 2.514 GC heap after
{Heap after GC invocations=1 (full 0):
 garbage-first heap   total 262144K, used 10613K [0x00000000e0000000, 0x0000000100000000)
  region size 1024K, 3 young (3072K), 3 survivors (3072K)
 Metaspace       used 3119K, committed 3264K, reserved 380928K
  class space    used 397K, committed 448K, reserved 315392K
}
Event: 4.393 GC heap before
{Heap before GC invocations=1 (full 0):
 garbage-first heap   total 262144K, used 41333K [0x00000000e0000000, 0x0000000100000000)
  region size 1024K, 32 young (32768K), 3 survivors (3072K)
 Metaspace       used 4116K, committed 4288K, reserved 380928K
  class space    used 494K, committed 576K, reserved 315392K
}
Event: 4.402 GC heap after
{Heap after GC invocations=2 (full 0):
 garbage-first heap   total 262144K, used 13329K [0x00000000e0000000, 0x0000000100000000)
  region size 1024K, 3 young (3072K), 3 survivors (3072K)
 Metaspace       used 4116K, committed 4288K, reserved 380928K
  class space    used 494K, committed 576K, reserved 315392K
}
Event: 16.308 GC heap before
{Heap before GC invocations=2 (full 0):
 garbage-first heap   total 262144K, used 113681K [0x00000000e0000000, 0x0000000100000000)
  region size 1024K, 102 young (104448K), 3 survivors (3072K)
 Metaspace       used 20799K, committed 21504K, reserved 380928K
  class space    used 3024K, committed 3392K, reserved 315392K
}
Event: 16.332 GC heap after
{Heap after GC invocations=3 (full 0):
 garbage-first heap   total 262144K, used 22663K [0x00000000e0000000, 0x0000000100000000)
  region size 1024K, 12 young (12288K), 12 survivors (12288K)
 Metaspace       used 20799K, committed 21504K, reserved 380928K
  class space    used 3024K, committed 3392K, reserved 315392K
}
Event: 24.051 GC heap before
{Heap before GC invocations=4 (full 0):
 garbage-first heap   total 262144K, used 128135K [0x00000000e0000000, 0x0000000100000000)
  region size 1024K, 117 young (119808K), 12 survivors (12288K)
 Metaspace       used 34763K, committed 35968K, reserved 380928K
  class space    used 4934K, committed 5504K, reserved 315392K
}
Event: 24.077 GC heap after
{Heap after GC invocations=5 (full 0):
 garbage-first heap   total 262144K, used 31317K [0x00000000e0000000, 0x0000000100000000)
  region size 1024K, 9 young (9216K), 9 survivors (9216K)
 Metaspace       used 34763K, committed 35968K, reserved 380928K
  class space    used 4934K, committed 5504K, reserved 315392K
}
Event: 24.237 GC heap before
{Heap before GC invocations=5 (full 0):
 garbage-first heap   total 262144K, used 39509K [0x00000000e0000000, 0x0000000100000000)
  region size 1024K, 13 young (13312K), 9 survivors (9216K)
 Metaspace       used 35091K, committed 36288K, reserved 380928K
  class space    used 4946K, committed 5568K, reserved 315392K
}
Event: 24.255 GC heap after
{Heap after GC invocations=6 (full 0):
 garbage-first heap   total 262144K, used 33373K [0x00000000e0000000, 0x0000000100000000)
  region size 1024K, 8 young (8192K), 8 survivors (8192K)
 Metaspace       used 35091K, committed 36288K, reserved 380928K
  class space    used 4946K, committed 5568K, reserved 315392K
}
Event: 24.264 GC heap before
{Heap before GC invocations=6 (full 0):
 garbage-first heap   total 262144K, used 33373K [0x00000000e0000000, 0x0000000100000000)
  region size 1024K, 9 young (9216K), 8 survivors (8192K)
 Metaspace       used 35411K, committed 36608K, reserved 380928K
  class space    used 4946K, committed 5568K, reserved 315392K
}
Event: 24.273 GC heap after
{Heap after GC invocations=7 (full 0):
 garbage-first heap   total 262144K, used 33373K [0x00000000e0000000, 0x0000000100000000)
  region size 1024K, 8 young (8192K), 8 survivors (8192K)
 Metaspace       used 35411K, committed 36608K, reserved 380928K
  class space    used 4946K, committed 5568K, reserved 315392K
}

Dll operation events (15 events):
Event: 0.030 Loaded shared library C:\Users\giwat\.jdks\corretto-20.0.2.1\bin\java.dll
Event: 0.106 Loaded shared library C:\Users\giwat\.jdks\corretto-20.0.2.1\bin\jsvml.dll
Event: 0.279 Loaded shared library C:\Users\giwat\.jdks\corretto-20.0.2.1\bin\zip.dll
Event: 0.285 Loaded shared library C:\Users\giwat\.jdks\corretto-20.0.2.1\bin\instrument.dll
Event: 0.293 Loaded shared library C:\Users\giwat\.jdks\corretto-20.0.2.1\bin\net.dll
Event: 0.297 Loaded shared library C:\Users\giwat\.jdks\corretto-20.0.2.1\bin\nio.dll
Event: 0.303 Loaded shared library C:\Users\giwat\.jdks\corretto-20.0.2.1\bin\zip.dll
Event: 1.054 Loaded shared library C:\Users\giwat\.jdks\corretto-20.0.2.1\bin\jimage.dll
Event: 1.272 Loaded shared library C:\Users\giwat\.jdks\corretto-20.0.2.1\bin\verify.dll
Event: 1.862 Loaded shared library C:\Users\giwat\.gradle\native\c067742578af261105cb4f569cf0c3c89f3d7b1fecec35dd04571415982c5e48\windows-amd64\native-platform.dll
Event: 1.897 Loaded shared library C:\Users\giwat\.gradle\native\38dada09dfb8b06ba9b0570ebf7e218e3eb74d4ef43ca46872605cf95ebc2f47\windows-amd64\native-platform-file-events.dll
Event: 6.141 Loaded shared library C:\Users\giwat\.jdks\corretto-20.0.2.1\bin\management.dll
Event: 6.161 Loaded shared library C:\Users\giwat\.jdks\corretto-20.0.2.1\bin\management_ext.dll
Event: 7.373 Loaded shared library C:\Users\giwat\.jdks\corretto-20.0.2.1\bin\extnet.dll
Event: 8.742 Loaded shared library C:\Users\giwat\.jdks\corretto-20.0.2.1\bin\sunmscapi.dll

Deoptimization events (20 events):
Event: 34.436 Thread 0x0000016f30f7ac90 DEOPT PACKING pc=0x0000016f0fec3760 sp=0x00000001023f9610
Event: 34.436 Thread 0x0000016f30f7ac90 DEOPT UNPACKING pc=0x0000016f0f7bd2a2 sp=0x00000001023f95b8 mode 2
Event: 34.436 Thread 0x0000016f30f7ac90 Uncommon trap: trap_request=0xffffffc6 fr.pc=0x0000016f0fec3760 relative=0x00000000000002c0
Event: 34.437 Thread 0x0000016f30f7ac90 Uncommon trap: reason=bimorphic_or_optimized_type_check action=maybe_recompile pc=0x0000016f0fec3760 method=com.google.common.base.CharMatcher.indexIn(Ljava/lang/CharSequence;I)I @ 31 c2
Event: 34.437 Thread 0x0000016f30f7ac90 DEOPT PACKING pc=0x0000016f0fec3760 sp=0x00000001023f9610
Event: 34.437 Thread 0x0000016f30f7ac90 DEOPT UNPACKING pc=0x0000016f0f7bd2a2 sp=0x00000001023f95b8 mode 2
Event: 34.438 Thread 0x0000016f30f7ac90 Uncommon trap: trap_request=0xffffffc6 fr.pc=0x0000016f0fec3760 relative=0x00000000000002c0
Event: 34.438 Thread 0x0000016f30f7ac90 Uncommon trap: reason=bimorphic_or_optimized_type_check action=maybe_recompile pc=0x0000016f0fec3760 method=com.google.common.base.CharMatcher.indexIn(Ljava/lang/CharSequence;I)I @ 31 c2
Event: 34.438 Thread 0x0000016f30f7ac90 DEOPT PACKING pc=0x0000016f0fec3760 sp=0x00000001023f9610
Event: 34.438 Thread 0x0000016f30f7ac90 DEOPT UNPACKING pc=0x0000016f0f7bd2a2 sp=0x00000001023f95b8 mode 2
Event: 34.602 Thread 0x0000016f30f7ac90 Uncommon trap: trap_request=0xffffffc6 fr.pc=0x0000016f0fec3760 relative=0x00000000000002c0
Event: 34.602 Thread 0x0000016f30f7ac90 Uncommon trap: reason=bimorphic_or_optimized_type_check action=maybe_recompile pc=0x0000016f0fec3760 method=com.google.common.base.CharMatcher.indexIn(Ljava/lang/CharSequence;I)I @ 31 c2
Event: 34.602 Thread 0x0000016f30f7ac90 DEOPT PACKING pc=0x0000016f0fec3760 sp=0x00000001023f8f20
Event: 34.602 Thread 0x0000016f30f7ac90 DEOPT UNPACKING pc=0x0000016f0f7bd2a2 sp=0x00000001023f8ec8 mode 2
Event: 36.520 Thread 0x0000016f30f7ac90 Uncommon trap: trap_request=0xffffffde fr.pc=0x0000016f0fe87740 relative=0x00000000000002a0
Event: 36.520 Thread 0x0000016f30f7ac90 Uncommon trap: reason=class_check action=maybe_recompile pc=0x0000016f0fe87740 method=java.util.Collections$SetFromMap.remove(Ljava/lang/Object;)Z @ 5 c2
Event: 36.520 Thread 0x0000016f30f7ac90 DEOPT PACKING pc=0x0000016f0fe87740 sp=0x00000001023f8390
Event: 36.520 Thread 0x0000016f30f7ac90 DEOPT UNPACKING pc=0x0000016f0f7bd2a2 sp=0x00000001023f8378 mode 2
Event: 36.639 Thread 0x0000016f30f7ac90 DEOPT PACKING pc=0x0000016f086f23b3 sp=0x00000001023f6910
Event: 36.639 Thread 0x0000016f30f7ac90 DEOPT UNPACKING pc=0x0000016f0f80e462 sp=0x00000001023f5d80 mode 0

Classes loaded (20 events):
Event: 32.137 Loading class javax/net/ssl/TrustManager
Event: 32.137 Loading class javax/net/ssl/TrustManager done
Event: 32.137 Loading class javax/net/ssl/X509TrustManager
Event: 32.137 Loading class javax/net/ssl/X509TrustManager done
Event: 32.143 Loading class javax/net/ssl/SSLException
Event: 32.143 Loading class javax/net/ssl/SSLException done
Event: 32.143 Loading class javax/net/ssl/SSLPeerUnverifiedException
Event: 32.143 Loading class javax/net/ssl/SSLPeerUnverifiedException done
Event: 32.144 Loading class javax/naming/NamingException
Event: 32.144 Loading class javax/naming/NamingException done
Event: 32.144 Loading class javax/naming/InvalidNameException
Event: 32.144 Loading class javax/naming/InvalidNameException done
Event: 32.144 Loading class java/security/cert/CertificateParsingException
Event: 32.144 Loading class java/security/cert/CertificateException
Event: 32.144 Loading class java/security/cert/CertificateException done
Event: 32.144 Loading class java/security/cert/CertificateParsingException done
Event: 34.791 Loading class java/io/DeleteOnExitHook
Event: 34.791 Loading class java/io/DeleteOnExitHook done
Event: 34.791 Loading class java/io/DeleteOnExitHook$1
Event: 34.791 Loading class java/io/DeleteOnExitHook$1 done

Classes unloaded (0 events):
No events

Classes redefined (0 events):
No events

Internal exceptions (20 events):
Event: 29.940 Thread 0x0000016f30f7ac90 Exception <a 'java/lang/IncompatibleClassChangeError'{0x00000000ed80e030}: Found class java.lang.Object, but interface was expected> (0x00000000ed80e030) 
thrown [s\src\hotspot\share\interpreter\linkResolver.cpp, line 840]
Event: 29.950 Thread 0x0000016f30f7ac90 Exception <a 'java/lang/NoSuchMethodError'{0x00000000ed85b7c0}: 'void java.lang.invoke.DirectMethodHandle$Holder.invokeStatic(java.lang.Object, java.lang.Object, java.lang.Object, java.lang.Object, java.lang.Object, java.lang.Object)'> (0x00000000ed85b7c0) 
thrown [s\src\hotspot\share\interpreter\linkResolver.cpp, line 773]
Event: 29.983 Thread 0x0000016f30f7ac90 Exception <a 'java/lang/NoSuchMethodError'{0x00000000ed791d78}: 'int java.lang.invoke.DirectMethodHandle$Holder.invokeStaticInit(java.lang.Object, java.lang.Object, java.lang.Object, java.lang.Object, java.lang.Object)'> (0x00000000ed791d78) 
thrown [s\src\hotspot\share\interpreter\linkResolver.cpp, line 773]
Event: 31.072 Thread 0x0000016f30f7ac90 Exception <a 'java/lang/IncompatibleClassChangeError'{0x00000000ed547330}: Found class java.lang.Object, but interface was expected> (0x00000000ed547330) 
thrown [s\src\hotspot\share\interpreter\linkResolver.cpp, line 840]
Event: 31.201 Thread 0x0000016f30f7ac90 Implicit null exception at 0x0000016f0ff0175c to 0x0000016f0ff01808
Event: 31.803 Thread 0x0000016f30f7ac90 Exception <a 'java/lang/NoSuchMethodError'{0x00000000ec3de630}: 'long java.lang.invoke.DirectMethodHandle$Holder.invokeStatic(java.lang.Object, long)'> (0x00000000ec3de630) 
thrown [s\src\hotspot\share\interpreter\linkResolver.cpp, line 773]
Event: 32.121 Thread 0x0000016f30f7ac90 Exception <a 'java/lang/NoSuchMethodError'{0x00000000ebcf82f0}: 'java.lang.Object java.lang.invoke.DirectMethodHandle$Holder.invokeVirtual(java.lang.Object, java.lang.Object, java.lang.Object, java.lang.Object, java.lang.Object, java.lang.Object, java.lang.Object, java.lang.Object, java.lang.Object, java.lang.Object, java.lang.Object, java.lang.Object, java.lang.Object, java.lang.Object, java.lang.Object, java.lang.Object, java.lang.Object)'> (0x00000000ebcf82f0) 
thrown [s\src\hotspot\share\interpreter\li
Event: 32.122 Thread 0x0000016f30f7ac90 Exception <a 'java/lang/NoSuchMethodError'{0x00000000ebcfe318}: 'java.lang.Object java.lang.invoke.DirectMethodHandle$Holder.invokeSpecial(java.lang.Object, java.lang.Object, java.lang.Object, java.lang.Object, java.lang.Object, java.lang.Object, java.lang.Object, java.lang.Object, java.lang.Object, java.lang.Object, java.lang.Object, java.lang.Object, java.lang.Object, java.lang.Object, java.lang.Object, java.lang.Object, java.lang.Object, java.lang.Object)'> (0x00000000ebcfe318) 
thrown [s\src\hotspot\sh
Event: 32.122 Thread 0x0000016f30f7ac90 Exception <a 'java/lang/NoSuchMethodError'{0x00000000ebb03d90}: 'java.lang.Object java.lang.invoke.DelegatingMethodHandle$Holder.reinvoke_L(java.lang.Object, java.lang.Object, java.lang.Object, java.lang.Object, java.lang.Object, java.lang.Object, java.lang.Object, java.lang.Object, java.lang.Object, java.lang.Object, java.lang.Object, java.lang.Object, java.lang.Object, java.lang.Object, java.lang.Object, java.lang.Object, java.lang.Object)'> (0x00000000ebb03d90) 
thrown [s\src\hotspot\share\interpreter\l
Event: 34.152 Thread 0x0000016f30f7ac90 Exception <a 'java/lang/NoSuchMethodError'{0x00000000eb1389a0}: 'java.lang.Object java.lang.invoke.DirectMethodHandle$Holder.newInvokeSpecial(java.lang.Object, java.lang.Object, java.lang.Object, java.lang.Object, java.lang.Object, java.lang.Object, java.lang.Object, java.lang.Object, java.lang.Object, java.lang.Object, java.lang.Object, java.lang.Object, java.lang.Object, java.lang.Object, java.lang.Object, java.lang.Object, java.lang.Object, java.lang.Object, java.lang.Object, java.lang.Object, java.lang
Event: 34.580 Thread 0x0000016f30f7ac90 Exception <a 'java/lang/NoSuchMethodError'{0x00000000eaba3f60}: 'java.lang.Object java.lang.invoke.DirectMethodHandle$Holder.newInvokeSpecial(java.lang.Object, java.lang.Object, java.lang.Object, java.lang.Object, java.lang.Object, java.lang.Object, java.lang.Object, java.lang.Object, java.lang.Object, java.lang.Object, java.lang.Object, java.lang.Object, java.lang.Object, java.lang.Object, java.lang.Object, java.lang.Object, java.lang.Object, java.lang.Object, java.lang.Object)'> (0x00000000eaba3f60) 
thr
Event: 34.581 Thread 0x0000016f30f7ac90 Exception <a 'java/lang/NoSuchMethodError'{0x00000000eabaaad8}: 'java.lang.Object java.lang.invoke.DirectMethodHandle$Holder.invokeSpecial(java.lang.Object, java.lang.Object, java.lang.Object, java.lang.Object, java.lang.Object, java.lang.Object, java.lang.Object, java.lang.Object, java.lang.Object, java.lang.Object, java.lang.Object, java.lang.Object, java.lang.Object, java.lang.Object, java.lang.Object, java.lang.Object, java.lang.Object, java.lang.Object, java.lang.Object, java.lang.Object)'> (0x0000000
Event: 34.582 Thread 0x0000016f30f7ac90 Exception <a 'java/lang/NoSuchMethodError'{0x00000000eabb0388}: 'java.lang.Object java.lang.invoke.DelegatingMethodHandle$Holder.reinvoke_L(java.lang.Object, java.lang.Object, java.lang.Object, java.lang.Object, java.lang.Object, java.lang.Object, java.lang.Object, java.lang.Object, java.lang.Object, java.lang.Object, java.lang.Object, java.lang.Object, java.lang.Object, java.lang.Object, java.lang.Object, java.lang.Object, java.lang.Object, java.lang.Object, java.lang.Object)'> (0x00000000eabb0388) 
throw
Event: 34.978 Thread 0x0000016f30f7ac90 Exception <a 'java/lang/NoSuchMethodError'{0x00000000ea6b07c0}: 'java.lang.Object java.lang.invoke.DirectMethodHandle$Holder.newInvokeSpecial(java.lang.Object, int, java.lang.Object)'> (0x00000000ea6b07c0) 
thrown [s\src\hotspot\share\interpreter\linkResolver.cpp, line 773]
Event: 35.939 Thread 0x0000016f30f7ac90 Exception <a 'java/lang/NoSuchMethodError'{0x00000000e9c0fa90}: 'int java.lang.invoke.DirectMethodHandle$Holder.invokeSpecialIFC(java.lang.Object, java.lang.Object, java.lang.Object)'> (0x00000000e9c0fa90) 
thrown [s\src\hotspot\share\interpreter\linkResolver.cpp, line 773]
Event: 36.301 Thread 0x0000016f30f7ac90 Exception <a 'java/lang/NoSuchMethodError'{0x00000000e9924e20}: 'int java.lang.invoke.DirectMethodHandle$Holder.invokeStaticInit(java.lang.Object)'> (0x00000000e9924e20) 
thrown [s\src\hotspot\share\interpreter\linkResolver.cpp, line 773]
Event: 36.348 Thread 0x0000016f30f7ac90 Exception <a 'java/lang/NoSuchMethodError'{0x00000000e99b4010}: 'java.lang.Object java.lang.invoke.DirectMethodHandle$Holder.newInvokeSpecial(java.lang.Object, java.lang.Object, java.lang.Object, java.lang.Object, java.lang.Object, int)'> (0x00000000e99b4010) 
thrown [s\src\hotspot\share\interpreter\linkResolver.cpp, line 773]
Event: 36.348 Thread 0x0000016f30f7ac90 Exception <a 'java/lang/NoSuchMethodError'{0x00000000e99b9408}: 'java.lang.Object java.lang.invoke.DirectMethodHandle$Holder.invokeSpecial(java.lang.Object, java.lang.Object, java.lang.Object, java.lang.Object, java.lang.Object, java.lang.Object, int)'> (0x00000000e99b9408) 
thrown [s\src\hotspot\share\interpreter\linkResolver.cpp, line 773]
Event: 36.379 Thread 0x0000016f30f7ac90 Exception <a 'java/lang/NoSuchMethodError'{0x00000000e9813310}: 'java.lang.Object java.lang.invoke.DirectMethodHandle$Holder.invokeSpecial(java.lang.Object, java.lang.Object, java.lang.Object, java.lang.Object, java.lang.Object, long)'> (0x00000000e9813310) 
thrown [s\src\hotspot\share\interpreter\linkResolver.cpp, line 773]
Event: 36.396 Thread 0x0000016f30f7ac90 Exception <a 'java/lang/NoSuchMethodError'{0x00000000e98405e8}: 'void java.lang.invoke.DirectMethodHandle$Holder.invokeStatic(java.lang.Object, java.lang.Object, java.lang.Object, int, java.lang.Object)'> (0x00000000e98405e8) 
thrown [s\src\hotspot\share\interpreter\linkResolver.cpp, line 773]

VM Operations (20 events):
Event: 29.151 Executing VM operation: Cleanup
Event: 29.151 Executing VM operation: Cleanup done
Event: 30.151 Executing VM operation: Cleanup
Event: 30.151 Executing VM operation: Cleanup done
Event: 31.161 Executing VM operation: Cleanup
Event: 31.161 Executing VM operation: Cleanup done
Event: 31.419 Executing VM operation: HandshakeAllThreads
Event: 31.419 Executing VM operation: HandshakeAllThreads done
Event: 31.826 Executing VM operation: HandshakeAllThreads
Event: 31.826 Executing VM operation: HandshakeAllThreads done
Event: 32.299 Executing VM operation: ICBufferFull
Event: 32.299 Executing VM operation: ICBufferFull done
Event: 33.312 Executing VM operation: Cleanup
Event: 33.313 Executing VM operation: Cleanup done
Event: 34.329 Executing VM operation: Cleanup
Event: 34.331 Executing VM operation: Cleanup done
Event: 35.335 Executing VM operation: Cleanup
Event: 35.340 Executing VM operation: Cleanup done
Event: 36.349 Executing VM operation: Cleanup
Event: 36.349 Executing VM operation: Cleanup done

Events (20 events):
Event: 24.360 Thread 0x0000016f7f5ee170 flushing nmethod 0x0000016f0fd6f890
Event: 24.360 Thread 0x0000016f7f5ee170 flushing nmethod 0x0000016f0fd7d990
Event: 24.360 Thread 0x0000016f7f5ee170 flushing nmethod 0x0000016f0fd6f290
Event: 24.360 Thread 0x0000016f7f5ee170 flushing nmethod 0x0000016f0fd68890
Event: 24.360 Thread 0x0000016f7f5ee170 flushing nmethod 0x0000016f0fd66410
Event: 24.360 Thread 0x0000016f7f5ee170 flushing nmethod 0x0000016f0fd50710
Event: 24.360 Thread 0x0000016f7f5ee170 flushing nmethod 0x0000016f0fd4f810
Event: 24.360 Thread 0x0000016f7f5ee170 flushing nmethod 0x0000016f0fd4f510
Event: 24.360 Thread 0x0000016f7f5ee170 flushing nmethod 0x0000016f0fd63110
Event: 24.360 Thread 0x0000016f7f5ee170 flushing nmethod 0x0000016f0fd4da10
Event: 24.360 Thread 0x0000016f7f5ee170 flushing nmethod 0x0000016f0fd48110
Event: 24.956 Thread 0x0000016f30f78760 Thread added: 0x0000016f30f78760
Event: 25.134 Thread 0x0000016f30f7a740 Thread added: 0x0000016f30f7a740
Event: 25.588 Thread 0x0000016f32624990 Thread added: 0x0000016f32624990
Event: 30.112 Thread 0x0000016f32628950 Thread added: 0x0000016f32628950
Event: 30.816 Thread 0x0000016f3262ae80 Thread added: 0x0000016f3262ae80
Event: 31.252 Thread 0x0000016f32627eb0 Thread added: 0x0000016f32627eb0
Event: 32.201 Thread 0x0000016f32625430 Thread added: 0x0000016f32625430
Event: 33.969 Thread 0x0000016f32626ec0 Thread added: 0x0000016f32626ec0
Event: 33.971 Thread 0x0000016f32629e90 Thread added: 0x0000016f32629e90


Dynamic libraries:
0x00007ff72dfe0000 - 0x00007ff72dfee000 	C:\Users\giwat\.jdks\corretto-20.0.2.1\bin\java.exe
0x00007ffd8ee90000 - 0x00007ffd8f0a7000 	C:\WINDOWS\SYSTEM32\ntdll.dll
0x00007ffd8cd90000 - 0x00007ffd8ce54000 	C:\WINDOWS\System32\KERNEL32.DLL
0x00007ffd8c620000 - 0x00007ffd8c9c5000 	C:\WINDOWS\System32\KERNELBASE.dll
0x00007ffd8cac0000 - 0x00007ffd8cbd1000 	C:\WINDOWS\System32\ucrtbase.dll
0x00007ffd6b200000 - 0x00007ffd6b21b000 	C:\Users\giwat\.jdks\corretto-20.0.2.1\bin\VCRUNTIME140.dll
0x00007ffd6d530000 - 0x00007ffd6d547000 	C:\Users\giwat\.jdks\corretto-20.0.2.1\bin\jli.dll
0x00007ffd8db40000 - 0x00007ffd8dcee000 	C:\WINDOWS\System32\USER32.dll
0x00007ffd8ca90000 - 0x00007ffd8cab6000 	C:\WINDOWS\System32\win32u.dll
0x00007ffd8e910000 - 0x00007ffd8e939000 	C:\WINDOWS\System32\GDI32.dll
0x00007ffd8c480000 - 0x00007ffd8c599000 	C:\WINDOWS\System32\gdi32full.dll
0x00007ffd67540000 - 0x00007ffd677d3000 	C:\WINDOWS\WinSxS\amd64_microsoft.windows.common-controls_6595b64144ccf1df_6.0.22621.2506_none_270c5ae97388e100\COMCTL32.dll
0x00007ffd8c200000 - 0x00007ffd8c29a000 	C:\WINDOWS\System32\msvcp_win.dll
0x00007ffd8e940000 - 0x00007ffd8e9e7000 	C:\WINDOWS\System32\msvcrt.dll
0x00007ffd8daf0000 - 0x00007ffd8db21000 	C:\WINDOWS\System32\IMM32.DLL
0x00007ffd6d4e0000 - 0x00007ffd6d4ec000 	C:\Users\giwat\.jdks\corretto-20.0.2.1\bin\vcruntime140_1.dll
0x00007ffd31c10000 - 0x00007ffd31c9e000 	C:\Users\giwat\.jdks\corretto-20.0.2.1\bin\msvcp140.dll
0x00007ffca0430000 - 0x00007ffca1134000 	C:\Users\giwat\.jdks\corretto-20.0.2.1\bin\server\jvm.dll
0x00007ffd8d650000 - 0x00007ffd8d701000 	C:\WINDOWS\System32\ADVAPI32.dll
0x00007ffd8cce0000 - 0x00007ffd8cd86000 	C:\WINDOWS\System32\sechost.dll
0x00007ffd8d370000 - 0x00007ffd8d487000 	C:\WINDOWS\System32\RPCRT4.dll
0x00007ffd68240000 - 0x00007ffd68249000 	C:\WINDOWS\SYSTEM32\WSOCK32.dll
0x00007ffd8edd0000 - 0x00007ffd8ee41000 	C:\WINDOWS\System32\WS2_32.dll
0x00007ffd83950000 - 0x00007ffd8395a000 	C:\WINDOWS\SYSTEM32\VERSION.dll
0x00007ffd81dd0000 - 0x00007ffd81e04000 	C:\WINDOWS\SYSTEM32\WINMM.dll
0x00007ffd8b160000 - 0x00007ffd8b178000 	C:\WINDOWS\SYSTEM32\kernel.appcore.dll
0x00007ffd6d460000 - 0x00007ffd6d46a000 	C:\Users\giwat\.jdks\corretto-20.0.2.1\bin\jimage.dll
0x00007ffd89580000 - 0x00007ffd897b3000 	C:\WINDOWS\SYSTEM32\DBGHELP.DLL
0x00007ffd8d760000 - 0x00007ffd8dae9000 	C:\WINDOWS\System32\combase.dll
0x00007ffd8ec40000 - 0x00007ffd8ed17000 	C:\WINDOWS\System32\OLEAUT32.dll
0x00007ffd6a8e0000 - 0x00007ffd6a912000 	C:\WINDOWS\SYSTEM32\dbgcore.DLL
0x00007ffd8c5a0000 - 0x00007ffd8c61a000 	C:\WINDOWS\System32\bcryptPrimitives.dll
0x00007ffd6a9d0000 - 0x00007ffd6a9de000 	C:\Users\giwat\.jdks\corretto-20.0.2.1\bin\instrument.dll
0x00007ffd560a0000 - 0x00007ffd560c6000 	C:\Users\giwat\.jdks\corretto-20.0.2.1\bin\java.dll
0x00007ffd28570000 - 0x00007ffd28647000 	C:\Users\giwat\.jdks\corretto-20.0.2.1\bin\jsvml.dll
0x00007ffd8e0b0000 - 0x00007ffd8e909000 	C:\WINDOWS\System32\SHELL32.dll
0x00007ffd8a0d0000 - 0x00007ffd8a9c4000 	C:\WINDOWS\SYSTEM32\windows.storage.dll
0x00007ffd89f90000 - 0x00007ffd8a0ce000 	C:\WINDOWS\SYSTEM32\wintypes.dll
0x00007ffd8cbe0000 - 0x00007ffd8ccd3000 	C:\WINDOWS\System32\SHCORE.dll
0x00007ffd8dff0000 - 0x00007ffd8e04e000 	C:\WINDOWS\System32\shlwapi.dll
0x00007ffd8c130000 - 0x00007ffd8c156000 	C:\WINDOWS\SYSTEM32\profapi.dll
0x00007ffd56080000 - 0x00007ffd56098000 	C:\Users\giwat\.jdks\corretto-20.0.2.1\bin\zip.dll
0x00007ffd56010000 - 0x00007ffd56023000 	C:\Users\giwat\.jdks\corretto-20.0.2.1\bin\net.dll
0x00007ffd843f0000 - 0x00007ffd84527000 	C:\WINDOWS\SYSTEM32\WINHTTP.dll
0x00007ffd8b630000 - 0x00007ffd8b699000 	C:\WINDOWS\system32\mswsock.dll
0x00007ffd55f70000 - 0x00007ffd55f86000 	C:\Users\giwat\.jdks\corretto-20.0.2.1\bin\nio.dll
0x00007ffd6a9c0000 - 0x00007ffd6a9d0000 	C:\Users\giwat\.jdks\corretto-20.0.2.1\bin\verify.dll
0x00007ffd870a0000 - 0x00007ffd870c7000 	C:\Users\giwat\.gradle\native\c067742578af261105cb4f569cf0c3c89f3d7b1fecec35dd04571415982c5e48\windows-amd64\native-platform.dll
0x00007ffd2c6c0000 - 0x00007ffd2c804000 	C:\Users\giwat\.gradle\native\38dada09dfb8b06ba9b0570ebf7e218e3eb74d4ef43ca46872605cf95ebc2f47\windows-amd64\native-platform-file-events.dll
0x00007ffd6d560000 - 0x00007ffd6d56a000 	C:\Users\giwat\.jdks\corretto-20.0.2.1\bin\management.dll
0x00007ffd6d550000 - 0x00007ffd6d55b000 	C:\Users\giwat\.jdks\corretto-20.0.2.1\bin\management_ext.dll
0x00007ffd8cee0000 - 0x00007ffd8cee8000 	C:\WINDOWS\System32\PSAPI.DLL
0x00007ffd8b920000 - 0x00007ffd8b93b000 	C:\WINDOWS\SYSTEM32\CRYPTSP.dll
0x00007ffd8b120000 - 0x00007ffd8b155000 	C:\WINDOWS\system32\rsaenh.dll
0x00007ffd8b6d0000 - 0x00007ffd8b6fc000 	C:\WINDOWS\SYSTEM32\USERENV.dll
0x00007ffd8bb10000 - 0x00007ffd8bb38000 	C:\WINDOWS\SYSTEM32\bcrypt.dll
0x00007ffd8b830000 - 0x00007ffd8b83c000 	C:\WINDOWS\SYSTEM32\CRYPTBASE.dll
0x00007ffd8ac20000 - 0x00007ffd8ac4d000 	C:\WINDOWS\SYSTEM32\IPHLPAPI.DLL
0x00007ffd8dd80000 - 0x00007ffd8dd89000 	C:\WINDOWS\System32\NSI.dll
0x00007ffd828a0000 - 0x00007ffd828b9000 	C:\WINDOWS\SYSTEM32\dhcpcsvc6.DLL
0x00007ffd82880000 - 0x00007ffd8289f000 	C:\WINDOWS\SYSTEM32\dhcpcsvc.DLL
0x00007ffd8ac50000 - 0x00007ffd8ad49000 	C:\WINDOWS\SYSTEM32\DNSAPI.dll
0x00007ffd60a50000 - 0x00007ffd60a57000 	C:\Users\giwat\.jdks\corretto-20.0.2.1\bin\extnet.dll
0x00007ffd6a920000 - 0x00007ffd6a92e000 	C:\Users\giwat\.jdks\corretto-20.0.2.1\bin\sunmscapi.dll
0x00007ffd8c310000 - 0x00007ffd8c476000 	C:\WINDOWS\System32\CRYPT32.dll
0x00007ffd8ba70000 - 0x00007ffd8ba9d000 	C:\WINDOWS\SYSTEM32\ncrypt.dll
0x00007ffd8ba30000 - 0x00007ffd8ba67000 	C:\WINDOWS\SYSTEM32\NTASN1.dll
0x00007ffd34aa0000 - 0x00007ffd34aa8000 	C:\WINDOWS\system32\wshunix.dll

dbghelp: loaded successfully - version: 4.0.5 - missing functions: none
symbol engine: initialized successfully - sym options: 0x614 - pdb path: .;C:\Users\giwat\.jdks\corretto-20.0.2.1\bin;C:\WINDOWS\SYSTEM32;C:\WINDOWS\WinSxS\amd64_microsoft.windows.common-controls_6595b64144ccf1df_6.0.22621.2506_none_270c5ae97388e100;C:\Users\giwat\.jdks\corretto-20.0.2.1\bin\server;C:\Users\giwat\.gradle\native\c067742578af261105cb4f569cf0c3c89f3d7b1fecec35dd04571415982c5e48\windows-amd64;C:\Users\giwat\.gradle\native\38dada09dfb8b06ba9b0570ebf7e218e3eb74d4ef43ca46872605cf95ebc2f47\windows-amd64

VM Arguments:
jvm_args: --add-opens=java.base/java.util=ALL-UNNAMED --add-opens=java.base/java.lang=ALL-UNNAMED --add-opens=java.base/java.lang.invoke=ALL-UNNAMED --add-opens=java.prefs/java.util.prefs=ALL-UNNAMED --add-opens=java.base/java.nio.charset=ALL-UNNAMED --add-opens=java.base/java.net=ALL-UNNAMED --add-opens=java.base/java.util.concurrent.atomic=ALL-UNNAMED -XX:MaxMetaspaceSize=384m -XX:+HeapDumpOnOutOfMemoryError -Xms256m -Xmx512m -Dfile.encoding=windows-1252 -Duser.country=CA -Duser.language=en -Duser.variant -javaagent:C:\Users\giwat\.gradle\wrapper\dists\gradle-8.4-bin\1w5dpkrfk8irigvoxmyhowfim\gradle-8.4\lib\agents\gradle-instrumentation-agent-8.4.jar 
java_command: org.gradle.launcher.daemon.bootstrap.GradleDaemon 8.4
java_class_path (initial): C:\Users\giwat\.gradle\wrapper\dists\gradle-8.4-bin\1w5dpkrfk8irigvoxmyhowfim\gradle-8.4\lib\gradle-launcher-8.4.jar
Launcher Type: SUN_STANDARD

[Global flags]
     intx CICompilerCount                          = 4                                         {product} {ergonomic}
   size_t CompressedClassSpaceSize                 = 322961408                                 {product} {ergonomic}
     uint ConcGCThreads                            = 2                                         {product} {ergonomic}
     uint G1ConcRefinementThreads                  = 8                                         {product} {ergonomic}
   size_t G1HeapRegionSize                         = 1048576                                   {product} {ergonomic}
    uintx GCDrainStackTargetSize                   = 64                                        {product} {ergonomic}
     bool HeapDumpOnOutOfMemoryError               = true                                   {manageable} {command line}
   size_t InitialHeapSize                          = 268435456                                 {product} {command line}
   size_t MarkStackSize                            = 4194304                                   {product} {ergonomic}
   size_t MaxHeapSize                              = 536870912                                 {product} {command line}
   size_t MaxMetaspaceSize                         = 402653184                                 {product} {command line}
   size_t MaxNewSize                               = 321912832                                 {product} {ergonomic}
   size_t MinHeapDeltaBytes                        = 1048576                                   {product} {ergonomic}
   size_t MinHeapSize                              = 268435456                                 {product} {command line}
    uintx NonNMethodCodeHeapSize                   = 5839372                                {pd product} {ergonomic}
    uintx NonProfiledCodeHeapSize                  = 122909434                              {pd product} {ergonomic}
    uintx ProfiledCodeHeapSize                     = 122909434                              {pd product} {ergonomic}
    uintx ReservedCodeCacheSize                    = 251658240                              {pd product} {ergonomic}
     bool SegmentedCodeCache                       = true                                      {product} {ergonomic}
   size_t SoftMaxHeapSize                          = 536870912                              {manageable} {ergonomic}
     bool UseCompressedClassPointers               = true                           {product lp64_product} {ergonomic}
     bool UseCompressedOops                        = true                           {product lp64_product} {ergonomic}
     bool UseG1GC                                  = true                                      {product} {ergonomic}
     bool UseLargePagesIndividualAllocation        = false                                  {pd product} {ergonomic}

Logging:
Log output configuration:
 #0: stdout all=warning uptime,level,tags foldmultilines=false
 #1: stderr all=off uptime,level,tags foldmultilines=false

Environment Variables:
PATH=C:\Program Files\Common Files\Oracle\Java\javapath;C:\Program Files (x86)\Common Files\Oracle\Java\javapath;C:\windows\system32;C:\windows;C:\windows\System32\Wbem;C:\windows\System32\WindowsPowerShell\v1.0\;C:\windows\System32\OpenSSH\;C:\Program Files\Microsoft SQL Server\130\Tools\Binn\;C:\Program Files\Git\cmd;C:\xampp\php;C:\ProgramData\ComposerSetup\bin;C:\WINDOWS\system32;C:\WINDOWS;C:\WINDOWS\System32\Wbem;C:\WINDOWS\System32\WindowsPowerShell\v1.0\;C:\WINDOWS\System32\OpenSSH\;C:\Program Files\dotnet\;C:\Program Files\Microsoft SQL Server\150\Tools\Binn\;C:\Program Files\nodejs\;C:\Users\giwat\Gradle\gradle-8.3\bin;;C:\Program Files\Docker\Docker\resources\bin;C:\Users\giwat\AppData\Local\Programs\Python\Python311\Scripts\;C:\Users\giwat\AppData\Local\Programs\Python\Python311\;C:\Program Files\MySQL\MySQL Shell 8.0\bin\;C:\Users\giwat\AppData\Local\Microsoft\WindowsApps;C:\Users\giwat\AppData\Local\Programs\Microsoft VS Code\bin;C:\Users\giwat\.dotnet\tools;C:\Users\giwat\AppData\Local\atom\bin;C:\Users\giwat\AppData\Roaming\Composer\vendor\bin;C:\Program Files (x86)\Brackets\;C:\Users\giwat\AppData\Local\Microsoft\WindowsApps;C:\Program Files\JetBrains\PyCharm 2022.3.1\bin;;C:\Users\giwat\.dotnet\tools;C:\Program Files\heroku\bin;C:\Users\giwat\AppData\Roaming\npm;C:\Program Files\JetBrains\DataGrip 2023.2.2\bin;
USERNAME=giwat
OS=Windows_NT
PROCESSOR_IDENTIFIER=Intel64 Family 6 Model 140 Stepping 2, GenuineIntel
TMP=C:\Users\giwat\AppData\Local\Temp
TEMP=C:\Users\giwat\AppData\Local\Temp




---------------  S Y S T E M  ---------------

OS:
 Windows 11 , 64 bit Build 22621 (10.0.22621.2506)
OS uptime: 0 days 16:46 hours
Hyper-V role detected

CPU: total 8 (initial active 8) (4 cores per cpu, 2 threads per core) family 6 model 140 stepping 2 microcode 0x2c, cx8, cmov, fxsr, ht, mmx, 3dnowpref, sse, sse2, sse3, ssse3, sse4.1, sse4.2, popcnt, lzcnt, tsc, tscinvbit, avx, avx2, aes, erms, clmul, bmi1, bmi2, adx, avx512f, avx512dq, avx512cd, avx512bw, avx512vl, sha, fma, vzeroupper, avx512_vpopcntdq, avx512_vpclmulqdq, avx512_vaes, avx512_vnni, clflush, clflushopt, clwb, avx512_vbmi2, avx512_vbmi, hv, rdtscp, rdpid, fsrm, gfni, avx512_bitalg, f16c, cet_ibt, cet_ss, avx512_ifma

Memory: 4k page, system-wide physical 7941M (355M free)
TotalPageFile size 32517M (AvailPageFile size 2M)
current process WorkingSet (physical memory assigned to process): 221M, peak: 262M
current process commit charge ("private bytes"): 452M, peak: 454M

vm_info: OpenJDK 64-Bit Server VM (20.0.2.1+10-FR) for windows-amd64 JRE (20.0.2.1+10-FR), built on 2023-08-19T09:18:31Z by "Administrator" with unknown MS VC++:1937

END.
