#
# There is insufficient memory for the Java Runtime Environment to continue.
# Native memory allocation (malloc) failed to allocate 730816 bytes for Chunk::new
# Possible reasons:
#   The system is out of physical RAM or swap space
#   The process is running with CompressedOops enabled, and the Java Heap may be blocking the growth of the native heap
# Possible solutions:
#   Reduce memory load on the system
#   Increase physical memory or swap space
#   Check if swap backing store is full
#   Decrease Java heap size (-Xmx/-Xms)
#   Decrease number of Java threads
#   Decrease Java thread stack sizes (-Xss)
#   Set larger code cache with -XX:ReservedCodeCacheSize=
#   JVM is running with Unscaled Compressed Oops mode in which the Java heap is
#     placed in the first 4GB address space. The Java Heap base address is the
#     maximum limit for the native heap growth. Please use -XX:HeapBaseMinAddress
#     to set the Java Heap base and to place the Java Heap above 4GB virtual address.
# This output file may be truncated or incomplete.
#
#  Out of Memory Error (arena.cpp:184), pid=30048, tid=36980
#
# JRE version: OpenJDK Runtime Environment Corretto-20.0.2.10.1 (20.0.2.1+10) (build 20.0.2.1+10-FR)
# Java VM: OpenJDK 64-Bit Server VM Corretto-20.0.2.10.1 (20.0.2.1+10-FR, mixed mode, sharing, tiered, compressed oops, compressed class ptrs, g1 gc, windows-amd64)
# No core dump will be written. Minidumps are not enabled by default on client versions of Windows
#

---------------  S U M M A R Y ------------

Command Line: --add-opens=java.base/java.util=ALL-UNNAMED --add-opens=java.base/java.lang=ALL-UNNAMED --add-opens=java.base/java.lang.invoke=ALL-UNNAMED --add-opens=java.prefs/java.util.prefs=ALL-UNNAMED --add-opens=java.base/java.nio.charset=ALL-UNNAMED --add-opens=java.base/java.net=ALL-UNNAMED --add-opens=java.base/java.util.concurrent.atomic=ALL-UNNAMED -XX:MaxMetaspaceSize=384m -XX:+HeapDumpOnOutOfMemoryError -Xms256m -Xmx512m -Dfile.encoding=windows-1252 -Duser.country=CA -Duser.language=en -Duser.variant -javaagent:C:\Users\giwat\.gradle\wrapper\dists\gradle-8.4-bin\1w5dpkrfk8irigvoxmyhowfim\gradle-8.4\lib\agents\gradle-instrumentation-agent-8.4.jar org.gradle.launcher.daemon.bootstrap.GradleDaemon 8.4

Host: 11th Gen Intel(R) Core(TM) i5-1155G7 @ 2.50GHz, 8 cores, 7G,  Windows 11 , 64 bit Build 22621 (10.0.22621.2506)
Time: Sat Nov 18 18:30:15 2023 Eastern Standard Time elapsed time: 8.992310 seconds (0d 0h 0m 8s)

---------------  T H R E A D  ---------------

Current thread (0x000001ca54409360):  JavaThread "C2 CompilerThread0" daemon [_thread_in_native, id=36980, stack(0x0000009e51600000,0x0000009e51700000)]


Current CompileTask:
C2:   8992 2556   !   4       java.lang.ClassLoader::loadClass (121 bytes)

Stack: [0x0000009e51600000,0x0000009e51700000]
Native frames: (J=compiled Java code, j=interpreted, Vv=VM code, C=native code)
V  [jvm.dll+0x6ba11a]
V  [jvm.dll+0x8968da]
V  [jvm.dll+0x898665]
V  [jvm.dll+0x898d53]
V  [jvm.dll+0x27f9ff]
V  [jvm.dll+0xc3771]
V  [jvm.dll+0xc3a95]
V  [jvm.dll+0x2f428f]
V  [jvm.dll+0x5e09af]
V  [jvm.dll+0x252334]
V  [jvm.dll+0x24ab59]
V  [jvm.dll+0x248375]
V  [jvm.dll+0x1cbc81]
V  [jvm.dll+0x257f49]
V  [jvm.dll+0x256610]
V  [jvm.dll+0x3f0155]
V  [jvm.dll+0x843859]
V  [jvm.dll+0x6b8d9b]
C  [ucrtbase.dll+0x29363]
C  [KERNEL32.DLL+0x1257d]
C  [ntdll.dll+0x5aa58]


---------------  P R O C E S S  ---------------

Threads class SMR info:
_java_thread_list=0x000001ca55613b80, length=27, elements={
0x000001ca211bed10, 0x000001ca3bd9ed00, 0x000001ca3bd9f8a0, 0x000001ca3bda6ba0,
0x000001ca3bda8200, 0x000001ca3bdae0f0, 0x000001ca3bdae730, 0x000001ca54409360,
0x000001ca5440ad00, 0x000001ca54509bc0, 0x000001ca5461a590, 0x000001ca55ceb570,
0x000001ca55ce9590, 0x000001ca55ce85a0, 0x000001ca55cebac0, 0x000001ca55ce9ae0,
0x000001ca55ce9040, 0x000001ca55ce8af0, 0x000001ca55cea030, 0x000001ca55cea580,
0x000001ca55ceaad0, 0x000001ca55ceb020, 0x000001ca54fcd2c0, 0x000001ca54fcdd60,
0x000001ca54fc9da0, 0x000001ca54fc7dc0, 0x000001ca54fcb830
}

Java Threads: ( => current thread )
  0x000001ca211bed10 JavaThread "main" [_thread_blocked, id=28000, stack(0x0000009e50900000,0x0000009e50a00000)]
  0x000001ca3bd9ed00 JavaThread "Reference Handler" daemon [_thread_blocked, id=39052, stack(0x0000009e51000000,0x0000009e51100000)]
  0x000001ca3bd9f8a0 JavaThread "Finalizer" daemon [_thread_blocked, id=38372, stack(0x0000009e51100000,0x0000009e51200000)]
  0x000001ca3bda6ba0 JavaThread "Signal Dispatcher" daemon [_thread_blocked, id=35724, stack(0x0000009e51200000,0x0000009e51300000)]
  0x000001ca3bda8200 JavaThread "Attach Listener" daemon [_thread_blocked, id=23708, stack(0x0000009e51300000,0x0000009e51400000)]
  0x000001ca3bdae0f0 JavaThread "Service Thread" daemon [_thread_blocked, id=30952, stack(0x0000009e51400000,0x0000009e51500000)]
  0x000001ca3bdae730 JavaThread "Monitor Deflation Thread" daemon [_thread_blocked, id=38236, stack(0x0000009e51500000,0x0000009e51600000)]
=>0x000001ca54409360 JavaThread "C2 CompilerThread0" daemon [_thread_in_native, id=36980, stack(0x0000009e51600000,0x0000009e51700000)]
  0x000001ca5440ad00 JavaThread "C1 CompilerThread0" daemon [_thread_blocked, id=38536, stack(0x0000009e51700000,0x0000009e51800000)]
  0x000001ca54509bc0 JavaThread "Common-Cleaner" daemon [_thread_blocked, id=34016, stack(0x0000009e51800000,0x0000009e51900000)]
  0x000001ca5461a590 JavaThread "Notification Thread" daemon [_thread_blocked, id=37848, stack(0x0000009e51900000,0x0000009e51a00000)]
  0x000001ca55ceb570 JavaThread "Daemon health stats" [_thread_blocked, id=37536, stack(0x0000009e51b00000,0x0000009e51c00000)]
  0x000001ca55ce9590 JavaThread "Incoming local TCP Connector on port 57819" [_thread_in_native, id=38232, stack(0x0000009e52100000,0x0000009e52200000)]
  0x000001ca55ce85a0 JavaThread "Daemon periodic checks" [_thread_blocked, id=29904, stack(0x0000009e52200000,0x0000009e52300000)]
  0x000001ca55cebac0 JavaThread "Daemon" [_thread_blocked, id=38060, stack(0x0000009e52300000,0x0000009e52400000)]
  0x000001ca55ce9ae0 JavaThread "Handler for socket connection from /127.0.0.1:57819 to /127.0.0.1:57820" [_thread_in_native, id=37772, stack(0x0000009e52400000,0x0000009e52500000)]
  0x000001ca55ce9040 JavaThread "Cancel handler" [_thread_blocked, id=11740, stack(0x0000009e52500000,0x0000009e52600000)]
  0x000001ca55ce8af0 JavaThread "Daemon worker" [_thread_in_vm, id=34612, stack(0x0000009e52600000,0x0000009e52700000)]
  0x000001ca55cea030 JavaThread "Asynchronous log dispatcher for DefaultDaemonConnection: socket connection from /127.0.0.1:57819 to /127.0.0.1:57820" [_thread_blocked, id=35144, stack(0x0000009e52700000,0x0000009e52800000)]
  0x000001ca55cea580 JavaThread "Stdin handler" [_thread_blocked, id=37744, stack(0x0000009e52800000,0x0000009e52900000)]
  0x000001ca55ceaad0 JavaThread "Daemon client event forwarder" [_thread_blocked, id=38352, stack(0x0000009e52900000,0x0000009e52a00000)]
  0x000001ca55ceb020 JavaThread "Daemon Thread 2" [_thread_blocked, id=19544, stack(0x0000009e52a00000,0x0000009e52b00000)]
  0x000001ca54fcd2c0 JavaThread "Handler for socket connection from /127.0.0.1:57819 to /127.0.0.1:57822" [_thread_in_native, id=27904, stack(0x0000009e52b00000,0x0000009e52c00000)]
  0x000001ca54fcdd60 JavaThread "Cache worker for journal cache (C:\Users\giwat\.gradle\caches\journal-1)" [_thread_blocked, id=20728, stack(0x0000009e52c00000,0x0000009e52d00000)]
  0x000001ca54fc9da0 JavaThread "File lock request listener" [_thread_in_native, id=5640, stack(0x0000009e52d00000,0x0000009e52e00000)]
  0x000001ca54fc7dc0 JavaThread "File lock release action executor" [_thread_blocked, id=9272, stack(0x0000009e52e00000,0x0000009e52f00000)]
  0x000001ca54fcb830 JavaThread "Cache worker for file hash cache (C:\Users\giwat\.gradle\caches\8.4\fileHashes)" [_thread_blocked, id=39496, stack(0x0000009e52f00000,0x0000009e53000000)]

Other Threads:
  0x000001ca3bd7d360 VMThread "VM Thread" [stack: 0x0000009e50f00000,0x0000009e51000000] [id=37232]
  0x000001ca211bfd30 WatcherThread "VM Periodic Task Thread" [stack: 0x0000009e51a00000,0x0000009e51b00000] [id=14076]
  0x000001ca211f0b10 WorkerThread "GC Thread#0" [stack: 0x0000009e50a00000,0x0000009e50b00000] [id=9340]
  0x000001ca54f2ddf0 WorkerThread "GC Thread#1" [stack: 0x0000009e51c00000,0x0000009e51d00000] [id=32980]
  0x000001ca54ef71f0 WorkerThread "GC Thread#2" [stack: 0x0000009e51d00000,0x0000009e51e00000] [id=26536]
  0x000001ca54ef74c0 WorkerThread "GC Thread#3" [stack: 0x0000009e51e00000,0x0000009e51f00000] [id=21208]
  0x000001ca54ef7790 WorkerThread "GC Thread#4" [stack: 0x0000009e51f00000,0x0000009e52000000] [id=29772]
  0x000001ca54f91380 WorkerThread "GC Thread#5" [stack: 0x0000009e52000000,0x0000009e52100000] [id=27532]
  0x000001ca211f5bc0 ConcurrentGCThread "G1 Main Marker" [stack: 0x0000009e50b00000,0x0000009e50c00000] [id=37904]
  0x000001ca211f65f0 WorkerThread "G1 Conc#0" [stack: 0x0000009e50c00000,0x0000009e50d00000] [id=38400]
  0x000001ca2127e170 ConcurrentGCThread "G1 Refine#0" [stack: 0x0000009e50d00000,0x0000009e50e00000] [id=39564]
  0x000001ca2127e820 ConcurrentGCThread "G1 Service" [stack: 0x0000009e50e00000,0x0000009e50f00000] [id=38876]

Threads with active compile tasks:
C2 CompilerThread0     9058 2556   !   4       java.lang.ClassLoader::loadClass (121 bytes)

VM state: not at safepoint (normal execution)

VM Mutex/Monitor currently owned by a thread: None

Heap address: 0x00000000e0000000, size: 512 MB, Compressed Oops mode: 32-bit

CDS archive(s) mapped at: [0x000001ca3c000000-0x000001ca3cc60000-0x000001ca3cc60000), size 12976128, SharedBaseAddress: 0x000001ca3c000000, ArchiveRelocationMode: 1.
Compressed class space mapped at: 0x000001ca3d000000-0x000001ca50400000, reserved size: 322961408
Narrow klass base: 0x000001ca3c000000, Narrow klass shift: 0, Narrow klass range: 0x100000000

GC Precious Log:
 CardTable entry size: 512
 Card Set container configuration: InlinePtr #cards 5 size 8 Array Of Cards #cards 12 size 40 Howl #buckets 4 coarsen threshold 1843 Howl Bitmap #cards 512 size 80 coarsen threshold 460 Card regions per heap region 1 cards per card region 2048
 CPUs: 8 total, 8 available
 Memory: 7941M
 Large Page Support: Disabled
 NUMA Support: Disabled
 Compressed Oops: Enabled (32-bit)
 Heap Region Size: 1M
 Heap Min Capacity: 256M
 Heap Initial Capacity: 256M
 Heap Max Capacity: 512M
 Pre-touch: Disabled
 Parallel Workers: 8
 Concurrent Workers: 2
 Concurrent Refinement Workers: 8
 Periodic GC: Disabled

Heap:
 garbage-first heap   total 262144K, used 76014K [0x00000000e0000000, 0x0000000100000000)
  region size 1024K, 65 young (66560K), 3 survivors (3072K)
 Metaspace       used 15696K, committed 16128K, reserved 380928K
  class space    used 2140K, committed 2304K, reserved 315392K

Heap Regions: E=young(eden), S=young(survivor), O=old, HS=humongous(starts), HC=humongous(continues), CS=collection set, F=free, OA=open archive, CA=closed archive, TAMS=top-at-mark-start, PB=parsable bottom
|   0|0x00000000e0000000, 0x00000000e0100000, 0x00000000e0100000|100%|HS|  |TAMS 0x00000000e0000000| PB 0x00000000e0000000| Complete 
|   1|0x00000000e0100000, 0x00000000e0200000, 0x00000000e0200000|100%|HC|  |TAMS 0x00000000e0100000| PB 0x00000000e0100000| Complete 
|   2|0x00000000e0200000, 0x00000000e0300000, 0x00000000e0300000|100%|HC|  |TAMS 0x00000000e0200000| PB 0x00000000e0200000| Complete 
|   3|0x00000000e0300000, 0x00000000e0400000, 0x00000000e0400000|100%|HC|  |TAMS 0x00000000e0300000| PB 0x00000000e0300000| Complete 
|   4|0x00000000e0400000, 0x00000000e0500000, 0x00000000e0500000|100%| O|  |TAMS 0x00000000e0400000| PB 0x00000000e0400000| Untracked 
|   5|0x00000000e0500000, 0x00000000e0600000, 0x00000000e0600000|100%| O|  |TAMS 0x00000000e0500000| PB 0x00000000e0500000| Untracked 
|   6|0x00000000e0600000, 0x00000000e0700000, 0x00000000e0700000|100%| O|  |TAMS 0x00000000e0600000| PB 0x00000000e0600000| Untracked 
|   7|0x00000000e0700000, 0x00000000e0800000, 0x00000000e0800000|100%| O|  |TAMS 0x00000000e0700000| PB 0x00000000e0700000| Untracked 
|   8|0x00000000e0800000, 0x00000000e0800000, 0x00000000e0900000|  0%| F|  |TAMS 0x00000000e0800000| PB 0x00000000e0800000| Untracked 
|   9|0x00000000e0900000, 0x00000000e0a00000, 0x00000000e0a00000|100%| O|  |TAMS 0x00000000e0900000| PB 0x00000000e0900000| Untracked 
|  10|0x00000000e0a00000, 0x00000000e0b00000, 0x00000000e0b00000|100%| O|  |TAMS 0x00000000e0a00000| PB 0x00000000e0a00000| Untracked 
|  11|0x00000000e0b00000, 0x00000000e0b66200, 0x00000000e0c00000| 39%| O|  |TAMS 0x00000000e0b00000| PB 0x00000000e0b00000| Untracked 
|  12|0x00000000e0c00000, 0x00000000e0c00000, 0x00000000e0d00000|  0%| F|  |TAMS 0x00000000e0c00000| PB 0x00000000e0c00000| Untracked 
|  13|0x00000000e0d00000, 0x00000000e0d00000, 0x00000000e0e00000|  0%| F|  |TAMS 0x00000000e0d00000| PB 0x00000000e0d00000| Untracked 
|  14|0x00000000e0e00000, 0x00000000e0e00000, 0x00000000e0f00000|  0%| F|  |TAMS 0x00000000e0e00000| PB 0x00000000e0e00000| Untracked 
|  15|0x00000000e0f00000, 0x00000000e0f00000, 0x00000000e1000000|  0%| F|  |TAMS 0x00000000e0f00000| PB 0x00000000e0f00000| Untracked 
|  16|0x00000000e1000000, 0x00000000e1000000, 0x00000000e1100000|  0%| F|  |TAMS 0x00000000e1000000| PB 0x00000000e1000000| Untracked 
|  17|0x00000000e1100000, 0x00000000e1100000, 0x00000000e1200000|  0%| F|  |TAMS 0x00000000e1100000| PB 0x00000000e1100000| Untracked 
|  18|0x00000000e1200000, 0x00000000e1200000, 0x00000000e1300000|  0%| F|  |TAMS 0x00000000e1200000| PB 0x00000000e1200000| Untracked 
|  19|0x00000000e1300000, 0x00000000e1300000, 0x00000000e1400000|  0%| F|  |TAMS 0x00000000e1300000| PB 0x00000000e1300000| Untracked 
|  20|0x00000000e1400000, 0x00000000e1400000, 0x00000000e1500000|  0%| F|  |TAMS 0x00000000e1400000| PB 0x00000000e1400000| Untracked 
|  21|0x00000000e1500000, 0x00000000e1500000, 0x00000000e1600000|  0%| F|  |TAMS 0x00000000e1500000| PB 0x00000000e1500000| Untracked 
|  22|0x00000000e1600000, 0x00000000e1600000, 0x00000000e1700000|  0%| F|  |TAMS 0x00000000e1600000| PB 0x00000000e1600000| Untracked 
|  23|0x00000000e1700000, 0x00000000e1700000, 0x00000000e1800000|  0%| F|  |TAMS 0x00000000e1700000| PB 0x00000000e1700000| Untracked 
|  24|0x00000000e1800000, 0x00000000e1800000, 0x00000000e1900000|  0%| F|  |TAMS 0x00000000e1800000| PB 0x00000000e1800000| Untracked 
|  25|0x00000000e1900000, 0x00000000e1900000, 0x00000000e1a00000|  0%| F|  |TAMS 0x00000000e1900000| PB 0x00000000e1900000| Untracked 
|  26|0x00000000e1a00000, 0x00000000e1a00000, 0x00000000e1b00000|  0%| F|  |TAMS 0x00000000e1a00000| PB 0x00000000e1a00000| Untracked 
|  27|0x00000000e1b00000, 0x00000000e1b00000, 0x00000000e1c00000|  0%| F|  |TAMS 0x00000000e1b00000| PB 0x00000000e1b00000| Untracked 
|  28|0x00000000e1c00000, 0x00000000e1c00000, 0x00000000e1d00000|  0%| F|  |TAMS 0x00000000e1c00000| PB 0x00000000e1c00000| Untracked 
|  29|0x00000000e1d00000, 0x00000000e1d00000, 0x00000000e1e00000|  0%| F|  |TAMS 0x00000000e1d00000| PB 0x00000000e1d00000| Untracked 
|  30|0x00000000e1e00000, 0x00000000e1e00000, 0x00000000e1f00000|  0%| F|  |TAMS 0x00000000e1e00000| PB 0x00000000e1e00000| Untracked 
|  31|0x00000000e1f00000, 0x00000000e1f00000, 0x00000000e2000000|  0%| F|  |TAMS 0x00000000e1f00000| PB 0x00000000e1f00000| Untracked 
|  32|0x00000000e2000000, 0x00000000e2000000, 0x00000000e2100000|  0%| F|  |TAMS 0x00000000e2000000| PB 0x00000000e2000000| Untracked 
|  33|0x00000000e2100000, 0x00000000e2100000, 0x00000000e2200000|  0%| F|  |TAMS 0x00000000e2100000| PB 0x00000000e2100000| Untracked 
|  34|0x00000000e2200000, 0x00000000e2200000, 0x00000000e2300000|  0%| F|  |TAMS 0x00000000e2200000| PB 0x00000000e2200000| Untracked 
|  35|0x00000000e2300000, 0x00000000e2300000, 0x00000000e2400000|  0%| F|  |TAMS 0x00000000e2300000| PB 0x00000000e2300000| Untracked 
|  36|0x00000000e2400000, 0x00000000e2400000, 0x00000000e2500000|  0%| F|  |TAMS 0x00000000e2400000| PB 0x00000000e2400000| Untracked 
|  37|0x00000000e2500000, 0x00000000e2500000, 0x00000000e2600000|  0%| F|  |TAMS 0x00000000e2500000| PB 0x00000000e2500000| Untracked 
|  38|0x00000000e2600000, 0x00000000e2600000, 0x00000000e2700000|  0%| F|  |TAMS 0x00000000e2600000| PB 0x00000000e2600000| Untracked 
|  39|0x00000000e2700000, 0x00000000e2700000, 0x00000000e2800000|  0%| F|  |TAMS 0x00000000e2700000| PB 0x00000000e2700000| Untracked 
|  40|0x00000000e2800000, 0x00000000e2800000, 0x00000000e2900000|  0%| F|  |TAMS 0x00000000e2800000| PB 0x00000000e2800000| Untracked 
|  41|0x00000000e2900000, 0x00000000e2900000, 0x00000000e2a00000|  0%| F|  |TAMS 0x00000000e2900000| PB 0x00000000e2900000| Untracked 
|  42|0x00000000e2a00000, 0x00000000e2a00000, 0x00000000e2b00000|  0%| F|  |TAMS 0x00000000e2a00000| PB 0x00000000e2a00000| Untracked 
|  43|0x00000000e2b00000, 0x00000000e2b00000, 0x00000000e2c00000|  0%| F|  |TAMS 0x00000000e2b00000| PB 0x00000000e2b00000| Untracked 
|  44|0x00000000e2c00000, 0x00000000e2c00000, 0x00000000e2d00000|  0%| F|  |TAMS 0x00000000e2c00000| PB 0x00000000e2c00000| Untracked 
|  45|0x00000000e2d00000, 0x00000000e2d00000, 0x00000000e2e00000|  0%| F|  |TAMS 0x00000000e2d00000| PB 0x00000000e2d00000| Untracked 
|  46|0x00000000e2e00000, 0x00000000e2e00000, 0x00000000e2f00000|  0%| F|  |TAMS 0x00000000e2e00000| PB 0x00000000e2e00000| Untracked 
|  47|0x00000000e2f00000, 0x00000000e2f00000, 0x00000000e3000000|  0%| F|  |TAMS 0x00000000e2f00000| PB 0x00000000e2f00000| Untracked 
|  48|0x00000000e3000000, 0x00000000e3000000, 0x00000000e3100000|  0%| F|  |TAMS 0x00000000e3000000| PB 0x00000000e3000000| Untracked 
|  49|0x00000000e3100000, 0x00000000e3100000, 0x00000000e3200000|  0%| F|  |TAMS 0x00000000e3100000| PB 0x00000000e3100000| Untracked 
|  50|0x00000000e3200000, 0x00000000e3200000, 0x00000000e3300000|  0%| F|  |TAMS 0x00000000e3200000| PB 0x00000000e3200000| Untracked 
|  51|0x00000000e3300000, 0x00000000e3300000, 0x00000000e3400000|  0%| F|  |TAMS 0x00000000e3300000| PB 0x00000000e3300000| Untracked 
|  52|0x00000000e3400000, 0x00000000e3400000, 0x00000000e3500000|  0%| F|  |TAMS 0x00000000e3400000| PB 0x00000000e3400000| Untracked 
|  53|0x00000000e3500000, 0x00000000e3500000, 0x00000000e3600000|  0%| F|  |TAMS 0x00000000e3500000| PB 0x00000000e3500000| Untracked 
|  54|0x00000000e3600000, 0x00000000e3600000, 0x00000000e3700000|  0%| F|  |TAMS 0x00000000e3600000| PB 0x00000000e3600000| Untracked 
|  55|0x00000000e3700000, 0x00000000e3700000, 0x00000000e3800000|  0%| F|  |TAMS 0x00000000e3700000| PB 0x00000000e3700000| Untracked 
|  56|0x00000000e3800000, 0x00000000e3800000, 0x00000000e3900000|  0%| F|  |TAMS 0x00000000e3800000| PB 0x00000000e3800000| Untracked 
|  57|0x00000000e3900000, 0x00000000e3900000, 0x00000000e3a00000|  0%| F|  |TAMS 0x00000000e3900000| PB 0x00000000e3900000| Untracked 
|  58|0x00000000e3a00000, 0x00000000e3a00000, 0x00000000e3b00000|  0%| F|  |TAMS 0x00000000e3a00000| PB 0x00000000e3a00000| Untracked 
|  59|0x00000000e3b00000, 0x00000000e3b00000, 0x00000000e3c00000|  0%| F|  |TAMS 0x00000000e3b00000| PB 0x00000000e3b00000| Untracked 
|  60|0x00000000e3c00000, 0x00000000e3c00000, 0x00000000e3d00000|  0%| F|  |TAMS 0x00000000e3c00000| PB 0x00000000e3c00000| Untracked 
|  61|0x00000000e3d00000, 0x00000000e3d00000, 0x00000000e3e00000|  0%| F|  |TAMS 0x00000000e3d00000| PB 0x00000000e3d00000| Untracked 
|  62|0x00000000e3e00000, 0x00000000e3e00000, 0x00000000e3f00000|  0%| F|  |TAMS 0x00000000e3e00000| PB 0x00000000e3e00000| Untracked 
|  63|0x00000000e3f00000, 0x00000000e3f00000, 0x00000000e4000000|  0%| F|  |TAMS 0x00000000e3f00000| PB 0x00000000e3f00000| Untracked 
|  64|0x00000000e4000000, 0x00000000e4000000, 0x00000000e4100000|  0%| F|  |TAMS 0x00000000e4000000| PB 0x00000000e4000000| Untracked 
|  65|0x00000000e4100000, 0x00000000e4100000, 0x00000000e4200000|  0%| F|  |TAMS 0x00000000e4100000| PB 0x00000000e4100000| Untracked 
|  66|0x00000000e4200000, 0x00000000e4200000, 0x00000000e4300000|  0%| F|  |TAMS 0x00000000e4200000| PB 0x00000000e4200000| Untracked 
|  67|0x00000000e4300000, 0x00000000e4300000, 0x00000000e4400000|  0%| F|  |TAMS 0x00000000e4300000| PB 0x00000000e4300000| Untracked 
|  68|0x00000000e4400000, 0x00000000e4400000, 0x00000000e4500000|  0%| F|  |TAMS 0x00000000e4400000| PB 0x00000000e4400000| Untracked 
|  69|0x00000000e4500000, 0x00000000e4500000, 0x00000000e4600000|  0%| F|  |TAMS 0x00000000e4500000| PB 0x00000000e4500000| Untracked 
|  70|0x00000000e4600000, 0x00000000e4600000, 0x00000000e4700000|  0%| F|  |TAMS 0x00000000e4600000| PB 0x00000000e4600000| Untracked 
|  71|0x00000000e4700000, 0x00000000e4700000, 0x00000000e4800000|  0%| F|  |TAMS 0x00000000e4700000| PB 0x00000000e4700000| Untracked 
|  72|0x00000000e4800000, 0x00000000e4800000, 0x00000000e4900000|  0%| F|  |TAMS 0x00000000e4800000| PB 0x00000000e4800000| Untracked 
|  73|0x00000000e4900000, 0x00000000e4900000, 0x00000000e4a00000|  0%| F|  |TAMS 0x00000000e4900000| PB 0x00000000e4900000| Untracked 
|  74|0x00000000e4a00000, 0x00000000e4a00000, 0x00000000e4b00000|  0%| F|  |TAMS 0x00000000e4a00000| PB 0x00000000e4a00000| Untracked 
|  75|0x00000000e4b00000, 0x00000000e4b00000, 0x00000000e4c00000|  0%| F|  |TAMS 0x00000000e4b00000| PB 0x00000000e4b00000| Untracked 
|  76|0x00000000e4c00000, 0x00000000e4c00000, 0x00000000e4d00000|  0%| F|  |TAMS 0x00000000e4c00000| PB 0x00000000e4c00000| Untracked 
|  77|0x00000000e4d00000, 0x00000000e4d00000, 0x00000000e4e00000|  0%| F|  |TAMS 0x00000000e4d00000| PB 0x00000000e4d00000| Untracked 
|  78|0x00000000e4e00000, 0x00000000e4e00000, 0x00000000e4f00000|  0%| F|  |TAMS 0x00000000e4e00000| PB 0x00000000e4e00000| Untracked 
|  79|0x00000000e4f00000, 0x00000000e4f00000, 0x00000000e5000000|  0%| F|  |TAMS 0x00000000e4f00000| PB 0x00000000e4f00000| Untracked 
|  80|0x00000000e5000000, 0x00000000e5000000, 0x00000000e5100000|  0%| F|  |TAMS 0x00000000e5000000| PB 0x00000000e5000000| Untracked 
|  81|0x00000000e5100000, 0x00000000e5100000, 0x00000000e5200000|  0%| F|  |TAMS 0x00000000e5100000| PB 0x00000000e5100000| Untracked 
|  82|0x00000000e5200000, 0x00000000e5200000, 0x00000000e5300000|  0%| F|  |TAMS 0x00000000e5200000| PB 0x00000000e5200000| Untracked 
|  83|0x00000000e5300000, 0x00000000e5300000, 0x00000000e5400000|  0%| F|  |TAMS 0x00000000e5300000| PB 0x00000000e5300000| Untracked 
|  84|0x00000000e5400000, 0x00000000e5400000, 0x00000000e5500000|  0%| F|  |TAMS 0x00000000e5400000| PB 0x00000000e5400000| Untracked 
|  85|0x00000000e5500000, 0x00000000e5500000, 0x00000000e5600000|  0%| F|  |TAMS 0x00000000e5500000| PB 0x00000000e5500000| Untracked 
|  86|0x00000000e5600000, 0x00000000e5600000, 0x00000000e5700000|  0%| F|  |TAMS 0x00000000e5600000| PB 0x00000000e5600000| Untracked 
|  87|0x00000000e5700000, 0x00000000e5700000, 0x00000000e5800000|  0%| F|  |TAMS 0x00000000e5700000| PB 0x00000000e5700000| Untracked 
|  88|0x00000000e5800000, 0x00000000e5800000, 0x00000000e5900000|  0%| F|  |TAMS 0x00000000e5800000| PB 0x00000000e5800000| Untracked 
|  89|0x00000000e5900000, 0x00000000e5900000, 0x00000000e5a00000|  0%| F|  |TAMS 0x00000000e5900000| PB 0x00000000e5900000| Untracked 
|  90|0x00000000e5a00000, 0x00000000e5a00000, 0x00000000e5b00000|  0%| F|  |TAMS 0x00000000e5a00000| PB 0x00000000e5a00000| Untracked 
|  91|0x00000000e5b00000, 0x00000000e5b00000, 0x00000000e5c00000|  0%| F|  |TAMS 0x00000000e5b00000| PB 0x00000000e5b00000| Untracked 
|  92|0x00000000e5c00000, 0x00000000e5c00000, 0x00000000e5d00000|  0%| F|  |TAMS 0x00000000e5c00000| PB 0x00000000e5c00000| Untracked 
|  93|0x00000000e5d00000, 0x00000000e5d00000, 0x00000000e5e00000|  0%| F|  |TAMS 0x00000000e5d00000| PB 0x00000000e5d00000| Untracked 
|  94|0x00000000e5e00000, 0x00000000e5e00000, 0x00000000e5f00000|  0%| F|  |TAMS 0x00000000e5e00000| PB 0x00000000e5e00000| Untracked 
|  95|0x00000000e5f00000, 0x00000000e5f00000, 0x00000000e6000000|  0%| F|  |TAMS 0x00000000e5f00000| PB 0x00000000e5f00000| Untracked 
|  96|0x00000000e6000000, 0x00000000e6000000, 0x00000000e6100000|  0%| F|  |TAMS 0x00000000e6000000| PB 0x00000000e6000000| Untracked 
|  97|0x00000000e6100000, 0x00000000e6100000, 0x00000000e6200000|  0%| F|  |TAMS 0x00000000e6100000| PB 0x00000000e6100000| Untracked 
|  98|0x00000000e6200000, 0x00000000e6200000, 0x00000000e6300000|  0%| F|  |TAMS 0x00000000e6200000| PB 0x00000000e6200000| Untracked 
|  99|0x00000000e6300000, 0x00000000e6300000, 0x00000000e6400000|  0%| F|  |TAMS 0x00000000e6300000| PB 0x00000000e6300000| Untracked 
| 100|0x00000000e6400000, 0x00000000e6400000, 0x00000000e6500000|  0%| F|  |TAMS 0x00000000e6400000| PB 0x00000000e6400000| Untracked 
| 101|0x00000000e6500000, 0x00000000e6500000, 0x00000000e6600000|  0%| F|  |TAMS 0x00000000e6500000| PB 0x00000000e6500000| Untracked 
| 102|0x00000000e6600000, 0x00000000e6600000, 0x00000000e6700000|  0%| F|  |TAMS 0x00000000e6600000| PB 0x00000000e6600000| Untracked 
| 103|0x00000000e6700000, 0x00000000e6700000, 0x00000000e6800000|  0%| F|  |TAMS 0x00000000e6700000| PB 0x00000000e6700000| Untracked 
| 104|0x00000000e6800000, 0x00000000e6800000, 0x00000000e6900000|  0%| F|  |TAMS 0x00000000e6800000| PB 0x00000000e6800000| Untracked 
| 105|0x00000000e6900000, 0x00000000e6900000, 0x00000000e6a00000|  0%| F|  |TAMS 0x00000000e6900000| PB 0x00000000e6900000| Untracked 
| 106|0x00000000e6a00000, 0x00000000e6a00000, 0x00000000e6b00000|  0%| F|  |TAMS 0x00000000e6a00000| PB 0x00000000e6a00000| Untracked 
| 107|0x00000000e6b00000, 0x00000000e6b00000, 0x00000000e6c00000|  0%| F|  |TAMS 0x00000000e6b00000| PB 0x00000000e6b00000| Untracked 
| 108|0x00000000e6c00000, 0x00000000e6c00000, 0x00000000e6d00000|  0%| F|  |TAMS 0x00000000e6c00000| PB 0x00000000e6c00000| Untracked 
| 109|0x00000000e6d00000, 0x00000000e6d00000, 0x00000000e6e00000|  0%| F|  |TAMS 0x00000000e6d00000| PB 0x00000000e6d00000| Untracked 
| 110|0x00000000e6e00000, 0x00000000e6e00000, 0x00000000e6f00000|  0%| F|  |TAMS 0x00000000e6e00000| PB 0x00000000e6e00000| Untracked 
| 111|0x00000000e6f00000, 0x00000000e6f00000, 0x00000000e7000000|  0%| F|  |TAMS 0x00000000e6f00000| PB 0x00000000e6f00000| Untracked 
| 112|0x00000000e7000000, 0x00000000e7000000, 0x00000000e7100000|  0%| F|  |TAMS 0x00000000e7000000| PB 0x00000000e7000000| Untracked 
| 113|0x00000000e7100000, 0x00000000e7100000, 0x00000000e7200000|  0%| F|  |TAMS 0x00000000e7100000| PB 0x00000000e7100000| Untracked 
| 114|0x00000000e7200000, 0x00000000e7200000, 0x00000000e7300000|  0%| F|  |TAMS 0x00000000e7200000| PB 0x00000000e7200000| Untracked 
| 115|0x00000000e7300000, 0x00000000e7300000, 0x00000000e7400000|  0%| F|  |TAMS 0x00000000e7300000| PB 0x00000000e7300000| Untracked 
| 116|0x00000000e7400000, 0x00000000e7400000, 0x00000000e7500000|  0%| F|  |TAMS 0x00000000e7400000| PB 0x00000000e7400000| Untracked 
| 117|0x00000000e7500000, 0x00000000e7500000, 0x00000000e7600000|  0%| F|  |TAMS 0x00000000e7500000| PB 0x00000000e7500000| Untracked 
| 118|0x00000000e7600000, 0x00000000e7600000, 0x00000000e7700000|  0%| F|  |TAMS 0x00000000e7600000| PB 0x00000000e7600000| Untracked 
| 119|0x00000000e7700000, 0x00000000e7700000, 0x00000000e7800000|  0%| F|  |TAMS 0x00000000e7700000| PB 0x00000000e7700000| Untracked 
| 120|0x00000000e7800000, 0x00000000e7800000, 0x00000000e7900000|  0%| F|  |TAMS 0x00000000e7800000| PB 0x00000000e7800000| Untracked 
| 121|0x00000000e7900000, 0x00000000e7900000, 0x00000000e7a00000|  0%| F|  |TAMS 0x00000000e7900000| PB 0x00000000e7900000| Untracked 
| 122|0x00000000e7a00000, 0x00000000e7a00000, 0x00000000e7b00000|  0%| F|  |TAMS 0x00000000e7a00000| PB 0x00000000e7a00000| Untracked 
| 123|0x00000000e7b00000, 0x00000000e7b00000, 0x00000000e7c00000|  0%| F|  |TAMS 0x00000000e7b00000| PB 0x00000000e7b00000| Untracked 
| 124|0x00000000e7c00000, 0x00000000e7c00000, 0x00000000e7d00000|  0%| F|  |TAMS 0x00000000e7c00000| PB 0x00000000e7c00000| Untracked 
| 125|0x00000000e7d00000, 0x00000000e7d00000, 0x00000000e7e00000|  0%| F|  |TAMS 0x00000000e7d00000| PB 0x00000000e7d00000| Untracked 
| 126|0x00000000e7e00000, 0x00000000e7e00000, 0x00000000e7f00000|  0%| F|  |TAMS 0x00000000e7e00000| PB 0x00000000e7e00000| Untracked 
| 127|0x00000000e7f00000, 0x00000000e7f00000, 0x00000000e8000000|  0%| F|  |TAMS 0x00000000e7f00000| PB 0x00000000e7f00000| Untracked 
| 128|0x00000000e8000000, 0x00000000e8000000, 0x00000000e8100000|  0%| F|  |TAMS 0x00000000e8000000| PB 0x00000000e8000000| Untracked 
| 129|0x00000000e8100000, 0x00000000e8100000, 0x00000000e8200000|  0%| F|  |TAMS 0x00000000e8100000| PB 0x00000000e8100000| Untracked 
| 130|0x00000000e8200000, 0x00000000e8200000, 0x00000000e8300000|  0%| F|  |TAMS 0x00000000e8200000| PB 0x00000000e8200000| Untracked 
| 131|0x00000000e8300000, 0x00000000e8300000, 0x00000000e8400000|  0%| F|  |TAMS 0x00000000e8300000| PB 0x00000000e8300000| Untracked 
| 132|0x00000000e8400000, 0x00000000e8400000, 0x00000000e8500000|  0%| F|  |TAMS 0x00000000e8400000| PB 0x00000000e8400000| Untracked 
| 133|0x00000000e8500000, 0x00000000e8500000, 0x00000000e8600000|  0%| F|  |TAMS 0x00000000e8500000| PB 0x00000000e8500000| Untracked 
| 134|0x00000000e8600000, 0x00000000e8600000, 0x00000000e8700000|  0%| F|  |TAMS 0x00000000e8600000| PB 0x00000000e8600000| Untracked 
| 135|0x00000000e8700000, 0x00000000e8700000, 0x00000000e8800000|  0%| F|  |TAMS 0x00000000e8700000| PB 0x00000000e8700000| Untracked 
| 136|0x00000000e8800000, 0x00000000e8800000, 0x00000000e8900000|  0%| F|  |TAMS 0x00000000e8800000| PB 0x00000000e8800000| Untracked 
| 137|0x00000000e8900000, 0x00000000e8900000, 0x00000000e8a00000|  0%| F|  |TAMS 0x00000000e8900000| PB 0x00000000e8900000| Untracked 
| 138|0x00000000e8a00000, 0x00000000e8a00000, 0x00000000e8b00000|  0%| F|  |TAMS 0x00000000e8a00000| PB 0x00000000e8a00000| Untracked 
| 139|0x00000000e8b00000, 0x00000000e8b00000, 0x00000000e8c00000|  0%| F|  |TAMS 0x00000000e8b00000| PB 0x00000000e8b00000| Untracked 
| 140|0x00000000e8c00000, 0x00000000e8c00000, 0x00000000e8d00000|  0%| F|  |TAMS 0x00000000e8c00000| PB 0x00000000e8c00000| Untracked 
| 141|0x00000000e8d00000, 0x00000000e8d00000, 0x00000000e8e00000|  0%| F|  |TAMS 0x00000000e8d00000| PB 0x00000000e8d00000| Untracked 
| 142|0x00000000e8e00000, 0x00000000e8e00000, 0x00000000e8f00000|  0%| F|  |TAMS 0x00000000e8e00000| PB 0x00000000e8e00000| Untracked 
| 143|0x00000000e8f00000, 0x00000000e8f00000, 0x00000000e9000000|  0%| F|  |TAMS 0x00000000e8f00000| PB 0x00000000e8f00000| Untracked 
| 144|0x00000000e9000000, 0x00000000e9000000, 0x00000000e9100000|  0%| F|  |TAMS 0x00000000e9000000| PB 0x00000000e9000000| Untracked 
| 145|0x00000000e9100000, 0x00000000e9100000, 0x00000000e9200000|  0%| F|  |TAMS 0x00000000e9100000| PB 0x00000000e9100000| Untracked 
| 146|0x00000000e9200000, 0x00000000e9200000, 0x00000000e9300000|  0%| F|  |TAMS 0x00000000e9200000| PB 0x00000000e9200000| Untracked 
| 147|0x00000000e9300000, 0x00000000e9300000, 0x00000000e9400000|  0%| F|  |TAMS 0x00000000e9300000| PB 0x00000000e9300000| Untracked 
| 148|0x00000000e9400000, 0x00000000e9400000, 0x00000000e9500000|  0%| F|  |TAMS 0x00000000e9400000| PB 0x00000000e9400000| Untracked 
| 149|0x00000000e9500000, 0x00000000e9500000, 0x00000000e9600000|  0%| F|  |TAMS 0x00000000e9500000| PB 0x00000000e9500000| Untracked 
| 150|0x00000000e9600000, 0x00000000e9600000, 0x00000000e9700000|  0%| F|  |TAMS 0x00000000e9600000| PB 0x00000000e9600000| Untracked 
| 151|0x00000000e9700000, 0x00000000e9700000, 0x00000000e9800000|  0%| F|  |TAMS 0x00000000e9700000| PB 0x00000000e9700000| Untracked 
| 152|0x00000000e9800000, 0x00000000e9800000, 0x00000000e9900000|  0%| F|  |TAMS 0x00000000e9800000| PB 0x00000000e9800000| Untracked 
| 153|0x00000000e9900000, 0x00000000e9900000, 0x00000000e9a00000|  0%| F|  |TAMS 0x00000000e9900000| PB 0x00000000e9900000| Untracked 
| 154|0x00000000e9a00000, 0x00000000e9a00000, 0x00000000e9b00000|  0%| F|  |TAMS 0x00000000e9a00000| PB 0x00000000e9a00000| Untracked 
| 155|0x00000000e9b00000, 0x00000000e9b00000, 0x00000000e9c00000|  0%| F|  |TAMS 0x00000000e9b00000| PB 0x00000000e9b00000| Untracked 
| 156|0x00000000e9c00000, 0x00000000e9c00000, 0x00000000e9d00000|  0%| F|  |TAMS 0x00000000e9c00000| PB 0x00000000e9c00000| Untracked 
| 157|0x00000000e9d00000, 0x00000000e9d00000, 0x00000000e9e00000|  0%| F|  |TAMS 0x00000000e9d00000| PB 0x00000000e9d00000| Untracked 
| 158|0x00000000e9e00000, 0x00000000e9e00000, 0x00000000e9f00000|  0%| F|  |TAMS 0x00000000e9e00000| PB 0x00000000e9e00000| Untracked 
| 159|0x00000000e9f00000, 0x00000000e9f00000, 0x00000000ea000000|  0%| F|  |TAMS 0x00000000e9f00000| PB 0x00000000e9f00000| Untracked 
| 160|0x00000000ea000000, 0x00000000ea000000, 0x00000000ea100000|  0%| F|  |TAMS 0x00000000ea000000| PB 0x00000000ea000000| Untracked 
| 161|0x00000000ea100000, 0x00000000ea100000, 0x00000000ea200000|  0%| F|  |TAMS 0x00000000ea100000| PB 0x00000000ea100000| Untracked 
| 162|0x00000000ea200000, 0x00000000ea200000, 0x00000000ea300000|  0%| F|  |TAMS 0x00000000ea200000| PB 0x00000000ea200000| Untracked 
| 163|0x00000000ea300000, 0x00000000ea300000, 0x00000000ea400000|  0%| F|  |TAMS 0x00000000ea300000| PB 0x00000000ea300000| Untracked 
| 164|0x00000000ea400000, 0x00000000ea400000, 0x00000000ea500000|  0%| F|  |TAMS 0x00000000ea400000| PB 0x00000000ea400000| Untracked 
| 165|0x00000000ea500000, 0x00000000ea500000, 0x00000000ea600000|  0%| F|  |TAMS 0x00000000ea500000| PB 0x00000000ea500000| Untracked 
| 166|0x00000000ea600000, 0x00000000ea600000, 0x00000000ea700000|  0%| F|  |TAMS 0x00000000ea600000| PB 0x00000000ea600000| Untracked 
| 167|0x00000000ea700000, 0x00000000ea700000, 0x00000000ea800000|  0%| F|  |TAMS 0x00000000ea700000| PB 0x00000000ea700000| Untracked 
| 168|0x00000000ea800000, 0x00000000ea800000, 0x00000000ea900000|  0%| F|  |TAMS 0x00000000ea800000| PB 0x00000000ea800000| Untracked 
| 169|0x00000000ea900000, 0x00000000ea900000, 0x00000000eaa00000|  0%| F|  |TAMS 0x00000000ea900000| PB 0x00000000ea900000| Untracked 
| 170|0x00000000eaa00000, 0x00000000eaa00000, 0x00000000eab00000|  0%| F|  |TAMS 0x00000000eaa00000| PB 0x00000000eaa00000| Untracked 
| 171|0x00000000eab00000, 0x00000000eab00000, 0x00000000eac00000|  0%| F|  |TAMS 0x00000000eab00000| PB 0x00000000eab00000| Untracked 
| 172|0x00000000eac00000, 0x00000000eac00000, 0x00000000ead00000|  0%| F|  |TAMS 0x00000000eac00000| PB 0x00000000eac00000| Untracked 
| 173|0x00000000ead00000, 0x00000000ead00000, 0x00000000eae00000|  0%| F|  |TAMS 0x00000000ead00000| PB 0x00000000ead00000| Untracked 
| 174|0x00000000eae00000, 0x00000000eae00000, 0x00000000eaf00000|  0%| F|  |TAMS 0x00000000eae00000| PB 0x00000000eae00000| Untracked 
| 175|0x00000000eaf00000, 0x00000000eaf00000, 0x00000000eb000000|  0%| F|  |TAMS 0x00000000eaf00000| PB 0x00000000eaf00000| Untracked 
| 176|0x00000000eb000000, 0x00000000eb000000, 0x00000000eb100000|  0%| F|  |TAMS 0x00000000eb000000| PB 0x00000000eb000000| Untracked 
| 177|0x00000000eb100000, 0x00000000eb100000, 0x00000000eb200000|  0%| F|  |TAMS 0x00000000eb100000| PB 0x00000000eb100000| Untracked 
| 178|0x00000000eb200000, 0x00000000eb200000, 0x00000000eb300000|  0%| F|  |TAMS 0x00000000eb200000| PB 0x00000000eb200000| Untracked 
| 179|0x00000000eb300000, 0x00000000eb300000, 0x00000000eb400000|  0%| F|  |TAMS 0x00000000eb300000| PB 0x00000000eb300000| Untracked 
| 180|0x00000000eb400000, 0x00000000eb400000, 0x00000000eb500000|  0%| F|  |TAMS 0x00000000eb400000| PB 0x00000000eb400000| Untracked 
| 181|0x00000000eb500000, 0x00000000eb500000, 0x00000000eb600000|  0%| F|  |TAMS 0x00000000eb500000| PB 0x00000000eb500000| Untracked 
| 182|0x00000000eb600000, 0x00000000eb600000, 0x00000000eb700000|  0%| F|  |TAMS 0x00000000eb600000| PB 0x00000000eb600000| Untracked 
| 183|0x00000000eb700000, 0x00000000eb700000, 0x00000000eb800000|  0%| F|  |TAMS 0x00000000eb700000| PB 0x00000000eb700000| Untracked 
| 184|0x00000000eb800000, 0x00000000eb800000, 0x00000000eb900000|  0%| F|  |TAMS 0x00000000eb800000| PB 0x00000000eb800000| Untracked 
| 185|0x00000000eb900000, 0x00000000eb900000, 0x00000000eba00000|  0%| F|  |TAMS 0x00000000eb900000| PB 0x00000000eb900000| Untracked 
| 186|0x00000000eba00000, 0x00000000eba00000, 0x00000000ebb00000|  0%| F|  |TAMS 0x00000000eba00000| PB 0x00000000eba00000| Untracked 
| 187|0x00000000ebb00000, 0x00000000ebb00000, 0x00000000ebc00000|  0%| F|  |TAMS 0x00000000ebb00000| PB 0x00000000ebb00000| Untracked 
| 188|0x00000000ebc00000, 0x00000000ebc00000, 0x00000000ebd00000|  0%| F|  |TAMS 0x00000000ebc00000| PB 0x00000000ebc00000| Untracked 
| 189|0x00000000ebd00000, 0x00000000ebd00000, 0x00000000ebe00000|  0%| F|  |TAMS 0x00000000ebd00000| PB 0x00000000ebd00000| Untracked 
| 190|0x00000000ebe00000, 0x00000000ebe00000, 0x00000000ebf00000|  0%| F|  |TAMS 0x00000000ebe00000| PB 0x00000000ebe00000| Untracked 
| 191|0x00000000ebf00000, 0x00000000ec000000, 0x00000000ec000000|100%| E|  |TAMS 0x00000000ebf00000| PB 0x00000000ebf00000| Complete 
| 192|0x00000000ec000000, 0x00000000ec100000, 0x00000000ec100000|100%| E|CS|TAMS 0x00000000ec000000| PB 0x00000000ec000000| Complete 
| 193|0x00000000ec100000, 0x00000000ec200000, 0x00000000ec200000|100%| E|CS|TAMS 0x00000000ec100000| PB 0x00000000ec100000| Complete 
| 194|0x00000000ec200000, 0x00000000ec300000, 0x00000000ec300000|100%| E|CS|TAMS 0x00000000ec200000| PB 0x00000000ec200000| Complete 
| 195|0x00000000ec300000, 0x00000000ec400000, 0x00000000ec400000|100%| E|CS|TAMS 0x00000000ec300000| PB 0x00000000ec300000| Complete 
| 196|0x00000000ec400000, 0x00000000ec500000, 0x00000000ec500000|100%| E|CS|TAMS 0x00000000ec400000| PB 0x00000000ec400000| Complete 
| 197|0x00000000ec500000, 0x00000000ec600000, 0x00000000ec600000|100%| E|CS|TAMS 0x00000000ec500000| PB 0x00000000ec500000| Complete 
| 198|0x00000000ec600000, 0x00000000ec700000, 0x00000000ec700000|100%| E|CS|TAMS 0x00000000ec600000| PB 0x00000000ec600000| Complete 
| 199|0x00000000ec700000, 0x00000000ec800000, 0x00000000ec800000|100%| E|CS|TAMS 0x00000000ec700000| PB 0x00000000ec700000| Complete 
| 200|0x00000000ec800000, 0x00000000ec900000, 0x00000000ec900000|100%| E|CS|TAMS 0x00000000ec800000| PB 0x00000000ec800000| Complete 
| 201|0x00000000ec900000, 0x00000000eca00000, 0x00000000eca00000|100%| E|CS|TAMS 0x00000000ec900000| PB 0x00000000ec900000| Complete 
| 202|0x00000000eca00000, 0x00000000ecb00000, 0x00000000ecb00000|100%| E|CS|TAMS 0x00000000eca00000| PB 0x00000000eca00000| Complete 
| 203|0x00000000ecb00000, 0x00000000ecc00000, 0x00000000ecc00000|100%| E|CS|TAMS 0x00000000ecb00000| PB 0x00000000ecb00000| Complete 
| 204|0x00000000ecc00000, 0x00000000ecd00000, 0x00000000ecd00000|100%| E|CS|TAMS 0x00000000ecc00000| PB 0x00000000ecc00000| Complete 
| 205|0x00000000ecd00000, 0x00000000ece00000, 0x00000000ece00000|100%| E|CS|TAMS 0x00000000ecd00000| PB 0x00000000ecd00000| Complete 
| 206|0x00000000ece00000, 0x00000000ecf00000, 0x00000000ecf00000|100%| E|CS|TAMS 0x00000000ece00000| PB 0x00000000ece00000| Complete 
| 207|0x00000000ecf00000, 0x00000000ed000000, 0x00000000ed000000|100%| E|CS|TAMS 0x00000000ecf00000| PB 0x00000000ecf00000| Complete 
| 208|0x00000000ed000000, 0x00000000ed100000, 0x00000000ed100000|100%| E|CS|TAMS 0x00000000ed000000| PB 0x00000000ed000000| Complete 
| 209|0x00000000ed100000, 0x00000000ed200000, 0x00000000ed200000|100%| E|CS|TAMS 0x00000000ed100000| PB 0x00000000ed100000| Complete 
| 210|0x00000000ed200000, 0x00000000ed300000, 0x00000000ed300000|100%| E|CS|TAMS 0x00000000ed200000| PB 0x00000000ed200000| Complete 
| 211|0x00000000ed300000, 0x00000000ed400000, 0x00000000ed400000|100%| E|CS|TAMS 0x00000000ed300000| PB 0x00000000ed300000| Complete 
| 212|0x00000000ed400000, 0x00000000ed500000, 0x00000000ed500000|100%| E|CS|TAMS 0x00000000ed400000| PB 0x00000000ed400000| Complete 
| 213|0x00000000ed500000, 0x00000000ed600000, 0x00000000ed600000|100%| E|CS|TAMS 0x00000000ed500000| PB 0x00000000ed500000| Complete 
| 214|0x00000000ed600000, 0x00000000ed700000, 0x00000000ed700000|100%| E|CS|TAMS 0x00000000ed600000| PB 0x00000000ed600000| Complete 
| 215|0x00000000ed700000, 0x00000000ed800000, 0x00000000ed800000|100%| E|CS|TAMS 0x00000000ed700000| PB 0x00000000ed700000| Complete 
| 216|0x00000000ed800000, 0x00000000ed900000, 0x00000000ed900000|100%| E|CS|TAMS 0x00000000ed800000| PB 0x00000000ed800000| Complete 
| 217|0x00000000ed900000, 0x00000000eda00000, 0x00000000eda00000|100%| E|CS|TAMS 0x00000000ed900000| PB 0x00000000ed900000| Complete 
| 218|0x00000000eda00000, 0x00000000edb00000, 0x00000000edb00000|100%| E|CS|TAMS 0x00000000eda00000| PB 0x00000000eda00000| Complete 
| 219|0x00000000edb00000, 0x00000000edc00000, 0x00000000edc00000|100%| E|CS|TAMS 0x00000000edb00000| PB 0x00000000edb00000| Complete 
| 220|0x00000000edc00000, 0x00000000edd00000, 0x00000000edd00000|100%| E|CS|TAMS 0x00000000edc00000| PB 0x00000000edc00000| Complete 
| 221|0x00000000edd00000, 0x00000000eddd5868, 0x00000000ede00000| 83%| S|CS|TAMS 0x00000000edd00000| PB 0x00000000edd00000| Complete 
| 222|0x00000000ede00000, 0x00000000edf00000, 0x00000000edf00000|100%| S|CS|TAMS 0x00000000ede00000| PB 0x00000000ede00000| Complete 
| 223|0x00000000edf00000, 0x00000000ee000000, 0x00000000ee000000|100%| S|CS|TAMS 0x00000000edf00000| PB 0x00000000edf00000| Complete 
| 224|0x00000000ee000000, 0x00000000ee100000, 0x00000000ee100000|100%| E|CS|TAMS 0x00000000ee000000| PB 0x00000000ee000000| Complete 
| 225|0x00000000ee100000, 0x00000000ee200000, 0x00000000ee200000|100%| E|CS|TAMS 0x00000000ee100000| PB 0x00000000ee100000| Complete 
| 226|0x00000000ee200000, 0x00000000ee300000, 0x00000000ee300000|100%| E|CS|TAMS 0x00000000ee200000| PB 0x00000000ee200000| Complete 
| 227|0x00000000ee300000, 0x00000000ee400000, 0x00000000ee400000|100%| E|CS|TAMS 0x00000000ee300000| PB 0x00000000ee300000| Complete 
| 228|0x00000000ee400000, 0x00000000ee500000, 0x00000000ee500000|100%| E|CS|TAMS 0x00000000ee400000| PB 0x00000000ee400000| Complete 
| 229|0x00000000ee500000, 0x00000000ee600000, 0x00000000ee600000|100%| E|CS|TAMS 0x00000000ee500000| PB 0x00000000ee500000| Complete 
| 230|0x00000000ee600000, 0x00000000ee700000, 0x00000000ee700000|100%| E|CS|TAMS 0x00000000ee600000| PB 0x00000000ee600000| Complete 
| 231|0x00000000ee700000, 0x00000000ee800000, 0x00000000ee800000|100%| E|CS|TAMS 0x00000000ee700000| PB 0x00000000ee700000| Complete 
| 232|0x00000000ee800000, 0x00000000ee900000, 0x00000000ee900000|100%| E|CS|TAMS 0x00000000ee800000| PB 0x00000000ee800000| Complete 
| 233|0x00000000ee900000, 0x00000000eea00000, 0x00000000eea00000|100%| E|CS|TAMS 0x00000000ee900000| PB 0x00000000ee900000| Complete 
| 234|0x00000000eea00000, 0x00000000eeb00000, 0x00000000eeb00000|100%| E|CS|TAMS 0x00000000eea00000| PB 0x00000000eea00000| Complete 
| 235|0x00000000eeb00000, 0x00000000eec00000, 0x00000000eec00000|100%| E|CS|TAMS 0x00000000eeb00000| PB 0x00000000eeb00000| Complete 
| 236|0x00000000eec00000, 0x00000000eed00000, 0x00000000eed00000|100%| E|CS|TAMS 0x00000000eec00000| PB 0x00000000eec00000| Complete 
| 237|0x00000000eed00000, 0x00000000eee00000, 0x00000000eee00000|100%| E|CS|TAMS 0x00000000eed00000| PB 0x00000000eed00000| Complete 
| 238|0x00000000eee00000, 0x00000000eef00000, 0x00000000eef00000|100%| E|CS|TAMS 0x00000000eee00000| PB 0x00000000eee00000| Complete 
| 239|0x00000000eef00000, 0x00000000ef000000, 0x00000000ef000000|100%| E|CS|TAMS 0x00000000eef00000| PB 0x00000000eef00000| Complete 
| 240|0x00000000ef000000, 0x00000000ef100000, 0x00000000ef100000|100%| E|CS|TAMS 0x00000000ef000000| PB 0x00000000ef000000| Complete 
| 241|0x00000000ef100000, 0x00000000ef200000, 0x00000000ef200000|100%| E|CS|TAMS 0x00000000ef100000| PB 0x00000000ef100000| Complete 
| 242|0x00000000ef200000, 0x00000000ef300000, 0x00000000ef300000|100%| E|CS|TAMS 0x00000000ef200000| PB 0x00000000ef200000| Complete 
| 243|0x00000000ef300000, 0x00000000ef400000, 0x00000000ef400000|100%| E|CS|TAMS 0x00000000ef300000| PB 0x00000000ef300000| Complete 
| 244|0x00000000ef400000, 0x00000000ef500000, 0x00000000ef500000|100%| E|CS|TAMS 0x00000000ef400000| PB 0x00000000ef400000| Complete 
| 245|0x00000000ef500000, 0x00000000ef600000, 0x00000000ef600000|100%| E|CS|TAMS 0x00000000ef500000| PB 0x00000000ef500000| Complete 
| 246|0x00000000ef600000, 0x00000000ef700000, 0x00000000ef700000|100%| E|CS|TAMS 0x00000000ef600000| PB 0x00000000ef600000| Complete 
| 247|0x00000000ef700000, 0x00000000ef800000, 0x00000000ef800000|100%| E|CS|TAMS 0x00000000ef700000| PB 0x00000000ef700000| Complete 
| 248|0x00000000ef800000, 0x00000000ef900000, 0x00000000ef900000|100%| E|CS|TAMS 0x00000000ef800000| PB 0x00000000ef800000| Complete 
| 249|0x00000000ef900000, 0x00000000efa00000, 0x00000000efa00000|100%| E|CS|TAMS 0x00000000ef900000| PB 0x00000000ef900000| Complete 
| 250|0x00000000efa00000, 0x00000000efb00000, 0x00000000efb00000|100%| E|CS|TAMS 0x00000000efa00000| PB 0x00000000efa00000| Complete 
| 251|0x00000000efb00000, 0x00000000efc00000, 0x00000000efc00000|100%| E|CS|TAMS 0x00000000efb00000| PB 0x00000000efb00000| Complete 
| 252|0x00000000efc00000, 0x00000000efd00000, 0x00000000efd00000|100%| E|CS|TAMS 0x00000000efc00000| PB 0x00000000efc00000| Complete 
| 253|0x00000000efd00000, 0x00000000efe00000, 0x00000000efe00000|100%| E|CS|TAMS 0x00000000efd00000| PB 0x00000000efd00000| Complete 
| 254|0x00000000efe00000, 0x00000000eff00000, 0x00000000eff00000|100%| E|CS|TAMS 0x00000000efe00000| PB 0x00000000efe00000| Complete 
| 255|0x00000000eff00000, 0x00000000f0000000, 0x00000000f0000000|100%| E|CS|TAMS 0x00000000eff00000| PB 0x00000000eff00000| Complete 

Card table byte_map: [0x000001ca38920000,0x000001ca38a20000] _byte_map_base: 0x000001ca38220000

Marking Bits: (CMBitMap*) 0x000001ca211f1140
 Bits: [0x000001ca38b20000, 0x000001ca39320000)

Polling page: 0x000001ca1f350000

Metaspace:

Usage:
  Non-class:     13.24 MB used.
      Class:      2.09 MB used.
       Both:     15.33 MB used.

Virtual space:
  Non-class space:       64.00 MB reserved,      13.50 MB ( 21%) committed,  1 nodes.
      Class space:      308.00 MB reserved,       2.25 MB ( <1%) committed,  1 nodes.
             Both:      372.00 MB reserved,      15.75 MB (  4%) committed. 

Chunk freelists:
   Non-Class:  1.80 MB
       Class:  1.75 MB
        Both:  3.55 MB

MaxMetaspaceSize: 384.00 MB
CompressedClassSpaceSize: 308.00 MB
Initial GC threshold: 21.00 MB
Current GC threshold: 21.00 MB
CDS: on
MetaspaceReclaimPolicy: balanced
 - commit_granule_bytes: 65536.
 - commit_granule_words: 8192.
 - virtual_space_node_default_size: 8388608.
 - enlarge_chunks_in_place: 1.
 - new_chunks_are_fully_committed: 0.
 - uncommit_free_chunks: 1.
 - use_allocation_guard: 0.


Internal statistics:

num_allocs_failed_limit: 0.
num_arena_births: 526.
num_arena_deaths: 0.
num_vsnodes_births: 2.
num_vsnodes_deaths: 0.
num_space_committed: 252.
num_space_uncommitted: 0.
num_chunks_returned_to_freelist: 0.
num_chunks_taken_from_freelist: 1050.
num_chunk_merges: 0.
num_chunk_splits: 689.
num_chunks_enlarged: 471.
num_inconsistent_stats: 0.

CodeHeap 'non-profiled nmethods': size=120000Kb used=1064Kb max_used=1064Kb free=118935Kb
 bounds [0x000001ca30fc0000, 0x000001ca31230000, 0x000001ca384f0000]
CodeHeap 'profiled nmethods': size=120000Kb used=5198Kb max_used=5198Kb free=114801Kb
 bounds [0x000001ca294f0000, 0x000001ca29a10000, 0x000001ca30a20000]
CodeHeap 'non-nmethods': size=5760Kb used=1643Kb max_used=1656Kb free=4116Kb
 bounds [0x000001ca30a20000, 0x000001ca30c90000, 0x000001ca30fc0000]
 total_blobs=3135 nmethods=2593 adapters=452
 compilation: enabled
              stopped_count=0, restarted_count=0
 full_count=0

Compilation events (20 events):
Event: 8.904 Thread 0x000001ca5440ad00 2584       3       java.lang.invoke.LambdaFormEditor::filterArgumentForm (121 bytes)
Event: 8.905 Thread 0x000001ca5440ad00 nmethod 2584 0x000001ca299f7390 code [0x000001ca299f7580, 0x000001ca299f7950]
Event: 8.908 Thread 0x000001ca5440ad00 2585       3       org.gradle.internal.file.FilePathUtil::sizeOfCommonPrefix (142 bytes)
Event: 8.911 Thread 0x000001ca5440ad00 nmethod 2585 0x000001ca299f7b90 code [0x000001ca299f7fa0, 0x000001ca299fa178]
Event: 8.911 Thread 0x000001ca5440ad00 2586       3       org.gradle.internal.file.FileHierarchySet$Node::sizeOfCommonPrefix (10 bytes)
Event: 8.911 Thread 0x000001ca5440ad00 nmethod 2586 0x000001ca299fae90 code [0x000001ca299fb020, 0x000001ca299fb1b0]
Event: 8.911 Thread 0x000001ca5440ad00 2587       3       org.gradle.internal.file.FilePathUtil::sizeOfCommonPrefix (10 bytes)
Event: 8.911 Thread 0x000001ca5440ad00 nmethod 2587 0x000001ca299fb290 code [0x000001ca299fb420, 0x000001ca299fb538]
Event: 8.915 Thread 0x000001ca5440ad00 2588       3       java.lang.invoke.MethodHandleImpl::countNonNull (42 bytes)
Event: 8.915 Thread 0x000001ca5440ad00 nmethod 2588 0x000001ca299fb610 code [0x000001ca299fb7a0, 0x000001ca299fb9f0]
Event: 8.916 Thread 0x000001ca5440ad00 2589       3       java.lang.invoke.LambdaFormBuffer::indexOf (25 bytes)
Event: 8.916 Thread 0x000001ca5440ad00 nmethod 2589 0x000001ca299fbb10 code [0x000001ca299fbca0, 0x000001ca299fbeb8]
Event: 8.917 Thread 0x000001ca5440ad00 2590       3       java.lang.invoke.BoundMethodHandle::speciesDataFor (32 bytes)
Event: 8.918 Thread 0x000001ca5440ad00 nmethod 2590 0x000001ca299fbf90 code [0x000001ca299fc140, 0x000001ca299fc4d8]
Event: 8.923 Thread 0x000001ca5440ad00 2591       3       java.lang.invoke.LambdaFormEditor::oldSpeciesData (8 bytes)
Event: 8.923 Thread 0x000001ca5440ad00 nmethod 2591 0x000001ca299fc610 code [0x000001ca299fc7c0, 0x000001ca299fcbd0]
Event: 8.926 Thread 0x000001ca5440ad00 2592       3       jdk.internal.misc.Unsafe::getIntUnaligned (12 bytes)
Event: 8.926 Thread 0x000001ca5440ad00 nmethod 2592 0x000001ca299fcd10 code [0x000001ca299fcea0, 0x000001ca299fd108]
Event: 8.944 Thread 0x000001ca5440ad00 2593   !   3       java.util.concurrent.locks.LockSupport::parkNanos (56 bytes)
Event: 8.944 Thread 0x000001ca5440ad00 nmethod 2593 0x000001ca299fd210 code [0x000001ca299fd3e0, 0x000001ca299fd810]

GC Heap History (4 events):
Event: 1.542 GC heap before
{Heap before GC invocations=0 (full 0):
 garbage-first heap   total 262144K, used 26624K [0x00000000e0000000, 0x0000000100000000)
  region size 1024K, 23 young (23552K), 0 survivors (0K)
 Metaspace       used 3141K, committed 3264K, reserved 380928K
  class space    used 397K, committed 448K, reserved 315392K
}
Event: 1.548 GC heap after
{Heap after GC invocations=1 (full 0):
 garbage-first heap   total 262144K, used 10325K [0x00000000e0000000, 0x0000000100000000)
  region size 1024K, 3 young (3072K), 3 survivors (3072K)
 Metaspace       used 3141K, committed 3264K, reserved 380928K
  class space    used 397K, committed 448K, reserved 315392K
}
Event: 2.798 GC heap before
{Heap before GC invocations=1 (full 0):
 garbage-first heap   total 262144K, used 40021K [0x00000000e0000000, 0x0000000100000000)
  region size 1024K, 32 young (32768K), 3 survivors (3072K)
 Metaspace       used 4113K, committed 4288K, reserved 380928K
  class space    used 493K, committed 576K, reserved 315392K
}
Event: 2.804 GC heap after
{Heap after GC invocations=2 (full 0):
 garbage-first heap   total 262144K, used 13550K [0x00000000e0000000, 0x0000000100000000)
  region size 1024K, 3 young (3072K), 3 survivors (3072K)
 Metaspace       used 4113K, committed 4288K, reserved 380928K
  class space    used 493K, committed 576K, reserved 315392K
}

Dll operation events (15 events):
Event: 0.041 Loaded shared library C:\Users\giwat\.jdks\corretto-20.0.2.1\bin\java.dll
Event: 0.099 Loaded shared library C:\Users\giwat\.jdks\corretto-20.0.2.1\bin\jsvml.dll
Event: 0.200 Loaded shared library C:\Users\giwat\.jdks\corretto-20.0.2.1\bin\zip.dll
Event: 0.206 Loaded shared library C:\Users\giwat\.jdks\corretto-20.0.2.1\bin\instrument.dll
Event: 0.214 Loaded shared library C:\Users\giwat\.jdks\corretto-20.0.2.1\bin\net.dll
Event: 0.219 Loaded shared library C:\Users\giwat\.jdks\corretto-20.0.2.1\bin\nio.dll
Event: 0.227 Loaded shared library C:\Users\giwat\.jdks\corretto-20.0.2.1\bin\zip.dll
Event: 0.805 Loaded shared library C:\Users\giwat\.jdks\corretto-20.0.2.1\bin\jimage.dll
Event: 0.924 Loaded shared library C:\Users\giwat\.jdks\corretto-20.0.2.1\bin\verify.dll
Event: 1.248 Loaded shared library C:\Users\giwat\.gradle\native\c067742578af261105cb4f569cf0c3c89f3d7b1fecec35dd04571415982c5e48\windows-amd64\native-platform.dll
Event: 1.266 Loaded shared library C:\Users\giwat\.gradle\native\38dada09dfb8b06ba9b0570ebf7e218e3eb74d4ef43ca46872605cf95ebc2f47\windows-amd64\native-platform-file-events.dll
Event: 3.500 Loaded shared library C:\Users\giwat\.jdks\corretto-20.0.2.1\bin\management.dll
Event: 3.510 Loaded shared library C:\Users\giwat\.jdks\corretto-20.0.2.1\bin\management_ext.dll
Event: 4.220 Loaded shared library C:\Users\giwat\.jdks\corretto-20.0.2.1\bin\extnet.dll
Event: 5.427 Loaded shared library C:\Users\giwat\.jdks\corretto-20.0.2.1\bin\sunmscapi.dll

Deoptimization events (20 events):
Event: 6.822 Thread 0x000001ca55ce8af0 Uncommon trap: trap_request=0xffffffde fr.pc=0x000001ca3106a148 relative=0x0000000000000288
Event: 6.822 Thread 0x000001ca55ce8af0 Uncommon trap: reason=class_check action=maybe_recompile pc=0x000001ca3106a148 method=java.util.regex.Pattern$BmpCharPropertyGreedy.match(Ljava/util/regex/Matcher;ILjava/lang/CharSequence;)Z @ 26 c2
Event: 6.822 Thread 0x000001ca55ce8af0 DEOPT PACKING pc=0x000001ca3106a148 sp=0x0000009e526fc4e0
Event: 6.822 Thread 0x000001ca55ce8af0 DEOPT UNPACKING pc=0x000001ca30a3d2a2 sp=0x0000009e526fc498 mode 2
Event: 8.804 Thread 0x000001ca55ce8af0 Uncommon trap: trap_request=0xffffff45 fr.pc=0x000001ca30fe0490 relative=0x0000000000000110
Event: 8.804 Thread 0x000001ca55ce8af0 Uncommon trap: reason=unstable_if action=reinterpret pc=0x000001ca30fe0490 method=java.util.regex.Matcher.reset()Ljava/util/regex/Matcher; @ 47 c2
Event: 8.804 Thread 0x000001ca55ce8af0 DEOPT PACKING pc=0x000001ca30fe0490 sp=0x0000009e526fb0b0
Event: 8.804 Thread 0x000001ca55ce8af0 DEOPT UNPACKING pc=0x000001ca30a3d2a2 sp=0x0000009e526fb060 mode 2
Event: 8.874 Thread 0x000001ca55ceb020 Uncommon trap: trap_request=0xffffff45 fr.pc=0x000001ca3108b204 relative=0x0000000000000084
Event: 8.874 Thread 0x000001ca55ceb020 Uncommon trap: reason=unstable_if action=reinterpret pc=0x000001ca3108b204 method=jdk.internal.misc.Unsafe.convEndian(ZI)I @ 4 c2
Event: 8.874 Thread 0x000001ca55ceb020 DEOPT PACKING pc=0x000001ca3108b204 sp=0x0000009e52afd330
Event: 8.874 Thread 0x000001ca55ceb020 DEOPT UNPACKING pc=0x000001ca30a3d2a2 sp=0x0000009e52afd238 mode 2
Event: 8.928 Thread 0x000001ca55ce8af0 Uncommon trap: trap_request=0xffffff45 fr.pc=0x000001ca30fe3650 relative=0x0000000000000cd0
Event: 8.928 Thread 0x000001ca55ce8af0 Uncommon trap: reason=unstable_if action=reinterpret pc=0x000001ca30fe3650 method=java.io.WinNTFileSystem.resolve(Ljava/lang/String;Ljava/lang/String;)Ljava/lang/String; @ 19 c2
Event: 8.928 Thread 0x000001ca55ce8af0 DEOPT PACKING pc=0x000001ca30fe3650 sp=0x0000009e526fcf90
Event: 8.928 Thread 0x000001ca55ce8af0 DEOPT UNPACKING pc=0x000001ca30a3d2a2 sp=0x0000009e526fcf28 mode 2
Event: 8.933 Thread 0x000001ca55ce8af0 Uncommon trap: trap_request=0xffffff45 fr.pc=0x000001ca31033094 relative=0x00000000000005f4
Event: 8.933 Thread 0x000001ca55ce8af0 Uncommon trap: reason=unstable_if action=reinterpret pc=0x000001ca31033094 method=java.io.File.getName()Ljava/lang/String; @ 16 c2
Event: 8.933 Thread 0x000001ca55ce8af0 DEOPT PACKING pc=0x000001ca31033094 sp=0x0000009e526fcf40
Event: 8.933 Thread 0x000001ca55ce8af0 DEOPT UNPACKING pc=0x000001ca30a3d2a2 sp=0x0000009e526fcf10 mode 2

Classes loaded (20 events):
Event: 6.928 Loading class sun/nio/ch/DatagramSocketAdaptor$DatagramPackets
Event: 6.928 Loading class sun/nio/ch/DatagramSocketAdaptor$DatagramPackets done
Event: 8.861 Loading class sun/security/provider/MD5
Event: 8.861 Loading class sun/security/provider/MD5 done
Event: 8.862 Loading class sun/security/provider/SHA5$SHA512
Event: 8.862 Loading class sun/security/provider/SHA5
Event: 8.863 Loading class sun/security/provider/SHA5 done
Event: 8.863 Loading class sun/security/provider/SHA5$SHA512 done
Event: 8.866 Loading class sun/security/provider/ByteArrayAccess$LE
Event: 8.874 Loading class sun/security/provider/ByteArrayAccess$LE done
Event: 8.929 Loading class java/io/File$TempDirectory
Event: 8.931 Loading class java/io/File$TempDirectory done
Event: 8.941 Loading class java/io/PrintWriter
Event: 8.941 Loading class java/io/PrintWriter done
Event: 8.944 Loading class sun/nio/cs/UTF_8$Encoder
Event: 8.945 Loading class sun/nio/cs/UTF_8$Encoder done
Event: 8.967 Loading class java/util/zip/CheckedInputStream
Event: 8.967 Loading class java/util/zip/CheckedInputStream done
Event: 8.969 Loading class java/nio/file/FileVisitor
Event: 8.970 Loading class java/nio/file/FileVisitor done

Classes unloaded (0 events):
No events

Classes redefined (0 events):
No events

Internal exceptions (20 events):
Event: 5.965 Thread 0x000001ca55ce8af0 Exception <a 'java/lang/NoSuchMethodError'{0x00000000ed527d68}: 'java.lang.Object java.lang.invoke.DirectMethodHandle$Holder.invokeVirtual(java.lang.Object, java.lang.Object, java.lang.Object, java.lang.Object, java.lang.Object, java.lang.Object, java.lang.Object, java.lang.Object, java.lang.Object, java.lang.Object, java.lang.Object, java.lang.Object)'> (0x00000000ed527d68) 
thrown [s\src\hotspot\share\interpreter\linkResolver.cpp, line 773]
Event: 5.979 Thread 0x000001ca55ce8af0 Exception <a 'java/lang/NoSuchMethodError'{0x00000000ed571c48}: 'java.lang.Object java.lang.invoke.DirectMethodHandle$Holder.invokeStatic(java.lang.Object, java.lang.Object, java.lang.Object, java.lang.Object, java.lang.Object, java.lang.Object, java.lang.Object, java.lang.Object, java.lang.Object, java.lang.Object, java.lang.Object, java.lang.Object, java.lang.Object)'> (0x00000000ed571c48) 
thrown [s\src\hotspot\share\interpreter\linkResolver.cpp, line 773]
Event: 5.983 Thread 0x000001ca55ce8af0 Exception <a 'java/lang/NoSuchMethodError'{0x00000000ed5910f8}: 'java.lang.Object java.lang.invoke.DirectMethodHandle$Holder.invokeStatic(java.lang.Object, java.lang.Object, java.lang.Object, java.lang.Object, java.lang.Object, java.lang.Object, java.lang.Object, java.lang.Object, java.lang.Object, java.lang.Object, java.lang.Object, java.lang.Object, java.lang.Object, java.lang.Object)'> (0x00000000ed5910f8) 
thrown [s\src\hotspot\share\interpreter\linkResolver.cpp, line 773]
Event: 6.188 Thread 0x000001ca55ce8af0 Exception <a 'java/lang/NoSuchMethodError'{0x00000000ed195c20}: 'java.lang.Object java.lang.invoke.DirectMethodHandle$Holder.newInvokeSpecial(java.lang.Object, java.lang.Object, java.lang.Object, java.lang.Object, java.lang.Object, java.lang.Object)'> (0x00000000ed195c20) 
thrown [s\src\hotspot\share\interpreter\linkResolver.cpp, line 773]
Event: 6.210 Thread 0x000001ca55ce8af0 Exception <a 'java/lang/NoSuchMethodError'{0x00000000ed1b9a68}: 'void java.lang.invoke.DirectMethodHandle$Holder.invokeStaticInit(java.lang.Object, java.lang.Object)'> (0x00000000ed1b9a68) 
thrown [s\src\hotspot\share\interpreter\linkResolver.cpp, line 773]
Event: 6.307 Thread 0x000001ca55ce8af0 Exception <a 'java/lang/NoSuchMethodError'{0x00000000ed0ad510}: 'java.lang.Object java.lang.invoke.DirectMethodHandle$Holder.newInvokeSpecial(java.lang.Object, java.lang.Object, java.lang.Object, int, java.lang.Object, java.lang.Object)'> (0x00000000ed0ad510) 
thrown [s\src\hotspot\share\interpreter\linkResolver.cpp, line 773]
Event: 6.403 Thread 0x000001ca55ce8af0 Exception <a 'java/lang/NoSuchMethodError'{0x00000000ece51418}: 'void java.lang.invoke.DelegatingMethodHandle$Holder.reinvoke_L(java.lang.Object, java.lang.Object, java.lang.Object, java.lang.Object, java.lang.Object, java.lang.Object, java.lang.Object, java.lang.Object, java.lang.Object, java.lang.Object)'> (0x00000000ece51418) 
thrown [s\src\hotspot\share\interpreter\linkResolver.cpp, line 773]
Event: 6.407 Thread 0x000001ca55ce8af0 Exception <a 'java/lang/NoSuchMethodError'{0x00000000ece59518}: 'java.lang.Object java.lang.invoke.Invokers$Holder.invoker(java.lang.Object, java.lang.Object, java.lang.Object, java.lang.Object, java.lang.Object, java.lang.Object, java.lang.Object, java.lang.Object, java.lang.Object, java.lang.Object)'> (0x00000000ece59518) 
thrown [s\src\hotspot\share\interpreter\linkResolver.cpp, line 773]
Event: 6.691 Thread 0x000001ca55ce8af0 Exception <a 'java/lang/NoSuchMethodError'{0x00000000ecbc4568}: 'void java.lang.invoke.DirectMethodHandle$Holder.invokeVirtual(java.lang.Object, java.lang.Object, java.lang.Object, java.lang.Object, java.lang.Object)'> (0x00000000ecbc4568) 
thrown [s\src\hotspot\share\interpreter\linkResolver.cpp, line 773]
Event: 6.787 Thread 0x000001ca54fcd2c0 Exception <a 'java/lang/NoSuchMethodError'{0x00000000ec96ad80}: static Lorg/gradle/launcher/daemon/protocol/Command;.<clinit>()V> (0x00000000ec96ad80) 
thrown [s\src\hotspot\share\prims\jni.cpp, line 1105]
Event: 6.793 Thread 0x000001ca54fcd2c0 Exception <a 'java/lang/NoSuchMethodError'{0x00000000ec976280}: static Lorg/gradle/launcher/daemon/protocol/InvalidateVirtualFileSystem;.<clinit>()V> (0x00000000ec976280) 
thrown [s\src\hotspot\share\prims\jni.cpp, line 1105]
Event: 6.800 Thread 0x000001ca54fcd2c0 Exception <a 'java/lang/NoSuchMethodError'{0x00000000ec97c498}: 'long java.lang.invoke.DirectMethodHandle$Holder.invokeSpecial(java.lang.Object, java.lang.Object)'> (0x00000000ec97c498) 
thrown [s\src\hotspot\share\interpreter\linkResolver.cpp, line 773]
Event: 6.800 Thread 0x000001ca54fcd2c0 Exception <a 'java/lang/NoSuchMethodError'{0x00000000ec97f6b0}: 'long java.lang.invoke.Invokers$Holder.invokeExact_MT(java.lang.Object, java.lang.Object)'> (0x00000000ec97f6b0) 
thrown [s\src\hotspot\share\interpreter\linkResolver.cpp, line 773]
Event: 6.809 Thread 0x000001ca55ce8af0 Exception <a 'java/lang/NoSuchMethodError'{0x00000000ec882818}: 'void java.lang.invoke.DirectMethodHandle$Holder.invokeInterface(java.lang.Object, java.lang.Object)'> (0x00000000ec882818) 
thrown [s\src\hotspot\share\interpreter\linkResolver.cpp, line 773]
Event: 6.809 Thread 0x000001ca55ce8af0 Exception <a 'java/lang/IncompatibleClassChangeError'{0x00000000ec885d78}: Found class java.lang.Object, but interface was expected> (0x00000000ec885d78) 
thrown [s\src\hotspot\share\interpreter\linkResolver.cpp, line 840]
Event: 6.851 Thread 0x000001ca55ce8af0 Exception <a 'java/lang/NoSuchMethodError'{0x00000000ec7651a0}: 'void java.lang.invoke.DirectMethodHandle$Holder.invokeStaticInit(java.lang.Object)'> (0x00000000ec7651a0) 
thrown [s\src\hotspot\share\interpreter\linkResolver.cpp, line 773]
Event: 6.897 Thread 0x000001ca55ce8af0 Exception <a 'java/lang/NoSuchMethodError'{0x00000000ec610040}: 'java.lang.Object java.lang.invoke.DirectMethodHandle$Holder.newInvokeSpecial(java.lang.Object, java.lang.Object, java.lang.Object, int)'> (0x00000000ec610040) 
thrown [s\src\hotspot\share\interpreter\linkResolver.cpp, line 773]
Event: 6.900 Thread 0x000001ca55ce8af0 Exception <a 'java/lang/NoSuchMethodError'{0x00000000ec6146f8}: 'java.lang.Object java.lang.invoke.DirectMethodHandle$Holder.invokeSpecial(java.lang.Object, java.lang.Object, java.lang.Object, java.lang.Object, int)'> (0x00000000ec6146f8) 
thrown [s\src\hotspot\share\interpreter\linkResolver.cpp, line 773]
Event: 6.901 Thread 0x000001ca55ce8af0 Exception <a 'java/lang/NoSuchMethodError'{0x00000000ec6185a0}: 'java.lang.Object java.lang.invoke.Invokers$Holder.linkToTargetMethod(java.lang.Object, java.lang.Object, int, java.lang.Object)'> (0x00000000ec6185a0) 
thrown [s\src\hotspot\share\interpreter\linkResolver.cpp, line 773]
Event: 8.864 Thread 0x000001ca55ce8af0 Exception <a 'java/lang/NoSuchMethodError'{0x00000000ec378b08}: 'java.lang.Object java.lang.invoke.DirectMethodHandle$Holder.invokeVirtual(java.lang.Object, java.lang.Object, java.lang.Object, java.lang.Object, java.lang.Object, java.lang.Object, java.lang.Object, java.lang.Object, java.lang.Object, java.lang.Object)'> (0x00000000ec378b08) 
thrown [s\src\hotspot\share\interpreter\linkResolver.cpp, line 773]

VM Operations (20 events):
Event: 5.083 Executing VM operation: HandshakeAllThreads
Event: 5.083 Executing VM operation: HandshakeAllThreads done
Event: 5.083 Executing VM operation: Cleanup
Event: 5.083 Executing VM operation: Cleanup done
Event: 5.301 Executing VM operation: HandshakeAllThreads
Event: 5.301 Executing VM operation: HandshakeAllThreads done
Event: 6.315 Executing VM operation: Cleanup
Event: 6.315 Executing VM operation: Cleanup done
Event: 6.343 Executing VM operation: HandshakeAllThreads
Event: 6.343 Executing VM operation: HandshakeAllThreads done
Event: 6.893 Executing VM operation: HandshakeAllThreads
Event: 6.893 Executing VM operation: HandshakeAllThreads done
Event: 7.893 Executing VM operation: Cleanup
Event: 7.894 Executing VM operation: Cleanup done
Event: 8.896 Executing VM operation: Cleanup
Event: 8.897 Executing VM operation: Cleanup done
Event: 8.946 Executing VM operation: HandshakeAllThreads
Event: 8.946 Executing VM operation: HandshakeAllThreads done
Event: 8.947 Executing VM operation: HandshakeAllThreads
Event: 8.947 Executing VM operation: HandshakeAllThreads done

Events (20 events):
Event: 0.806 Thread 0x000001ca546a6bc0 Thread added: 0x000001ca546a6bc0
Event: 1.985 Thread 0x000001ca546a6bc0 Thread exited: 0x000001ca546a6bc0
Event: 2.157 Thread 0x000001ca55131c40 Thread added: 0x000001ca55131c40
Event: 2.274 Thread 0x000001ca55131c40 Thread exited: 0x000001ca55131c40
Event: 3.708 Thread 0x000001ca55ceb570 Thread added: 0x000001ca55ceb570
Event: 5.042 Thread 0x000001ca55ce9590 Thread added: 0x000001ca55ce9590
Event: 5.206 Thread 0x000001ca55ce85a0 Thread added: 0x000001ca55ce85a0
Event: 5.553 Thread 0x000001ca55cebac0 Thread added: 0x000001ca55cebac0
Event: 5.568 Thread 0x000001ca55ce9ae0 Thread added: 0x000001ca55ce9ae0
Event: 5.663 Thread 0x000001ca55ce9040 Thread added: 0x000001ca55ce9040
Event: 5.686 Thread 0x000001ca55ce8af0 Thread added: 0x000001ca55ce8af0
Event: 5.715 Thread 0x000001ca55cea030 Thread added: 0x000001ca55cea030
Event: 5.721 Thread 0x000001ca55cea580 Thread added: 0x000001ca55cea580
Event: 5.728 Thread 0x000001ca55ceaad0 Thread added: 0x000001ca55ceaad0
Event: 6.728 Thread 0x000001ca55ceb020 Thread added: 0x000001ca55ceb020
Event: 6.729 Thread 0x000001ca54fcd2c0 Thread added: 0x000001ca54fcd2c0
Event: 6.894 Thread 0x000001ca54fcdd60 Thread added: 0x000001ca54fcdd60
Event: 6.923 Thread 0x000001ca54fc9da0 Thread added: 0x000001ca54fc9da0
Event: 8.859 Thread 0x000001ca54fc7dc0 Thread added: 0x000001ca54fc7dc0
Event: 8.904 Thread 0x000001ca54fcb830 Thread added: 0x000001ca54fcb830


Dynamic libraries:
0x00007ff72dfe0000 - 0x00007ff72dfee000 	C:\Users\giwat\.jdks\corretto-20.0.2.1\bin\java.exe
0x00007ffd8ee90000 - 0x00007ffd8f0a7000 	C:\WINDOWS\SYSTEM32\ntdll.dll
0x00007ffd8cd90000 - 0x00007ffd8ce54000 	C:\WINDOWS\System32\KERNEL32.DLL
0x00007ffd8c620000 - 0x00007ffd8c9c5000 	C:\WINDOWS\System32\KERNELBASE.dll
0x00007ffd8cac0000 - 0x00007ffd8cbd1000 	C:\WINDOWS\System32\ucrtbase.dll
0x00007ffd6b200000 - 0x00007ffd6b21b000 	C:\Users\giwat\.jdks\corretto-20.0.2.1\bin\VCRUNTIME140.dll
0x00007ffd6d530000 - 0x00007ffd6d547000 	C:\Users\giwat\.jdks\corretto-20.0.2.1\bin\jli.dll
0x00007ffd8db40000 - 0x00007ffd8dcee000 	C:\WINDOWS\System32\USER32.dll
0x00007ffd67540000 - 0x00007ffd677d3000 	C:\WINDOWS\WinSxS\amd64_microsoft.windows.common-controls_6595b64144ccf1df_6.0.22621.2506_none_270c5ae97388e100\COMCTL32.dll
0x00007ffd8e940000 - 0x00007ffd8e9e7000 	C:\WINDOWS\System32\msvcrt.dll
0x00007ffd8ca90000 - 0x00007ffd8cab6000 	C:\WINDOWS\System32\win32u.dll
0x00007ffd8e910000 - 0x00007ffd8e939000 	C:\WINDOWS\System32\GDI32.dll
0x00007ffd8c480000 - 0x00007ffd8c599000 	C:\WINDOWS\System32\gdi32full.dll
0x00007ffd8c200000 - 0x00007ffd8c29a000 	C:\WINDOWS\System32\msvcp_win.dll
0x00007ffd8daf0000 - 0x00007ffd8db21000 	C:\WINDOWS\System32\IMM32.DLL
0x00007ffd6d4e0000 - 0x00007ffd6d4ec000 	C:\Users\giwat\.jdks\corretto-20.0.2.1\bin\vcruntime140_1.dll
0x00007ffd31c10000 - 0x00007ffd31c9e000 	C:\Users\giwat\.jdks\corretto-20.0.2.1\bin\msvcp140.dll
0x00007ffca0430000 - 0x00007ffca1134000 	C:\Users\giwat\.jdks\corretto-20.0.2.1\bin\server\jvm.dll
0x00007ffd8d650000 - 0x00007ffd8d701000 	C:\WINDOWS\System32\ADVAPI32.dll
0x00007ffd8cce0000 - 0x00007ffd8cd86000 	C:\WINDOWS\System32\sechost.dll
0x00007ffd8d370000 - 0x00007ffd8d487000 	C:\WINDOWS\System32\RPCRT4.dll
0x00007ffd68240000 - 0x00007ffd68249000 	C:\WINDOWS\SYSTEM32\WSOCK32.dll
0x00007ffd81dd0000 - 0x00007ffd81e04000 	C:\WINDOWS\SYSTEM32\WINMM.dll
0x00007ffd8edd0000 - 0x00007ffd8ee41000 	C:\WINDOWS\System32\WS2_32.dll
0x00007ffd83950000 - 0x00007ffd8395a000 	C:\WINDOWS\SYSTEM32\VERSION.dll
0x00007ffd8b160000 - 0x00007ffd8b178000 	C:\WINDOWS\SYSTEM32\kernel.appcore.dll
0x00007ffd6d460000 - 0x00007ffd6d46a000 	C:\Users\giwat\.jdks\corretto-20.0.2.1\bin\jimage.dll
0x00007ffd89580000 - 0x00007ffd897b3000 	C:\WINDOWS\SYSTEM32\DBGHELP.DLL
0x00007ffd8d760000 - 0x00007ffd8dae9000 	C:\WINDOWS\System32\combase.dll
0x00007ffd8ec40000 - 0x00007ffd8ed17000 	C:\WINDOWS\System32\OLEAUT32.dll
0x00007ffd6a8e0000 - 0x00007ffd6a912000 	C:\WINDOWS\SYSTEM32\dbgcore.DLL
0x00007ffd8c5a0000 - 0x00007ffd8c61a000 	C:\WINDOWS\System32\bcryptPrimitives.dll
0x00007ffd6a9d0000 - 0x00007ffd6a9de000 	C:\Users\giwat\.jdks\corretto-20.0.2.1\bin\instrument.dll
0x00007ffd560a0000 - 0x00007ffd560c6000 	C:\Users\giwat\.jdks\corretto-20.0.2.1\bin\java.dll
0x00007ffd28570000 - 0x00007ffd28647000 	C:\Users\giwat\.jdks\corretto-20.0.2.1\bin\jsvml.dll
0x00007ffd8e0b0000 - 0x00007ffd8e909000 	C:\WINDOWS\System32\SHELL32.dll
0x00007ffd8a0d0000 - 0x00007ffd8a9c4000 	C:\WINDOWS\SYSTEM32\windows.storage.dll
0x00007ffd89f90000 - 0x00007ffd8a0ce000 	C:\WINDOWS\SYSTEM32\wintypes.dll
0x00007ffd8cbe0000 - 0x00007ffd8ccd3000 	C:\WINDOWS\System32\SHCORE.dll
0x00007ffd8dff0000 - 0x00007ffd8e04e000 	C:\WINDOWS\System32\shlwapi.dll
0x00007ffd8c130000 - 0x00007ffd8c156000 	C:\WINDOWS\SYSTEM32\profapi.dll
0x00007ffd56080000 - 0x00007ffd56098000 	C:\Users\giwat\.jdks\corretto-20.0.2.1\bin\zip.dll
0x00007ffd56010000 - 0x00007ffd56023000 	C:\Users\giwat\.jdks\corretto-20.0.2.1\bin\net.dll
0x00007ffd843f0000 - 0x00007ffd84527000 	C:\WINDOWS\SYSTEM32\WINHTTP.dll
0x00007ffd8b630000 - 0x00007ffd8b699000 	C:\WINDOWS\system32\mswsock.dll
0x00007ffd55f70000 - 0x00007ffd55f86000 	C:\Users\giwat\.jdks\corretto-20.0.2.1\bin\nio.dll
0x00007ffd6a9c0000 - 0x00007ffd6a9d0000 	C:\Users\giwat\.jdks\corretto-20.0.2.1\bin\verify.dll
0x00007ffd870a0000 - 0x00007ffd870c7000 	C:\Users\giwat\.gradle\native\c067742578af261105cb4f569cf0c3c89f3d7b1fecec35dd04571415982c5e48\windows-amd64\native-platform.dll
0x00007ffd2c6c0000 - 0x00007ffd2c804000 	C:\Users\giwat\.gradle\native\38dada09dfb8b06ba9b0570ebf7e218e3eb74d4ef43ca46872605cf95ebc2f47\windows-amd64\native-platform-file-events.dll
0x00007ffd6d560000 - 0x00007ffd6d56a000 	C:\Users\giwat\.jdks\corretto-20.0.2.1\bin\management.dll
0x00007ffd6d550000 - 0x00007ffd6d55b000 	C:\Users\giwat\.jdks\corretto-20.0.2.1\bin\management_ext.dll
0x00007ffd8cee0000 - 0x00007ffd8cee8000 	C:\WINDOWS\System32\PSAPI.DLL
0x00007ffd8b920000 - 0x00007ffd8b93b000 	C:\WINDOWS\SYSTEM32\CRYPTSP.dll
0x00007ffd8b120000 - 0x00007ffd8b155000 	C:\WINDOWS\system32\rsaenh.dll
0x00007ffd8b6d0000 - 0x00007ffd8b6fc000 	C:\WINDOWS\SYSTEM32\USERENV.dll
0x00007ffd8bb10000 - 0x00007ffd8bb38000 	C:\WINDOWS\SYSTEM32\bcrypt.dll
0x00007ffd8b830000 - 0x00007ffd8b83c000 	C:\WINDOWS\SYSTEM32\CRYPTBASE.dll
0x00007ffd8ac20000 - 0x00007ffd8ac4d000 	C:\WINDOWS\SYSTEM32\IPHLPAPI.DLL
0x00007ffd8dd80000 - 0x00007ffd8dd89000 	C:\WINDOWS\System32\NSI.dll
0x00007ffd828a0000 - 0x00007ffd828b9000 	C:\WINDOWS\SYSTEM32\dhcpcsvc6.DLL
0x00007ffd82880000 - 0x00007ffd8289f000 	C:\WINDOWS\SYSTEM32\dhcpcsvc.DLL
0x00007ffd8ac50000 - 0x00007ffd8ad49000 	C:\WINDOWS\SYSTEM32\DNSAPI.dll
0x00007ffd60a50000 - 0x00007ffd60a57000 	C:\Users\giwat\.jdks\corretto-20.0.2.1\bin\extnet.dll
0x00007ffd6a920000 - 0x00007ffd6a92e000 	C:\Users\giwat\.jdks\corretto-20.0.2.1\bin\sunmscapi.dll
0x00007ffd8c310000 - 0x00007ffd8c476000 	C:\WINDOWS\System32\CRYPT32.dll
0x00007ffd8ba70000 - 0x00007ffd8ba9d000 	C:\WINDOWS\SYSTEM32\ncrypt.dll
0x00007ffd8ba30000 - 0x00007ffd8ba67000 	C:\WINDOWS\SYSTEM32\NTASN1.dll
0x00007ffd34aa0000 - 0x00007ffd34aa8000 	C:\WINDOWS\system32\wshunix.dll

dbghelp: loaded successfully - version: 4.0.5 - missing functions: none
symbol engine: initialized successfully - sym options: 0x614 - pdb path: .;C:\Users\giwat\.jdks\corretto-20.0.2.1\bin;C:\WINDOWS\SYSTEM32;C:\WINDOWS\WinSxS\amd64_microsoft.windows.common-controls_6595b64144ccf1df_6.0.22621.2506_none_270c5ae97388e100;C:\Users\giwat\.jdks\corretto-20.0.2.1\bin\server;C:\Users\giwat\.gradle\native\c067742578af261105cb4f569cf0c3c89f3d7b1fecec35dd04571415982c5e48\windows-amd64;C:\Users\giwat\.gradle\native\38dada09dfb8b06ba9b0570ebf7e218e3eb74d4ef43ca46872605cf95ebc2f47\windows-amd64

VM Arguments:
jvm_args: --add-opens=java.base/java.util=ALL-UNNAMED --add-opens=java.base/java.lang=ALL-UNNAMED --add-opens=java.base/java.lang.invoke=ALL-UNNAMED --add-opens=java.prefs/java.util.prefs=ALL-UNNAMED --add-opens=java.base/java.nio.charset=ALL-UNNAMED --add-opens=java.base/java.net=ALL-UNNAMED --add-opens=java.base/java.util.concurrent.atomic=ALL-UNNAMED -XX:MaxMetaspaceSize=384m -XX:+HeapDumpOnOutOfMemoryError -Xms256m -Xmx512m -Dfile.encoding=windows-1252 -Duser.country=CA -Duser.language=en -Duser.variant -javaagent:C:\Users\giwat\.gradle\wrapper\dists\gradle-8.4-bin\1w5dpkrfk8irigvoxmyhowfim\gradle-8.4\lib\agents\gradle-instrumentation-agent-8.4.jar 
java_command: org.gradle.launcher.daemon.bootstrap.GradleDaemon 8.4
java_class_path (initial): C:\Users\giwat\.gradle\wrapper\dists\gradle-8.4-bin\1w5dpkrfk8irigvoxmyhowfim\gradle-8.4\lib\gradle-launcher-8.4.jar
Launcher Type: SUN_STANDARD

[Global flags]
     intx CICompilerCount                          = 4                                         {product} {ergonomic}
   size_t CompressedClassSpaceSize                 = 322961408                                 {product} {ergonomic}
     uint ConcGCThreads                            = 2                                         {product} {ergonomic}
     uint G1ConcRefinementThreads                  = 8                                         {product} {ergonomic}
   size_t G1HeapRegionSize                         = 1048576                                   {product} {ergonomic}
    uintx GCDrainStackTargetSize                   = 64                                        {product} {ergonomic}
     bool HeapDumpOnOutOfMemoryError               = true                                   {manageable} {command line}
   size_t InitialHeapSize                          = 268435456                                 {product} {command line}
   size_t MarkStackSize                            = 4194304                                   {product} {ergonomic}
   size_t MaxHeapSize                              = 536870912                                 {product} {command line}
   size_t MaxMetaspaceSize                         = 402653184                                 {product} {command line}
   size_t MaxNewSize                               = 321912832                                 {product} {ergonomic}
   size_t MinHeapDeltaBytes                        = 1048576                                   {product} {ergonomic}
   size_t MinHeapSize                              = 268435456                                 {product} {command line}
    uintx NonNMethodCodeHeapSize                   = 5839372                                {pd product} {ergonomic}
    uintx NonProfiledCodeHeapSize                  = 122909434                              {pd product} {ergonomic}
    uintx ProfiledCodeHeapSize                     = 122909434                              {pd product} {ergonomic}
    uintx ReservedCodeCacheSize                    = 251658240                              {pd product} {ergonomic}
     bool SegmentedCodeCache                       = true                                      {product} {ergonomic}
   size_t SoftMaxHeapSize                          = 536870912                              {manageable} {ergonomic}
     bool UseCompressedClassPointers               = true                           {product lp64_product} {ergonomic}
     bool UseCompressedOops                        = true                           {product lp64_product} {ergonomic}
     bool UseG1GC                                  = true                                      {product} {ergonomic}
     bool UseLargePagesIndividualAllocation        = false                                  {pd product} {ergonomic}

Logging:
Log output configuration:
 #0: stdout all=warning uptime,level,tags foldmultilines=false
 #1: stderr all=off uptime,level,tags foldmultilines=false

Environment Variables:
PATH=C:\Program Files\Common Files\Oracle\Java\javapath;C:\Program Files (x86)\Common Files\Oracle\Java\javapath;C:\windows\system32;C:\windows;C:\windows\System32\Wbem;C:\windows\System32\WindowsPowerShell\v1.0\;C:\windows\System32\OpenSSH\;C:\Program Files\Microsoft SQL Server\130\Tools\Binn\;C:\Program Files\Git\cmd;C:\xampp\php;C:\ProgramData\ComposerSetup\bin;C:\WINDOWS\system32;C:\WINDOWS;C:\WINDOWS\System32\Wbem;C:\WINDOWS\System32\WindowsPowerShell\v1.0\;C:\WINDOWS\System32\OpenSSH\;C:\Program Files\dotnet\;C:\Program Files\Microsoft SQL Server\150\Tools\Binn\;C:\Program Files\nodejs\;C:\Users\giwat\Gradle\gradle-8.3\bin;;C:\Program Files\Docker\Docker\resources\bin;C:\Users\giwat\AppData\Local\Programs\Python\Python311\Scripts\;C:\Users\giwat\AppData\Local\Programs\Python\Python311\;C:\Program Files\MySQL\MySQL Shell 8.0\bin\;C:\Users\giwat\AppData\Local\Microsoft\WindowsApps;C:\Users\giwat\AppData\Local\Programs\Microsoft VS Code\bin;C:\Users\giwat\.dotnet\tools;C:\Users\giwat\AppData\Local\atom\bin;C:\Users\giwat\AppData\Roaming\Composer\vendor\bin;C:\Program Files (x86)\Brackets\;C:\Users\giwat\AppData\Local\Microsoft\WindowsApps;C:\Program Files\JetBrains\PyCharm 2022.3.1\bin;;C:\Users\giwat\.dotnet\tools;C:\Program Files\heroku\bin;C:\Users\giwat\AppData\Roaming\npm;C:\Program Files\JetBrains\DataGrip 2023.2.2\bin;
USERNAME=giwat
OS=Windows_NT
PROCESSOR_IDENTIFIER=Intel64 Family 6 Model 140 Stepping 2, GenuineIntel
TMP=C:\Users\giwat\AppData\Local\Temp
TEMP=C:\Users\giwat\AppData\Local\Temp




---------------  S Y S T E M  ---------------

OS:
 Windows 11 , 64 bit Build 22621 (10.0.22621.2506)
OS uptime: 0 days 16:35 hours
Hyper-V role detected

CPU: total 8 (initial active 8) (4 cores per cpu, 2 threads per core) family 6 model 140 stepping 2 microcode 0x2c, cx8, cmov, fxsr, ht, mmx, 3dnowpref, sse, sse2, sse3, ssse3, sse4.1, sse4.2, popcnt, lzcnt, tsc, tscinvbit, avx, avx2, aes, erms, clmul, bmi1, bmi2, adx, avx512f, avx512dq, avx512cd, avx512bw, avx512vl, sha, fma, vzeroupper, avx512_vpopcntdq, avx512_vpclmulqdq, avx512_vaes, avx512_vnni, clflush, clflushopt, clwb, avx512_vbmi2, avx512_vbmi, hv, rdtscp, rdpid, fsrm, gfni, avx512_bitalg, f16c, cet_ibt, cet_ss, avx512_ifma

Memory: 4k page, system-wide physical 7941M (353M free)
TotalPageFile size 32517M (AvailPageFile size 341M)
current process WorkingSet (physical memory assigned to process): 133M, peak: 148M
current process commit charge ("private bytes"): 392M, peak: 393M

vm_info: OpenJDK 64-Bit Server VM (20.0.2.1+10-FR) for windows-amd64 JRE (20.0.2.1+10-FR), built on 2023-08-19T09:18:31Z by "Administrator" with unknown MS VC++:1937

END.
