#
# There is insufficient memory for the Java Runtime Environment to continue.
# Native memory allocation (malloc) failed to allocate 32744 bytes for Chunk::new
# Possible reasons:
#   The system is out of physical RAM or swap space
#   The process is running with CompressedOops enabled, and the Java Heap may be blocking the growth of the native heap
# Possible solutions:
#   Reduce memory load on the system
#   Increase physical memory or swap space
#   Check if swap backing store is full
#   Decrease Java heap size (-Xmx/-Xms)
#   Decrease number of Java threads
#   Decrease Java thread stack sizes (-Xss)
#   Set larger code cache with -XX:ReservedCodeCacheSize=
#   JVM is running with Unscaled Compressed Oops mode in which the Java heap is
#     placed in the first 4GB address space. The Java Heap base address is the
#     maximum limit for the native heap growth. Please use -XX:HeapBaseMinAddress
#     to set the Java Heap base and to place the Java Heap above 4GB virtual address.
# This output file may be truncated or incomplete.
#
#  Out of Memory Error (arena.cpp:184), pid=18228, tid=2152
#
# JRE version: OpenJDK Runtime Environment Corretto-20.0.2.10.1 (20.0.2.1+10) (build 20.0.2.1+10-FR)
# Java VM: OpenJDK 64-Bit Server VM Corretto-20.0.2.10.1 (20.0.2.1+10-FR, mixed mode, sharing, tiered, compressed oops, compressed class ptrs, g1 gc, windows-amd64)
# No core dump will be written. Minidumps are not enabled by default on client versions of Windows
#

---------------  S U M M A R Y ------------

Command Line: --add-opens=java.base/java.util=ALL-UNNAMED --add-opens=java.base/java.lang=ALL-UNNAMED --add-opens=java.base/java.lang.invoke=ALL-UNNAMED --add-opens=java.prefs/java.util.prefs=ALL-UNNAMED --add-opens=java.base/java.nio.charset=ALL-UNNAMED --add-opens=java.base/java.net=ALL-UNNAMED --add-opens=java.base/java.util.concurrent.atomic=ALL-UNNAMED -XX:MaxMetaspaceSize=384m -XX:+HeapDumpOnOutOfMemoryError -Xms256m -Xmx512m -Dfile.encoding=windows-1252 -Duser.country=CA -Duser.language=en -Duser.variant -javaagent:C:\Users\giwat\.gradle\wrapper\dists\gradle-8.4-bin\1w5dpkrfk8irigvoxmyhowfim\gradle-8.4\lib\agents\gradle-instrumentation-agent-8.4.jar org.gradle.launcher.daemon.bootstrap.GradleDaemon 8.4

Host: 11th Gen Intel(R) Core(TM) i5-1155G7 @ 2.50GHz, 8 cores, 7G,  Windows 11 , 64 bit Build 22621 (10.0.22621.2506)
Time: Sat Nov 18 22:56:23 2023 Eastern Standard Time elapsed time: 190.677578 seconds (0d 0h 3m 10s)

---------------  T H R E A D  ---------------

Current thread (0x000002642156b570):  JavaThread "C1 CompilerThread0" daemon [_thread_in_native, id=2152, stack(0x0000008c17b00000,0x0000008c17c00000)]


Current CompileTask:
C1: 190678 7682   !   3       io.spring.gradle.dependencymanagement.org.codehaus.plexus.util.xml.pull.MXParser::parseComment (486 bytes)

Stack: [0x0000008c17b00000,0x0000008c17c00000]
Native frames: (J=compiled Java code, j=interpreted, Vv=VM code, C=native code)
V  [jvm.dll+0x6ba11a]
V  [jvm.dll+0x8968da]
V  [jvm.dll+0x898665]
V  [jvm.dll+0x898d53]
V  [jvm.dll+0x27f9ff]
V  [jvm.dll+0xc3771]
V  [jvm.dll+0xc3a95]
V  [jvm.dll+0x198333]
V  [jvm.dll+0x1983fd]
V  [jvm.dll+0x19ac09]
V  [jvm.dll+0x19c1f4]
V  [jvm.dll+0x1571a3]
V  [jvm.dll+0x156a22]
V  [jvm.dll+0x156c64]
V  [jvm.dll+0x156096]
V  [jvm.dll+0x157e3d]
V  [jvm.dll+0x257f49]
V  [jvm.dll+0x256610]
V  [jvm.dll+0x3f0155]
V  [jvm.dll+0x843859]
V  [jvm.dll+0x6b8d9b]
C  [ucrtbase.dll+0x29363]
C  [KERNEL32.DLL+0x1257d]
C  [ntdll.dll+0x5aa58]


---------------  P R O C E S S  ---------------

Threads class SMR info:
_java_thread_list=0x000002643dbfee50, length=76, elements={
0x000002640698eaf0, 0x000002642155c4b0, 0x000002642155d2b0, 0x00000264215621b0,
0x0000026421563df0, 0x0000026421566830, 0x0000026421567260, 0x0000026421567fc0,
0x000002642156b570, 0x0000026421524d60, 0x0000026439e2c320, 0x000002643b54b0d0,
0x000002643b54ab80, 0x000002643b54a630, 0x000002643b54d0b0, 0x000002643b54c610,
0x000002643b549b90, 0x000002643b54b620, 0x000002643b54bb70, 0x000002643b54a0e0,
0x000002643b54cb60, 0x000002643b54c0c0, 0x0000026439d82040, 0x0000026439d80060,
0x0000026439d81af0, 0x0000026439d86550, 0x0000026439d815a0, 0x0000026439d81050,
0x0000026439d805b0, 0x0000026439d85010, 0x0000026439d87540, 0x0000026439d86aa0,
0x0000026439d82ae0, 0x0000026439d86ff0, 0x0000026439d85ab0, 0x0000026439d85560,
0x0000026439d83030, 0x0000026439d84570, 0x0000026439d84020, 0x0000026439d83ad0,
0x0000026439d84ac0, 0x000002643a064fa0, 0x000002643a0674d0, 0x000002643a067f70,
0x000002643a063a60, 0x000002643a06a9f0, 0x000002643a065f90, 0x000002643a069f50,
0x000002643a064a50, 0x000002643a0684c0, 0x000002643a06a4a0, 0x000002643a064500,
0x000002643a068f60, 0x000002643a0664e0, 0x000002643a063fb0, 0x000002643a068a10,
0x000002643a065a40, 0x000002643a0694b0, 0x000002643a069a00, 0x0000026439d83580,
0x000002643dbeafd0, 0x000002643dbeea40, 0x000002643dbeda50, 0x000002643dbf1a10,
0x000002643dbec510, 0x000002643dbeca60, 0x000002643dbedfa0, 0x000002643dbeff80,
0x000002643dbef4e0, 0x000002643dbf14c0, 0x000002643dbe9fe0, 0x000002643dbed500,
0x000002643dbee4f0, 0x000002643dbeb520, 0x000002643dbeef90, 0x000002643dbecfb0
}

Java Threads: ( => current thread )
  0x000002640698eaf0 JavaThread "main" [_thread_blocked, id=31700, stack(0x0000008c16d00000,0x0000008c16e00000)]
  0x000002642155c4b0 JavaThread "Reference Handler" daemon [_thread_blocked, id=27600, stack(0x0000008c17400000,0x0000008c17500000)]
  0x000002642155d2b0 JavaThread "Finalizer" daemon [_thread_blocked, id=18120, stack(0x0000008c17500000,0x0000008c17600000)]
  0x00000264215621b0 JavaThread "Signal Dispatcher" daemon [_thread_blocked, id=28628, stack(0x0000008c17600000,0x0000008c17700000)]
  0x0000026421563df0 JavaThread "Attach Listener" daemon [_thread_blocked, id=27100, stack(0x0000008c17700000,0x0000008c17800000)]
  0x0000026421566830 JavaThread "Service Thread" daemon [_thread_blocked, id=22776, stack(0x0000008c17800000,0x0000008c17900000)]
  0x0000026421567260 JavaThread "Monitor Deflation Thread" daemon [_thread_blocked, id=31728, stack(0x0000008c17900000,0x0000008c17a00000)]
  0x0000026421567fc0 JavaThread "C2 CompilerThread0" daemon [_thread_in_native, id=28200, stack(0x0000008c17a00000,0x0000008c17b00000)]
=>0x000002642156b570 JavaThread "C1 CompilerThread0" daemon [_thread_in_native, id=2152, stack(0x0000008c17b00000,0x0000008c17c00000)]
  0x0000026421524d60 JavaThread "Common-Cleaner" daemon [_thread_blocked, id=31016, stack(0x0000008c17c00000,0x0000008c17d00000)]
  0x0000026439e2c320 JavaThread "Notification Thread" daemon [_thread_blocked, id=28320, stack(0x0000008c17d00000,0x0000008c17e00000)]
  0x000002643b54b0d0 JavaThread "Daemon health stats" [_thread_blocked, id=9248, stack(0x0000008c18400000,0x0000008c18500000)]
  0x000002643b54ab80 JavaThread "Incoming local TCP Connector on port 54326" [_thread_in_native, id=29880, stack(0x0000008c18500000,0x0000008c18600000)]
  0x000002643b54a630 JavaThread "Daemon periodic checks" [_thread_blocked, id=26908, stack(0x0000008c18600000,0x0000008c18700000)]
  0x000002643b54d0b0 JavaThread "Daemon" [_thread_blocked, id=13352, stack(0x0000008c18700000,0x0000008c18800000)]
  0x000002643b54c610 JavaThread "Handler for socket connection from /127.0.0.1:54326 to /127.0.0.1:54327" [_thread_in_native, id=15236, stack(0x0000008c18800000,0x0000008c18900000)]
  0x000002643b549b90 JavaThread "Cancel handler" [_thread_blocked, id=24824, stack(0x0000008c18900000,0x0000008c18a00000)]
  0x000002643b54b620 JavaThread "Daemon worker" [_thread_blocked, id=28868, stack(0x0000008c18a00000,0x0000008c18b00000)]
  0x000002643b54bb70 JavaThread "Asynchronous log dispatcher for DefaultDaemonConnection: socket connection from /127.0.0.1:54326 to /127.0.0.1:54327" [_thread_blocked, id=26680, stack(0x0000008c18b00000,0x0000008c18c00000)]
  0x000002643b54a0e0 JavaThread "Stdin handler" [_thread_blocked, id=29312, stack(0x0000008c18c00000,0x0000008c18d00000)]
  0x000002643b54cb60 JavaThread "Daemon client event forwarder" [_thread_blocked, id=24468, stack(0x0000008c18d00000,0x0000008c18e00000)]
  0x000002643b54c0c0 JavaThread "Cache worker for journal cache (C:\Users\giwat\.gradle\caches\journal-1)" [_thread_blocked, id=2556, stack(0x0000008c18e00000,0x0000008c18f00000)]
  0x0000026439d82040 JavaThread "File lock request listener" [_thread_in_native, id=30580, stack(0x0000008c18f00000,0x0000008c19000000)]
  0x0000026439d80060 JavaThread "File lock release action executor" [_thread_blocked, id=30304, stack(0x0000008c19000000,0x0000008c19100000)]
  0x0000026439d81af0 JavaThread "Cache worker for file hash cache (C:\Users\giwat\.gradle\caches\8.4\fileHashes)" [_thread_blocked, id=28880, stack(0x0000008c19100000,0x0000008c19200000)]
  0x0000026439d86550 JavaThread "File watcher server" daemon [_thread_in_native, id=28464, stack(0x0000008c19500000,0x0000008c19600000)]
  0x0000026439d815a0 JavaThread "File watcher consumer" daemon [_thread_blocked, id=4268, stack(0x0000008c19600000,0x0000008c19700000)]
  0x0000026439d81050 JavaThread "Cache worker for checksums cache (C:\Users\giwat\Desktop\GBC\Semester5\COMP3095 - Web Application Development Using Java\Coursework\microservices-parent\product-service\.gradle\8.4\checksums)" [_thread_blocked, id=7108, stack(0x0000008c19700000,0x0000008c19800000)]
  0x0000026439d805b0 JavaThread "Cache worker for file hash cache (C:\Users\giwat\Desktop\GBC\Semester5\COMP3095 - Web Application Development Using Java\Coursework\microservices-parent\product-service\.gradle\8.4\fileHashes)" [_thread_blocked, id=29500, stack(0x0000008c19800000,0x0000008c19900000)]
  0x0000026439d85010 JavaThread "Cache worker for cache directory md-supplier (C:\Users\giwat\.gradle\caches\8.4\md-supplier)" [_thread_blocked, id=27896, stack(0x0000008c19900000,0x0000008c19a00000)]
  0x0000026439d87540 JavaThread "Cache worker for file content cache (C:\Users\giwat\.gradle\caches\8.4\fileContent)" [_thread_blocked, id=25860, stack(0x0000008c19a00000,0x0000008c19b00000)]
  0x0000026439d86aa0 JavaThread "Cache worker for cache directory md-rule (C:\Users\giwat\.gradle\caches\8.4\md-rule)" [_thread_blocked, id=30872, stack(0x0000008c19b00000,0x0000008c19c00000)]
  0x0000026439d82ae0 JavaThread "Cache worker for execution history cache (C:\Users\giwat\.gradle\caches\8.4\executionHistory)" [_thread_blocked, id=3316, stack(0x0000008c19c00000,0x0000008c19d00000)]
  0x0000026439d86ff0 JavaThread "jar transforms" [_thread_blocked, id=15568, stack(0x0000008c19d00000,0x0000008c19e00000)]
  0x0000026439d85ab0 JavaThread "jar transforms Thread 2" [_thread_blocked, id=27920, stack(0x0000008c16a00000,0x0000008c16b00000)]
  0x0000026439d85560 JavaThread "jar transforms Thread 3" [_thread_blocked, id=11024, stack(0x0000008c1a000000,0x0000008c1a100000)]
  0x0000026439d83030 JavaThread "jar transforms Thread 4" [_thread_blocked, id=25608, stack(0x0000008c1a100000,0x0000008c1a200000)]
  0x0000026439d84570 JavaThread "Cache worker for kotlin-dsl (C:\Users\giwat\.gradle\caches\8.4\kotlin-dsl)" [_thread_blocked, id=31676, stack(0x0000008c16b00000,0x0000008c16c00000)]
  0x0000026439d84020 JavaThread "jar transforms Thread 5" [_thread_blocked, id=4708, stack(0x0000008c1a200000,0x0000008c1a300000)]
  0x0000026439d83ad0 JavaThread "jar transforms Thread 6" [_thread_blocked, id=28088, stack(0x0000008c1a300000,0x0000008c1a400000)]
  0x0000026439d84ac0 JavaThread "Cache worker for dependencies-accessors (C:\Users\giwat\Desktop\GBC\Semester5\COMP3095 - Web Application Development Using Java\Coursework\microservices-parent\product-service\.gradle\8.4\dependencies-accessors)" [_thread_blocked, id=25592, stack(0x0000008c1a400000,0x0000008c1a500000)]
  0x000002643a064fa0 JavaThread "Cache worker for Build Output Cleanup Cache (C:\Users\giwat\Desktop\GBC\Semester5\COMP3095 - Web Application Development Using Java\Coursework\microservices-parent\product-service\.gradle\buildOutputCleanup)" [_thread_blocked, id=32700, stack(0x0000008c1a500000,0x0000008c1a600000)]
  0x000002643a0674d0 JavaThread "jar transforms Thread 7" [_thread_blocked, id=32032, stack(0x0000008c1a600000,0x0000008c1a700000)]
  0x000002643a067f70 JavaThread "jar transforms Thread 8" [_thread_blocked, id=32036, stack(0x0000008c1a700000,0x0000008c1a800000)]
  0x000002643a063a60 JavaThread "Unconstrained build operations" [_thread_blocked, id=32588, stack(0x0000008c1a800000,0x0000008c1a900000)]
  0x000002643a06a9f0 JavaThread "Unconstrained build operations Thread 2" [_thread_blocked, id=28056, stack(0x0000008c1a900000,0x0000008c1aa00000)]
  0x000002643a065f90 JavaThread "Unconstrained build operations Thread 3" [_thread_blocked, id=20316, stack(0x0000008c1aa00000,0x0000008c1ab00000)]
  0x000002643a069f50 JavaThread "Unconstrained build operations Thread 4" [_thread_blocked, id=30808, stack(0x0000008c1ab00000,0x0000008c1ac00000)]
  0x000002643a064a50 JavaThread "Unconstrained build operations Thread 5" [_thread_blocked, id=31068, stack(0x0000008c1ac00000,0x0000008c1ad00000)]
  0x000002643a0684c0 JavaThread "Unconstrained build operations Thread 6" [_thread_blocked, id=32524, stack(0x0000008c1ad00000,0x0000008c1ae00000)]
  0x000002643a06a4a0 JavaThread "Unconstrained build operations Thread 7" [_thread_blocked, id=19280, stack(0x0000008c1ae00000,0x0000008c1af00000)]
  0x000002643a064500 JavaThread "Memory manager" [_thread_blocked, id=32316, stack(0x0000008c16c00000,0x0000008c16d00000)]
  0x000002643a068f60 JavaThread "included builds" [_thread_in_Java, id=34724, stack(0x0000008c19f00000,0x0000008c1a000000)]
  0x000002643a0664e0 JavaThread "Execution worker" [_thread_blocked, id=12412, stack(0x0000008c1af00000,0x0000008c1b000000)]
  0x000002643a063fb0 JavaThread "Execution worker Thread 2" [_thread_blocked, id=16216, stack(0x0000008c1b000000,0x0000008c1b100000)]
  0x000002643a068a10 JavaThread "Execution worker Thread 3" [_thread_blocked, id=17036, stack(0x0000008c1b100000,0x0000008c1b200000)]
  0x000002643a065a40 JavaThread "Execution worker Thread 4" [_thread_blocked, id=24752, stack(0x0000008c1b200000,0x0000008c1b300000)]
  0x000002643a0694b0 JavaThread "Execution worker Thread 5" [_thread_blocked, id=32560, stack(0x0000008c1b300000,0x0000008c1b400000)]
  0x000002643a069a00 JavaThread "Execution worker Thread 6" [_thread_blocked, id=30216, stack(0x0000008c1b400000,0x0000008c1b500000)]
  0x0000026439d83580 JavaThread "Execution worker Thread 7" [_thread_blocked, id=12008, stack(0x0000008c1b500000,0x0000008c1b600000)]
  0x000002643dbeafd0 JavaThread "Cache worker for execution history cache (C:\Users\giwat\Desktop\GBC\Semester5\COMP3095 - Web Application Development Using Java\Coursework\microservices-parent\product-service\.gradle\8.4\executionHistory)" [_thread_blocked, id=34044, stack(0x0000008c1b600000,0x0000008c1b700000)]
  0x000002643dbeea40 JavaThread "Unconstrained build operations Thread 8" [_thread_blocked, id=11292, stack(0x0000008c1b700000,0x0000008c1b800000)]
  0x000002643dbeda50 JavaThread "Unconstrained build operations Thread 9" [_thread_blocked, id=32392, stack(0x0000008c1b800000,0x0000008c1b900000)]
  0x000002643dbf1a10 JavaThread "Unconstrained build operations Thread 10" [_thread_blocked, id=32344, stack(0x0000008c1b900000,0x0000008c1ba00000)]
  0x000002643dbec510 JavaThread "Unconstrained build operations Thread 11" [_thread_blocked, id=33012, stack(0x0000008c1ba00000,0x0000008c1bb00000)]
  0x000002643dbeca60 JavaThread "Unconstrained build operations Thread 12" [_thread_blocked, id=10436, stack(0x0000008c1bb00000,0x0000008c1bc00000)]
  0x000002643dbedfa0 JavaThread "Unconstrained build operations Thread 13" [_thread_blocked, id=2296, stack(0x0000008c1bc00000,0x0000008c1bd00000)]
  0x000002643dbeff80 JavaThread "Unconstrained build operations Thread 14" [_thread_blocked, id=30248, stack(0x0000008c1bd00000,0x0000008c1be00000)]
  0x000002643dbef4e0 JavaThread "Unconstrained build operations Thread 15" [_thread_blocked, id=33096, stack(0x0000008c1be00000,0x0000008c1bf00000)]
  0x000002643dbf14c0 JavaThread "Unconstrained build operations Thread 16" [_thread_blocked, id=8720, stack(0x0000008c1bf00000,0x0000008c1c000000)]
  0x000002643dbe9fe0 JavaThread "Unconstrained build operations Thread 17" [_thread_blocked, id=26496, stack(0x0000008c1c000000,0x0000008c1c100000)]
  0x000002643dbed500 JavaThread "Unconstrained build operations Thread 18" [_thread_blocked, id=34820, stack(0x0000008c1c100000,0x0000008c1c200000)]
  0x000002643dbee4f0 JavaThread "Unconstrained build operations Thread 19" [_thread_blocked, id=34824, stack(0x0000008c1c200000,0x0000008c1c300000)]
  0x000002643dbeb520 JavaThread "Unconstrained build operations Thread 20" [_thread_blocked, id=34828, stack(0x0000008c1c300000,0x0000008c1c400000)]
  0x000002643dbeef90 JavaThread "Unconstrained build operations Thread 21" [_thread_blocked, id=34832, stack(0x0000008c1c400000,0x0000008c1c500000)]
  0x000002643dbecfb0 JavaThread "Unconstrained build operations Thread 22" [_thread_blocked, id=34840, stack(0x0000008c1c500000,0x0000008c1c600000)]

Other Threads:
  0x000002642153ba30 VMThread "VM Thread" [stack: 0x0000008c17300000,0x0000008c17400000] [id=19284]
  0x000002640698fb10 WatcherThread "VM Periodic Task Thread" [stack: 0x0000008c17e00000,0x0000008c17f00000] [id=4600]
  0x00000264069c1780 WorkerThread "GC Thread#0" [stack: 0x0000008c16e00000,0x0000008c16f00000] [id=30324]
  0x000002643a631500 WorkerThread "GC Thread#1" [stack: 0x0000008c17f00000,0x0000008c18000000] [id=30004]
  0x000002643a826ca0 WorkerThread "GC Thread#2" [stack: 0x0000008c18000000,0x0000008c18100000] [id=4948]
  0x000002643a826f70 WorkerThread "GC Thread#3" [stack: 0x0000008c18100000,0x0000008c18200000] [id=4196]
  0x000002643a7d88d0 WorkerThread "GC Thread#4" [stack: 0x0000008c18200000,0x0000008c18300000] [id=29952]
  0x000002643a7d7520 WorkerThread "GC Thread#5" [stack: 0x0000008c18300000,0x0000008c18400000] [id=29964]
  0x0000026439e70c30 WorkerThread "GC Thread#6" [stack: 0x0000008c19200000,0x0000008c19300000] [id=31104]
  0x0000026439e70690 WorkerThread "GC Thread#7" [stack: 0x0000008c19300000,0x0000008c19400000] [id=15276]
  0x00000264069c6690 ConcurrentGCThread "G1 Main Marker" [stack: 0x0000008c16f00000,0x0000008c17000000] [id=30760]
  0x00000264069c70c0 WorkerThread "G1 Conc#0" [stack: 0x0000008c17000000,0x0000008c17100000] [id=15688]
  0x0000026439e711d0 WorkerThread "G1 Conc#1" [stack: 0x0000008c19400000,0x0000008c19500000] [id=25412]
  0x00000264213f4140 ConcurrentGCThread "G1 Refine#0" [stack: 0x0000008c17100000,0x0000008c17200000] [id=27888]
  0x00000264213f49f0 ConcurrentGCThread "G1 Service" [stack: 0x0000008c17200000,0x0000008c17300000] [id=10212]

Threads with active compile tasks:
C2 CompilerThread0   190962 7656       4       java.io.ObjectOutputStream::writeClassDesc (60 bytes)
C1 CompilerThread0   190962 7682   !   3       io.spring.gradle.dependencymanagement.org.codehaus.plexus.util.xml.pull.MXParser::parseComment (486 bytes)

VM state: not at safepoint (normal execution)

VM Mutex/Monitor currently owned by a thread: None

Heap address: 0x00000000e0000000, size: 512 MB, Compressed Oops mode: 32-bit

CDS archive(s) mapped at: [0x0000026421800000-0x0000026422460000-0x0000026422460000), size 12976128, SharedBaseAddress: 0x0000026421800000, ArchiveRelocationMode: 1.
Compressed class space mapped at: 0x0000026422800000-0x0000026435c00000, reserved size: 322961408
Narrow klass base: 0x0000026421800000, Narrow klass shift: 0, Narrow klass range: 0x100000000

GC Precious Log:
 CardTable entry size: 512
 Card Set container configuration: InlinePtr #cards 5 size 8 Array Of Cards #cards 12 size 40 Howl #buckets 4 coarsen threshold 1843 Howl Bitmap #cards 512 size 80 coarsen threshold 460 Card regions per heap region 1 cards per card region 2048
 CPUs: 8 total, 8 available
 Memory: 7941M
 Large Page Support: Disabled
 NUMA Support: Disabled
 Compressed Oops: Enabled (32-bit)
 Heap Region Size: 1M
 Heap Min Capacity: 256M
 Heap Initial Capacity: 256M
 Heap Max Capacity: 512M
 Pre-touch: Disabled
 Parallel Workers: 8
 Concurrent Workers: 2
 Concurrent Refinement Workers: 8
 Periodic GC: Disabled

Heap:
 garbage-first heap   total 262144K, used 59483K [0x00000000e0000000, 0x0000000100000000)
  region size 1024K, 18 young (18432K), 2 survivors (2048K)
 Metaspace       used 61195K, committed 63168K, reserved 380928K
  class space    used 8700K, committed 9664K, reserved 315392K

Heap Regions: E=young(eden), S=young(survivor), O=old, HS=humongous(starts), HC=humongous(continues), CS=collection set, F=free, OA=open archive, CA=closed archive, TAMS=top-at-mark-start, PB=parsable bottom
|   0|0x00000000e0000000, 0x00000000e0100000, 0x00000000e0100000|100%|HS|  |TAMS 0x00000000e0000000| PB 0x00000000e0000000| Complete 
|   1|0x00000000e0100000, 0x00000000e0200000, 0x00000000e0200000|100%|HC|  |TAMS 0x00000000e0100000| PB 0x00000000e0100000| Complete 
|   2|0x00000000e0200000, 0x00000000e0300000, 0x00000000e0300000|100%|HC|  |TAMS 0x00000000e0200000| PB 0x00000000e0200000| Complete 
|   3|0x00000000e0300000, 0x00000000e0400000, 0x00000000e0400000|100%|HC|  |TAMS 0x00000000e0300000| PB 0x00000000e0300000| Complete 
|   4|0x00000000e0400000, 0x00000000e0500000, 0x00000000e0500000|100%| O|  |TAMS 0x00000000e0400000| PB 0x00000000e0400000| Untracked 
|   5|0x00000000e0500000, 0x00000000e0600000, 0x00000000e0600000|100%| O|  |TAMS 0x00000000e0500000| PB 0x00000000e0500000| Untracked 
|   6|0x00000000e0600000, 0x00000000e0700000, 0x00000000e0700000|100%| O|  |TAMS 0x00000000e0600000| PB 0x00000000e0600000| Untracked 
|   7|0x00000000e0700000, 0x00000000e0800000, 0x00000000e0800000|100%| O|  |TAMS 0x00000000e0700000| PB 0x00000000e0700000| Untracked 
|   8|0x00000000e0800000, 0x00000000e0900000, 0x00000000e0900000|100%| O|  |TAMS 0x00000000e0800000| PB 0x00000000e0800000| Untracked 
|   9|0x00000000e0900000, 0x00000000e0a00000, 0x00000000e0a00000|100%| O|  |TAMS 0x00000000e0900000| PB 0x00000000e0900000| Untracked 
|  10|0x00000000e0a00000, 0x00000000e0b00000, 0x00000000e0b00000|100%| O|  |TAMS 0x00000000e0a00000| PB 0x00000000e0a00000| Untracked 
|  11|0x00000000e0b00000, 0x00000000e0c00000, 0x00000000e0c00000|100%| O|  |TAMS 0x00000000e0b00000| PB 0x00000000e0b00000| Untracked 
|  12|0x00000000e0c00000, 0x00000000e0d00000, 0x00000000e0d00000|100%| O|  |TAMS 0x00000000e0c00000| PB 0x00000000e0c00000| Untracked 
|  13|0x00000000e0d00000, 0x00000000e0e00000, 0x00000000e0e00000|100%| O|  |TAMS 0x00000000e0d00000| PB 0x00000000e0d00000| Untracked 
|  14|0x00000000e0e00000, 0x00000000e0f00000, 0x00000000e0f00000|100%| O|  |TAMS 0x00000000e0e00000| PB 0x00000000e0e00000| Untracked 
|  15|0x00000000e0f00000, 0x00000000e1000000, 0x00000000e1000000|100%| O|  |TAMS 0x00000000e0f00000| PB 0x00000000e0f00000| Untracked 
|  16|0x00000000e1000000, 0x00000000e1100000, 0x00000000e1100000|100%| O|  |TAMS 0x00000000e1000000| PB 0x00000000e1000000| Untracked 
|  17|0x00000000e1100000, 0x00000000e1200000, 0x00000000e1200000|100%| O|  |TAMS 0x00000000e1100000| PB 0x00000000e1100000| Untracked 
|  18|0x00000000e1200000, 0x00000000e1300000, 0x00000000e1300000|100%| O|  |TAMS 0x00000000e1200000| PB 0x00000000e1200000| Untracked 
|  19|0x00000000e1300000, 0x00000000e1400000, 0x00000000e1400000|100%| O|  |TAMS 0x00000000e1300000| PB 0x00000000e1300000| Untracked 
|  20|0x00000000e1400000, 0x00000000e1500000, 0x00000000e1500000|100%| O|  |TAMS 0x00000000e1400000| PB 0x00000000e1400000| Untracked 
|  21|0x00000000e1500000, 0x00000000e1600000, 0x00000000e1600000|100%| O|  |TAMS 0x00000000e1500000| PB 0x00000000e1500000| Untracked 
|  22|0x00000000e1600000, 0x00000000e1700000, 0x00000000e1700000|100%| O|  |TAMS 0x00000000e1600000| PB 0x00000000e1600000| Untracked 
|  23|0x00000000e1700000, 0x00000000e1800000, 0x00000000e1800000|100%| O|  |TAMS 0x00000000e1700000| PB 0x00000000e1700000| Untracked 
|  24|0x00000000e1800000, 0x00000000e1900000, 0x00000000e1900000|100%| O|  |TAMS 0x00000000e1800000| PB 0x00000000e1800000| Untracked 
|  25|0x00000000e1900000, 0x00000000e1a00000, 0x00000000e1a00000|100%| O|  |TAMS 0x00000000e1900000| PB 0x00000000e1900000| Untracked 
|  26|0x00000000e1a00000, 0x00000000e1b00000, 0x00000000e1b00000|100%| O|  |TAMS 0x00000000e1a00000| PB 0x00000000e1a00000| Untracked 
|  27|0x00000000e1b00000, 0x00000000e1c00000, 0x00000000e1c00000|100%| O|  |TAMS 0x00000000e1b00000| PB 0x00000000e1b00000| Untracked 
|  28|0x00000000e1c00000, 0x00000000e1d00000, 0x00000000e1d00000|100%| O|  |TAMS 0x00000000e1c00000| PB 0x00000000e1c00000| Untracked 
|  29|0x00000000e1d00000, 0x00000000e1e00000, 0x00000000e1e00000|100%| O|  |TAMS 0x00000000e1d00000| PB 0x00000000e1d00000| Untracked 
|  30|0x00000000e1e00000, 0x00000000e1f00000, 0x00000000e1f00000|100%| O|  |TAMS 0x00000000e1e00000| PB 0x00000000e1e00000| Untracked 
|  31|0x00000000e1f00000, 0x00000000e2000000, 0x00000000e2000000|100%| O|  |TAMS 0x00000000e1f00000| PB 0x00000000e1f00000| Untracked 
|  32|0x00000000e2000000, 0x00000000e2100000, 0x00000000e2100000|100%| O|  |TAMS 0x00000000e2000000| PB 0x00000000e2000000| Untracked 
|  33|0x00000000e2100000, 0x00000000e2200000, 0x00000000e2200000|100%| O|  |TAMS 0x00000000e2100000| PB 0x00000000e2100000| Untracked 
|  34|0x00000000e2200000, 0x00000000e2300000, 0x00000000e2300000|100%| O|  |TAMS 0x00000000e2200000| PB 0x00000000e2200000| Complete 
|  35|0x00000000e2300000, 0x00000000e2400000, 0x00000000e2400000|100%| O|  |TAMS 0x00000000e2300000| PB 0x00000000e2300000| Untracked 
|  36|0x00000000e2400000, 0x00000000e2500000, 0x00000000e2500000|100%| O|  |TAMS 0x00000000e2400000| PB 0x00000000e2400000| Untracked 
|  37|0x00000000e2500000, 0x00000000e2600000, 0x00000000e2600000|100%| O|  |TAMS 0x00000000e2500000| PB 0x00000000e2500000| Untracked 
|  38|0x00000000e2600000, 0x00000000e2700000, 0x00000000e2700000|100%| O|  |TAMS 0x00000000e2600000| PB 0x00000000e2600000| Untracked 
|  39|0x00000000e2700000, 0x00000000e2800000, 0x00000000e2800000|100%| O|  |TAMS 0x00000000e2700000| PB 0x00000000e2700000| Untracked 
|  40|0x00000000e2800000, 0x00000000e2900000, 0x00000000e2900000|100%| O|  |TAMS 0x00000000e2800000| PB 0x00000000e2800000| Untracked 
|  41|0x00000000e2900000, 0x00000000e2a00000, 0x00000000e2a00000|100%| O|  |TAMS 0x00000000e2900000| PB 0x00000000e2900000| Untracked 
|  42|0x00000000e2a00000, 0x00000000e2af8600, 0x00000000e2b00000| 97%| O|  |TAMS 0x00000000e2a00000| PB 0x00000000e2a00000| Untracked 
|  43|0x00000000e2b00000, 0x00000000e2b00000, 0x00000000e2c00000|  0%| F|  |TAMS 0x00000000e2b00000| PB 0x00000000e2b00000| Untracked 
|  44|0x00000000e2c00000, 0x00000000e2c00000, 0x00000000e2d00000|  0%| F|  |TAMS 0x00000000e2c00000| PB 0x00000000e2c00000| Untracked 
|  45|0x00000000e2d00000, 0x00000000e2d00000, 0x00000000e2e00000|  0%| F|  |TAMS 0x00000000e2d00000| PB 0x00000000e2d00000| Untracked 
|  46|0x00000000e2e00000, 0x00000000e2e00000, 0x00000000e2f00000|  0%| F|  |TAMS 0x00000000e2e00000| PB 0x00000000e2e00000| Untracked 
|  47|0x00000000e2f00000, 0x00000000e2f00000, 0x00000000e3000000|  0%| F|  |TAMS 0x00000000e2f00000| PB 0x00000000e2f00000| Untracked 
|  48|0x00000000e3000000, 0x00000000e3000000, 0x00000000e3100000|  0%| F|  |TAMS 0x00000000e3000000| PB 0x00000000e3000000| Untracked 
|  49|0x00000000e3100000, 0x00000000e3100000, 0x00000000e3200000|  0%| F|  |TAMS 0x00000000e3100000| PB 0x00000000e3100000| Untracked 
|  50|0x00000000e3200000, 0x00000000e3200000, 0x00000000e3300000|  0%| F|  |TAMS 0x00000000e3200000| PB 0x00000000e3200000| Untracked 
|  51|0x00000000e3300000, 0x00000000e3300000, 0x00000000e3400000|  0%| F|  |TAMS 0x00000000e3300000| PB 0x00000000e3300000| Untracked 
|  52|0x00000000e3400000, 0x00000000e3400000, 0x00000000e3500000|  0%| F|  |TAMS 0x00000000e3400000| PB 0x00000000e3400000| Untracked 
|  53|0x00000000e3500000, 0x00000000e3500000, 0x00000000e3600000|  0%| F|  |TAMS 0x00000000e3500000| PB 0x00000000e3500000| Untracked 
|  54|0x00000000e3600000, 0x00000000e3600000, 0x00000000e3700000|  0%| F|  |TAMS 0x00000000e3600000| PB 0x00000000e3600000| Untracked 
|  55|0x00000000e3700000, 0x00000000e3700000, 0x00000000e3800000|  0%| F|  |TAMS 0x00000000e3700000| PB 0x00000000e3700000| Untracked 
|  56|0x00000000e3800000, 0x00000000e3800000, 0x00000000e3900000|  0%| F|  |TAMS 0x00000000e3800000| PB 0x00000000e3800000| Untracked 
|  57|0x00000000e3900000, 0x00000000e3900000, 0x00000000e3a00000|  0%| F|  |TAMS 0x00000000e3900000| PB 0x00000000e3900000| Untracked 
|  58|0x00000000e3a00000, 0x00000000e3a00000, 0x00000000e3b00000|  0%| F|  |TAMS 0x00000000e3a00000| PB 0x00000000e3a00000| Untracked 
|  59|0x00000000e3b00000, 0x00000000e3b00000, 0x00000000e3c00000|  0%| F|  |TAMS 0x00000000e3b00000| PB 0x00000000e3b00000| Untracked 
|  60|0x00000000e3c00000, 0x00000000e3c00000, 0x00000000e3d00000|  0%| F|  |TAMS 0x00000000e3c00000| PB 0x00000000e3c00000| Untracked 
|  61|0x00000000e3d00000, 0x00000000e3d00000, 0x00000000e3e00000|  0%| F|  |TAMS 0x00000000e3d00000| PB 0x00000000e3d00000| Untracked 
|  62|0x00000000e3e00000, 0x00000000e3e00000, 0x00000000e3f00000|  0%| F|  |TAMS 0x00000000e3e00000| PB 0x00000000e3e00000| Untracked 
|  63|0x00000000e3f00000, 0x00000000e3f00000, 0x00000000e4000000|  0%| F|  |TAMS 0x00000000e3f00000| PB 0x00000000e3f00000| Untracked 
|  64|0x00000000e4000000, 0x00000000e4000000, 0x00000000e4100000|  0%| F|  |TAMS 0x00000000e4000000| PB 0x00000000e4000000| Untracked 
|  65|0x00000000e4100000, 0x00000000e4100000, 0x00000000e4200000|  0%| F|  |TAMS 0x00000000e4100000| PB 0x00000000e4100000| Untracked 
|  66|0x00000000e4200000, 0x00000000e4200000, 0x00000000e4300000|  0%| F|  |TAMS 0x00000000e4200000| PB 0x00000000e4200000| Untracked 
|  67|0x00000000e4300000, 0x00000000e4300000, 0x00000000e4400000|  0%| F|  |TAMS 0x00000000e4300000| PB 0x00000000e4300000| Untracked 
|  68|0x00000000e4400000, 0x00000000e4400000, 0x00000000e4500000|  0%| F|  |TAMS 0x00000000e4400000| PB 0x00000000e4400000| Untracked 
|  69|0x00000000e4500000, 0x00000000e4500000, 0x00000000e4600000|  0%| F|  |TAMS 0x00000000e4500000| PB 0x00000000e4500000| Untracked 
|  70|0x00000000e4600000, 0x00000000e4600000, 0x00000000e4700000|  0%| F|  |TAMS 0x00000000e4600000| PB 0x00000000e4600000| Untracked 
|  71|0x00000000e4700000, 0x00000000e4700000, 0x00000000e4800000|  0%| F|  |TAMS 0x00000000e4700000| PB 0x00000000e4700000| Untracked 
|  72|0x00000000e4800000, 0x00000000e4800000, 0x00000000e4900000|  0%| F|  |TAMS 0x00000000e4800000| PB 0x00000000e4800000| Untracked 
|  73|0x00000000e4900000, 0x00000000e4900000, 0x00000000e4a00000|  0%| F|  |TAMS 0x00000000e4900000| PB 0x00000000e4900000| Untracked 
|  74|0x00000000e4a00000, 0x00000000e4a00000, 0x00000000e4b00000|  0%| F|  |TAMS 0x00000000e4a00000| PB 0x00000000e4a00000| Untracked 
|  75|0x00000000e4b00000, 0x00000000e4b00000, 0x00000000e4c00000|  0%| F|  |TAMS 0x00000000e4b00000| PB 0x00000000e4b00000| Untracked 
|  76|0x00000000e4c00000, 0x00000000e4c00000, 0x00000000e4d00000|  0%| F|  |TAMS 0x00000000e4c00000| PB 0x00000000e4c00000| Untracked 
|  77|0x00000000e4d00000, 0x00000000e4d00000, 0x00000000e4e00000|  0%| F|  |TAMS 0x00000000e4d00000| PB 0x00000000e4d00000| Untracked 
|  78|0x00000000e4e00000, 0x00000000e4e00000, 0x00000000e4f00000|  0%| F|  |TAMS 0x00000000e4e00000| PB 0x00000000e4e00000| Untracked 
|  79|0x00000000e4f00000, 0x00000000e4f00000, 0x00000000e5000000|  0%| F|  |TAMS 0x00000000e4f00000| PB 0x00000000e4f00000| Untracked 
|  80|0x00000000e5000000, 0x00000000e5000000, 0x00000000e5100000|  0%| F|  |TAMS 0x00000000e5000000| PB 0x00000000e5000000| Untracked 
|  81|0x00000000e5100000, 0x00000000e5100000, 0x00000000e5200000|  0%| F|  |TAMS 0x00000000e5100000| PB 0x00000000e5100000| Untracked 
|  82|0x00000000e5200000, 0x00000000e5200000, 0x00000000e5300000|  0%| F|  |TAMS 0x00000000e5200000| PB 0x00000000e5200000| Untracked 
|  83|0x00000000e5300000, 0x00000000e5300000, 0x00000000e5400000|  0%| F|  |TAMS 0x00000000e5300000| PB 0x00000000e5300000| Untracked 
|  84|0x00000000e5400000, 0x00000000e5400000, 0x00000000e5500000|  0%| F|  |TAMS 0x00000000e5400000| PB 0x00000000e5400000| Untracked 
|  85|0x00000000e5500000, 0x00000000e5500000, 0x00000000e5600000|  0%| F|  |TAMS 0x00000000e5500000| PB 0x00000000e5500000| Untracked 
|  86|0x00000000e5600000, 0x00000000e5600000, 0x00000000e5700000|  0%| F|  |TAMS 0x00000000e5600000| PB 0x00000000e5600000| Untracked 
|  87|0x00000000e5700000, 0x00000000e5700000, 0x00000000e5800000|  0%| F|  |TAMS 0x00000000e5700000| PB 0x00000000e5700000| Untracked 
|  88|0x00000000e5800000, 0x00000000e5800000, 0x00000000e5900000|  0%| F|  |TAMS 0x00000000e5800000| PB 0x00000000e5800000| Untracked 
|  89|0x00000000e5900000, 0x00000000e5900000, 0x00000000e5a00000|  0%| F|  |TAMS 0x00000000e5900000| PB 0x00000000e5900000| Untracked 
|  90|0x00000000e5a00000, 0x00000000e5a00000, 0x00000000e5b00000|  0%| F|  |TAMS 0x00000000e5a00000| PB 0x00000000e5a00000| Untracked 
|  91|0x00000000e5b00000, 0x00000000e5b00000, 0x00000000e5c00000|  0%| F|  |TAMS 0x00000000e5b00000| PB 0x00000000e5b00000| Untracked 
|  92|0x00000000e5c00000, 0x00000000e5c00000, 0x00000000e5d00000|  0%| F|  |TAMS 0x00000000e5c00000| PB 0x00000000e5c00000| Untracked 
|  93|0x00000000e5d00000, 0x00000000e5d00000, 0x00000000e5e00000|  0%| F|  |TAMS 0x00000000e5d00000| PB 0x00000000e5d00000| Untracked 
|  94|0x00000000e5e00000, 0x00000000e5e00000, 0x00000000e5f00000|  0%| F|  |TAMS 0x00000000e5e00000| PB 0x00000000e5e00000| Untracked 
|  95|0x00000000e5f00000, 0x00000000e5f00000, 0x00000000e6000000|  0%| F|  |TAMS 0x00000000e5f00000| PB 0x00000000e5f00000| Untracked 
|  96|0x00000000e6000000, 0x00000000e6000000, 0x00000000e6100000|  0%| F|  |TAMS 0x00000000e6000000| PB 0x00000000e6000000| Untracked 
|  97|0x00000000e6100000, 0x00000000e6100000, 0x00000000e6200000|  0%| F|  |TAMS 0x00000000e6100000| PB 0x00000000e6100000| Untracked 
|  98|0x00000000e6200000, 0x00000000e6200000, 0x00000000e6300000|  0%| F|  |TAMS 0x00000000e6200000| PB 0x00000000e6200000| Untracked 
|  99|0x00000000e6300000, 0x00000000e6300000, 0x00000000e6400000|  0%| F|  |TAMS 0x00000000e6300000| PB 0x00000000e6300000| Untracked 
| 100|0x00000000e6400000, 0x00000000e6400000, 0x00000000e6500000|  0%| F|  |TAMS 0x00000000e6400000| PB 0x00000000e6400000| Untracked 
| 101|0x00000000e6500000, 0x00000000e6500000, 0x00000000e6600000|  0%| F|  |TAMS 0x00000000e6500000| PB 0x00000000e6500000| Untracked 
| 102|0x00000000e6600000, 0x00000000e6600000, 0x00000000e6700000|  0%| F|  |TAMS 0x00000000e6600000| PB 0x00000000e6600000| Untracked 
| 103|0x00000000e6700000, 0x00000000e6700000, 0x00000000e6800000|  0%| F|  |TAMS 0x00000000e6700000| PB 0x00000000e6700000| Untracked 
| 104|0x00000000e6800000, 0x00000000e6800000, 0x00000000e6900000|  0%| F|  |TAMS 0x00000000e6800000| PB 0x00000000e6800000| Untracked 
| 105|0x00000000e6900000, 0x00000000e6900000, 0x00000000e6a00000|  0%| F|  |TAMS 0x00000000e6900000| PB 0x00000000e6900000| Untracked 
| 106|0x00000000e6a00000, 0x00000000e6a00000, 0x00000000e6b00000|  0%| F|  |TAMS 0x00000000e6a00000| PB 0x00000000e6a00000| Untracked 
| 107|0x00000000e6b00000, 0x00000000e6b00000, 0x00000000e6c00000|  0%| F|  |TAMS 0x00000000e6b00000| PB 0x00000000e6b00000| Untracked 
| 108|0x00000000e6c00000, 0x00000000e6c00000, 0x00000000e6d00000|  0%| F|  |TAMS 0x00000000e6c00000| PB 0x00000000e6c00000| Untracked 
| 109|0x00000000e6d00000, 0x00000000e6d00000, 0x00000000e6e00000|  0%| F|  |TAMS 0x00000000e6d00000| PB 0x00000000e6d00000| Untracked 
| 110|0x00000000e6e00000, 0x00000000e6e00000, 0x00000000e6f00000|  0%| F|  |TAMS 0x00000000e6e00000| PB 0x00000000e6e00000| Untracked 
| 111|0x00000000e6f00000, 0x00000000e6f00000, 0x00000000e7000000|  0%| F|  |TAMS 0x00000000e6f00000| PB 0x00000000e6f00000| Untracked 
| 112|0x00000000e7000000, 0x00000000e7000000, 0x00000000e7100000|  0%| F|  |TAMS 0x00000000e7000000| PB 0x00000000e7000000| Untracked 
| 113|0x00000000e7100000, 0x00000000e7100000, 0x00000000e7200000|  0%| F|  |TAMS 0x00000000e7100000| PB 0x00000000e7100000| Untracked 
| 114|0x00000000e7200000, 0x00000000e7200000, 0x00000000e7300000|  0%| F|  |TAMS 0x00000000e7200000| PB 0x00000000e7200000| Untracked 
| 115|0x00000000e7300000, 0x00000000e7300000, 0x00000000e7400000|  0%| F|  |TAMS 0x00000000e7300000| PB 0x00000000e7300000| Untracked 
| 116|0x00000000e7400000, 0x00000000e7400000, 0x00000000e7500000|  0%| F|  |TAMS 0x00000000e7400000| PB 0x00000000e7400000| Untracked 
| 117|0x00000000e7500000, 0x00000000e7500000, 0x00000000e7600000|  0%| F|  |TAMS 0x00000000e7500000| PB 0x00000000e7500000| Untracked 
| 118|0x00000000e7600000, 0x00000000e7600000, 0x00000000e7700000|  0%| F|  |TAMS 0x00000000e7600000| PB 0x00000000e7600000| Untracked 
| 119|0x00000000e7700000, 0x00000000e7700000, 0x00000000e7800000|  0%| F|  |TAMS 0x00000000e7700000| PB 0x00000000e7700000| Untracked 
| 120|0x00000000e7800000, 0x00000000e7800000, 0x00000000e7900000|  0%| F|  |TAMS 0x00000000e7800000| PB 0x00000000e7800000| Untracked 
| 121|0x00000000e7900000, 0x00000000e7900000, 0x00000000e7a00000|  0%| F|  |TAMS 0x00000000e7900000| PB 0x00000000e7900000| Untracked 
| 122|0x00000000e7a00000, 0x00000000e7a00000, 0x00000000e7b00000|  0%| F|  |TAMS 0x00000000e7a00000| PB 0x00000000e7a00000| Untracked 
| 123|0x00000000e7b00000, 0x00000000e7b00000, 0x00000000e7c00000|  0%| F|  |TAMS 0x00000000e7b00000| PB 0x00000000e7b00000| Untracked 
| 124|0x00000000e7c00000, 0x00000000e7c00000, 0x00000000e7d00000|  0%| F|  |TAMS 0x00000000e7c00000| PB 0x00000000e7c00000| Untracked 
| 125|0x00000000e7d00000, 0x00000000e7d00000, 0x00000000e7e00000|  0%| F|  |TAMS 0x00000000e7d00000| PB 0x00000000e7d00000| Untracked 
| 126|0x00000000e7e00000, 0x00000000e7e00000, 0x00000000e7f00000|  0%| F|  |TAMS 0x00000000e7e00000| PB 0x00000000e7e00000| Untracked 
| 127|0x00000000e7f00000, 0x00000000e7f00000, 0x00000000e8000000|  0%| F|  |TAMS 0x00000000e7f00000| PB 0x00000000e7f00000| Untracked 
| 128|0x00000000e8000000, 0x00000000e8000000, 0x00000000e8100000|  0%| F|  |TAMS 0x00000000e8000000| PB 0x00000000e8000000| Untracked 
| 129|0x00000000e8100000, 0x00000000e8100000, 0x00000000e8200000|  0%| F|  |TAMS 0x00000000e8100000| PB 0x00000000e8100000| Untracked 
| 130|0x00000000e8200000, 0x00000000e8200000, 0x00000000e8300000|  0%| F|  |TAMS 0x00000000e8200000| PB 0x00000000e8200000| Untracked 
| 131|0x00000000e8300000, 0x00000000e8300000, 0x00000000e8400000|  0%| F|  |TAMS 0x00000000e8300000| PB 0x00000000e8300000| Untracked 
| 132|0x00000000e8400000, 0x00000000e8400000, 0x00000000e8500000|  0%| F|  |TAMS 0x00000000e8400000| PB 0x00000000e8400000| Untracked 
| 133|0x00000000e8500000, 0x00000000e8500000, 0x00000000e8600000|  0%| F|  |TAMS 0x00000000e8500000| PB 0x00000000e8500000| Untracked 
| 134|0x00000000e8600000, 0x00000000e8600000, 0x00000000e8700000|  0%| F|  |TAMS 0x00000000e8600000| PB 0x00000000e8600000| Untracked 
| 135|0x00000000e8700000, 0x00000000e8700000, 0x00000000e8800000|  0%| F|  |TAMS 0x00000000e8700000| PB 0x00000000e8700000| Untracked 
| 136|0x00000000e8800000, 0x00000000e8800000, 0x00000000e8900000|  0%| F|  |TAMS 0x00000000e8800000| PB 0x00000000e8800000| Untracked 
| 137|0x00000000e8900000, 0x00000000e8900000, 0x00000000e8a00000|  0%| F|  |TAMS 0x00000000e8900000| PB 0x00000000e8900000| Untracked 
| 138|0x00000000e8a00000, 0x00000000e8a00000, 0x00000000e8b00000|  0%| F|  |TAMS 0x00000000e8a00000| PB 0x00000000e8a00000| Untracked 
| 139|0x00000000e8b00000, 0x00000000e8b00000, 0x00000000e8c00000|  0%| F|  |TAMS 0x00000000e8b00000| PB 0x00000000e8b00000| Untracked 
| 140|0x00000000e8c00000, 0x00000000e8c00000, 0x00000000e8d00000|  0%| F|  |TAMS 0x00000000e8c00000| PB 0x00000000e8c00000| Untracked 
| 141|0x00000000e8d00000, 0x00000000e8d00000, 0x00000000e8e00000|  0%| F|  |TAMS 0x00000000e8d00000| PB 0x00000000e8d00000| Untracked 
| 142|0x00000000e8e00000, 0x00000000e8e00000, 0x00000000e8f00000|  0%| F|  |TAMS 0x00000000e8e00000| PB 0x00000000e8e00000| Untracked 
| 143|0x00000000e8f00000, 0x00000000e8f00000, 0x00000000e9000000|  0%| F|  |TAMS 0x00000000e8f00000| PB 0x00000000e8f00000| Untracked 
| 144|0x00000000e9000000, 0x00000000e9000000, 0x00000000e9100000|  0%| F|  |TAMS 0x00000000e9000000| PB 0x00000000e9000000| Untracked 
| 145|0x00000000e9100000, 0x00000000e9100000, 0x00000000e9200000|  0%| F|  |TAMS 0x00000000e9100000| PB 0x00000000e9100000| Untracked 
| 146|0x00000000e9200000, 0x00000000e9200000, 0x00000000e9300000|  0%| F|  |TAMS 0x00000000e9200000| PB 0x00000000e9200000| Untracked 
| 147|0x00000000e9300000, 0x00000000e9300000, 0x00000000e9400000|  0%| F|  |TAMS 0x00000000e9300000| PB 0x00000000e9300000| Untracked 
| 148|0x00000000e9400000, 0x00000000e9400000, 0x00000000e9500000|  0%| F|  |TAMS 0x00000000e9400000| PB 0x00000000e9400000| Untracked 
| 149|0x00000000e9500000, 0x00000000e9500000, 0x00000000e9600000|  0%| F|  |TAMS 0x00000000e9500000| PB 0x00000000e9500000| Untracked 
| 150|0x00000000e9600000, 0x00000000e9600000, 0x00000000e9700000|  0%| F|  |TAMS 0x00000000e9600000| PB 0x00000000e9600000| Untracked 
| 151|0x00000000e9700000, 0x00000000e9700000, 0x00000000e9800000|  0%| F|  |TAMS 0x00000000e9700000| PB 0x00000000e9700000| Untracked 
| 152|0x00000000e9800000, 0x00000000e9800000, 0x00000000e9900000|  0%| F|  |TAMS 0x00000000e9800000| PB 0x00000000e9800000| Untracked 
| 153|0x00000000e9900000, 0x00000000e9900000, 0x00000000e9a00000|  0%| F|  |TAMS 0x00000000e9900000| PB 0x00000000e9900000| Untracked 
| 154|0x00000000e9a00000, 0x00000000e9a00000, 0x00000000e9b00000|  0%| F|  |TAMS 0x00000000e9a00000| PB 0x00000000e9a00000| Untracked 
| 155|0x00000000e9b00000, 0x00000000e9b00000, 0x00000000e9c00000|  0%| F|  |TAMS 0x00000000e9b00000| PB 0x00000000e9b00000| Untracked 
| 156|0x00000000e9c00000, 0x00000000e9c00000, 0x00000000e9d00000|  0%| F|  |TAMS 0x00000000e9c00000| PB 0x00000000e9c00000| Untracked 
| 157|0x00000000e9d00000, 0x00000000e9d00000, 0x00000000e9e00000|  0%| F|  |TAMS 0x00000000e9d00000| PB 0x00000000e9d00000| Untracked 
| 158|0x00000000e9e00000, 0x00000000e9e00000, 0x00000000e9f00000|  0%| F|  |TAMS 0x00000000e9e00000| PB 0x00000000e9e00000| Untracked 
| 159|0x00000000e9f00000, 0x00000000e9f00000, 0x00000000ea000000|  0%| F|  |TAMS 0x00000000e9f00000| PB 0x00000000e9f00000| Untracked 
| 160|0x00000000ea000000, 0x00000000ea000000, 0x00000000ea100000|  0%| F|  |TAMS 0x00000000ea000000| PB 0x00000000ea000000| Untracked 
| 161|0x00000000ea100000, 0x00000000ea100000, 0x00000000ea200000|  0%| F|  |TAMS 0x00000000ea100000| PB 0x00000000ea100000| Untracked 
| 162|0x00000000ea200000, 0x00000000ea200000, 0x00000000ea300000|  0%| F|  |TAMS 0x00000000ea200000| PB 0x00000000ea200000| Untracked 
| 163|0x00000000ea300000, 0x00000000ea300000, 0x00000000ea400000|  0%| F|  |TAMS 0x00000000ea300000| PB 0x00000000ea300000| Untracked 
| 164|0x00000000ea400000, 0x00000000ea400000, 0x00000000ea500000|  0%| F|  |TAMS 0x00000000ea400000| PB 0x00000000ea400000| Untracked 
| 165|0x00000000ea500000, 0x00000000ea500000, 0x00000000ea600000|  0%| F|  |TAMS 0x00000000ea500000| PB 0x00000000ea500000| Untracked 
| 166|0x00000000ea600000, 0x00000000ea600000, 0x00000000ea700000|  0%| F|  |TAMS 0x00000000ea600000| PB 0x00000000ea600000| Untracked 
| 167|0x00000000ea700000, 0x00000000ea700000, 0x00000000ea800000|  0%| F|  |TAMS 0x00000000ea700000| PB 0x00000000ea700000| Untracked 
| 168|0x00000000ea800000, 0x00000000ea800000, 0x00000000ea900000|  0%| F|  |TAMS 0x00000000ea800000| PB 0x00000000ea800000| Untracked 
| 169|0x00000000ea900000, 0x00000000ea900000, 0x00000000eaa00000|  0%| F|  |TAMS 0x00000000ea900000| PB 0x00000000ea900000| Untracked 
| 170|0x00000000eaa00000, 0x00000000eaa00000, 0x00000000eab00000|  0%| F|  |TAMS 0x00000000eaa00000| PB 0x00000000eaa00000| Untracked 
| 171|0x00000000eab00000, 0x00000000eab00000, 0x00000000eac00000|  0%| F|  |TAMS 0x00000000eab00000| PB 0x00000000eab00000| Untracked 
| 172|0x00000000eac00000, 0x00000000eac00000, 0x00000000ead00000|  0%| F|  |TAMS 0x00000000eac00000| PB 0x00000000eac00000| Untracked 
| 173|0x00000000ead00000, 0x00000000ead00000, 0x00000000eae00000|  0%| F|  |TAMS 0x00000000ead00000| PB 0x00000000ead00000| Untracked 
| 174|0x00000000eae00000, 0x00000000eae00000, 0x00000000eaf00000|  0%| F|  |TAMS 0x00000000eae00000| PB 0x00000000eae00000| Untracked 
| 175|0x00000000eaf00000, 0x00000000eaf00000, 0x00000000eb000000|  0%| F|  |TAMS 0x00000000eaf00000| PB 0x00000000eaf00000| Untracked 
| 176|0x00000000eb000000, 0x00000000eb000000, 0x00000000eb100000|  0%| F|  |TAMS 0x00000000eb000000| PB 0x00000000eb000000| Untracked 
| 177|0x00000000eb100000, 0x00000000eb100000, 0x00000000eb200000|  0%| F|  |TAMS 0x00000000eb100000| PB 0x00000000eb100000| Untracked 
| 178|0x00000000eb200000, 0x00000000eb200000, 0x00000000eb300000|  0%| F|  |TAMS 0x00000000eb200000| PB 0x00000000eb200000| Untracked 
| 179|0x00000000eb300000, 0x00000000eb300000, 0x00000000eb400000|  0%| F|  |TAMS 0x00000000eb300000| PB 0x00000000eb300000| Untracked 
| 180|0x00000000eb400000, 0x00000000eb400000, 0x00000000eb500000|  0%| F|  |TAMS 0x00000000eb400000| PB 0x00000000eb400000| Untracked 
| 181|0x00000000eb500000, 0x00000000eb500000, 0x00000000eb600000|  0%| F|  |TAMS 0x00000000eb500000| PB 0x00000000eb500000| Untracked 
| 182|0x00000000eb600000, 0x00000000eb600000, 0x00000000eb700000|  0%| F|  |TAMS 0x00000000eb600000| PB 0x00000000eb600000| Untracked 
| 183|0x00000000eb700000, 0x00000000eb700000, 0x00000000eb800000|  0%| F|  |TAMS 0x00000000eb700000| PB 0x00000000eb700000| Untracked 
| 184|0x00000000eb800000, 0x00000000eb800000, 0x00000000eb900000|  0%| F|  |TAMS 0x00000000eb800000| PB 0x00000000eb800000| Untracked 
| 185|0x00000000eb900000, 0x00000000eb900000, 0x00000000eba00000|  0%| F|  |TAMS 0x00000000eb900000| PB 0x00000000eb900000| Untracked 
| 186|0x00000000eba00000, 0x00000000eba00000, 0x00000000ebb00000|  0%| F|  |TAMS 0x00000000eba00000| PB 0x00000000eba00000| Untracked 
| 187|0x00000000ebb00000, 0x00000000ebb00000, 0x00000000ebc00000|  0%| F|  |TAMS 0x00000000ebb00000| PB 0x00000000ebb00000| Untracked 
| 188|0x00000000ebc00000, 0x00000000ebc00000, 0x00000000ebd00000|  0%| F|  |TAMS 0x00000000ebc00000| PB 0x00000000ebc00000| Untracked 
| 189|0x00000000ebd00000, 0x00000000ebd00000, 0x00000000ebe00000|  0%| F|  |TAMS 0x00000000ebd00000| PB 0x00000000ebd00000| Untracked 
| 190|0x00000000ebe00000, 0x00000000ebe00000, 0x00000000ebf00000|  0%| F|  |TAMS 0x00000000ebe00000| PB 0x00000000ebe00000| Untracked 
| 191|0x00000000ebf00000, 0x00000000ebf00000, 0x00000000ec000000|  0%| F|  |TAMS 0x00000000ebf00000| PB 0x00000000ebf00000| Untracked 
| 192|0x00000000ec000000, 0x00000000ec000000, 0x00000000ec100000|  0%| F|  |TAMS 0x00000000ec000000| PB 0x00000000ec000000| Untracked 
| 193|0x00000000ec100000, 0x00000000ec100000, 0x00000000ec200000|  0%| F|  |TAMS 0x00000000ec100000| PB 0x00000000ec100000| Untracked 
| 194|0x00000000ec200000, 0x00000000ec200000, 0x00000000ec300000|  0%| F|  |TAMS 0x00000000ec200000| PB 0x00000000ec200000| Untracked 
| 195|0x00000000ec300000, 0x00000000ec300000, 0x00000000ec400000|  0%| F|  |TAMS 0x00000000ec300000| PB 0x00000000ec300000| Untracked 
| 196|0x00000000ec400000, 0x00000000ec400000, 0x00000000ec500000|  0%| F|  |TAMS 0x00000000ec400000| PB 0x00000000ec400000| Untracked 
| 197|0x00000000ec500000, 0x00000000ec500000, 0x00000000ec600000|  0%| F|  |TAMS 0x00000000ec500000| PB 0x00000000ec500000| Untracked 
| 198|0x00000000ec600000, 0x00000000ec600000, 0x00000000ec700000|  0%| F|  |TAMS 0x00000000ec600000| PB 0x00000000ec600000| Untracked 
| 199|0x00000000ec700000, 0x00000000ec700000, 0x00000000ec800000|  0%| F|  |TAMS 0x00000000ec700000| PB 0x00000000ec700000| Untracked 
| 200|0x00000000ec800000, 0x00000000ec800000, 0x00000000ec900000|  0%| F|  |TAMS 0x00000000ec800000| PB 0x00000000ec800000| Untracked 
| 201|0x00000000ec900000, 0x00000000ec900000, 0x00000000eca00000|  0%| F|  |TAMS 0x00000000ec900000| PB 0x00000000ec900000| Untracked 
| 202|0x00000000eca00000, 0x00000000eca00000, 0x00000000ecb00000|  0%| F|  |TAMS 0x00000000eca00000| PB 0x00000000eca00000| Untracked 
| 203|0x00000000ecb00000, 0x00000000ecb00000, 0x00000000ecc00000|  0%| F|  |TAMS 0x00000000ecb00000| PB 0x00000000ecb00000| Untracked 
| 204|0x00000000ecc00000, 0x00000000ecc00000, 0x00000000ecd00000|  0%| F|  |TAMS 0x00000000ecc00000| PB 0x00000000ecc00000| Untracked 
| 205|0x00000000ecd00000, 0x00000000ecd00000, 0x00000000ece00000|  0%| F|  |TAMS 0x00000000ecd00000| PB 0x00000000ecd00000| Untracked 
| 206|0x00000000ece00000, 0x00000000ece00000, 0x00000000ecf00000|  0%| F|  |TAMS 0x00000000ece00000| PB 0x00000000ece00000| Untracked 
| 207|0x00000000ecf00000, 0x00000000ecf00000, 0x00000000ed000000|  0%| F|  |TAMS 0x00000000ecf00000| PB 0x00000000ecf00000| Untracked 
| 208|0x00000000ed000000, 0x00000000ed000000, 0x00000000ed100000|  0%| F|  |TAMS 0x00000000ed000000| PB 0x00000000ed000000| Untracked 
| 209|0x00000000ed100000, 0x00000000ed100000, 0x00000000ed200000|  0%| F|  |TAMS 0x00000000ed100000| PB 0x00000000ed100000| Untracked 
| 210|0x00000000ed200000, 0x00000000ed200000, 0x00000000ed300000|  0%| F|  |TAMS 0x00000000ed200000| PB 0x00000000ed200000| Untracked 
| 211|0x00000000ed300000, 0x00000000ed300000, 0x00000000ed400000|  0%| F|  |TAMS 0x00000000ed300000| PB 0x00000000ed300000| Untracked 
| 212|0x00000000ed400000, 0x00000000ed400000, 0x00000000ed500000|  0%| F|  |TAMS 0x00000000ed400000| PB 0x00000000ed400000| Untracked 
| 213|0x00000000ed500000, 0x00000000ed500000, 0x00000000ed600000|  0%| F|  |TAMS 0x00000000ed500000| PB 0x00000000ed500000| Untracked 
| 214|0x00000000ed600000, 0x00000000ed600000, 0x00000000ed700000|  0%| F|  |TAMS 0x00000000ed600000| PB 0x00000000ed600000| Untracked 
| 215|0x00000000ed700000, 0x00000000ed700000, 0x00000000ed800000|  0%| F|  |TAMS 0x00000000ed700000| PB 0x00000000ed700000| Untracked 
| 216|0x00000000ed800000, 0x00000000ed800000, 0x00000000ed900000|  0%| F|  |TAMS 0x00000000ed800000| PB 0x00000000ed800000| Untracked 
| 217|0x00000000ed900000, 0x00000000ed900000, 0x00000000eda00000|  0%| F|  |TAMS 0x00000000ed900000| PB 0x00000000ed900000| Untracked 
| 218|0x00000000eda00000, 0x00000000eda00000, 0x00000000edb00000|  0%| F|  |TAMS 0x00000000eda00000| PB 0x00000000eda00000| Untracked 
| 219|0x00000000edb00000, 0x00000000edb00000, 0x00000000edc00000|  0%| F|  |TAMS 0x00000000edb00000| PB 0x00000000edb00000| Untracked 
| 220|0x00000000edc00000, 0x00000000edc00000, 0x00000000edd00000|  0%| F|  |TAMS 0x00000000edc00000| PB 0x00000000edc00000| Untracked 
| 221|0x00000000edd00000, 0x00000000edd00000, 0x00000000ede00000|  0%| F|  |TAMS 0x00000000edd00000| PB 0x00000000edd00000| Untracked 
| 222|0x00000000ede00000, 0x00000000ede00000, 0x00000000edf00000|  0%| F|  |TAMS 0x00000000ede00000| PB 0x00000000ede00000| Untracked 
| 223|0x00000000edf00000, 0x00000000edf00000, 0x00000000ee000000|  0%| F|  |TAMS 0x00000000edf00000| PB 0x00000000edf00000| Untracked 
| 224|0x00000000ee000000, 0x00000000ee000000, 0x00000000ee100000|  0%| F|  |TAMS 0x00000000ee000000| PB 0x00000000ee000000| Untracked 
| 225|0x00000000ee100000, 0x00000000ee100000, 0x00000000ee200000|  0%| F|  |TAMS 0x00000000ee100000| PB 0x00000000ee100000| Untracked 
| 226|0x00000000ee200000, 0x00000000ee200000, 0x00000000ee300000|  0%| F|  |TAMS 0x00000000ee200000| PB 0x00000000ee200000| Untracked 
| 227|0x00000000ee300000, 0x00000000ee300000, 0x00000000ee400000|  0%| F|  |TAMS 0x00000000ee300000| PB 0x00000000ee300000| Untracked 
| 228|0x00000000ee400000, 0x00000000ee400000, 0x00000000ee500000|  0%| F|  |TAMS 0x00000000ee400000| PB 0x00000000ee400000| Untracked 
| 229|0x00000000ee500000, 0x00000000ee500000, 0x00000000ee600000|  0%| F|  |TAMS 0x00000000ee500000| PB 0x00000000ee500000| Untracked 
| 230|0x00000000ee600000, 0x00000000ee600000, 0x00000000ee700000|  0%| F|  |TAMS 0x00000000ee600000| PB 0x00000000ee600000| Untracked 
| 231|0x00000000ee700000, 0x00000000ee700000, 0x00000000ee800000|  0%| F|  |TAMS 0x00000000ee700000| PB 0x00000000ee700000| Untracked 
| 232|0x00000000ee800000, 0x00000000ee800000, 0x00000000ee900000|  0%| F|  |TAMS 0x00000000ee800000| PB 0x00000000ee800000| Untracked 
| 233|0x00000000ee900000, 0x00000000ee900000, 0x00000000eea00000|  0%| F|  |TAMS 0x00000000ee900000| PB 0x00000000ee900000| Untracked 
| 234|0x00000000eea00000, 0x00000000eea00000, 0x00000000eeb00000|  0%| F|  |TAMS 0x00000000eea00000| PB 0x00000000eea00000| Untracked 
| 235|0x00000000eeb00000, 0x00000000eeb00000, 0x00000000eec00000|  0%| F|  |TAMS 0x00000000eeb00000| PB 0x00000000eeb00000| Untracked 
| 236|0x00000000eec00000, 0x00000000eec00000, 0x00000000eed00000|  0%| F|  |TAMS 0x00000000eec00000| PB 0x00000000eec00000| Untracked 
| 237|0x00000000eed00000, 0x00000000eed00000, 0x00000000eee00000|  0%| F|  |TAMS 0x00000000eed00000| PB 0x00000000eed00000| Untracked 
| 238|0x00000000eee00000, 0x00000000eeea6bb8, 0x00000000eef00000| 65%| E|  |TAMS 0x00000000eee00000| PB 0x00000000eee00000| Complete 
| 239|0x00000000eef00000, 0x00000000ef000000, 0x00000000ef000000|100%| E|CS|TAMS 0x00000000eef00000| PB 0x00000000eef00000| Complete 
| 240|0x00000000ef000000, 0x00000000ef100000, 0x00000000ef100000|100%| E|CS|TAMS 0x00000000ef000000| PB 0x00000000ef000000| Complete 
| 241|0x00000000ef100000, 0x00000000ef200000, 0x00000000ef200000|100%| E|CS|TAMS 0x00000000ef100000| PB 0x00000000ef100000| Complete 
| 242|0x00000000ef200000, 0x00000000ef300000, 0x00000000ef300000|100%| E|CS|TAMS 0x00000000ef200000| PB 0x00000000ef200000| Complete 
| 243|0x00000000ef300000, 0x00000000ef400000, 0x00000000ef400000|100%| E|CS|TAMS 0x00000000ef300000| PB 0x00000000ef300000| Complete 
| 244|0x00000000ef400000, 0x00000000ef500000, 0x00000000ef500000|100%| E|  |TAMS 0x00000000ef400000| PB 0x00000000ef400000| Complete 
| 245|0x00000000ef500000, 0x00000000ef51e978, 0x00000000ef600000| 11%| S|CS|TAMS 0x00000000ef500000| PB 0x00000000ef500000| Complete 
| 246|0x00000000ef600000, 0x00000000ef700000, 0x00000000ef700000|100%| S|CS|TAMS 0x00000000ef600000| PB 0x00000000ef600000| Complete 
| 247|0x00000000ef700000, 0x00000000ef800000, 0x00000000ef800000|100%| E|CS|TAMS 0x00000000ef700000| PB 0x00000000ef700000| Complete 
| 248|0x00000000ef800000, 0x00000000ef900000, 0x00000000ef900000|100%| E|CS|TAMS 0x00000000ef800000| PB 0x00000000ef800000| Complete 
| 249|0x00000000ef900000, 0x00000000efa00000, 0x00000000efa00000|100%| E|CS|TAMS 0x00000000ef900000| PB 0x00000000ef900000| Complete 
| 250|0x00000000efa00000, 0x00000000efb00000, 0x00000000efb00000|100%| E|CS|TAMS 0x00000000efa00000| PB 0x00000000efa00000| Complete 
| 251|0x00000000efb00000, 0x00000000efc00000, 0x00000000efc00000|100%| E|CS|TAMS 0x00000000efb00000| PB 0x00000000efb00000| Complete 
| 252|0x00000000efc00000, 0x00000000efd00000, 0x00000000efd00000|100%| E|CS|TAMS 0x00000000efc00000| PB 0x00000000efc00000| Complete 
| 253|0x00000000efd00000, 0x00000000efe00000, 0x00000000efe00000|100%| E|CS|TAMS 0x00000000efd00000| PB 0x00000000efd00000| Complete 
| 254|0x00000000efe00000, 0x00000000eff00000, 0x00000000eff00000|100%| E|CS|TAMS 0x00000000efe00000| PB 0x00000000efe00000| Complete 
| 255|0x00000000eff00000, 0x00000000f0000000, 0x00000000f0000000|100%| E|CS|TAMS 0x00000000eff00000| PB 0x00000000eff00000| Complete 

Card table byte_map: [0x000002641e0f0000,0x000002641e1f0000] _byte_map_base: 0x000002641d9f0000

Marking Bits: (CMBitMap*) 0x00000264069c1db0
 Bits: [0x000002641e2f0000, 0x000002641eaf0000)

Polling page: 0x0000026406150000

Metaspace:

Usage:
  Non-class:     51.27 MB used.
      Class:      8.50 MB used.
       Both:     59.76 MB used.

Virtual space:
  Non-class space:       64.00 MB reserved,      52.25 MB ( 82%) committed,  1 nodes.
      Class space:      308.00 MB reserved,       9.44 MB (  3%) committed,  1 nodes.
             Both:      372.00 MB reserved,      61.69 MB ( 17%) committed. 

Chunk freelists:
   Non-Class:  3.29 MB
       Class:  2.58 MB
        Both:  5.88 MB

MaxMetaspaceSize: 384.00 MB
CompressedClassSpaceSize: 308.00 MB
Initial GC threshold: 21.00 MB
Current GC threshold: 100.12 MB
CDS: on
MetaspaceReclaimPolicy: balanced
 - commit_granule_bytes: 65536.
 - commit_granule_words: 8192.
 - virtual_space_node_default_size: 8388608.
 - enlarge_chunks_in_place: 1.
 - new_chunks_are_fully_committed: 0.
 - uncommit_free_chunks: 1.
 - use_allocation_guard: 0.


Internal statistics:

num_allocs_failed_limit: 15.
num_arena_births: 3500.
num_arena_deaths: 0.
num_vsnodes_births: 2.
num_vsnodes_deaths: 0.
num_space_committed: 987.
num_space_uncommitted: 0.
num_chunks_returned_to_freelist: 15.
num_chunks_taken_from_freelist: 6327.
num_chunk_merges: 15.
num_chunk_splits: 4178.
num_chunks_enlarged: 2612.
num_inconsistent_stats: 0.

CodeHeap 'non-profiled nmethods': size=120000Kb used=3850Kb max_used=3994Kb free=116149Kb
 bounds [0x0000026416790000, 0x0000026416b80000, 0x000002641dcc0000]
CodeHeap 'profiled nmethods': size=120000Kb used=13582Kb max_used=13582Kb free=106417Kb
 bounds [0x000002640ecc0000, 0x000002640fa10000, 0x00000264161f0000]
CodeHeap 'non-nmethods': size=5760Kb used=3025Kb max_used=3065Kb free=2735Kb
 bounds [0x00000264161f0000, 0x0000026416510000, 0x0000026416790000]
 total_blobs=7810 nmethods=6929 adapters=790
 compilation: enabled
              stopped_count=0, restarted_count=0
 full_count=0

Compilation events (20 events):
Event: 190.648 Thread 0x000002642156b570 nmethod 7673 0x000002640fa02010 code [0x000002640fa02240, 0x000002640fa02ad8]
Event: 190.648 Thread 0x000002642156b570 7671       3       org.gradle.internal.Describables$FixedDescribable::hashCode (15 bytes)
Event: 190.648 Thread 0x000002642156b570 nmethod 7671 0x000002640fa02e90 code [0x000002640fa03040, 0x000002640fa033f0]
Event: 190.648 Thread 0x000002642156b570 7674       3       java.lang.StringLatin1::getBytes (12 bytes)
Event: 190.649 Thread 0x000002642156b570 nmethod 7674 0x000002640fa03510 code [0x000002640fa036a0, 0x000002640fa03850]
Event: 190.649 Thread 0x000002642156b570 7669       3       com.google.common.primitives.Ints::saturatedCast (25 bytes)
Event: 190.649 Thread 0x000002642156b570 nmethod 7669 0x000002640fa03910 code [0x000002640fa03aa0, 0x000002640fa03c78]
Event: 190.649 Thread 0x000002642156b570 7675       1       org.gradle.api.internal.artifacts.ivyservice.resolveengine.graph.builder.ComponentState::getVisitState (5 bytes)
Event: 190.649 Thread 0x000002642156b570 nmethod 7675 0x00000264168e2390 code [0x00000264168e2500, 0x00000264168e25c8]
Event: 190.649 Thread 0x000002642156b570 7676       1       org.gradle.internal.component.external.model.DefaultModuleComponentArtifactMetadata::getId (5 bytes)
Event: 190.649 Thread 0x000002642156b570 nmethod 7676 0x00000264168e2090 code [0x00000264168e2200, 0x00000264168e22c8]
Event: 190.649 Thread 0x000002642156b570 7672       1       org.gradle.internal.component.external.model.DefaultModuleComponentSelector::getRequestedCapabilities (5 bytes)
Event: 190.649 Thread 0x000002642156b570 nmethod 7672 0x00000264168e1d90 code [0x00000264168e1f00, 0x00000264168e1fc8]
Event: 190.654 Thread 0x000002642156b570 7677       3       io.spring.gradle.dependencymanagement.org.codehaus.plexus.util.xml.Xpp3Dom::<init> (21 bytes)
Event: 190.655 Thread 0x000002642156b570 nmethod 7677 0x000002640fa03d10 code [0x000002640fa03ec0, 0x000002640fa04328]
Event: 190.655 Thread 0x000002642156b570 7678       3       io.spring.gradle.dependencymanagement.org.codehaus.plexus.util.xml.pull.MXParser::isEmptyElementTag (26 bytes)
Event: 190.655 Thread 0x000002642156b570 nmethod 7678 0x000002640fa04490 code [0x000002640fa04640, 0x000002640fa04880]
Event: 190.660 Thread 0x000002642156b570 7681       3       io.spring.gradle.dependencymanagement.org.apache.maven.model.ConfigurationContainer::<init> (10 bytes)
Event: 190.660 Thread 0x000002642156b570 nmethod 7681 0x000002640fa04990 code [0x000002640fa04b20, 0x000002640fa04c88]
Event: 190.660 Thread 0x000002642156b570 7682   !   3       io.spring.gradle.dependencymanagement.org.codehaus.plexus.util.xml.pull.MXParser::parseComment (486 bytes)

GC Heap History (20 events):
Event: 3.631 GC heap before
{Heap before GC invocations=0 (full 0):
 garbage-first heap   total 262144K, used 26624K [0x00000000e0000000, 0x0000000100000000)
  region size 1024K, 23 young (23552K), 0 survivors (0K)
 Metaspace       used 3143K, committed 3264K, reserved 380928K
  class space    used 397K, committed 448K, reserved 315392K
}
Event: 3.700 GC heap after
{Heap after GC invocations=1 (full 0):
 garbage-first heap   total 262144K, used 10799K [0x00000000e0000000, 0x0000000100000000)
  region size 1024K, 3 young (3072K), 3 survivors (3072K)
 Metaspace       used 3143K, committed 3264K, reserved 380928K
  class space    used 397K, committed 448K, reserved 315392K
}
Event: 6.090 GC heap before
{Heap before GC invocations=1 (full 0):
 garbage-first heap   total 262144K, used 40495K [0x00000000e0000000, 0x0000000100000000)
  region size 1024K, 32 young (32768K), 3 survivors (3072K)
 Metaspace       used 4110K, committed 4288K, reserved 380928K
  class space    used 493K, committed 576K, reserved 315392K
}
Event: 6.099 GC heap after
{Heap after GC invocations=2 (full 0):
 garbage-first heap   total 262144K, used 13373K [0x00000000e0000000, 0x0000000100000000)
  region size 1024K, 3 young (3072K), 3 survivors (3072K)
 Metaspace       used 4110K, committed 4288K, reserved 380928K
  class space    used 493K, committed 576K, reserved 315392K
}
Event: 20.777 GC heap before
{Heap before GC invocations=2 (full 0):
 garbage-first heap   total 262144K, used 112701K [0x00000000e0000000, 0x0000000100000000)
  region size 1024K, 101 young (103424K), 3 survivors (3072K)
 Metaspace       used 20803K, committed 21504K, reserved 380928K
  class space    used 3024K, committed 3392K, reserved 315392K
}
Event: 20.805 GC heap after
{Heap after GC invocations=3 (full 0):
 garbage-first heap   total 262144K, used 22749K [0x00000000e0000000, 0x0000000100000000)
  region size 1024K, 12 young (12288K), 12 survivors (12288K)
 Metaspace       used 20803K, committed 21504K, reserved 380928K
  class space    used 3024K, committed 3392K, reserved 315392K
}
Event: 49.859 GC heap before
{Heap before GC invocations=4 (full 0):
 garbage-first heap   total 262144K, used 128221K [0x00000000e0000000, 0x0000000100000000)
  region size 1024K, 117 young (119808K), 12 survivors (12288K)
 Metaspace       used 34782K, committed 35968K, reserved 380928K
  class space    used 4936K, committed 5568K, reserved 315392K
}
Event: 50.122 GC heap after
{Heap after GC invocations=5 (full 0):
 garbage-first heap   total 262144K, used 31186K [0x00000000e0000000, 0x0000000100000000)
  region size 1024K, 9 young (9216K), 9 survivors (9216K)
 Metaspace       used 34782K, committed 35968K, reserved 380928K
  class space    used 4936K, committed 5568K, reserved 315392K
}
Event: 51.249 GC heap before
{Heap before GC invocations=5 (full 0):
 garbage-first heap   total 262144K, used 38354K [0x00000000e0000000, 0x0000000100000000)
  region size 1024K, 13 young (13312K), 9 survivors (9216K)
 Metaspace       used 35072K, committed 36288K, reserved 380928K
  class space    used 4943K, committed 5568K, reserved 315392K
}
Event: 51.286 GC heap after
{Heap after GC invocations=6 (full 0):
 garbage-first heap   total 262144K, used 33258K [0x00000000e0000000, 0x0000000100000000)
  region size 1024K, 2 young (2048K), 2 survivors (2048K)
 Metaspace       used 35072K, committed 36288K, reserved 380928K
  class space    used 4943K, committed 5568K, reserved 315392K
}
Event: 51.312 GC heap before
{Heap before GC invocations=6 (full 0):
 garbage-first heap   total 262144K, used 33258K [0x00000000e0000000, 0x0000000100000000)
  region size 1024K, 3 young (3072K), 2 survivors (2048K)
 Metaspace       used 35391K, committed 36608K, reserved 380928K
  class space    used 4943K, committed 5568K, reserved 315392K
}
Event: 51.316 GC heap after
{Heap after GC invocations=7 (full 0):
 garbage-first heap   total 262144K, used 32510K [0x00000000e0000000, 0x0000000100000000)
  region size 1024K, 1 young (1024K), 1 survivors (1024K)
 Metaspace       used 35391K, committed 36608K, reserved 380928K
  class space    used 4943K, committed 5568K, reserved 315392K
}
Event: 149.139 GC heap before
{Heap before GC invocations=8 (full 0):
 garbage-first heap   total 262144K, used 189182K [0x00000000e0000000, 0x0000000100000000)
  region size 1024K, 153 young (156672K), 1 survivors (1024K)
 Metaspace       used 50900K, committed 52800K, reserved 380928K
  class space    used 7307K, committed 8256K, reserved 315392K
}
Event: 149.461 GC heap after
{Heap after GC invocations=9 (full 0):
 garbage-first heap   total 262144K, used 38273K [0x00000000e0000000, 0x0000000100000000)
  region size 1024K, 9 young (9216K), 9 survivors (9216K)
 Metaspace       used 50900K, committed 52800K, reserved 380928K
  class space    used 7307K, committed 8256K, reserved 315392K
}
Event: 151.455 GC heap before
{Heap before GC invocations=9 (full 0):
 garbage-first heap   total 262144K, used 44417K [0x00000000e0000000, 0x0000000100000000)
  region size 1024K, 15 young (15360K), 9 survivors (9216K)
 Metaspace       used 51639K, committed 53504K, reserved 380928K
  class space    used 7386K, committed 8320K, reserved 315392K
}
Event: 151.600 GC heap after
{Heap after GC invocations=10 (full 0):
 garbage-first heap   total 262144K, used 38690K [0x00000000e0000000, 0x0000000100000000)
  region size 1024K, 1 young (1024K), 1 survivors (1024K)
 Metaspace       used 51639K, committed 53504K, reserved 380928K
  class space    used 7386K, committed 8320K, reserved 315392K
}
Event: 180.787 GC heap before
{Heap before GC invocations=10 (full 0):
 garbage-first heap   total 262144K, used 121634K [0x00000000e0000000, 0x0000000100000000)
  region size 1024K, 84 young (86016K), 1 survivors (1024K)
 Metaspace       used 59473K, committed 61376K, reserved 380928K
  class space    used 8530K, committed 9472K, reserved 315392K
}
Event: 181.003 GC heap after
{Heap after GC invocations=11 (full 0):
 garbage-first heap   total 262144K, used 44183K [0x00000000e0000000, 0x0000000100000000)
  region size 1024K, 7 young (7168K), 7 survivors (7168K)
 Metaspace       used 59473K, committed 61376K, reserved 380928K
  class space    used 8530K, committed 9472K, reserved 315392K
}
Event: 183.109 GC heap before
{Heap before GC invocations=12 (full 0):
 garbage-first heap   total 262144K, used 52375K [0x00000000e0000000, 0x0000000100000000)
  region size 1024K, 16 young (16384K), 7 survivors (7168K)
 Metaspace       used 60466K, committed 62400K, reserved 380928K
  class space    used 8629K, committed 9600K, reserved 315392K
}
Event: 183.136 GC heap after
{Heap after GC invocations=13 (full 0):
 garbage-first heap   total 262144K, used 45147K [0x00000000e0000000, 0x0000000100000000)
  region size 1024K, 2 young (2048K), 2 survivors (2048K)
 Metaspace       used 60466K, committed 62400K, reserved 380928K
  class space    used 8629K, committed 9600K, reserved 315392K
}

Dll operation events (15 events):
Event: 0.022 Loaded shared library C:\Users\giwat\.jdks\corretto-20.0.2.1\bin\java.dll
Event: 0.108 Loaded shared library C:\Users\giwat\.jdks\corretto-20.0.2.1\bin\jsvml.dll
Event: 0.313 Loaded shared library C:\Users\giwat\.jdks\corretto-20.0.2.1\bin\zip.dll
Event: 0.320 Loaded shared library C:\Users\giwat\.jdks\corretto-20.0.2.1\bin\instrument.dll
Event: 0.373 Loaded shared library C:\Users\giwat\.jdks\corretto-20.0.2.1\bin\net.dll
Event: 0.422 Loaded shared library C:\Users\giwat\.jdks\corretto-20.0.2.1\bin\nio.dll
Event: 0.447 Loaded shared library C:\Users\giwat\.jdks\corretto-20.0.2.1\bin\zip.dll
Event: 1.952 Loaded shared library C:\Users\giwat\.jdks\corretto-20.0.2.1\bin\jimage.dll
Event: 2.256 Loaded shared library C:\Users\giwat\.jdks\corretto-20.0.2.1\bin\verify.dll
Event: 3.182 Loaded shared library C:\Users\giwat\.gradle\native\c067742578af261105cb4f569cf0c3c89f3d7b1fecec35dd04571415982c5e48\windows-amd64\native-platform.dll
Event: 3.244 Loaded shared library C:\Users\giwat\.gradle\native\38dada09dfb8b06ba9b0570ebf7e218e3eb74d4ef43ca46872605cf95ebc2f47\windows-amd64\native-platform-file-events.dll
Event: 7.476 Loaded shared library C:\Users\giwat\.jdks\corretto-20.0.2.1\bin\management.dll
Event: 7.485 Loaded shared library C:\Users\giwat\.jdks\corretto-20.0.2.1\bin\management_ext.dll
Event: 8.517 Loaded shared library C:\Users\giwat\.jdks\corretto-20.0.2.1\bin\extnet.dll
Event: 9.753 Loaded shared library C:\Users\giwat\.jdks\corretto-20.0.2.1\bin\sunmscapi.dll

Deoptimization events (20 events):
Event: 190.324 Thread 0x000002643a068f60 DEOPT PACKING pc=0x0000026416823b10 sp=0x0000008c19ff8e10
Event: 190.324 Thread 0x000002643a068f60 DEOPT UNPACKING pc=0x000002641620d2a2 sp=0x0000008c19ff8d88 mode 2
Event: 190.502 Thread 0x000002643a068f60 Uncommon trap: trap_request=0xffffff45 fr.pc=0x000002641688b0c8 relative=0x00000000000023e8
Event: 190.502 Thread 0x000002643a068f60 Uncommon trap: reason=unstable_if action=reinterpret pc=0x000002641688b0c8 method=io.spring.gradle.dependencymanagement.org.codehaus.plexus.util.xml.pull.MXParser.isS(C)Z @ 15 c2
Event: 190.502 Thread 0x000002643a068f60 DEOPT PACKING pc=0x000002641688b0c8 sp=0x0000008c19ff8df0
Event: 190.502 Thread 0x000002643a068f60 DEOPT UNPACKING pc=0x000002641620d2a2 sp=0x0000008c19ff8d28 mode 2
Event: 190.510 Thread 0x000002643a068f60 Uncommon trap: trap_request=0xffffff45 fr.pc=0x00000264169abe70 relative=0x0000000000000450
Event: 190.510 Thread 0x000002643a068f60 Uncommon trap: reason=unstable_if action=reinterpret pc=0x00000264169abe70 method=java.lang.StringUTF16.compress([CII)[B @ 13 c2
Event: 190.510 Thread 0x000002643a068f60 DEOPT PACKING pc=0x00000264169abe70 sp=0x0000008c19ff8d80
Event: 190.510 Thread 0x000002643a068f60 DEOPT UNPACKING pc=0x000002641620d2a2 sp=0x0000008c19ff8c48 mode 2
Event: 190.538 Thread 0x000002643a068f60 Uncommon trap: trap_request=0xffffff45 fr.pc=0x00000264168ea5ec relative=0x000000000000074c
Event: 190.539 Thread 0x000002643a068f60 Uncommon trap: reason=unstable_if action=reinterpret pc=0x00000264168ea5ec method=java.lang.String.indexOf(Ljava/lang/String;)I @ 10 c2
Event: 190.539 Thread 0x000002643a068f60 DEOPT PACKING pc=0x00000264168ea5ec sp=0x0000008c19ff8f90
Event: 190.539 Thread 0x000002643a068f60 DEOPT UNPACKING pc=0x000002641620d2a2 sp=0x0000008c19ff8d20 mode 2
Event: 190.620 Thread 0x000002643a068f60 DEOPT PACKING pc=0x000002640f718241 sp=0x0000008c19ff8b40
Event: 190.620 Thread 0x000002643a068f60 DEOPT UNPACKING pc=0x000002641625e462 sp=0x0000008c19ff8050 mode 0
Event: 190.627 Thread 0x000002643a068f60 Uncommon trap: trap_request=0xffffff45 fr.pc=0x00000264168e5e78 relative=0x0000000000000c58
Event: 190.627 Thread 0x000002643a068f60 Uncommon trap: reason=unstable_if action=reinterpret pc=0x00000264168e5e78 method=io.spring.gradle.dependencymanagement.org.codehaus.plexus.util.xml.pull.MXParser.nextImpl()I @ 495 c2
Event: 190.627 Thread 0x000002643a068f60 DEOPT PACKING pc=0x00000264168e5e78 sp=0x0000008c19ff8b70
Event: 190.627 Thread 0x000002643a068f60 DEOPT UNPACKING pc=0x000002641620d2a2 sp=0x0000008c19ff8ae8 mode 2

Classes loaded (20 events):
Event: 173.500 Loading class org/xml/sax/Locator
Event: 173.505 Loading class org/xml/sax/Locator done
Event: 173.505 Loading class org/xml/sax/SAXParseException
Event: 173.506 Loading class org/xml/sax/SAXParseException done
Event: 173.547 Loading class org/xml/sax/Attributes
Event: 173.548 Loading class org/xml/sax/Attributes done
Event: 173.943 Loading class java/io/FilterReader
Event: 173.947 Loading class java/io/FilterReader done
Event: 175.426 Loading class java/util/TreeMap$KeySpliterator
Event: 175.429 Loading class java/util/TreeMap$TreeMapSpliterator
Event: 175.430 Loading class java/util/TreeMap$TreeMapSpliterator done
Event: 175.430 Loading class java/util/TreeMap$KeySpliterator done
Event: 175.489 Loading class java/io/SerialCallbackContext
Event: 175.490 Loading class java/io/SerialCallbackContext done
Event: 176.412 Loading class java/util/concurrent/ConcurrentSkipListMap$KeySet
Event: 176.414 Loading class java/util/concurrent/ConcurrentSkipListMap$KeySet done
Event: 176.415 Loading class java/util/concurrent/ConcurrentSkipListMap$KeyIterator
Event: 176.417 Loading class java/util/concurrent/ConcurrentSkipListMap$KeyIterator done
Event: 182.707 Loading class java/text/MessageFormat
Event: 182.787 Loading class java/text/MessageFormat done

Classes unloaded (0 events):
No events

Classes redefined (0 events):
No events

Internal exceptions (20 events):
Event: 173.803 Thread 0x000002643b54b620 Exception <a 'java/lang/ClassNotFoundException'{0x00000000ebadfff0}: org/gradle/api/plugins/internal/NaggingJavaPluginConventionCustomizer> (0x00000000ebadfff0) 
thrown [s\src\hotspot\share\classfile\systemDictionary.cpp, line 305]
Event: 173.919 Thread 0x000002643b54b620 Exception <a 'java/lang/ClassNotFoundException'{0x00000000eb82d790}: org/gradle/language/jvm/tasks/ProcessResources_DecoratedBeanInfo> (0x00000000eb82d790) 
thrown [s\src\hotspot\share\classfile\systemDictionary.cpp, line 305]
Event: 173.921 Thread 0x000002643b54b620 Exception <a 'java/lang/ClassNotFoundException'{0x00000000eb8387a8}: org/gradle/language/jvm/tasks/ProcessResourcesBeanInfo> (0x00000000eb8387a8) 
thrown [s\src\hotspot\share\classfile\systemDictionary.cpp, line 305]
Event: 173.925 Thread 0x000002643b54b620 Exception <a 'java/lang/ClassNotFoundException'{0x00000000eb841700}: org/gradle/api/tasks/CopyBeanInfo> (0x00000000eb841700) 
thrown [s\src\hotspot\share\classfile\systemDictionary.cpp, line 305]
Event: 173.927 Thread 0x000002643b54b620 Exception <a 'java/lang/ClassNotFoundException'{0x00000000eb84a730}: org/gradle/api/tasks/AbstractCopyTaskBeanInfo> (0x00000000eb84a730) 
thrown [s\src\hotspot\share\classfile\systemDictionary.cpp, line 305]
Event: 173.932 Thread 0x000002643b54b620 Exception <a 'java/lang/ClassNotFoundException'{0x00000000eb853798}: org/gradle/api/tasks/AbstractCopyTaskCustomizer> (0x00000000eb853798) 
thrown [s\src\hotspot\share\classfile\systemDictionary.cpp, line 305]
Event: 173.969 Thread 0x000002643b54b620 Exception <a 'java/lang/ClassNotFoundException'{0x00000000eb8ce298}: org/gradle/api/tasks/CopyCustomizer> (0x00000000eb8ce298) 
thrown [s\src\hotspot\share\classfile\systemDictionary.cpp, line 305]
Event: 173.975 Thread 0x000002643b54b620 Exception <a 'java/lang/ClassNotFoundException'{0x00000000eb8f01d0}: org/gradle/language/jvm/tasks/ProcessResourcesCustomizer> (0x00000000eb8f01d0) 
thrown [s\src\hotspot\share\classfile\systemDictionary.cpp, line 305]
Event: 173.993 Thread 0x000002643b54b620 Exception <a 'java/lang/ClassNotFoundException'{0x00000000eb70f3a8}: org/gradle/language/jvm/tasks/ProcessResources_DecoratedCustomizer> (0x00000000eb70f3a8) 
thrown [s\src\hotspot\share\classfile\systemDictionary.cpp, line 305]
Event: 174.031 Thread 0x000002643b54b620 Exception <a 'java/lang/ClassNotFoundException'{0x00000000eb7a1370}: org/gradle/api/DefaultTask_DecoratedBeanInfo> (0x00000000eb7a1370) 
thrown [s\src\hotspot\share\classfile\systemDictionary.cpp, line 305]
Event: 174.031 Thread 0x000002643b54b620 Exception <a 'java/lang/ClassNotFoundException'{0x00000000eb7aa5d8}: org/gradle/api/DefaultTask_DecoratedCustomizer> (0x00000000eb7aa5d8) 
thrown [s\src\hotspot\share\classfile\systemDictionary.cpp, line 305]
Event: 174.540 Thread 0x000002643a068f60 Exception <a 'java/lang/NoSuchMethodError'{0x00000000eb4c15e0}: 'java.lang.Object java.lang.invoke.DirectMethodHandle$Holder.newInvokeSpecial(java.lang.Object, java.lang.Object, java.lang.Object, java.lang.Object, int, java.lang.Object)'> (0x00000000eb4c15e0) 
thrown [s\src\hotspot\share\interpreter\linkResolver.cpp, line 773]
Event: 174.542 Thread 0x000002643a068f60 Exception <a 'java/lang/NoSuchMethodError'{0x00000000eb4c55f0}: 'java.lang.Object java.lang.invoke.Invokers$Holder.linkToTargetMethod(java.lang.Object, java.lang.Object, java.lang.Object, int, java.lang.Object, java.lang.Object)'> (0x00000000eb4c55f0) 
thrown [s\src\hotspot\share\interpreter\linkResolver.cpp, line 773]
Event: 175.248 Thread 0x000002643a068f60 Exception <a 'java/lang/NoSuchMethodError'{0x00000000eb2bcde0}: 'java.lang.Object java.lang.invoke.DirectMethodHandle$Holder.invokeVirtual(java.lang.Object, java.lang.Object, java.lang.Object, java.lang.Object, java.lang.Object, java.lang.Object, java.lang.Object, java.lang.Object, java.lang.Object, java.lang.Object, java.lang.Object, java.lang.Object, java.lang.Object, java.lang.Object, java.lang.Object, java.lang.Object, java.lang.Object, java.lang.Object, java.lang.Object, java.lang.Object, java.lang.Ob
Event: 175.250 Thread 0x000002643a068f60 Exception <a 'java/lang/NoSuchMethodError'{0x00000000eb2c2328}: 'java.lang.Object java.lang.invoke.DelegatingMethodHandle$Holder.reinvoke_L(java.lang.Object, java.lang.Object, java.lang.Object, java.lang.Object, java.lang.Object, java.lang.Object, java.lang.Object, java.lang.Object, java.lang.Object, java.lang.Object, java.lang.Object, java.lang.Object, java.lang.Object, java.lang.Object, java.lang.Object, java.lang.Object, java.lang.Object, java.lang.Object, java.lang.Object, java.lang.Object, java.lang.O
Event: 175.465 Thread 0x000002643b54cb60 Exception <a 'java/lang/NoSuchMethodError'{0x00000000eb1d23c0}: static Lorg/gradle/internal/build/event/types/DefaultTaskStartedProgressEvent;.<clinit>()V> (0x00000000eb1d23c0) 
thrown [s\src\hotspot\share\prims\jni.cpp, line 1105]
Event: 175.476 Thread 0x000002643b54cb60 Exception <a 'java/lang/NoSuchMethodError'{0x00000000eb1dc358}: static Lorg/gradle/internal/build/event/types/DefaultTaskDescriptor;.<clinit>()V> (0x00000000eb1dc358) 
thrown [s\src\hotspot\share\prims\jni.cpp, line 1105]
Event: 175.498 Thread 0x000002643b54cb60 Exception <a 'java/lang/NoSuchMethodError'{0x00000000eb01c540}: static Lorg/gradle/internal/build/event/types/DefaultBinaryPluginIdentifier;.<clinit>()V> (0x00000000eb01c540) 
thrown [s\src\hotspot\share\prims\jni.cpp, line 1105]
Event: 176.424 Thread 0x000002643a068f60 Exception <a 'java/lang/NoSuchMethodError'{0x00000000eaff43b0}: static Ljava/lang/Object;.<clinit>()V> (0x00000000eaff43b0) 
thrown [s\src\hotspot\share\prims\jni.cpp, line 1105]
Event: 183.459 Thread 0x000002643a068f60 Exception <a 'java/lang/NoSuchMethodError'{0x00000000efb0b368}: 'void java.lang.invoke.Invokers$Holder.invokeExact_MT(java.lang.Object, java.lang.Object, java.lang.Object, java.lang.Object)'> (0x00000000efb0b368) 
thrown [s\src\hotspot\share\interpreter\linkResolver.cpp, line 773]

VM Operations (20 events):
Event: 180.482 Executing VM operation: HandshakeAllThreads
Event: 180.483 Executing VM operation: HandshakeAllThreads done
Event: 180.785 Executing VM operation: CollectForMetadataAllocation
Event: 181.004 Executing VM operation: CollectForMetadataAllocation done
Event: 181.260 Executing VM operation: G1PauseRemark
Event: 181.584 Executing VM operation: G1PauseRemark done
Event: 181.614 Executing VM operation: G1PauseCleanup
Event: 181.627 Executing VM operation: G1PauseCleanup done
Event: 182.637 Executing VM operation: Cleanup
Event: 182.653 Executing VM operation: Cleanup done
Event: 183.109 Executing VM operation: G1CollectForAllocation
Event: 183.136 Executing VM operation: G1CollectForAllocation done
Event: 184.150 Executing VM operation: Cleanup
Event: 184.150 Executing VM operation: Cleanup done
Event: 185.153 Executing VM operation: Cleanup
Event: 185.153 Executing VM operation: Cleanup done
Event: 190.193 Executing VM operation: Cleanup
Event: 190.193 Executing VM operation: Cleanup done
Event: 190.306 Executing VM operation: HandshakeAllThreads
Event: 190.306 Executing VM operation: HandshakeAllThreads done

Events (20 events):
Event: 181.553 Thread 0x000002642153ba30 flushing nmethod 0x00000264167f3d10
Event: 181.553 Thread 0x000002642153ba30 flushing nmethod 0x00000264168ff590
Event: 181.553 Thread 0x000002642153ba30 flushing nmethod 0x00000264168f4e90
Event: 181.553 Thread 0x000002642153ba30 flushing nmethod 0x0000026416891110
Event: 181.553 Thread 0x000002642153ba30 flushing nmethod 0x0000026416877390
Event: 181.553 Thread 0x000002642153ba30 flushing nmethod 0x00000264168b2990
Event: 181.553 Thread 0x000002642153ba30 flushing nmethod 0x000002641680be90
Event: 181.553 Thread 0x000002642153ba30 flushing nmethod 0x0000026416790010
Event: 184.332 Thread 0x000002643dbeea40 Thread added: 0x000002643dbeea40
Event: 190.180 Thread 0x000002643dbeda50 Thread added: 0x000002643dbeda50
Event: 190.206 Thread 0x000002643dbf1a10 Thread added: 0x000002643dbf1a10
Event: 190.220 Thread 0x000002643dbec510 Thread added: 0x000002643dbec510
Event: 190.236 Thread 0x000002643dbeca60 Thread added: 0x000002643dbeca60
Event: 190.276 Thread 0x000002643dbedfa0 Thread added: 0x000002643dbedfa0
Event: 190.318 Thread 0x000002643dbeff80 Thread added: 0x000002643dbeff80
Event: 190.338 Thread 0x000002643dbef4e0 Thread added: 0x000002643dbef4e0
Event: 190.493 Thread 0x000002643dbf14c0 Thread added: 0x000002643dbf14c0
Event: 190.559 Thread 0x000002643dbe9fe0 Thread added: 0x000002643dbe9fe0
Event: 190.610 Thread 0x000002643dbed500 Thread added: 0x000002643dbed500
Event: 190.647 Thread 0x000002643dbee4f0 Thread added: 0x000002643dbee4f0


Dynamic libraries:
0x00007ff647f30000 - 0x00007ff647f3e000 	C:\Users\giwat\.jdks\corretto-20.0.2.1\bin\java.exe
0x00007ff894fb0000 - 0x00007ff8951c7000 	C:\WINDOWS\SYSTEM32\ntdll.dll
0x00007ff8949e0000 - 0x00007ff894aa4000 	C:\WINDOWS\System32\KERNEL32.DLL
0x00007ff8927f0000 - 0x00007ff892b95000 	C:\WINDOWS\System32\KERNELBASE.dll
0x00007ff892320000 - 0x00007ff892431000 	C:\WINDOWS\System32\ucrtbase.dll
0x00007ff854b30000 - 0x00007ff854b47000 	C:\Users\giwat\.jdks\corretto-20.0.2.1\bin\jli.dll
0x00007ff892d00000 - 0x00007ff892eae000 	C:\WINDOWS\System32\USER32.dll
0x00007ff892740000 - 0x00007ff892766000 	C:\WINDOWS\System32\win32u.dll
0x00007ff8930d0000 - 0x00007ff8930f9000 	C:\WINDOWS\System32\GDI32.dll
0x00007ff892620000 - 0x00007ff892739000 	C:\WINDOWS\System32\gdi32full.dll
0x00007ff892ba0000 - 0x00007ff892c3a000 	C:\WINDOWS\System32\msvcp_win.dll
0x00007ff854b10000 - 0x00007ff854b2b000 	C:\Users\giwat\.jdks\corretto-20.0.2.1\bin\VCRUNTIME140.dll
0x00007ff86d030000 - 0x00007ff86d2c3000 	C:\WINDOWS\WinSxS\amd64_microsoft.windows.common-controls_6595b64144ccf1df_6.0.22621.2506_none_270c5ae97388e100\COMCTL32.dll
0x00007ff8944b0000 - 0x00007ff894557000 	C:\WINDOWS\System32\msvcrt.dll
0x00007ff894ab0000 - 0x00007ff894ae1000 	C:\WINDOWS\System32\IMM32.DLL
0x00007ff888c50000 - 0x00007ff888c5c000 	C:\Users\giwat\.jdks\corretto-20.0.2.1\bin\vcruntime140_1.dll
0x00007ff83b4b0000 - 0x00007ff83b53e000 	C:\Users\giwat\.jdks\corretto-20.0.2.1\bin\msvcp140.dll
0x00007ff81c5e0000 - 0x00007ff81d2e4000 	C:\Users\giwat\.jdks\corretto-20.0.2.1\bin\server\jvm.dll
0x00007ff892f90000 - 0x00007ff893041000 	C:\WINDOWS\System32\ADVAPI32.dll
0x00007ff893d20000 - 0x00007ff893dc6000 	C:\WINDOWS\System32\sechost.dll
0x00007ff894e50000 - 0x00007ff894f67000 	C:\WINDOWS\System32\RPCRT4.dll
0x00007ff86f7b0000 - 0x00007ff86f7b9000 	C:\WINDOWS\SYSTEM32\WSOCK32.dll
0x00007ff894040000 - 0x00007ff8940b1000 	C:\WINDOWS\System32\WS2_32.dll
0x00007ff888dd0000 - 0x00007ff888dda000 	C:\WINDOWS\SYSTEM32\VERSION.dll
0x00007ff8871f0000 - 0x00007ff887224000 	C:\WINDOWS\SYSTEM32\WINMM.dll
0x00007ff891280000 - 0x00007ff891298000 	C:\WINDOWS\SYSTEM32\kernel.appcore.dll
0x00007ff85b020000 - 0x00007ff85b02a000 	C:\Users\giwat\.jdks\corretto-20.0.2.1\bin\jimage.dll
0x00007ff88f6a0000 - 0x00007ff88f8d3000 	C:\WINDOWS\SYSTEM32\DBGHELP.DLL
0x00007ff8940c0000 - 0x00007ff894449000 	C:\WINDOWS\System32\combase.dll
0x00007ff892eb0000 - 0x00007ff892f87000 	C:\WINDOWS\System32\OLEAUT32.dll
0x00007ff870d80000 - 0x00007ff870db2000 	C:\WINDOWS\SYSTEM32\dbgcore.DLL
0x00007ff892770000 - 0x00007ff8927ea000 	C:\WINDOWS\System32\bcryptPrimitives.dll
0x00007ff851180000 - 0x00007ff85118e000 	C:\Users\giwat\.jdks\corretto-20.0.2.1\bin\instrument.dll
0x00007ff8510b0000 - 0x00007ff8510d6000 	C:\Users\giwat\.jdks\corretto-20.0.2.1\bin\java.dll
0x00007ff83b0c0000 - 0x00007ff83b197000 	C:\Users\giwat\.jdks\corretto-20.0.2.1\bin\jsvml.dll
0x00007ff8934a0000 - 0x00007ff893cf9000 	C:\WINDOWS\System32\SHELL32.dll
0x00007ff8901f0000 - 0x00007ff890ae4000 	C:\WINDOWS\SYSTEM32\windows.storage.dll
0x00007ff8900b0000 - 0x00007ff8901ee000 	C:\WINDOWS\SYSTEM32\wintypes.dll
0x00007ff893dd0000 - 0x00007ff893ec3000 	C:\WINDOWS\System32\SHCORE.dll
0x00007ff893fe0000 - 0x00007ff89403e000 	C:\WINDOWS\System32\shlwapi.dll
0x00007ff892250000 - 0x00007ff892276000 	C:\WINDOWS\SYSTEM32\profapi.dll
0x00007ff851160000 - 0x00007ff851178000 	C:\Users\giwat\.jdks\corretto-20.0.2.1\bin\zip.dll
0x00007ff850fd0000 - 0x00007ff850fe3000 	C:\Users\giwat\.jdks\corretto-20.0.2.1\bin\net.dll
0x00007ff8897d0000 - 0x00007ff889907000 	C:\WINDOWS\SYSTEM32\WINHTTP.dll
0x00007ff891750000 - 0x00007ff8917b9000 	C:\WINDOWS\system32\mswsock.dll
0x00007ff84f430000 - 0x00007ff84f446000 	C:\Users\giwat\.jdks\corretto-20.0.2.1\bin\nio.dll
0x00007ff8510a0000 - 0x00007ff8510b0000 	C:\Users\giwat\.jdks\corretto-20.0.2.1\bin\verify.dll
0x00007ff83f320000 - 0x00007ff83f347000 	C:\Users\giwat\.gradle\native\c067742578af261105cb4f569cf0c3c89f3d7b1fecec35dd04571415982c5e48\windows-amd64\native-platform.dll
0x00007ff8247c0000 - 0x00007ff824904000 	C:\Users\giwat\.gradle\native\38dada09dfb8b06ba9b0570ebf7e218e3eb74d4ef43ca46872605cf95ebc2f47\windows-amd64\native-platform-file-events.dll
0x00007ff851060000 - 0x00007ff85106a000 	C:\Users\giwat\.jdks\corretto-20.0.2.1\bin\management.dll
0x00007ff850fc0000 - 0x00007ff850fcb000 	C:\Users\giwat\.jdks\corretto-20.0.2.1\bin\management_ext.dll
0x00007ff893460000 - 0x00007ff893468000 	C:\WINDOWS\System32\PSAPI.DLL
0x00007ff891a40000 - 0x00007ff891a5b000 	C:\WINDOWS\SYSTEM32\CRYPTSP.dll
0x00007ff891240000 - 0x00007ff891275000 	C:\WINDOWS\system32\rsaenh.dll
0x00007ff8917f0000 - 0x00007ff89181c000 	C:\WINDOWS\SYSTEM32\USERENV.dll
0x00007ff891bc0000 - 0x00007ff891be8000 	C:\WINDOWS\SYSTEM32\bcrypt.dll
0x00007ff891950000 - 0x00007ff89195c000 	C:\WINDOWS\SYSTEM32\CRYPTBASE.dll
0x00007ff890d50000 - 0x00007ff890d7d000 	C:\WINDOWS\SYSTEM32\IPHLPAPI.DLL
0x00007ff893490000 - 0x00007ff893499000 	C:\WINDOWS\System32\NSI.dll
0x00007ff886c30000 - 0x00007ff886c49000 	C:\WINDOWS\SYSTEM32\dhcpcsvc6.DLL
0x00007ff886780000 - 0x00007ff88679f000 	C:\WINDOWS\SYSTEM32\dhcpcsvc.DLL
0x00007ff890dc0000 - 0x00007ff890eb9000 	C:\WINDOWS\SYSTEM32\DNSAPI.dll
0x00007ff84f420000 - 0x00007ff84f427000 	C:\Users\giwat\.jdks\corretto-20.0.2.1\bin\extnet.dll
0x00007ff84f410000 - 0x00007ff84f41e000 	C:\Users\giwat\.jdks\corretto-20.0.2.1\bin\sunmscapi.dll
0x00007ff8924b0000 - 0x00007ff892616000 	C:\WINDOWS\System32\CRYPT32.dll
0x00007ff891b90000 - 0x00007ff891bbd000 	C:\WINDOWS\SYSTEM32\ncrypt.dll
0x00007ff891b50000 - 0x00007ff891b87000 	C:\WINDOWS\SYSTEM32\NTASN1.dll
0x00007ff855f70000 - 0x00007ff855f78000 	C:\WINDOWS\system32\wshunix.dll

dbghelp: loaded successfully - version: 4.0.5 - missing functions: none
symbol engine: initialized successfully - sym options: 0x614 - pdb path: .;C:\Users\giwat\.jdks\corretto-20.0.2.1\bin;C:\WINDOWS\SYSTEM32;C:\WINDOWS\WinSxS\amd64_microsoft.windows.common-controls_6595b64144ccf1df_6.0.22621.2506_none_270c5ae97388e100;C:\Users\giwat\.jdks\corretto-20.0.2.1\bin\server;C:\Users\giwat\.gradle\native\c067742578af261105cb4f569cf0c3c89f3d7b1fecec35dd04571415982c5e48\windows-amd64;C:\Users\giwat\.gradle\native\38dada09dfb8b06ba9b0570ebf7e218e3eb74d4ef43ca46872605cf95ebc2f47\windows-amd64

VM Arguments:
jvm_args: --add-opens=java.base/java.util=ALL-UNNAMED --add-opens=java.base/java.lang=ALL-UNNAMED --add-opens=java.base/java.lang.invoke=ALL-UNNAMED --add-opens=java.prefs/java.util.prefs=ALL-UNNAMED --add-opens=java.base/java.nio.charset=ALL-UNNAMED --add-opens=java.base/java.net=ALL-UNNAMED --add-opens=java.base/java.util.concurrent.atomic=ALL-UNNAMED -XX:MaxMetaspaceSize=384m -XX:+HeapDumpOnOutOfMemoryError -Xms256m -Xmx512m -Dfile.encoding=windows-1252 -Duser.country=CA -Duser.language=en -Duser.variant -javaagent:C:\Users\giwat\.gradle\wrapper\dists\gradle-8.4-bin\1w5dpkrfk8irigvoxmyhowfim\gradle-8.4\lib\agents\gradle-instrumentation-agent-8.4.jar 
java_command: org.gradle.launcher.daemon.bootstrap.GradleDaemon 8.4
java_class_path (initial): C:\Users\giwat\.gradle\wrapper\dists\gradle-8.4-bin\1w5dpkrfk8irigvoxmyhowfim\gradle-8.4\lib\gradle-launcher-8.4.jar
Launcher Type: SUN_STANDARD

[Global flags]
     intx CICompilerCount                          = 4                                         {product} {ergonomic}
   size_t CompressedClassSpaceSize                 = 322961408                                 {product} {ergonomic}
     uint ConcGCThreads                            = 2                                         {product} {ergonomic}
     uint G1ConcRefinementThreads                  = 8                                         {product} {ergonomic}
   size_t G1HeapRegionSize                         = 1048576                                   {product} {ergonomic}
    uintx GCDrainStackTargetSize                   = 64                                        {product} {ergonomic}
     bool HeapDumpOnOutOfMemoryError               = true                                   {manageable} {command line}
   size_t InitialHeapSize                          = 268435456                                 {product} {command line}
   size_t MarkStackSize                            = 4194304                                   {product} {ergonomic}
   size_t MaxHeapSize                              = 536870912                                 {product} {command line}
   size_t MaxMetaspaceSize                         = 402653184                                 {product} {command line}
   size_t MaxNewSize                               = 321912832                                 {product} {ergonomic}
   size_t MinHeapDeltaBytes                        = 1048576                                   {product} {ergonomic}
   size_t MinHeapSize                              = 268435456                                 {product} {command line}
    uintx NonNMethodCodeHeapSize                   = 5839372                                {pd product} {ergonomic}
    uintx NonProfiledCodeHeapSize                  = 122909434                              {pd product} {ergonomic}
    uintx ProfiledCodeHeapSize                     = 122909434                              {pd product} {ergonomic}
    uintx ReservedCodeCacheSize                    = 251658240                              {pd product} {ergonomic}
     bool SegmentedCodeCache                       = true                                      {product} {ergonomic}
   size_t SoftMaxHeapSize                          = 536870912                              {manageable} {ergonomic}
     bool UseCompressedClassPointers               = true                           {product lp64_product} {ergonomic}
     bool UseCompressedOops                        = true                           {product lp64_product} {ergonomic}
     bool UseG1GC                                  = true                                      {product} {ergonomic}
     bool UseLargePagesIndividualAllocation        = false                                  {pd product} {ergonomic}

Logging:
Log output configuration:
 #0: stdout all=warning uptime,level,tags foldmultilines=false
 #1: stderr all=off uptime,level,tags foldmultilines=false

Environment Variables:
PATH=C:\Program Files\Common Files\Oracle\Java\javapath;C:\Program Files (x86)\Common Files\Oracle\Java\javapath;C:\windows\system32;C:\windows;C:\windows\System32\Wbem;C:\windows\System32\WindowsPowerShell\v1.0\;C:\windows\System32\OpenSSH\;C:\Program Files\Microsoft SQL Server\130\Tools\Binn\;C:\Program Files\Git\cmd;C:\xampp\php;C:\ProgramData\ComposerSetup\bin;C:\WINDOWS\system32;C:\WINDOWS;C:\WINDOWS\System32\Wbem;C:\WINDOWS\System32\WindowsPowerShell\v1.0\;C:\WINDOWS\System32\OpenSSH\;C:\Program Files\dotnet\;C:\Program Files\Microsoft SQL Server\150\Tools\Binn\;C:\Program Files\nodejs\;C:\Users\giwat\Gradle\gradle-8.3\bin;;C:\Program Files\Docker\Docker\resources\bin;C:\Users\giwat\AppData\Local\Programs\Python\Python311\Scripts\;C:\Users\giwat\AppData\Local\Programs\Python\Python311\;C:\Program Files\MySQL\MySQL Shell 8.0\bin\;C:\Users\giwat\AppData\Local\Microsoft\WindowsApps;C:\Users\giwat\AppData\Local\Programs\Microsoft VS Code\bin;C:\Users\giwat\.dotnet\tools;C:\Users\giwat\AppData\Local\atom\bin;C:\Users\giwat\AppData\Roaming\Composer\vendor\bin;C:\Program Files (x86)\Brackets\;C:\Users\giwat\AppData\Local\Microsoft\WindowsApps;C:\Program Files\JetBrains\PyCharm 2022.3.1\bin;;C:\Users\giwat\.dotnet\tools;C:\Program Files\heroku\bin;C:\Users\giwat\AppData\Roaming\npm;C:\Program Files\JetBrains\DataGrip 2023.2.2\bin;
USERNAME=giwat
OS=Windows_NT
PROCESSOR_IDENTIFIER=Intel64 Family 6 Model 140 Stepping 2, GenuineIntel
TMP=C:\Users\giwat\AppData\Local\Temp
TEMP=C:\Users\giwat\AppData\Local\Temp




---------------  S Y S T E M  ---------------

OS:
 Windows 11 , 64 bit Build 22621 (10.0.22621.2506)
OS uptime: 0 days 2:46 hours
Hyper-V role detected

CPU: total 8 (initial active 8) (4 cores per cpu, 2 threads per core) family 6 model 140 stepping 2 microcode 0x2c, cx8, cmov, fxsr, ht, mmx, 3dnowpref, sse, sse2, sse3, ssse3, sse4.1, sse4.2, popcnt, lzcnt, tsc, tscinvbit, avx, avx2, aes, erms, clmul, bmi1, bmi2, adx, avx512f, avx512dq, avx512cd, avx512bw, avx512vl, sha, fma, vzeroupper, avx512_vpopcntdq, avx512_vpclmulqdq, avx512_vaes, avx512_vnni, clflush, clflushopt, clwb, avx512_vbmi2, avx512_vbmi, hv, rdtscp, rdpid, fsrm, gfni, avx512_bitalg, f16c, cet_ibt, cet_ss, avx512_ifma

Memory: 4k page, system-wide physical 7941M (247M free)
TotalPageFile size 32517M (AvailPageFile size 0M)
current process WorkingSet (physical memory assigned to process): 124M, peak: 185M
current process commit charge ("private bytes"): 478M, peak: 485M

vm_info: OpenJDK 64-Bit Server VM (20.0.2.1+10-FR) for windows-amd64 JRE (20.0.2.1+10-FR), built on 2023-08-19T09:18:31Z by "Administrator" with unknown MS VC++:1937

END.
