#
# There is insufficient memory for the Java Runtime Environment to continue.
# Native memory allocation (malloc) failed to allocate 1725872 bytes for Chunk::new
# Possible reasons:
#   The system is out of physical RAM or swap space
#   The process is running with CompressedOops enabled, and the Java Heap may be blocking the growth of the native heap
# Possible solutions:
#   Reduce memory load on the system
#   Increase physical memory or swap space
#   Check if swap backing store is full
#   Decrease Java heap size (-Xmx/-Xms)
#   Decrease number of Java threads
#   Decrease Java thread stack sizes (-Xss)
#   Set larger code cache with -XX:ReservedCodeCacheSize=
#   JVM is running with Unscaled Compressed Oops mode in which the Java heap is
#     placed in the first 4GB address space. The Java Heap base address is the
#     maximum limit for the native heap growth. Please use -XX:HeapBaseMinAddress
#     to set the Java Heap base and to place the Java Heap above 4GB virtual address.
# This output file may be truncated or incomplete.
#
#  Out of Memory Error (arena.cpp:184), pid=23728, tid=38816
#
# JRE version: OpenJDK Runtime Environment Corretto-20.0.2.10.1 (20.0.2.1+10) (build 20.0.2.1+10-FR)
# Java VM: OpenJDK 64-Bit Server VM Corretto-20.0.2.10.1 (20.0.2.1+10-FR, mixed mode, sharing, tiered, compressed oops, compressed class ptrs, g1 gc, windows-amd64)
# No core dump will be written. Minidumps are not enabled by default on client versions of Windows
#

---------------  S U M M A R Y ------------

Command Line: --add-opens=java.base/java.util=ALL-UNNAMED --add-opens=java.base/java.lang=ALL-UNNAMED --add-opens=java.base/java.lang.invoke=ALL-UNNAMED --add-opens=java.prefs/java.util.prefs=ALL-UNNAMED --add-opens=java.base/java.nio.charset=ALL-UNNAMED --add-opens=java.base/java.net=ALL-UNNAMED --add-opens=java.base/java.util.concurrent.atomic=ALL-UNNAMED -XX:MaxMetaspaceSize=384m -XX:+HeapDumpOnOutOfMemoryError -Xms256m -Xmx512m -Dfile.encoding=windows-1252 -Duser.country=CA -Duser.language=en -Duser.variant -javaagent:C:\Users\giwat\.gradle\wrapper\dists\gradle-8.4-bin\1w5dpkrfk8irigvoxmyhowfim\gradle-8.4\lib\agents\gradle-instrumentation-agent-8.4.jar org.gradle.launcher.daemon.bootstrap.GradleDaemon 8.4

Host: 11th Gen Intel(R) Core(TM) i5-1155G7 @ 2.50GHz, 8 cores, 7G,  Windows 11 , 64 bit Build 22621 (10.0.22621.2506)
Time: Sat Nov 18 18:32:52 2023 Eastern Standard Time elapsed time: 40.605013 seconds (0d 0h 0m 40s)

---------------  T H R E A D  ---------------

Current thread (0x000001e127b79050):  JavaThread "C2 CompilerThread0" daemon [_thread_in_native, id=38816, stack(0x0000004668f00000,0x0000004669000000)]


Current CompileTask:
C2:  40605 6877       4       org.gradle.internal.reflect.ClassInspector::inspectClass (179 bytes)

Stack: [0x0000004668f00000,0x0000004669000000]
Native frames: (J=compiled Java code, j=interpreted, Vv=VM code, C=native code)
V  [jvm.dll+0x6ba11a]
V  [jvm.dll+0x8968da]
V  [jvm.dll+0x898665]
V  [jvm.dll+0x898d53]
V  [jvm.dll+0x27f9ff]
V  [jvm.dll+0xc3771]
V  [jvm.dll+0xc3a95]
V  [jvm.dll+0x3b8f3c]
V  [jvm.dll+0x383445]
V  [jvm.dll+0x3828aa]
V  [jvm.dll+0x249089]
V  [jvm.dll+0x24847f]
V  [jvm.dll+0x1cbc81]
V  [jvm.dll+0x257f49]
V  [jvm.dll+0x256610]
V  [jvm.dll+0x3f0155]
V  [jvm.dll+0x843859]
V  [jvm.dll+0x6b8d9b]
C  [ucrtbase.dll+0x29363]
C  [KERNEL32.DLL+0x1257d]
C  [ntdll.dll+0x5aa58]


---------------  P R O C E S S  ---------------

Threads class SMR info:
_java_thread_list=0x000001e140cddea0, length=62, elements={
0x000001e10b04e990, 0x000001e127b698e0, 0x000001e127b6a880, 0x000001e127b72f20,
0x000001e127b75d20, 0x000001e127b778c0, 0x000001e127b782f0, 0x000001e127b79050,
0x000001e127b7c970, 0x000001e140205a50, 0x000001e1403bf950, 0x000001e141929430,
0x000001e14192b960, 0x000001e14192a970, 0x000001e14192beb0, 0x000001e14192aec0,
0x000001e141928990, 0x000001e141929980, 0x000001e141929ed0, 0x000001e14192b410,
0x000001e141928ee0, 0x000001e14192a420, 0x000001e141265fb0, 0x000001e141264fc0,
0x000001e141265510, 0x000001e141266fa0, 0x000001e14126c9f0, 0x000001e141267a40,
0x000001e1412674f0, 0x000001e141268a30, 0x000001e141267f90, 0x000001e141265a60,
0x000001e141266500, 0x000001e14126af60, 0x000001e1412684e0, 0x000001e141269a20,
0x000001e14126b4b0, 0x000001e14126bf50, 0x000001e14126a4c0, 0x000001e14126ba00,
0x000001e141150e00, 0x000001e1411508b0, 0x000001e14114e380, 0x000001e14114fe10,
0x000001e1411518a0, 0x000001e14114a3c0, 0x000001e14114c8f0, 0x000001e14114d390,
0x000001e14114ce40, 0x000001e14114de30, 0x000001e14114b3b0, 0x000001e14114f370,
0x000001e141151350, 0x000001e14114ae60, 0x000001e14114b900, 0x000001e14114c3a0,
0x000001e1438e3360, 0x000001e1438dde60, 0x000001e1438de900, 0x000001e1438e38b0,
0x000001e1438e3e00, 0x000001e1438e28c0
}

Java Threads: ( => current thread )
  0x000001e10b04e990 JavaThread "main" [_thread_blocked, id=37148, stack(0x0000004668200000,0x0000004668300000)]
  0x000001e127b698e0 JavaThread "Reference Handler" daemon [_thread_blocked, id=37592, stack(0x0000004668900000,0x0000004668a00000)]
  0x000001e127b6a880 JavaThread "Finalizer" daemon [_thread_blocked, id=15028, stack(0x0000004668a00000,0x0000004668b00000)]
  0x000001e127b72f20 JavaThread "Signal Dispatcher" daemon [_thread_blocked, id=37272, stack(0x0000004668b00000,0x0000004668c00000)]
  0x000001e127b75d20 JavaThread "Attach Listener" daemon [_thread_blocked, id=6880, stack(0x0000004668c00000,0x0000004668d00000)]
  0x000001e127b778c0 JavaThread "Service Thread" daemon [_thread_blocked, id=32328, stack(0x0000004668d00000,0x0000004668e00000)]
  0x000001e127b782f0 JavaThread "Monitor Deflation Thread" daemon [_thread_blocked, id=37416, stack(0x0000004668e00000,0x0000004668f00000)]
=>0x000001e127b79050 JavaThread "C2 CompilerThread0" daemon [_thread_in_native, id=38816, stack(0x0000004668f00000,0x0000004669000000)]
  0x000001e127b7c970 JavaThread "C1 CompilerThread0" daemon [_thread_blocked, id=37844, stack(0x0000004669000000,0x0000004669100000)]
  0x000001e140205a50 JavaThread "Common-Cleaner" daemon [_thread_blocked, id=160, stack(0x0000004669100000,0x0000004669200000)]
  0x000001e1403bf950 JavaThread "Notification Thread" daemon [_thread_blocked, id=35836, stack(0x0000004669200000,0x0000004669300000)]
  0x000001e141929430 JavaThread "Daemon health stats" [_thread_blocked, id=39588, stack(0x0000004669900000,0x0000004669a00000)]
  0x000001e14192b960 JavaThread "Incoming local TCP Connector on port 57888" [_thread_in_native, id=34160, stack(0x0000004669a00000,0x0000004669b00000)]
  0x000001e14192a970 JavaThread "Daemon periodic checks" [_thread_blocked, id=10200, stack(0x0000004669b00000,0x0000004669c00000)]
  0x000001e14192beb0 JavaThread "Daemon" [_thread_blocked, id=39364, stack(0x0000004669c00000,0x0000004669d00000)]
  0x000001e14192aec0 JavaThread "Handler for socket connection from /127.0.0.1:57888 to /127.0.0.1:57889" [_thread_in_native, id=29824, stack(0x0000004669d00000,0x0000004669e00000)]
  0x000001e141928990 JavaThread "Cancel handler" [_thread_blocked, id=18196, stack(0x0000004669e00000,0x0000004669f00000)]
  0x000001e141929980 JavaThread "Daemon worker" [_thread_blocked, id=25292, stack(0x0000004669f00000,0x000000466a000000)]
  0x000001e141929ed0 JavaThread "Asynchronous log dispatcher for DefaultDaemonConnection: socket connection from /127.0.0.1:57888 to /127.0.0.1:57889" [_thread_blocked, id=33472, stack(0x000000466a000000,0x000000466a100000)]
  0x000001e14192b410 JavaThread "Stdin handler" [_thread_blocked, id=39188, stack(0x000000466a100000,0x000000466a200000)]
  0x000001e141928ee0 JavaThread "Daemon client event forwarder" [_thread_blocked, id=36932, stack(0x000000466a200000,0x000000466a300000)]
  0x000001e14192a420 JavaThread "Cache worker for journal cache (C:\Users\giwat\.gradle\caches\journal-1)" [_thread_blocked, id=39532, stack(0x000000466a300000,0x000000466a400000)]
  0x000001e141265fb0 JavaThread "File lock request listener" [_thread_in_native, id=10776, stack(0x000000466a400000,0x000000466a500000)]
  0x000001e141264fc0 JavaThread "Cache worker for file hash cache (C:\Users\giwat\.gradle\caches\8.4\fileHashes)" [_thread_blocked, id=5640, stack(0x000000466a500000,0x000000466a600000)]
  0x000001e141265510 JavaThread "File lock release action executor" [_thread_blocked, id=14448, stack(0x000000466a600000,0x000000466a700000)]
  0x000001e141266fa0 JavaThread "File watcher server" daemon [_thread_in_native, id=2736, stack(0x000000466aa00000,0x000000466ab00000)]
  0x000001e14126c9f0 JavaThread "File watcher consumer" daemon [_thread_blocked, id=38940, stack(0x000000466ab00000,0x000000466ac00000)]
  0x000001e141267a40 JavaThread "Cache worker for checksums cache (C:\Users\giwat\Desktop\GBC\Semester5\COMP3095 - Web Application Development Using Java\Coursework\microservices-parent\product-service\.gradle\8.4\checksums)" [_thread_blocked, id=31628, stack(0x000000466ac00000,0x000000466ad00000)]
  0x000001e1412674f0 JavaThread "Cache worker for file hash cache (C:\Users\giwat\Desktop\GBC\Semester5\COMP3095 - Web Application Development Using Java\Coursework\microservices-parent\product-service\.gradle\8.4\fileHashes)" [_thread_blocked, id=23348, stack(0x000000466ad00000,0x000000466ae00000)]
  0x000001e141268a30 JavaThread "Cache worker for cache directory md-supplier (C:\Users\giwat\.gradle\caches\8.4\md-supplier)" [_thread_blocked, id=39308, stack(0x000000466ae00000,0x000000466af00000)]
  0x000001e141267f90 JavaThread "Cache worker for file content cache (C:\Users\giwat\.gradle\caches\8.4\fileContent)" [_thread_blocked, id=26876, stack(0x000000466af00000,0x000000466b000000)]
  0x000001e141265a60 JavaThread "Cache worker for cache directory md-rule (C:\Users\giwat\.gradle\caches\8.4\md-rule)" [_thread_blocked, id=26384, stack(0x000000466b000000,0x000000466b100000)]
  0x000001e141266500 JavaThread "Cache worker for execution history cache (C:\Users\giwat\.gradle\caches\8.4\executionHistory)" [_thread_blocked, id=10788, stack(0x000000466b100000,0x000000466b200000)]
  0x000001e14126af60 JavaThread "jar transforms" [_thread_blocked, id=29088, stack(0x000000466b200000,0x000000466b300000)]
  0x000001e1412684e0 JavaThread "jar transforms Thread 2" [_thread_blocked, id=31384, stack(0x000000466b300000,0x000000466b400000)]
  0x000001e141269a20 JavaThread "Daemon Thread 2" [_thread_blocked, id=4432, stack(0x000000466b400000,0x000000466b500000)]
  0x000001e14126b4b0 JavaThread "jar transforms Thread 3" [_thread_blocked, id=19728, stack(0x000000466b500000,0x000000466b600000)]
  0x000001e14126bf50 JavaThread "jar transforms Thread 4" [_thread_blocked, id=38060, stack(0x000000466b700000,0x000000466b800000)]
  0x000001e14126a4c0 JavaThread "Cache worker for kotlin-dsl (C:\Users\giwat\.gradle\caches\8.4\kotlin-dsl)" [_thread_blocked, id=39420, stack(0x000000466b600000,0x000000466b700000)]
  0x000001e14126ba00 JavaThread "jar transforms Thread 5" [_thread_blocked, id=37460, stack(0x000000466b800000,0x000000466b900000)]
  0x000001e141150e00 JavaThread "jar transforms Thread 6" [_thread_blocked, id=29384, stack(0x000000466b900000,0x000000466ba00000)]
  0x000001e1411508b0 JavaThread "Cache worker for dependencies-accessors (C:\Users\giwat\Desktop\GBC\Semester5\COMP3095 - Web Application Development Using Java\Coursework\microservices-parent\product-service\.gradle\8.4\dependencies-accessors)" [_thread_blocked, id=36596, stack(0x000000466ba00000,0x000000466bb00000)]
  0x000001e14114e380 JavaThread "Cache worker for Build Output Cleanup Cache (C:\Users\giwat\Desktop\GBC\Semester5\COMP3095 - Web Application Development Using Java\Coursework\microservices-parent\product-service\.gradle\buildOutputCleanup)" [_thread_blocked, id=13488, stack(0x000000466bb00000,0x000000466bc00000)]
  0x000001e14114fe10 JavaThread "jar transforms Thread 7" [_thread_blocked, id=36984, stack(0x000000466bc00000,0x000000466bd00000)]
  0x000001e1411518a0 JavaThread "jar transforms Thread 8" [_thread_blocked, id=32604, stack(0x000000466bd00000,0x000000466be00000)]
  0x000001e14114a3c0 JavaThread "Unconstrained build operations" [_thread_blocked, id=39524, stack(0x000000466be00000,0x000000466bf00000)]
  0x000001e14114c8f0 JavaThread "Unconstrained build operations Thread 2" [_thread_blocked, id=15576, stack(0x000000466bf00000,0x000000466c000000)]
  0x000001e14114d390 JavaThread "Unconstrained build operations Thread 3" [_thread_blocked, id=26476, stack(0x000000466c000000,0x000000466c100000)]
  0x000001e14114ce40 JavaThread "Unconstrained build operations Thread 4" [_thread_blocked, id=38576, stack(0x000000466c100000,0x000000466c200000)]
  0x000001e14114de30 JavaThread "Unconstrained build operations Thread 5" [_thread_blocked, id=39276, stack(0x000000466c200000,0x000000466c300000)]
  0x000001e14114b3b0 JavaThread "Unconstrained build operations Thread 6" [_thread_blocked, id=29152, stack(0x000000466c300000,0x000000466c400000)]
  0x000001e14114f370 JavaThread "Unconstrained build operations Thread 7" [_thread_blocked, id=26972, stack(0x000000466c400000,0x000000466c500000)]
  0x000001e141151350 JavaThread "Memory manager" [_thread_blocked, id=37868, stack(0x000000466c500000,0x000000466c600000)]
  0x000001e14114ae60 JavaThread "included builds" [_thread_in_vm, id=37380, stack(0x000000466c800000,0x000000466c900000)]
  0x000001e14114b900 JavaThread "Execution worker" [_thread_blocked, id=33424, stack(0x000000466c900000,0x000000466ca00000)]
  0x000001e14114c3a0 JavaThread "Execution worker Thread 2" [_thread_blocked, id=29264, stack(0x000000466ca00000,0x000000466cb00000)]
  0x000001e1438e3360 JavaThread "Execution worker Thread 3" [_thread_blocked, id=25148, stack(0x000000466cb00000,0x000000466cc00000)]
  0x000001e1438dde60 JavaThread "Execution worker Thread 4" [_thread_blocked, id=24204, stack(0x000000466cc00000,0x000000466cd00000)]
  0x000001e1438de900 JavaThread "Execution worker Thread 5" [_thread_blocked, id=30248, stack(0x000000466cd00000,0x000000466ce00000)]
  0x000001e1438e38b0 JavaThread "Execution worker Thread 6" [_thread_blocked, id=31632, stack(0x000000466ce00000,0x000000466cf00000)]
  0x000001e1438e3e00 JavaThread "Execution worker Thread 7" [_thread_blocked, id=38448, stack(0x000000466cf00000,0x000000466d000000)]
  0x000001e1438e28c0 JavaThread "Cache worker for execution history cache (C:\Users\giwat\Desktop\GBC\Semester5\COMP3095 - Web Application Development Using Java\Coursework\microservices-parent\product-service\.gradle\8.4\executionHistory)" [_thread_blocked, id=32824, stack(0x000000466d000000,0x000000466d100000)]

Other Threads:
  0x000001e127b49aa0 VMThread "VM Thread" [stack: 0x0000004668800000,0x0000004668900000] [id=28292]
  0x000001e140366cd0 WatcherThread "VM Periodic Task Thread" [stack: 0x0000004669300000,0x0000004669400000] [id=21508]
  0x000001e10b080790 WorkerThread "GC Thread#0" [stack: 0x0000004668300000,0x0000004668400000] [id=30520]
  0x000001e140d097e0 WorkerThread "GC Thread#1" [stack: 0x0000004669400000,0x0000004669500000] [id=38744]
  0x000001e140ba4310 WorkerThread "GC Thread#2" [stack: 0x0000004669500000,0x0000004669600000] [id=14480]
  0x000001e140ba4040 WorkerThread "GC Thread#3" [stack: 0x0000004669600000,0x0000004669700000] [id=37176]
  0x000001e140ba45e0 WorkerThread "GC Thread#4" [stack: 0x0000004669700000,0x0000004669800000] [id=24048]
  0x000001e140ba4b80 WorkerThread "GC Thread#5" [stack: 0x0000004669800000,0x0000004669900000] [id=39360]
  0x000001e1411e8d10 WorkerThread "GC Thread#6" [stack: 0x000000466a700000,0x000000466a800000] [id=20928]
  0x000001e1411e8a40 WorkerThread "GC Thread#7" [stack: 0x000000466a800000,0x000000466a900000] [id=27580]
  0x000001e10b0856a0 ConcurrentGCThread "G1 Main Marker" [stack: 0x0000004668400000,0x0000004668500000] [id=38548]
  0x000001e10b086270 WorkerThread "G1 Conc#0" [stack: 0x0000004668500000,0x0000004668600000] [id=35748]
  0x000001e1411e6010 WorkerThread "G1 Conc#1" [stack: 0x000000466a900000,0x000000466aa00000] [id=13636]
  0x000001e127a01540 ConcurrentGCThread "G1 Refine#0" [stack: 0x0000004668600000,0x0000004668700000] [id=39160]
  0x000001e127a02180 ConcurrentGCThread "G1 Service" [stack: 0x0000004668700000,0x0000004668800000] [id=37812]

Threads with active compile tasks:
C2 CompilerThread0    40686 6877       4       org.gradle.internal.reflect.ClassInspector::inspectClass (179 bytes)

VM state: not at safepoint (normal execution)

VM Mutex/Monitor currently owned by a thread:  ([mutex/lock_event])
[0x000001e10b04dea0] SystemDictionary_lock - owner thread: 0x0000000000000000

Heap address: 0x00000000e0000000, size: 512 MB, Compressed Oops mode: 32-bit

CDS archive(s) mapped at: [0x000001e127c00000-0x000001e128860000-0x000001e128860000), size 12976128, SharedBaseAddress: 0x000001e127c00000, ArchiveRelocationMode: 1.
Compressed class space mapped at: 0x000001e128c00000-0x000001e13c000000, reserved size: 322961408
Narrow klass base: 0x000001e127c00000, Narrow klass shift: 0, Narrow klass range: 0x100000000

GC Precious Log:
 CardTable entry size: 512
 Card Set container configuration: InlinePtr #cards 5 size 8 Array Of Cards #cards 12 size 40 Howl #buckets 4 coarsen threshold 1843 Howl Bitmap #cards 512 size 80 coarsen threshold 460 Card regions per heap region 1 cards per card region 2048
 CPUs: 8 total, 8 available
 Memory: 7941M
 Large Page Support: Disabled
 NUMA Support: Disabled
 Compressed Oops: Enabled (32-bit)
 Heap Region Size: 1M
 Heap Min Capacity: 256M
 Heap Initial Capacity: 256M
 Heap Max Capacity: 512M
 Pre-touch: Disabled
 Parallel Workers: 8
 Concurrent Workers: 2
 Concurrent Refinement Workers: 8
 Periodic GC: Disabled

Heap:
 garbage-first heap   total 262144K, used 123059K [0x00000000e0000000, 0x0000000100000000)
  region size 1024K, 99 young (101376K), 17 survivors (17408K)
 Metaspace       used 59038K, committed 60992K, reserved 380928K
  class space    used 8478K, committed 9472K, reserved 315392K

Heap Regions: E=young(eden), S=young(survivor), O=old, HS=humongous(starts), HC=humongous(continues), CS=collection set, F=free, OA=open archive, CA=closed archive, TAMS=top-at-mark-start, PB=parsable bottom
|   0|0x00000000e0000000, 0x00000000e0100000, 0x00000000e0100000|100%|HS|  |TAMS 0x00000000e0000000| PB 0x00000000e0000000| Complete 
|   1|0x00000000e0100000, 0x00000000e0200000, 0x00000000e0200000|100%|HC|  |TAMS 0x00000000e0100000| PB 0x00000000e0100000| Complete 
|   2|0x00000000e0200000, 0x00000000e0300000, 0x00000000e0300000|100%|HC|  |TAMS 0x00000000e0200000| PB 0x00000000e0200000| Complete 
|   3|0x00000000e0300000, 0x00000000e0400000, 0x00000000e0400000|100%|HC|  |TAMS 0x00000000e0300000| PB 0x00000000e0300000| Complete 
|   4|0x00000000e0400000, 0x00000000e0500000, 0x00000000e0500000|100%| O|  |TAMS 0x00000000e0400000| PB 0x00000000e0400000| Untracked 
|   5|0x00000000e0500000, 0x00000000e0600000, 0x00000000e0600000|100%| O|  |TAMS 0x00000000e0500000| PB 0x00000000e0500000| Untracked 
|   6|0x00000000e0600000, 0x00000000e0700000, 0x00000000e0700000|100%| O|  |TAMS 0x00000000e0600000| PB 0x00000000e0600000| Untracked 
|   7|0x00000000e0700000, 0x00000000e0800000, 0x00000000e0800000|100%| O|  |TAMS 0x00000000e0700000| PB 0x00000000e0700000| Untracked 
|   8|0x00000000e0800000, 0x00000000e0900000, 0x00000000e0900000|100%| O|  |TAMS 0x00000000e0800000| PB 0x00000000e0800000| Untracked 
|   9|0x00000000e0900000, 0x00000000e0900000, 0x00000000e0a00000|  0%| F|  |TAMS 0x00000000e0900000| PB 0x00000000e0900000| Untracked 
|  10|0x00000000e0a00000, 0x00000000e0b00000, 0x00000000e0b00000|100%| O|  |TAMS 0x00000000e0a00000| PB 0x00000000e0a00000| Untracked 
|  11|0x00000000e0b00000, 0x00000000e0c00000, 0x00000000e0c00000|100%| O|  |TAMS 0x00000000e0b00000| PB 0x00000000e0b00000| Untracked 
|  12|0x00000000e0c00000, 0x00000000e0d00000, 0x00000000e0d00000|100%| O|  |TAMS 0x00000000e0c00000| PB 0x00000000e0c00000| Untracked 
|  13|0x00000000e0d00000, 0x00000000e0e00000, 0x00000000e0e00000|100%| O|  |TAMS 0x00000000e0d00000| PB 0x00000000e0d00000| Untracked 
|  14|0x00000000e0e00000, 0x00000000e0f00000, 0x00000000e0f00000|100%| O|  |TAMS 0x00000000e0e00000| PB 0x00000000e0e00000| Untracked 
|  15|0x00000000e0f00000, 0x00000000e1000000, 0x00000000e1000000|100%| O|  |TAMS 0x00000000e0f00000| PB 0x00000000e0f00000| Untracked 
|  16|0x00000000e1000000, 0x00000000e1100000, 0x00000000e1100000|100%| O|  |TAMS 0x00000000e1000000| PB 0x00000000e1000000| Untracked 
|  17|0x00000000e1100000, 0x00000000e1200000, 0x00000000e1200000|100%| O|  |TAMS 0x00000000e1100000| PB 0x00000000e1100000| Untracked 
|  18|0x00000000e1200000, 0x00000000e1300000, 0x00000000e1300000|100%| O|  |TAMS 0x00000000e1200000| PB 0x00000000e1200000| Untracked 
|  19|0x00000000e1300000, 0x00000000e1400000, 0x00000000e1400000|100%| O|  |TAMS 0x00000000e1300000| PB 0x00000000e1300000| Untracked 
|  20|0x00000000e1400000, 0x00000000e1500000, 0x00000000e1500000|100%| O|  |TAMS 0x00000000e1400000| PB 0x00000000e1400000| Untracked 
|  21|0x00000000e1500000, 0x00000000e1600000, 0x00000000e1600000|100%| O|  |TAMS 0x00000000e1500000| PB 0x00000000e1500000| Untracked 
|  22|0x00000000e1600000, 0x00000000e1700000, 0x00000000e1700000|100%| O|  |TAMS 0x00000000e1600000| PB 0x00000000e1600000| Complete 
|  23|0x00000000e1700000, 0x00000000e1770600, 0x00000000e1800000| 43%| O|  |TAMS 0x00000000e1700000| PB 0x00000000e1700000| Untracked 
|  24|0x00000000e1800000, 0x00000000e1800000, 0x00000000e1900000|  0%| F|  |TAMS 0x00000000e1800000| PB 0x00000000e1800000| Untracked 
|  25|0x00000000e1900000, 0x00000000e1900000, 0x00000000e1a00000|  0%| F|  |TAMS 0x00000000e1900000| PB 0x00000000e1900000| Untracked 
|  26|0x00000000e1a00000, 0x00000000e1a00000, 0x00000000e1b00000|  0%| F|  |TAMS 0x00000000e1a00000| PB 0x00000000e1a00000| Untracked 
|  27|0x00000000e1b00000, 0x00000000e1b00000, 0x00000000e1c00000|  0%| F|  |TAMS 0x00000000e1b00000| PB 0x00000000e1b00000| Untracked 
|  28|0x00000000e1c00000, 0x00000000e1c00000, 0x00000000e1d00000|  0%| F|  |TAMS 0x00000000e1c00000| PB 0x00000000e1c00000| Untracked 
|  29|0x00000000e1d00000, 0x00000000e1d00000, 0x00000000e1e00000|  0%| F|  |TAMS 0x00000000e1d00000| PB 0x00000000e1d00000| Untracked 
|  30|0x00000000e1e00000, 0x00000000e1e00000, 0x00000000e1f00000|  0%| F|  |TAMS 0x00000000e1e00000| PB 0x00000000e1e00000| Untracked 
|  31|0x00000000e1f00000, 0x00000000e1f00000, 0x00000000e2000000|  0%| F|  |TAMS 0x00000000e1f00000| PB 0x00000000e1f00000| Untracked 
|  32|0x00000000e2000000, 0x00000000e2000000, 0x00000000e2100000|  0%| F|  |TAMS 0x00000000e2000000| PB 0x00000000e2000000| Untracked 
|  33|0x00000000e2100000, 0x00000000e2100000, 0x00000000e2200000|  0%| F|  |TAMS 0x00000000e2100000| PB 0x00000000e2100000| Untracked 
|  34|0x00000000e2200000, 0x00000000e2200000, 0x00000000e2300000|  0%| F|  |TAMS 0x00000000e2200000| PB 0x00000000e2200000| Untracked 
|  35|0x00000000e2300000, 0x00000000e2300000, 0x00000000e2400000|  0%| F|  |TAMS 0x00000000e2300000| PB 0x00000000e2300000| Untracked 
|  36|0x00000000e2400000, 0x00000000e2400000, 0x00000000e2500000|  0%| F|  |TAMS 0x00000000e2400000| PB 0x00000000e2400000| Untracked 
|  37|0x00000000e2500000, 0x00000000e2500000, 0x00000000e2600000|  0%| F|  |TAMS 0x00000000e2500000| PB 0x00000000e2500000| Untracked 
|  38|0x00000000e2600000, 0x00000000e2600000, 0x00000000e2700000|  0%| F|  |TAMS 0x00000000e2600000| PB 0x00000000e2600000| Untracked 
|  39|0x00000000e2700000, 0x00000000e2700000, 0x00000000e2800000|  0%| F|  |TAMS 0x00000000e2700000| PB 0x00000000e2700000| Untracked 
|  40|0x00000000e2800000, 0x00000000e2800000, 0x00000000e2900000|  0%| F|  |TAMS 0x00000000e2800000| PB 0x00000000e2800000| Untracked 
|  41|0x00000000e2900000, 0x00000000e2900000, 0x00000000e2a00000|  0%| F|  |TAMS 0x00000000e2900000| PB 0x00000000e2900000| Untracked 
|  42|0x00000000e2a00000, 0x00000000e2a00000, 0x00000000e2b00000|  0%| F|  |TAMS 0x00000000e2a00000| PB 0x00000000e2a00000| Untracked 
|  43|0x00000000e2b00000, 0x00000000e2b00000, 0x00000000e2c00000|  0%| F|  |TAMS 0x00000000e2b00000| PB 0x00000000e2b00000| Untracked 
|  44|0x00000000e2c00000, 0x00000000e2c00000, 0x00000000e2d00000|  0%| F|  |TAMS 0x00000000e2c00000| PB 0x00000000e2c00000| Untracked 
|  45|0x00000000e2d00000, 0x00000000e2d00000, 0x00000000e2e00000|  0%| F|  |TAMS 0x00000000e2d00000| PB 0x00000000e2d00000| Untracked 
|  46|0x00000000e2e00000, 0x00000000e2e00000, 0x00000000e2f00000|  0%| F|  |TAMS 0x00000000e2e00000| PB 0x00000000e2e00000| Untracked 
|  47|0x00000000e2f00000, 0x00000000e2f00000, 0x00000000e3000000|  0%| F|  |TAMS 0x00000000e2f00000| PB 0x00000000e2f00000| Untracked 
|  48|0x00000000e3000000, 0x00000000e3000000, 0x00000000e3100000|  0%| F|  |TAMS 0x00000000e3000000| PB 0x00000000e3000000| Untracked 
|  49|0x00000000e3100000, 0x00000000e3100000, 0x00000000e3200000|  0%| F|  |TAMS 0x00000000e3100000| PB 0x00000000e3100000| Untracked 
|  50|0x00000000e3200000, 0x00000000e3200000, 0x00000000e3300000|  0%| F|  |TAMS 0x00000000e3200000| PB 0x00000000e3200000| Untracked 
|  51|0x00000000e3300000, 0x00000000e3300000, 0x00000000e3400000|  0%| F|  |TAMS 0x00000000e3300000| PB 0x00000000e3300000| Untracked 
|  52|0x00000000e3400000, 0x00000000e3400000, 0x00000000e3500000|  0%| F|  |TAMS 0x00000000e3400000| PB 0x00000000e3400000| Untracked 
|  53|0x00000000e3500000, 0x00000000e3500000, 0x00000000e3600000|  0%| F|  |TAMS 0x00000000e3500000| PB 0x00000000e3500000| Untracked 
|  54|0x00000000e3600000, 0x00000000e3600000, 0x00000000e3700000|  0%| F|  |TAMS 0x00000000e3600000| PB 0x00000000e3600000| Untracked 
|  55|0x00000000e3700000, 0x00000000e3700000, 0x00000000e3800000|  0%| F|  |TAMS 0x00000000e3700000| PB 0x00000000e3700000| Untracked 
|  56|0x00000000e3800000, 0x00000000e3800000, 0x00000000e3900000|  0%| F|  |TAMS 0x00000000e3800000| PB 0x00000000e3800000| Untracked 
|  57|0x00000000e3900000, 0x00000000e3900000, 0x00000000e3a00000|  0%| F|  |TAMS 0x00000000e3900000| PB 0x00000000e3900000| Untracked 
|  58|0x00000000e3a00000, 0x00000000e3a00000, 0x00000000e3b00000|  0%| F|  |TAMS 0x00000000e3a00000| PB 0x00000000e3a00000| Untracked 
|  59|0x00000000e3b00000, 0x00000000e3b00000, 0x00000000e3c00000|  0%| F|  |TAMS 0x00000000e3b00000| PB 0x00000000e3b00000| Untracked 
|  60|0x00000000e3c00000, 0x00000000e3c00000, 0x00000000e3d00000|  0%| F|  |TAMS 0x00000000e3c00000| PB 0x00000000e3c00000| Untracked 
|  61|0x00000000e3d00000, 0x00000000e3d00000, 0x00000000e3e00000|  0%| F|  |TAMS 0x00000000e3d00000| PB 0x00000000e3d00000| Untracked 
|  62|0x00000000e3e00000, 0x00000000e3e00000, 0x00000000e3f00000|  0%| F|  |TAMS 0x00000000e3e00000| PB 0x00000000e3e00000| Untracked 
|  63|0x00000000e3f00000, 0x00000000e3f00000, 0x00000000e4000000|  0%| F|  |TAMS 0x00000000e3f00000| PB 0x00000000e3f00000| Untracked 
|  64|0x00000000e4000000, 0x00000000e4000000, 0x00000000e4100000|  0%| F|  |TAMS 0x00000000e4000000| PB 0x00000000e4000000| Untracked 
|  65|0x00000000e4100000, 0x00000000e4100000, 0x00000000e4200000|  0%| F|  |TAMS 0x00000000e4100000| PB 0x00000000e4100000| Untracked 
|  66|0x00000000e4200000, 0x00000000e4200000, 0x00000000e4300000|  0%| F|  |TAMS 0x00000000e4200000| PB 0x00000000e4200000| Untracked 
|  67|0x00000000e4300000, 0x00000000e4300000, 0x00000000e4400000|  0%| F|  |TAMS 0x00000000e4300000| PB 0x00000000e4300000| Untracked 
|  68|0x00000000e4400000, 0x00000000e4400000, 0x00000000e4500000|  0%| F|  |TAMS 0x00000000e4400000| PB 0x00000000e4400000| Untracked 
|  69|0x00000000e4500000, 0x00000000e4500000, 0x00000000e4600000|  0%| F|  |TAMS 0x00000000e4500000| PB 0x00000000e4500000| Untracked 
|  70|0x00000000e4600000, 0x00000000e4600000, 0x00000000e4700000|  0%| F|  |TAMS 0x00000000e4600000| PB 0x00000000e4600000| Untracked 
|  71|0x00000000e4700000, 0x00000000e4700000, 0x00000000e4800000|  0%| F|  |TAMS 0x00000000e4700000| PB 0x00000000e4700000| Untracked 
|  72|0x00000000e4800000, 0x00000000e4800000, 0x00000000e4900000|  0%| F|  |TAMS 0x00000000e4800000| PB 0x00000000e4800000| Untracked 
|  73|0x00000000e4900000, 0x00000000e4900000, 0x00000000e4a00000|  0%| F|  |TAMS 0x00000000e4900000| PB 0x00000000e4900000| Untracked 
|  74|0x00000000e4a00000, 0x00000000e4a00000, 0x00000000e4b00000|  0%| F|  |TAMS 0x00000000e4a00000| PB 0x00000000e4a00000| Untracked 
|  75|0x00000000e4b00000, 0x00000000e4b00000, 0x00000000e4c00000|  0%| F|  |TAMS 0x00000000e4b00000| PB 0x00000000e4b00000| Untracked 
|  76|0x00000000e4c00000, 0x00000000e4c00000, 0x00000000e4d00000|  0%| F|  |TAMS 0x00000000e4c00000| PB 0x00000000e4c00000| Untracked 
|  77|0x00000000e4d00000, 0x00000000e4d00000, 0x00000000e4e00000|  0%| F|  |TAMS 0x00000000e4d00000| PB 0x00000000e4d00000| Untracked 
|  78|0x00000000e4e00000, 0x00000000e4e00000, 0x00000000e4f00000|  0%| F|  |TAMS 0x00000000e4e00000| PB 0x00000000e4e00000| Untracked 
|  79|0x00000000e4f00000, 0x00000000e4f00000, 0x00000000e5000000|  0%| F|  |TAMS 0x00000000e4f00000| PB 0x00000000e4f00000| Untracked 
|  80|0x00000000e5000000, 0x00000000e5000000, 0x00000000e5100000|  0%| F|  |TAMS 0x00000000e5000000| PB 0x00000000e5000000| Untracked 
|  81|0x00000000e5100000, 0x00000000e5100000, 0x00000000e5200000|  0%| F|  |TAMS 0x00000000e5100000| PB 0x00000000e5100000| Untracked 
|  82|0x00000000e5200000, 0x00000000e5200000, 0x00000000e5300000|  0%| F|  |TAMS 0x00000000e5200000| PB 0x00000000e5200000| Untracked 
|  83|0x00000000e5300000, 0x00000000e5300000, 0x00000000e5400000|  0%| F|  |TAMS 0x00000000e5300000| PB 0x00000000e5300000| Untracked 
|  84|0x00000000e5400000, 0x00000000e5400000, 0x00000000e5500000|  0%| F|  |TAMS 0x00000000e5400000| PB 0x00000000e5400000| Untracked 
|  85|0x00000000e5500000, 0x00000000e5500000, 0x00000000e5600000|  0%| F|  |TAMS 0x00000000e5500000| PB 0x00000000e5500000| Untracked 
|  86|0x00000000e5600000, 0x00000000e56bc840, 0x00000000e5700000| 73%| S|CS|TAMS 0x00000000e5600000| PB 0x00000000e5600000| Complete 
|  87|0x00000000e5700000, 0x00000000e5800000, 0x00000000e5800000|100%| S|CS|TAMS 0x00000000e5700000| PB 0x00000000e5700000| Complete 
|  88|0x00000000e5800000, 0x00000000e5900000, 0x00000000e5900000|100%| S|CS|TAMS 0x00000000e5800000| PB 0x00000000e5800000| Complete 
|  89|0x00000000e5900000, 0x00000000e5a00000, 0x00000000e5a00000|100%| S|CS|TAMS 0x00000000e5900000| PB 0x00000000e5900000| Complete 
|  90|0x00000000e5a00000, 0x00000000e5b00000, 0x00000000e5b00000|100%| S|CS|TAMS 0x00000000e5a00000| PB 0x00000000e5a00000| Complete 
|  91|0x00000000e5b00000, 0x00000000e5c00000, 0x00000000e5c00000|100%| S|CS|TAMS 0x00000000e5b00000| PB 0x00000000e5b00000| Complete 
|  92|0x00000000e5c00000, 0x00000000e5d00000, 0x00000000e5d00000|100%| S|CS|TAMS 0x00000000e5c00000| PB 0x00000000e5c00000| Complete 
|  93|0x00000000e5d00000, 0x00000000e5e00000, 0x00000000e5e00000|100%| S|CS|TAMS 0x00000000e5d00000| PB 0x00000000e5d00000| Complete 
|  94|0x00000000e5e00000, 0x00000000e5f00000, 0x00000000e5f00000|100%| S|CS|TAMS 0x00000000e5e00000| PB 0x00000000e5e00000| Complete 
|  95|0x00000000e5f00000, 0x00000000e6000000, 0x00000000e6000000|100%| S|CS|TAMS 0x00000000e5f00000| PB 0x00000000e5f00000| Complete 
|  96|0x00000000e6000000, 0x00000000e6100000, 0x00000000e6100000|100%| S|CS|TAMS 0x00000000e6000000| PB 0x00000000e6000000| Complete 
|  97|0x00000000e6100000, 0x00000000e6200000, 0x00000000e6200000|100%| S|CS|TAMS 0x00000000e6100000| PB 0x00000000e6100000| Complete 
|  98|0x00000000e6200000, 0x00000000e6300000, 0x00000000e6300000|100%| S|CS|TAMS 0x00000000e6200000| PB 0x00000000e6200000| Complete 
|  99|0x00000000e6300000, 0x00000000e6400000, 0x00000000e6400000|100%| S|CS|TAMS 0x00000000e6300000| PB 0x00000000e6300000| Complete 
| 100|0x00000000e6400000, 0x00000000e6500000, 0x00000000e6500000|100%| S|CS|TAMS 0x00000000e6400000| PB 0x00000000e6400000| Complete 
| 101|0x00000000e6500000, 0x00000000e6600000, 0x00000000e6600000|100%| S|CS|TAMS 0x00000000e6500000| PB 0x00000000e6500000| Complete 
| 102|0x00000000e6600000, 0x00000000e6700000, 0x00000000e6700000|100%| S|CS|TAMS 0x00000000e6600000| PB 0x00000000e6600000| Complete 
| 103|0x00000000e6700000, 0x00000000e6700000, 0x00000000e6800000|  0%| F|  |TAMS 0x00000000e6700000| PB 0x00000000e6700000| Untracked 
| 104|0x00000000e6800000, 0x00000000e6800000, 0x00000000e6900000|  0%| F|  |TAMS 0x00000000e6800000| PB 0x00000000e6800000| Untracked 
| 105|0x00000000e6900000, 0x00000000e6900000, 0x00000000e6a00000|  0%| F|  |TAMS 0x00000000e6900000| PB 0x00000000e6900000| Untracked 
| 106|0x00000000e6a00000, 0x00000000e6a00000, 0x00000000e6b00000|  0%| F|  |TAMS 0x00000000e6a00000| PB 0x00000000e6a00000| Untracked 
| 107|0x00000000e6b00000, 0x00000000e6b00000, 0x00000000e6c00000|  0%| F|  |TAMS 0x00000000e6b00000| PB 0x00000000e6b00000| Untracked 
| 108|0x00000000e6c00000, 0x00000000e6c00000, 0x00000000e6d00000|  0%| F|  |TAMS 0x00000000e6c00000| PB 0x00000000e6c00000| Untracked 
| 109|0x00000000e6d00000, 0x00000000e6d00000, 0x00000000e6e00000|  0%| F|  |TAMS 0x00000000e6d00000| PB 0x00000000e6d00000| Untracked 
| 110|0x00000000e6e00000, 0x00000000e6e00000, 0x00000000e6f00000|  0%| F|  |TAMS 0x00000000e6e00000| PB 0x00000000e6e00000| Untracked 
| 111|0x00000000e6f00000, 0x00000000e6f00000, 0x00000000e7000000|  0%| F|  |TAMS 0x00000000e6f00000| PB 0x00000000e6f00000| Untracked 
| 112|0x00000000e7000000, 0x00000000e7000000, 0x00000000e7100000|  0%| F|  |TAMS 0x00000000e7000000| PB 0x00000000e7000000| Untracked 
| 113|0x00000000e7100000, 0x00000000e7100000, 0x00000000e7200000|  0%| F|  |TAMS 0x00000000e7100000| PB 0x00000000e7100000| Untracked 
| 114|0x00000000e7200000, 0x00000000e7200000, 0x00000000e7300000|  0%| F|  |TAMS 0x00000000e7200000| PB 0x00000000e7200000| Untracked 
| 115|0x00000000e7300000, 0x00000000e7300000, 0x00000000e7400000|  0%| F|  |TAMS 0x00000000e7300000| PB 0x00000000e7300000| Untracked 
| 116|0x00000000e7400000, 0x00000000e7400000, 0x00000000e7500000|  0%| F|  |TAMS 0x00000000e7400000| PB 0x00000000e7400000| Untracked 
| 117|0x00000000e7500000, 0x00000000e7500000, 0x00000000e7600000|  0%| F|  |TAMS 0x00000000e7500000| PB 0x00000000e7500000| Untracked 
| 118|0x00000000e7600000, 0x00000000e7600000, 0x00000000e7700000|  0%| F|  |TAMS 0x00000000e7600000| PB 0x00000000e7600000| Untracked 
| 119|0x00000000e7700000, 0x00000000e7700000, 0x00000000e7800000|  0%| F|  |TAMS 0x00000000e7700000| PB 0x00000000e7700000| Untracked 
| 120|0x00000000e7800000, 0x00000000e7800000, 0x00000000e7900000|  0%| F|  |TAMS 0x00000000e7800000| PB 0x00000000e7800000| Untracked 
| 121|0x00000000e7900000, 0x00000000e7900000, 0x00000000e7a00000|  0%| F|  |TAMS 0x00000000e7900000| PB 0x00000000e7900000| Untracked 
| 122|0x00000000e7a00000, 0x00000000e7a00000, 0x00000000e7b00000|  0%| F|  |TAMS 0x00000000e7a00000| PB 0x00000000e7a00000| Untracked 
| 123|0x00000000e7b00000, 0x00000000e7b00000, 0x00000000e7c00000|  0%| F|  |TAMS 0x00000000e7b00000| PB 0x00000000e7b00000| Untracked 
| 124|0x00000000e7c00000, 0x00000000e7c00000, 0x00000000e7d00000|  0%| F|  |TAMS 0x00000000e7c00000| PB 0x00000000e7c00000| Untracked 
| 125|0x00000000e7d00000, 0x00000000e7d00000, 0x00000000e7e00000|  0%| F|  |TAMS 0x00000000e7d00000| PB 0x00000000e7d00000| Untracked 
| 126|0x00000000e7e00000, 0x00000000e7e00000, 0x00000000e7f00000|  0%| F|  |TAMS 0x00000000e7e00000| PB 0x00000000e7e00000| Untracked 
| 127|0x00000000e7f00000, 0x00000000e7f00000, 0x00000000e8000000|  0%| F|  |TAMS 0x00000000e7f00000| PB 0x00000000e7f00000| Untracked 
| 128|0x00000000e8000000, 0x00000000e8000000, 0x00000000e8100000|  0%| F|  |TAMS 0x00000000e8000000| PB 0x00000000e8000000| Untracked 
| 129|0x00000000e8100000, 0x00000000e8100000, 0x00000000e8200000|  0%| F|  |TAMS 0x00000000e8100000| PB 0x00000000e8100000| Untracked 
| 130|0x00000000e8200000, 0x00000000e8200000, 0x00000000e8300000|  0%| F|  |TAMS 0x00000000e8200000| PB 0x00000000e8200000| Untracked 
| 131|0x00000000e8300000, 0x00000000e8300000, 0x00000000e8400000|  0%| F|  |TAMS 0x00000000e8300000| PB 0x00000000e8300000| Untracked 
| 132|0x00000000e8400000, 0x00000000e8400000, 0x00000000e8500000|  0%| F|  |TAMS 0x00000000e8400000| PB 0x00000000e8400000| Untracked 
| 133|0x00000000e8500000, 0x00000000e8500000, 0x00000000e8600000|  0%| F|  |TAMS 0x00000000e8500000| PB 0x00000000e8500000| Untracked 
| 134|0x00000000e8600000, 0x00000000e8600000, 0x00000000e8700000|  0%| F|  |TAMS 0x00000000e8600000| PB 0x00000000e8600000| Untracked 
| 135|0x00000000e8700000, 0x00000000e8700000, 0x00000000e8800000|  0%| F|  |TAMS 0x00000000e8700000| PB 0x00000000e8700000| Untracked 
| 136|0x00000000e8800000, 0x00000000e8800000, 0x00000000e8900000|  0%| F|  |TAMS 0x00000000e8800000| PB 0x00000000e8800000| Untracked 
| 137|0x00000000e8900000, 0x00000000e8900000, 0x00000000e8a00000|  0%| F|  |TAMS 0x00000000e8900000| PB 0x00000000e8900000| Untracked 
| 138|0x00000000e8a00000, 0x00000000e8a00000, 0x00000000e8b00000|  0%| F|  |TAMS 0x00000000e8a00000| PB 0x00000000e8a00000| Untracked 
| 139|0x00000000e8b00000, 0x00000000e8b00000, 0x00000000e8c00000|  0%| F|  |TAMS 0x00000000e8b00000| PB 0x00000000e8b00000| Untracked 
| 140|0x00000000e8c00000, 0x00000000e8c00000, 0x00000000e8d00000|  0%| F|  |TAMS 0x00000000e8c00000| PB 0x00000000e8c00000| Untracked 
| 141|0x00000000e8d00000, 0x00000000e8d00000, 0x00000000e8e00000|  0%| F|  |TAMS 0x00000000e8d00000| PB 0x00000000e8d00000| Untracked 
| 142|0x00000000e8e00000, 0x00000000e8e00000, 0x00000000e8f00000|  0%| F|  |TAMS 0x00000000e8e00000| PB 0x00000000e8e00000| Untracked 
| 143|0x00000000e8f00000, 0x00000000e8f00000, 0x00000000e9000000|  0%| F|  |TAMS 0x00000000e8f00000| PB 0x00000000e8f00000| Untracked 
| 144|0x00000000e9000000, 0x00000000e9000000, 0x00000000e9100000|  0%| F|  |TAMS 0x00000000e9000000| PB 0x00000000e9000000| Untracked 
| 145|0x00000000e9100000, 0x00000000e9100000, 0x00000000e9200000|  0%| F|  |TAMS 0x00000000e9100000| PB 0x00000000e9100000| Untracked 
| 146|0x00000000e9200000, 0x00000000e9200000, 0x00000000e9300000|  0%| F|  |TAMS 0x00000000e9200000| PB 0x00000000e9200000| Untracked 
| 147|0x00000000e9300000, 0x00000000e9300000, 0x00000000e9400000|  0%| F|  |TAMS 0x00000000e9300000| PB 0x00000000e9300000| Untracked 
| 148|0x00000000e9400000, 0x00000000e9400000, 0x00000000e9500000|  0%| F|  |TAMS 0x00000000e9400000| PB 0x00000000e9400000| Untracked 
| 149|0x00000000e9500000, 0x00000000e9500000, 0x00000000e9600000|  0%| F|  |TAMS 0x00000000e9500000| PB 0x00000000e9500000| Untracked 
| 150|0x00000000e9600000, 0x00000000e9600000, 0x00000000e9700000|  0%| F|  |TAMS 0x00000000e9600000| PB 0x00000000e9600000| Untracked 
| 151|0x00000000e9700000, 0x00000000e9700000, 0x00000000e9800000|  0%| F|  |TAMS 0x00000000e9700000| PB 0x00000000e9700000| Untracked 
| 152|0x00000000e9800000, 0x00000000e9800000, 0x00000000e9900000|  0%| F|  |TAMS 0x00000000e9800000| PB 0x00000000e9800000| Untracked 
| 153|0x00000000e9900000, 0x00000000e9900000, 0x00000000e9a00000|  0%| F|  |TAMS 0x00000000e9900000| PB 0x00000000e9900000| Untracked 
| 154|0x00000000e9a00000, 0x00000000e9a00000, 0x00000000e9b00000|  0%| F|  |TAMS 0x00000000e9a00000| PB 0x00000000e9a00000| Untracked 
| 155|0x00000000e9b00000, 0x00000000e9b00000, 0x00000000e9c00000|  0%| F|  |TAMS 0x00000000e9b00000| PB 0x00000000e9b00000| Untracked 
| 156|0x00000000e9c00000, 0x00000000e9c00000, 0x00000000e9d00000|  0%| F|  |TAMS 0x00000000e9c00000| PB 0x00000000e9c00000| Untracked 
| 157|0x00000000e9d00000, 0x00000000e9d00000, 0x00000000e9e00000|  0%| F|  |TAMS 0x00000000e9d00000| PB 0x00000000e9d00000| Untracked 
| 158|0x00000000e9e00000, 0x00000000e9e00000, 0x00000000e9f00000|  0%| F|  |TAMS 0x00000000e9e00000| PB 0x00000000e9e00000| Untracked 
| 159|0x00000000e9f00000, 0x00000000e9f00000, 0x00000000ea000000|  0%| F|  |TAMS 0x00000000e9f00000| PB 0x00000000e9f00000| Untracked 
| 160|0x00000000ea000000, 0x00000000ea000000, 0x00000000ea100000|  0%| F|  |TAMS 0x00000000ea000000| PB 0x00000000ea000000| Untracked 
| 161|0x00000000ea100000, 0x00000000ea100000, 0x00000000ea200000|  0%| F|  |TAMS 0x00000000ea100000| PB 0x00000000ea100000| Untracked 
| 162|0x00000000ea200000, 0x00000000ea200000, 0x00000000ea300000|  0%| F|  |TAMS 0x00000000ea200000| PB 0x00000000ea200000| Untracked 
| 163|0x00000000ea300000, 0x00000000ea300000, 0x00000000ea400000|  0%| F|  |TAMS 0x00000000ea300000| PB 0x00000000ea300000| Untracked 
| 164|0x00000000ea400000, 0x00000000ea400000, 0x00000000ea500000|  0%| F|  |TAMS 0x00000000ea400000| PB 0x00000000ea400000| Untracked 
| 165|0x00000000ea500000, 0x00000000ea500000, 0x00000000ea600000|  0%| F|  |TAMS 0x00000000ea500000| PB 0x00000000ea500000| Untracked 
| 166|0x00000000ea600000, 0x00000000ea600000, 0x00000000ea700000|  0%| F|  |TAMS 0x00000000ea600000| PB 0x00000000ea600000| Untracked 
| 167|0x00000000ea700000, 0x00000000ea700000, 0x00000000ea800000|  0%| F|  |TAMS 0x00000000ea700000| PB 0x00000000ea700000| Untracked 
| 168|0x00000000ea800000, 0x00000000ea800000, 0x00000000ea900000|  0%| F|  |TAMS 0x00000000ea800000| PB 0x00000000ea800000| Untracked 
| 169|0x00000000ea900000, 0x00000000ea900000, 0x00000000eaa00000|  0%| F|  |TAMS 0x00000000ea900000| PB 0x00000000ea900000| Untracked 
| 170|0x00000000eaa00000, 0x00000000eaa00000, 0x00000000eab00000|  0%| F|  |TAMS 0x00000000eaa00000| PB 0x00000000eaa00000| Untracked 
| 171|0x00000000eab00000, 0x00000000eab00000, 0x00000000eac00000|  0%| F|  |TAMS 0x00000000eab00000| PB 0x00000000eab00000| Untracked 
| 172|0x00000000eac00000, 0x00000000eac00000, 0x00000000ead00000|  0%| F|  |TAMS 0x00000000eac00000| PB 0x00000000eac00000| Untracked 
| 173|0x00000000ead00000, 0x00000000ead57958, 0x00000000eae00000| 34%| E|  |TAMS 0x00000000ead00000| PB 0x00000000ead00000| Complete 
| 174|0x00000000eae00000, 0x00000000eaf00000, 0x00000000eaf00000|100%| E|CS|TAMS 0x00000000eae00000| PB 0x00000000eae00000| Complete 
| 175|0x00000000eaf00000, 0x00000000eb000000, 0x00000000eb000000|100%| E|CS|TAMS 0x00000000eaf00000| PB 0x00000000eaf00000| Complete 
| 176|0x00000000eb000000, 0x00000000eb100000, 0x00000000eb100000|100%| E|CS|TAMS 0x00000000eb000000| PB 0x00000000eb000000| Complete 
| 177|0x00000000eb100000, 0x00000000eb200000, 0x00000000eb200000|100%| E|CS|TAMS 0x00000000eb100000| PB 0x00000000eb100000| Complete 
| 178|0x00000000eb200000, 0x00000000eb300000, 0x00000000eb300000|100%| E|CS|TAMS 0x00000000eb200000| PB 0x00000000eb200000| Complete 
| 179|0x00000000eb300000, 0x00000000eb400000, 0x00000000eb400000|100%| E|CS|TAMS 0x00000000eb300000| PB 0x00000000eb300000| Complete 
| 180|0x00000000eb400000, 0x00000000eb500000, 0x00000000eb500000|100%| E|CS|TAMS 0x00000000eb400000| PB 0x00000000eb400000| Complete 
| 181|0x00000000eb500000, 0x00000000eb600000, 0x00000000eb600000|100%| E|CS|TAMS 0x00000000eb500000| PB 0x00000000eb500000| Complete 
| 182|0x00000000eb600000, 0x00000000eb700000, 0x00000000eb700000|100%| E|CS|TAMS 0x00000000eb600000| PB 0x00000000eb600000| Complete 
| 183|0x00000000eb700000, 0x00000000eb800000, 0x00000000eb800000|100%| E|CS|TAMS 0x00000000eb700000| PB 0x00000000eb700000| Complete 
| 184|0x00000000eb800000, 0x00000000eb900000, 0x00000000eb900000|100%| E|CS|TAMS 0x00000000eb800000| PB 0x00000000eb800000| Complete 
| 185|0x00000000eb900000, 0x00000000eba00000, 0x00000000eba00000|100%| E|CS|TAMS 0x00000000eb900000| PB 0x00000000eb900000| Complete 
| 186|0x00000000eba00000, 0x00000000ebb00000, 0x00000000ebb00000|100%| E|CS|TAMS 0x00000000eba00000| PB 0x00000000eba00000| Complete 
| 187|0x00000000ebb00000, 0x00000000ebc00000, 0x00000000ebc00000|100%| E|CS|TAMS 0x00000000ebb00000| PB 0x00000000ebb00000| Complete 
| 188|0x00000000ebc00000, 0x00000000ebd00000, 0x00000000ebd00000|100%| E|CS|TAMS 0x00000000ebc00000| PB 0x00000000ebc00000| Complete 
| 189|0x00000000ebd00000, 0x00000000ebe00000, 0x00000000ebe00000|100%| E|CS|TAMS 0x00000000ebd00000| PB 0x00000000ebd00000| Complete 
| 190|0x00000000ebe00000, 0x00000000ebf00000, 0x00000000ebf00000|100%| E|CS|TAMS 0x00000000ebe00000| PB 0x00000000ebe00000| Complete 
| 191|0x00000000ebf00000, 0x00000000ec000000, 0x00000000ec000000|100%| E|CS|TAMS 0x00000000ebf00000| PB 0x00000000ebf00000| Complete 
| 192|0x00000000ec000000, 0x00000000ec100000, 0x00000000ec100000|100%| E|CS|TAMS 0x00000000ec000000| PB 0x00000000ec000000| Complete 
| 193|0x00000000ec100000, 0x00000000ec200000, 0x00000000ec200000|100%| E|CS|TAMS 0x00000000ec100000| PB 0x00000000ec100000| Complete 
| 194|0x00000000ec200000, 0x00000000ec300000, 0x00000000ec300000|100%| E|CS|TAMS 0x00000000ec200000| PB 0x00000000ec200000| Complete 
| 195|0x00000000ec300000, 0x00000000ec400000, 0x00000000ec400000|100%| E|CS|TAMS 0x00000000ec300000| PB 0x00000000ec300000| Complete 
| 196|0x00000000ec400000, 0x00000000ec500000, 0x00000000ec500000|100%| E|CS|TAMS 0x00000000ec400000| PB 0x00000000ec400000| Complete 
| 197|0x00000000ec500000, 0x00000000ec600000, 0x00000000ec600000|100%| E|CS|TAMS 0x00000000ec500000| PB 0x00000000ec500000| Complete 
| 198|0x00000000ec600000, 0x00000000ec700000, 0x00000000ec700000|100%| E|CS|TAMS 0x00000000ec600000| PB 0x00000000ec600000| Complete 
| 199|0x00000000ec700000, 0x00000000ec800000, 0x00000000ec800000|100%| E|CS|TAMS 0x00000000ec700000| PB 0x00000000ec700000| Complete 
| 200|0x00000000ec800000, 0x00000000ec900000, 0x00000000ec900000|100%| E|CS|TAMS 0x00000000ec800000| PB 0x00000000ec800000| Complete 
| 201|0x00000000ec900000, 0x00000000eca00000, 0x00000000eca00000|100%| E|CS|TAMS 0x00000000ec900000| PB 0x00000000ec900000| Complete 
| 202|0x00000000eca00000, 0x00000000ecb00000, 0x00000000ecb00000|100%| E|CS|TAMS 0x00000000eca00000| PB 0x00000000eca00000| Complete 
| 203|0x00000000ecb00000, 0x00000000ecc00000, 0x00000000ecc00000|100%| E|CS|TAMS 0x00000000ecb00000| PB 0x00000000ecb00000| Complete 
| 204|0x00000000ecc00000, 0x00000000ecd00000, 0x00000000ecd00000|100%| E|CS|TAMS 0x00000000ecc00000| PB 0x00000000ecc00000| Complete 
| 205|0x00000000ecd00000, 0x00000000ece00000, 0x00000000ece00000|100%| E|CS|TAMS 0x00000000ecd00000| PB 0x00000000ecd00000| Complete 
| 206|0x00000000ece00000, 0x00000000ecf00000, 0x00000000ecf00000|100%| E|CS|TAMS 0x00000000ece00000| PB 0x00000000ece00000| Complete 
| 207|0x00000000ecf00000, 0x00000000ed000000, 0x00000000ed000000|100%| E|CS|TAMS 0x00000000ecf00000| PB 0x00000000ecf00000| Complete 
| 208|0x00000000ed000000, 0x00000000ed100000, 0x00000000ed100000|100%| E|CS|TAMS 0x00000000ed000000| PB 0x00000000ed000000| Complete 
| 209|0x00000000ed100000, 0x00000000ed200000, 0x00000000ed200000|100%| E|CS|TAMS 0x00000000ed100000| PB 0x00000000ed100000| Complete 
| 210|0x00000000ed200000, 0x00000000ed300000, 0x00000000ed300000|100%| E|CS|TAMS 0x00000000ed200000| PB 0x00000000ed200000| Complete 
| 211|0x00000000ed300000, 0x00000000ed400000, 0x00000000ed400000|100%| E|CS|TAMS 0x00000000ed300000| PB 0x00000000ed300000| Complete 
| 212|0x00000000ed400000, 0x00000000ed500000, 0x00000000ed500000|100%| E|CS|TAMS 0x00000000ed400000| PB 0x00000000ed400000| Complete 
| 213|0x00000000ed500000, 0x00000000ed600000, 0x00000000ed600000|100%| E|CS|TAMS 0x00000000ed500000| PB 0x00000000ed500000| Complete 
| 214|0x00000000ed600000, 0x00000000ed700000, 0x00000000ed700000|100%| E|CS|TAMS 0x00000000ed600000| PB 0x00000000ed600000| Complete 
| 215|0x00000000ed700000, 0x00000000ed800000, 0x00000000ed800000|100%| E|CS|TAMS 0x00000000ed700000| PB 0x00000000ed700000| Complete 
| 216|0x00000000ed800000, 0x00000000ed900000, 0x00000000ed900000|100%| E|CS|TAMS 0x00000000ed800000| PB 0x00000000ed800000| Complete 
| 217|0x00000000ed900000, 0x00000000eda00000, 0x00000000eda00000|100%| E|CS|TAMS 0x00000000ed900000| PB 0x00000000ed900000| Complete 
| 218|0x00000000eda00000, 0x00000000edb00000, 0x00000000edb00000|100%| E|CS|TAMS 0x00000000eda00000| PB 0x00000000eda00000| Complete 
| 219|0x00000000edb00000, 0x00000000edc00000, 0x00000000edc00000|100%| E|CS|TAMS 0x00000000edb00000| PB 0x00000000edb00000| Complete 
| 220|0x00000000edc00000, 0x00000000edd00000, 0x00000000edd00000|100%| E|CS|TAMS 0x00000000edc00000| PB 0x00000000edc00000| Complete 
| 221|0x00000000edd00000, 0x00000000ede00000, 0x00000000ede00000|100%| E|CS|TAMS 0x00000000edd00000| PB 0x00000000edd00000| Complete 
| 222|0x00000000ede00000, 0x00000000edf00000, 0x00000000edf00000|100%| E|CS|TAMS 0x00000000ede00000| PB 0x00000000ede00000| Complete 
| 223|0x00000000edf00000, 0x00000000ee000000, 0x00000000ee000000|100%| E|CS|TAMS 0x00000000edf00000| PB 0x00000000edf00000| Complete 
| 224|0x00000000ee000000, 0x00000000ee100000, 0x00000000ee100000|100%| E|CS|TAMS 0x00000000ee000000| PB 0x00000000ee000000| Complete 
| 225|0x00000000ee100000, 0x00000000ee200000, 0x00000000ee200000|100%| E|CS|TAMS 0x00000000ee100000| PB 0x00000000ee100000| Complete 
| 226|0x00000000ee200000, 0x00000000ee300000, 0x00000000ee300000|100%| E|CS|TAMS 0x00000000ee200000| PB 0x00000000ee200000| Complete 
| 227|0x00000000ee300000, 0x00000000ee400000, 0x00000000ee400000|100%| E|CS|TAMS 0x00000000ee300000| PB 0x00000000ee300000| Complete 
| 228|0x00000000ee400000, 0x00000000ee500000, 0x00000000ee500000|100%| E|CS|TAMS 0x00000000ee400000| PB 0x00000000ee400000| Complete 
| 229|0x00000000ee500000, 0x00000000ee600000, 0x00000000ee600000|100%| E|CS|TAMS 0x00000000ee500000| PB 0x00000000ee500000| Complete 
| 230|0x00000000ee600000, 0x00000000ee700000, 0x00000000ee700000|100%| E|CS|TAMS 0x00000000ee600000| PB 0x00000000ee600000| Complete 
| 231|0x00000000ee700000, 0x00000000ee800000, 0x00000000ee800000|100%| E|CS|TAMS 0x00000000ee700000| PB 0x00000000ee700000| Complete 
| 232|0x00000000ee800000, 0x00000000ee900000, 0x00000000ee900000|100%| E|CS|TAMS 0x00000000ee800000| PB 0x00000000ee800000| Complete 
| 233|0x00000000ee900000, 0x00000000eea00000, 0x00000000eea00000|100%| E|CS|TAMS 0x00000000ee900000| PB 0x00000000ee900000| Complete 
| 234|0x00000000eea00000, 0x00000000eeb00000, 0x00000000eeb00000|100%| E|CS|TAMS 0x00000000eea00000| PB 0x00000000eea00000| Complete 
| 235|0x00000000eeb00000, 0x00000000eec00000, 0x00000000eec00000|100%| E|CS|TAMS 0x00000000eeb00000| PB 0x00000000eeb00000| Complete 
| 236|0x00000000eec00000, 0x00000000eed00000, 0x00000000eed00000|100%| E|CS|TAMS 0x00000000eec00000| PB 0x00000000eec00000| Complete 
| 237|0x00000000eed00000, 0x00000000eee00000, 0x00000000eee00000|100%| E|CS|TAMS 0x00000000eed00000| PB 0x00000000eed00000| Complete 
| 238|0x00000000eee00000, 0x00000000eef00000, 0x00000000eef00000|100%| E|CS|TAMS 0x00000000eee00000| PB 0x00000000eee00000| Complete 
| 239|0x00000000eef00000, 0x00000000ef000000, 0x00000000ef000000|100%| E|CS|TAMS 0x00000000eef00000| PB 0x00000000eef00000| Complete 
| 240|0x00000000ef000000, 0x00000000ef100000, 0x00000000ef100000|100%| E|CS|TAMS 0x00000000ef000000| PB 0x00000000ef000000| Complete 
| 241|0x00000000ef100000, 0x00000000ef200000, 0x00000000ef200000|100%| E|CS|TAMS 0x00000000ef100000| PB 0x00000000ef100000| Complete 
| 242|0x00000000ef200000, 0x00000000ef300000, 0x00000000ef300000|100%| E|CS|TAMS 0x00000000ef200000| PB 0x00000000ef200000| Complete 
| 243|0x00000000ef300000, 0x00000000ef400000, 0x00000000ef400000|100%| E|CS|TAMS 0x00000000ef300000| PB 0x00000000ef300000| Complete 
| 244|0x00000000ef400000, 0x00000000ef500000, 0x00000000ef500000|100%| E|CS|TAMS 0x00000000ef400000| PB 0x00000000ef400000| Complete 
| 245|0x00000000ef500000, 0x00000000ef600000, 0x00000000ef600000|100%| E|CS|TAMS 0x00000000ef500000| PB 0x00000000ef500000| Complete 
| 246|0x00000000ef600000, 0x00000000ef700000, 0x00000000ef700000|100%| E|CS|TAMS 0x00000000ef600000| PB 0x00000000ef600000| Complete 
| 247|0x00000000ef700000, 0x00000000ef800000, 0x00000000ef800000|100%| E|CS|TAMS 0x00000000ef700000| PB 0x00000000ef700000| Complete 
| 248|0x00000000ef800000, 0x00000000ef900000, 0x00000000ef900000|100%| E|CS|TAMS 0x00000000ef800000| PB 0x00000000ef800000| Complete 
| 249|0x00000000ef900000, 0x00000000efa00000, 0x00000000efa00000|100%| E|CS|TAMS 0x00000000ef900000| PB 0x00000000ef900000| Complete 
| 250|0x00000000efa00000, 0x00000000efb00000, 0x00000000efb00000|100%| E|CS|TAMS 0x00000000efa00000| PB 0x00000000efa00000| Complete 
| 251|0x00000000efb00000, 0x00000000efc00000, 0x00000000efc00000|100%| E|CS|TAMS 0x00000000efb00000| PB 0x00000000efb00000| Complete 
| 252|0x00000000efc00000, 0x00000000efd00000, 0x00000000efd00000|100%| E|CS|TAMS 0x00000000efc00000| PB 0x00000000efc00000| Complete 
| 253|0x00000000efd00000, 0x00000000efe00000, 0x00000000efe00000|100%| E|CS|TAMS 0x00000000efd00000| PB 0x00000000efd00000| Complete 
| 254|0x00000000efe00000, 0x00000000eff00000, 0x00000000eff00000|100%| E|CS|TAMS 0x00000000efe00000| PB 0x00000000efe00000| Complete 
| 255|0x00000000eff00000, 0x00000000f0000000, 0x00000000f0000000|100%| E|CS|TAMS 0x00000000eff00000| PB 0x00000000eff00000| Complete 

Card table byte_map: [0x000001e1246d0000,0x000001e1247d0000] _byte_map_base: 0x000001e123fd0000

Marking Bits: (CMBitMap*) 0x000001e10b080dc0
 Bits: [0x000001e1248d0000, 0x000001e1250d0000)

Polling page: 0x000001e114b30000

Metaspace:

Usage:
  Non-class:     49.42 MB used.
      Class:      8.29 MB used.
       Both:     57.71 MB used.

Virtual space:
  Non-class space:       64.00 MB reserved,      50.38 MB ( 79%) committed,  1 nodes.
      Class space:      308.00 MB reserved,       9.25 MB (  3%) committed,  1 nodes.
             Both:      372.00 MB reserved,      59.62 MB ( 16%) committed. 

Chunk freelists:
   Non-Class:  1.03 MB
       Class:  2.59 MB
        Both:  3.62 MB

MaxMetaspaceSize: 384.00 MB
CompressedClassSpaceSize: 308.00 MB
Initial GC threshold: 21.00 MB
Current GC threshold: 60.12 MB
CDS: on
MetaspaceReclaimPolicy: balanced
 - commit_granule_bytes: 65536.
 - commit_granule_words: 8192.
 - virtual_space_node_default_size: 8388608.
 - enlarge_chunks_in_place: 1.
 - new_chunks_are_fully_committed: 0.
 - uncommit_free_chunks: 1.
 - use_allocation_guard: 0.


Internal statistics:

num_allocs_failed_limit: 12.
num_arena_births: 3396.
num_arena_deaths: 0.
num_vsnodes_births: 2.
num_vsnodes_deaths: 0.
num_space_committed: 954.
num_space_uncommitted: 0.
num_chunks_returned_to_freelist: 12.
num_chunks_taken_from_freelist: 6128.
num_chunk_merges: 12.
num_chunk_splits: 4022.
num_chunks_enlarged: 2521.
num_inconsistent_stats: 0.

CodeHeap 'non-profiled nmethods': size=120000Kb used=3469Kb max_used=3469Kb free=116530Kb
 bounds [0x000001e11c620000, 0x000001e11c990000, 0x000001e123b50000]
CodeHeap 'profiled nmethods': size=120000Kb used=12755Kb max_used=12755Kb free=107244Kb
 bounds [0x000001e114b50000, 0x000001e1157d0000, 0x000001e11c080000]
CodeHeap 'non-nmethods': size=5760Kb used=3024Kb max_used=3061Kb free=2735Kb
 bounds [0x000001e11c080000, 0x000001e11c390000, 0x000001e11c620000]
 total_blobs=7329 nmethods=6449 adapters=789
 compilation: enabled
              stopped_count=0, restarted_count=0
 full_count=0

Compilation events (20 events):
Event: 40.375 Thread 0x000001e127b7c970 nmethod 6873 0x000001e1157b8c10 code [0x000001e1157b8dc0, 0x000001e1157b9138]
Event: 40.376 Thread 0x000001e127b79050 nmethod 6863 0x000001e11c980c10 code [0x000001e11c980d80, 0x000001e11c980ea0]
Event: 40.376 Thread 0x000001e127b79050 6867       4       java.util.StringJoiner::toString (53 bytes)
Event: 40.377 Thread 0x000001e127b7c970 6874       3       com.sun.beans.introspect.PropertyInfo::initialize (392 bytes)
Event: 40.380 Thread 0x000001e127b7c970 nmethod 6874 0x000001e1157b9210 code [0x000001e1157b9560, 0x000001e1157bae60]
Event: 40.395 Thread 0x000001e127b7c970 6875       3       org.objectweb.asm.AnnotationWriter::visitEnd (44 bytes)
Event: 40.396 Thread 0x000001e127b7c970 nmethod 6875 0x000001e1157bb510 code [0x000001e1157bb6a0, 0x000001e1157bb848]
Event: 40.396 Thread 0x000001e127b7c970 6876       3       java.lang.invoke.LambdaForm$DMH/0x000001e128edc400::newInvokeSpecial (34 bytes)
Event: 40.397 Thread 0x000001e127b7c970 nmethod 6876 0x000001e1157bb990 code [0x000001e1157bbb60, 0x000001e1157bc300]
Event: 40.403 Thread 0x000001e127b79050 nmethod 6867 0x000001e11c980f90 code [0x000001e11c981160, 0x000001e11c981d28]
Event: 40.403 Thread 0x000001e127b79050 6877       4       org.gradle.internal.reflect.ClassInspector::inspectClass (179 bytes)
Event: 40.405 Thread 0x000001e127b7c970 6878       1       org.gradle.api.internal.DefaultNamedDomainObjectCollection$AbstractNamedDomainObjectProvider::getName (5 bytes)
Event: 40.405 Thread 0x000001e127b7c970 nmethod 6878 0x000001e11c982690 code [0x000001e11c982800, 0x000001e11c9828c8]
Event: 40.451 Thread 0x000001e127b7c970 6879       3       java.util.concurrent.ThreadPoolExecutor::workerCountOf (5 bytes)
Event: 40.451 Thread 0x000001e127b7c970 nmethod 6879 0x000001e1157bc510 code [0x000001e1157bc6a0, 0x000001e1157bc798]
Event: 40.565 Thread 0x000001e127b7c970 6883       1       org.gradle.api.internal.tasks.properties.AbstractPropertySpec::getPropertyName (5 bytes)
Event: 40.565 Thread 0x000001e127b7c970 nmethod 6883 0x000001e11c982f90 code [0x000001e11c983100, 0x000001e11c9831c8]
Event: 40.596 Thread 0x000001e127b7c970 6884       3       com.google.common.cache.LocalCache::createSegment (13 bytes)
Event: 40.597 Thread 0x000001e127b7c970 nmethod 6884 0x000001e1157bc810 code [0x000001e1157bc9a0, 0x000001e1157bcb68]
Event: 40.597 Thread 0x000001e127b7c970 6885       3       com.google.common.cache.LocalCache$Segment::<init> (163 bytes)

GC Heap History (14 events):
Event: 3.169 GC heap before
{Heap before GC invocations=0 (full 0):
 garbage-first heap   total 262144K, used 26624K [0x00000000e0000000, 0x0000000100000000)
  region size 1024K, 23 young (23552K), 0 survivors (0K)
 Metaspace       used 3145K, committed 3264K, reserved 380928K
  class space    used 397K, committed 448K, reserved 315392K
}
Event: 3.182 GC heap after
{Heap after GC invocations=1 (full 0):
 garbage-first heap   total 262144K, used 10240K [0x00000000e0000000, 0x0000000100000000)
  region size 1024K, 3 young (3072K), 3 survivors (3072K)
 Metaspace       used 3145K, committed 3264K, reserved 380928K
  class space    used 397K, committed 448K, reserved 315392K
}
Event: 5.001 GC heap before
{Heap before GC invocations=1 (full 0):
 garbage-first heap   total 262144K, used 39936K [0x00000000e0000000, 0x0000000100000000)
  region size 1024K, 32 young (32768K), 3 survivors (3072K)
 Metaspace       used 4122K, committed 4288K, reserved 380928K
  class space    used 491K, committed 576K, reserved 315392K
}
Event: 5.007 GC heap after
{Heap after GC invocations=2 (full 0):
 garbage-first heap   total 262144K, used 13315K [0x00000000e0000000, 0x0000000100000000)
  region size 1024K, 3 young (3072K), 3 survivors (3072K)
 Metaspace       used 4122K, committed 4288K, reserved 380928K
  class space    used 491K, committed 576K, reserved 315392K
}
Event: 11.748 GC heap before
{Heap before GC invocations=2 (full 0):
 garbage-first heap   total 262144K, used 114691K [0x00000000e0000000, 0x0000000100000000)
  region size 1024K, 103 young (105472K), 3 survivors (3072K)
 Metaspace       used 20884K, committed 21504K, reserved 380928K
  class space    used 3037K, committed 3328K, reserved 315392K
}
Event: 11.769 GC heap after
{Heap after GC invocations=3 (full 0):
 garbage-first heap   total 262144K, used 22356K [0x00000000e0000000, 0x0000000100000000)
  region size 1024K, 12 young (12288K), 12 survivors (12288K)
 Metaspace       used 20884K, committed 21504K, reserved 380928K
  class space    used 3037K, committed 3328K, reserved 315392K
}
Event: 17.336 GC heap before
{Heap before GC invocations=4 (full 0):
 garbage-first heap   total 262144K, used 125780K [0x00000000e0000000, 0x0000000100000000)
  region size 1024K, 115 young (117760K), 12 survivors (12288K)
 Metaspace       used 34821K, committed 35968K, reserved 380928K
  class space    used 4946K, committed 5504K, reserved 315392K
}
Event: 17.364 GC heap after
{Heap after GC invocations=5 (full 0):
 garbage-first heap   total 262144K, used 31192K [0x00000000e0000000, 0x0000000100000000)
  region size 1024K, 9 young (9216K), 9 survivors (9216K)
 Metaspace       used 34821K, committed 35968K, reserved 380928K
  class space    used 4946K, committed 5504K, reserved 315392K
}
Event: 17.713 GC heap before
{Heap before GC invocations=5 (full 0):
 garbage-first heap   total 262144K, used 34264K [0x00000000e0000000, 0x0000000100000000)
  region size 1024K, 13 young (13312K), 9 survivors (9216K)
 Metaspace       used 35080K, committed 36288K, reserved 380928K
  class space    used 4968K, committed 5568K, reserved 315392K
}
Event: 17.729 GC heap after
{Heap after GC invocations=6 (full 0):
 garbage-first heap   total 262144K, used 31169K [0x00000000e0000000, 0x0000000100000000)
  region size 1024K, 8 young (8192K), 8 survivors (8192K)
 Metaspace       used 35080K, committed 36288K, reserved 380928K
  class space    used 4968K, committed 5568K, reserved 315392K
}
Event: 17.759 GC heap before
{Heap before GC invocations=6 (full 0):
 garbage-first heap   total 262144K, used 36289K [0x00000000e0000000, 0x0000000100000000)
  region size 1024K, 10 young (10240K), 8 survivors (8192K)
 Metaspace       used 35411K, committed 36608K, reserved 380928K
  class space    used 4969K, committed 5568K, reserved 315392K
}
Event: 17.769 GC heap after
{Heap after GC invocations=7 (full 0):
 garbage-first heap   total 262144K, used 33217K [0x00000000e0000000, 0x0000000100000000)
  region size 1024K, 8 young (8192K), 8 survivors (8192K)
 Metaspace       used 35411K, committed 36608K, reserved 380928K
  class space    used 4969K, committed 5568K, reserved 315392K
}
Event: 32.710 GC heap before
{Heap before GC invocations=8 (full 0):
 garbage-first heap   total 262144K, used 183745K [0x00000000e0000000, 0x0000000100000000)
  region size 1024K, 153 young (156672K), 8 survivors (8192K)
 Metaspace       used 50942K, committed 52800K, reserved 380928K
  class space    used 7335K, committed 8256K, reserved 315392K
}
Event: 32.762 GC heap after
{Heap after GC invocations=9 (full 0):
 garbage-first heap   total 262144K, used 40115K [0x00000000e0000000, 0x0000000100000000)
  region size 1024K, 17 young (17408K), 17 survivors (17408K)
 Metaspace       used 50942K, committed 52800K, reserved 380928K
  class space    used 7335K, committed 8256K, reserved 315392K
}

Dll operation events (15 events):
Event: 0.070 Loaded shared library C:\Users\giwat\.jdks\corretto-20.0.2.1\bin\java.dll
Event: 0.185 Loaded shared library C:\Users\giwat\.jdks\corretto-20.0.2.1\bin\jsvml.dll
Event: 0.413 Loaded shared library C:\Users\giwat\.jdks\corretto-20.0.2.1\bin\zip.dll
Event: 0.426 Loaded shared library C:\Users\giwat\.jdks\corretto-20.0.2.1\bin\instrument.dll
Event: 0.441 Loaded shared library C:\Users\giwat\.jdks\corretto-20.0.2.1\bin\net.dll
Event: 0.449 Loaded shared library C:\Users\giwat\.jdks\corretto-20.0.2.1\bin\nio.dll
Event: 0.478 Loaded shared library C:\Users\giwat\.jdks\corretto-20.0.2.1\bin\zip.dll
Event: 1.364 Loaded shared library C:\Users\giwat\.jdks\corretto-20.0.2.1\bin\jimage.dll
Event: 1.808 Loaded shared library C:\Users\giwat\.jdks\corretto-20.0.2.1\bin\verify.dll
Event: 2.469 Loaded shared library C:\Users\giwat\.gradle\native\c067742578af261105cb4f569cf0c3c89f3d7b1fecec35dd04571415982c5e48\windows-amd64\native-platform.dll
Event: 2.505 Loaded shared library C:\Users\giwat\.gradle\native\38dada09dfb8b06ba9b0570ebf7e218e3eb74d4ef43ca46872605cf95ebc2f47\windows-amd64\native-platform-file-events.dll
Event: 5.662 Loaded shared library C:\Users\giwat\.jdks\corretto-20.0.2.1\bin\management.dll
Event: 5.671 Loaded shared library C:\Users\giwat\.jdks\corretto-20.0.2.1\bin\management_ext.dll
Event: 6.598 Loaded shared library C:\Users\giwat\.jdks\corretto-20.0.2.1\bin\extnet.dll
Event: 7.400 Loaded shared library C:\Users\giwat\.jdks\corretto-20.0.2.1\bin\sunmscapi.dll

Deoptimization events (20 events):
Event: 39.281 Thread 0x000001e141929980 Uncommon trap: trap_request=0xffffffc6 fr.pc=0x000001e11c6c02bc relative=0x0000000000001afc
Event: 39.281 Thread 0x000001e141929980 Uncommon trap: reason=bimorphic_or_optimized_type_check action=maybe_recompile pc=0x000001e11c6c02bc method=java.util.HashMap.putVal(ILjava/lang/Object;Ljava/lang/Object;ZZ)Ljava/lang/Object; @ 91 c2
Event: 39.281 Thread 0x000001e141929980 DEOPT PACKING pc=0x000001e11c6c02bc sp=0x0000004669ff9560
Event: 39.281 Thread 0x000001e141929980 DEOPT UNPACKING pc=0x000001e11c09d2a2 sp=0x0000004669ff9418 mode 2
Event: 39.417 Thread 0x000001e141929980 Uncommon trap: trap_request=0xffffff45 fr.pc=0x000001e11c700124 relative=0x00000000000000a4
Event: 39.417 Thread 0x000001e141929980 Uncommon trap: reason=unstable_if action=reinterpret pc=0x000001e11c700124 method=java.lang.ref.ReferenceQueue.poll()Ljava/lang/ref/Reference; @ 4 c2
Event: 39.417 Thread 0x000001e141929980 DEOPT PACKING pc=0x000001e11c700124 sp=0x0000004669ff8fc0
Event: 39.419 Thread 0x000001e141929980 DEOPT UNPACKING pc=0x000001e11c09d2a2 sp=0x0000004669ff8ea8 mode 2
Event: 40.308 Thread 0x000001e141929980 Uncommon trap: trap_request=0xffffffcc fr.pc=0x000001e11c97ed2c relative=0x000000000000022c
Event: 40.308 Thread 0x000001e141929980 Uncommon trap: reason=intrinsic_or_type_checked_inlining action=make_not_entrant pc=0x000001e11c97ed2c method=java.util.ArrayList.toArray([Ljava/lang/Object;)[Ljava/lang/Object; @ 36 c2
Event: 40.308 Thread 0x000001e141929980 DEOPT PACKING pc=0x000001e11c97ed2c sp=0x0000004669ff7900
Event: 40.308 Thread 0x000001e141929980 DEOPT UNPACKING pc=0x000001e11c09d2a2 sp=0x0000004669ff78a0 mode 2
Event: 40.458 Thread 0x000001e14114b900 Uncommon trap: trap_request=0xffffff45 fr.pc=0x000001e11c6a41cc relative=0x000000000000060c
Event: 40.458 Thread 0x000001e14114b900 Uncommon trap: reason=unstable_if action=reinterpret pc=0x000001e11c6a41cc method=java.util.HashMap$HashIterator.<init>(Ljava/util/HashMap;)V @ 45 c2
Event: 40.458 Thread 0x000001e14114b900 DEOPT PACKING pc=0x000001e11c6a41cc sp=0x000000466c9fee70
Event: 40.458 Thread 0x000001e14114b900 DEOPT UNPACKING pc=0x000001e11c09d2a2 sp=0x000000466c9fed00 mode 2
Event: 40.464 Thread 0x000001e1438dde60 Uncommon trap: trap_request=0xffffff45 fr.pc=0x000001e11c7f72b4 relative=0x0000000000000334
Event: 40.464 Thread 0x000001e1438dde60 Uncommon trap: reason=unstable_if action=reinterpret pc=0x000001e11c7f72b4 method=java.util.HashMap$HashIterator.<init>(Ljava/util/HashMap;)V @ 45 c2
Event: 40.464 Thread 0x000001e1438dde60 DEOPT PACKING pc=0x000001e11c7f72b4 sp=0x000000466ccfeae0
Event: 40.464 Thread 0x000001e1438dde60 DEOPT UNPACKING pc=0x000001e11c09d2a2 sp=0x000000466ccfea98 mode 2

Classes loaded (20 events):
Event: 39.444 Loading class java/util/AbstractCollectionBeanInfo
Event: 39.457 Loading class java/util/AbstractCollectionBeanInfo done
Event: 39.458 Loading class java/util/AbstractCollectionBeanInfo
Event: 39.458 Loading class java/util/AbstractCollectionBeanInfo done
Event: 39.459 Loading class java/util/AbstractCollectionCustomizer
Event: 39.459 Loading class java/util/AbstractCollectionCustomizer done
Event: 39.459 Loading class java/util/AbstractCollectionCustomizer
Event: 39.459 Loading class java/util/AbstractCollectionCustomizer done
Event: 39.459 Loading class sun/reflect/generics/tree/BooleanSignature
Event: 39.462 Loading class sun/reflect/generics/tree/BooleanSignature done
Event: 39.465 Loading class sun/reflect/generics/reflectiveObjects/GenericArrayTypeImpl
Event: 39.467 Loading class sun/reflect/generics/reflectiveObjects/GenericArrayTypeImpl done
Event: 39.981 Loading class org/xml/sax/Locator
Event: 39.986 Loading class org/xml/sax/Locator done
Event: 39.987 Loading class org/xml/sax/SAXParseException
Event: 39.988 Loading class org/xml/sax/SAXParseException done
Event: 40.012 Loading class org/xml/sax/Attributes
Event: 40.066 Loading class org/xml/sax/Attributes done
Event: 40.316 Loading class java/io/FilterReader
Event: 40.347 Loading class java/io/FilterReader done

Classes unloaded (0 events):
No events

Classes redefined (0 events):
No events

Internal exceptions (20 events):
Event: 40.100 Thread 0x000001e141929980 Exception <a 'java/lang/ClassNotFoundException'{0x00000000eb7d1b40}: org/gradle/api/internal/plugins/NaggingBasePluginConventionBeanInfo> (0x00000000eb7d1b40) 
thrown [s\src\hotspot\share\classfile\systemDictionary.cpp, line 305]
Event: 40.101 Thread 0x000001e141929980 Exception <a 'java/lang/ClassNotFoundException'{0x00000000eb7dc8c0}: org/gradle/api/plugins/BasePluginConventionBeanInfo> (0x00000000eb7dc8c0) 
thrown [s\src\hotspot\share\classfile\systemDictionary.cpp, line 305]
Event: 40.102 Thread 0x000001e141929980 Exception <a 'java/lang/ClassNotFoundException'{0x00000000eb7e7608}: org/gradle/api/plugins/BasePluginConventionCustomizer> (0x00000000eb7e7608) 
thrown [s\src\hotspot\share\classfile\systemDictionary.cpp, line 305]
Event: 40.104 Thread 0x000001e141929980 Exception <a 'java/lang/ClassNotFoundException'{0x00000000eb7fc5c8}: org/gradle/api/internal/plugins/NaggingBasePluginConventionCustomizer> (0x00000000eb7fc5c8) 
thrown [s\src\hotspot\share\classfile\systemDictionary.cpp, line 305]
Event: 40.124 Thread 0x000001e141929980 Exception <a 'java/lang/ClassNotFoundException'{0x00000000eb63d5f8}: org/gradle/api/plugins/internal/NaggingJavaPluginConventionBeanInfo> (0x00000000eb63d5f8) 
thrown [s\src\hotspot\share\classfile\systemDictionary.cpp, line 305]
Event: 40.126 Thread 0x000001e141929980 Exception <a 'java/lang/ClassNotFoundException'{0x00000000eb648378}: org/gradle/api/plugins/JavaPluginConventionBeanInfo> (0x00000000eb648378) 
thrown [s\src\hotspot\share\classfile\systemDictionary.cpp, line 305]
Event: 40.139 Thread 0x000001e141929980 Exception <a 'java/lang/ClassNotFoundException'{0x00000000eb6530c0}: org/gradle/api/plugins/JavaPluginConventionCustomizer> (0x00000000eb6530c0) 
thrown [s\src\hotspot\share\classfile\systemDictionary.cpp, line 305]
Event: 40.147 Thread 0x000001e141929980 Exception <a 'java/lang/ClassNotFoundException'{0x00000000eb671bb0}: org/gradle/api/plugins/internal/NaggingJavaPluginConventionCustomizer> (0x00000000eb671bb0) 
thrown [s\src\hotspot\share\classfile\systemDictionary.cpp, line 305]
Event: 40.298 Thread 0x000001e141929980 Exception <a 'java/lang/ClassNotFoundException'{0x00000000eb5be8b8}: org/gradle/language/jvm/tasks/ProcessResources_DecoratedBeanInfo> (0x00000000eb5be8b8) 
thrown [s\src\hotspot\share\classfile\systemDictionary.cpp, line 305]
Event: 40.300 Thread 0x000001e141929980 Exception <a 'java/lang/ClassNotFoundException'{0x00000000eb5c9688}: org/gradle/language/jvm/tasks/ProcessResourcesBeanInfo> (0x00000000eb5c9688) 
thrown [s\src\hotspot\share\classfile\systemDictionary.cpp, line 305]
Event: 40.302 Thread 0x000001e141929980 Exception <a 'java/lang/ClassNotFoundException'{0x00000000eb5d25e0}: org/gradle/api/tasks/CopyBeanInfo> (0x00000000eb5d25e0) 
thrown [s\src\hotspot\share\classfile\systemDictionary.cpp, line 305]
Event: 40.305 Thread 0x000001e141929980 Exception <a 'java/lang/ClassNotFoundException'{0x00000000eb5db610}: org/gradle/api/tasks/AbstractCopyTaskBeanInfo> (0x00000000eb5db610) 
thrown [s\src\hotspot\share\classfile\systemDictionary.cpp, line 305]
Event: 40.307 Thread 0x000001e141929980 Exception <a 'java/lang/ClassNotFoundException'{0x00000000eb5e4678}: org/gradle/api/tasks/AbstractCopyTaskCustomizer> (0x00000000eb5e4678) 
thrown [s\src\hotspot\share\classfile\systemDictionary.cpp, line 305]
Event: 40.355 Thread 0x000001e141929980 Exception <a 'java/lang/ClassNotFoundException'{0x00000000eb45f0d8}: org/gradle/api/tasks/CopyCustomizer> (0x00000000eb45f0d8) 
thrown [s\src\hotspot\share\classfile\systemDictionary.cpp, line 305]
Event: 40.359 Thread 0x000001e141929980 Exception <a 'java/lang/ClassNotFoundException'{0x00000000eb480ff0}: org/gradle/language/jvm/tasks/ProcessResourcesCustomizer> (0x00000000eb480ff0) 
thrown [s\src\hotspot\share\classfile\systemDictionary.cpp, line 305]
Event: 40.364 Thread 0x000001e141929980 Exception <a 'java/lang/ClassNotFoundException'{0x00000000eb49fd38}: org/gradle/language/jvm/tasks/ProcessResources_DecoratedCustomizer> (0x00000000eb49fd38) 
thrown [s\src\hotspot\share\classfile\systemDictionary.cpp, line 305]
Event: 40.375 Thread 0x000001e141929980 Exception <a 'java/lang/ClassNotFoundException'{0x00000000eb331ce0}: org/gradle/api/DefaultTask_DecoratedBeanInfo> (0x00000000eb331ce0) 
thrown [s\src\hotspot\share\classfile\systemDictionary.cpp, line 305]
Event: 40.376 Thread 0x000001e141929980 Exception <a 'java/lang/ClassNotFoundException'{0x00000000eb33ad00}: org/gradle/api/DefaultTask_DecoratedCustomizer> (0x00000000eb33ad00) 
thrown [s\src\hotspot\share\classfile\systemDictionary.cpp, line 305]
Event: 40.556 Thread 0x000001e14114ae60 Exception <a 'java/lang/NoSuchMethodError'{0x00000000eb0ba440}: 'java.lang.Object java.lang.invoke.DirectMethodHandle$Holder.newInvokeSpecial(java.lang.Object, java.lang.Object, java.lang.Object, java.lang.Object, int, java.lang.Object)'> (0x00000000eb0ba440) 
thrown [s\src\hotspot\share\interpreter\linkResolver.cpp, line 773]
Event: 40.556 Thread 0x000001e14114ae60 Exception <a 'java/lang/NoSuchMethodError'{0x00000000eb0be450}: 'java.lang.Object java.lang.invoke.Invokers$Holder.linkToTargetMethod(java.lang.Object, java.lang.Object, java.lang.Object, int, java.lang.Object, java.lang.Object)'> (0x00000000eb0be450) 
thrown [s\src\hotspot\share\interpreter\linkResolver.cpp, line 773]

VM Operations (20 events):
Event: 35.935 Executing VM operation: HandshakeAllThreads
Event: 35.936 Executing VM operation: HandshakeAllThreads done
Event: 36.939 Executing VM operation: Cleanup
Event: 36.940 Executing VM operation: Cleanup done
Event: 37.547 Executing VM operation: ICBufferFull
Event: 37.548 Executing VM operation: ICBufferFull done
Event: 37.815 Executing VM operation: HandshakeAllThreads
Event: 37.815 Executing VM operation: HandshakeAllThreads done
Event: 38.223 Executing VM operation: HandshakeAllThreads
Event: 38.223 Executing VM operation: HandshakeAllThreads done
Event: 38.241 Executing VM operation: HandshakeAllThreads
Event: 38.242 Executing VM operation: HandshakeAllThreads done
Event: 39.154 Executing VM operation: ICBufferFull
Event: 39.154 Executing VM operation: ICBufferFull done
Event: 39.499 Executing VM operation: HandshakeAllThreads
Event: 39.499 Executing VM operation: HandshakeAllThreads done
Event: 39.544 Executing VM operation: HandshakeAllThreads
Event: 39.544 Executing VM operation: HandshakeAllThreads done
Event: 40.554 Executing VM operation: Cleanup
Event: 40.555 Executing VM operation: Cleanup done

Events (20 events):
Event: 27.698 Thread 0x000001e1411518a0 Thread added: 0x000001e1411518a0
Event: 30.170 Thread 0x000001e14114a3c0 Thread added: 0x000001e14114a3c0
Event: 30.170 Thread 0x000001e14114c8f0 Thread added: 0x000001e14114c8f0
Event: 30.170 Thread 0x000001e14114d390 Thread added: 0x000001e14114d390
Event: 30.171 Thread 0x000001e14114ce40 Thread added: 0x000001e14114ce40
Event: 30.171 Thread 0x000001e14114de30 Thread added: 0x000001e14114de30
Event: 30.171 Thread 0x000001e14114b3b0 Thread added: 0x000001e14114b3b0
Event: 30.172 Thread 0x000001e14114f370 Thread added: 0x000001e14114f370
Event: 30.878 Thread 0x000001e141151350 Thread added: 0x000001e141151350
Event: 35.017 Thread 0x000001e14114ae60 Thread added: 0x000001e14114ae60
Event: 35.116 Thread 0x000001e14114ae60 Thread exited: 0x000001e14114ae60
Event: 40.411 Thread 0x000001e14114ae60 Thread added: 0x000001e14114ae60
Event: 40.451 Thread 0x000001e14114b900 Thread added: 0x000001e14114b900
Event: 40.451 Thread 0x000001e14114c3a0 Thread added: 0x000001e14114c3a0
Event: 40.451 Thread 0x000001e1438e3360 Thread added: 0x000001e1438e3360
Event: 40.451 Thread 0x000001e1438dde60 Thread added: 0x000001e1438dde60
Event: 40.451 Thread 0x000001e1438de900 Thread added: 0x000001e1438de900
Event: 40.452 Thread 0x000001e1438e38b0 Thread added: 0x000001e1438e38b0
Event: 40.452 Thread 0x000001e1438e3e00 Thread added: 0x000001e1438e3e00
Event: 40.596 Thread 0x000001e1438e28c0 Thread added: 0x000001e1438e28c0


Dynamic libraries:
0x00007ff72dfe0000 - 0x00007ff72dfee000 	C:\Users\giwat\.jdks\corretto-20.0.2.1\bin\java.exe
0x00007ffd8ee90000 - 0x00007ffd8f0a7000 	C:\WINDOWS\SYSTEM32\ntdll.dll
0x00007ffd8cd90000 - 0x00007ffd8ce54000 	C:\WINDOWS\System32\KERNEL32.DLL
0x00007ffd8c620000 - 0x00007ffd8c9c5000 	C:\WINDOWS\System32\KERNELBASE.dll
0x00007ffd8cac0000 - 0x00007ffd8cbd1000 	C:\WINDOWS\System32\ucrtbase.dll
0x00007ffd6d530000 - 0x00007ffd6d547000 	C:\Users\giwat\.jdks\corretto-20.0.2.1\bin\jli.dll
0x00007ffd6b200000 - 0x00007ffd6b21b000 	C:\Users\giwat\.jdks\corretto-20.0.2.1\bin\VCRUNTIME140.dll
0x00007ffd8db40000 - 0x00007ffd8dcee000 	C:\WINDOWS\System32\USER32.dll
0x00007ffd8ca90000 - 0x00007ffd8cab6000 	C:\WINDOWS\System32\win32u.dll
0x00007ffd8e910000 - 0x00007ffd8e939000 	C:\WINDOWS\System32\GDI32.dll
0x00007ffd8c480000 - 0x00007ffd8c599000 	C:\WINDOWS\System32\gdi32full.dll
0x00007ffd8c200000 - 0x00007ffd8c29a000 	C:\WINDOWS\System32\msvcp_win.dll
0x00007ffd67540000 - 0x00007ffd677d3000 	C:\WINDOWS\WinSxS\amd64_microsoft.windows.common-controls_6595b64144ccf1df_6.0.22621.2506_none_270c5ae97388e100\COMCTL32.dll
0x00007ffd8e940000 - 0x00007ffd8e9e7000 	C:\WINDOWS\System32\msvcrt.dll
0x00007ffd8daf0000 - 0x00007ffd8db21000 	C:\WINDOWS\System32\IMM32.DLL
0x00007ffd6d4e0000 - 0x00007ffd6d4ec000 	C:\Users\giwat\.jdks\corretto-20.0.2.1\bin\vcruntime140_1.dll
0x00007ffd31c10000 - 0x00007ffd31c9e000 	C:\Users\giwat\.jdks\corretto-20.0.2.1\bin\msvcp140.dll
0x00007ffca0430000 - 0x00007ffca1134000 	C:\Users\giwat\.jdks\corretto-20.0.2.1\bin\server\jvm.dll
0x00007ffd8d650000 - 0x00007ffd8d701000 	C:\WINDOWS\System32\ADVAPI32.dll
0x00007ffd8cce0000 - 0x00007ffd8cd86000 	C:\WINDOWS\System32\sechost.dll
0x00007ffd8d370000 - 0x00007ffd8d487000 	C:\WINDOWS\System32\RPCRT4.dll
0x00007ffd68240000 - 0x00007ffd68249000 	C:\WINDOWS\SYSTEM32\WSOCK32.dll
0x00007ffd8edd0000 - 0x00007ffd8ee41000 	C:\WINDOWS\System32\WS2_32.dll
0x00007ffd81dd0000 - 0x00007ffd81e04000 	C:\WINDOWS\SYSTEM32\WINMM.dll
0x00007ffd83950000 - 0x00007ffd8395a000 	C:\WINDOWS\SYSTEM32\VERSION.dll
0x00007ffd8b160000 - 0x00007ffd8b178000 	C:\WINDOWS\SYSTEM32\kernel.appcore.dll
0x00007ffd6d460000 - 0x00007ffd6d46a000 	C:\Users\giwat\.jdks\corretto-20.0.2.1\bin\jimage.dll
0x00007ffd89580000 - 0x00007ffd897b3000 	C:\WINDOWS\SYSTEM32\DBGHELP.DLL
0x00007ffd8d760000 - 0x00007ffd8dae9000 	C:\WINDOWS\System32\combase.dll
0x00007ffd8ec40000 - 0x00007ffd8ed17000 	C:\WINDOWS\System32\OLEAUT32.dll
0x00007ffd6a8e0000 - 0x00007ffd6a912000 	C:\WINDOWS\SYSTEM32\dbgcore.DLL
0x00007ffd8c5a0000 - 0x00007ffd8c61a000 	C:\WINDOWS\System32\bcryptPrimitives.dll
0x00007ffd6a9d0000 - 0x00007ffd6a9de000 	C:\Users\giwat\.jdks\corretto-20.0.2.1\bin\instrument.dll
0x00007ffd560a0000 - 0x00007ffd560c6000 	C:\Users\giwat\.jdks\corretto-20.0.2.1\bin\java.dll
0x00007ffd28570000 - 0x00007ffd28647000 	C:\Users\giwat\.jdks\corretto-20.0.2.1\bin\jsvml.dll
0x00007ffd8e0b0000 - 0x00007ffd8e909000 	C:\WINDOWS\System32\SHELL32.dll
0x00007ffd8a0d0000 - 0x00007ffd8a9c4000 	C:\WINDOWS\SYSTEM32\windows.storage.dll
0x00007ffd89f90000 - 0x00007ffd8a0ce000 	C:\WINDOWS\SYSTEM32\wintypes.dll
0x00007ffd8cbe0000 - 0x00007ffd8ccd3000 	C:\WINDOWS\System32\SHCORE.dll
0x00007ffd8dff0000 - 0x00007ffd8e04e000 	C:\WINDOWS\System32\shlwapi.dll
0x00007ffd8c130000 - 0x00007ffd8c156000 	C:\WINDOWS\SYSTEM32\profapi.dll
0x00007ffd56080000 - 0x00007ffd56098000 	C:\Users\giwat\.jdks\corretto-20.0.2.1\bin\zip.dll
0x00007ffd56010000 - 0x00007ffd56023000 	C:\Users\giwat\.jdks\corretto-20.0.2.1\bin\net.dll
0x00007ffd843f0000 - 0x00007ffd84527000 	C:\WINDOWS\SYSTEM32\WINHTTP.dll
0x00007ffd8b630000 - 0x00007ffd8b699000 	C:\WINDOWS\system32\mswsock.dll
0x00007ffd55f70000 - 0x00007ffd55f86000 	C:\Users\giwat\.jdks\corretto-20.0.2.1\bin\nio.dll
0x00007ffd6a9c0000 - 0x00007ffd6a9d0000 	C:\Users\giwat\.jdks\corretto-20.0.2.1\bin\verify.dll
0x00007ffd870a0000 - 0x00007ffd870c7000 	C:\Users\giwat\.gradle\native\c067742578af261105cb4f569cf0c3c89f3d7b1fecec35dd04571415982c5e48\windows-amd64\native-platform.dll
0x00007ffd2c6c0000 - 0x00007ffd2c804000 	C:\Users\giwat\.gradle\native\38dada09dfb8b06ba9b0570ebf7e218e3eb74d4ef43ca46872605cf95ebc2f47\windows-amd64\native-platform-file-events.dll
0x00007ffd6d560000 - 0x00007ffd6d56a000 	C:\Users\giwat\.jdks\corretto-20.0.2.1\bin\management.dll
0x00007ffd6d550000 - 0x00007ffd6d55b000 	C:\Users\giwat\.jdks\corretto-20.0.2.1\bin\management_ext.dll
0x00007ffd8cee0000 - 0x00007ffd8cee8000 	C:\WINDOWS\System32\PSAPI.DLL
0x00007ffd8b920000 - 0x00007ffd8b93b000 	C:\WINDOWS\SYSTEM32\CRYPTSP.dll
0x00007ffd8b120000 - 0x00007ffd8b155000 	C:\WINDOWS\system32\rsaenh.dll
0x00007ffd8b6d0000 - 0x00007ffd8b6fc000 	C:\WINDOWS\SYSTEM32\USERENV.dll
0x00007ffd8bb10000 - 0x00007ffd8bb38000 	C:\WINDOWS\SYSTEM32\bcrypt.dll
0x00007ffd8b830000 - 0x00007ffd8b83c000 	C:\WINDOWS\SYSTEM32\CRYPTBASE.dll
0x00007ffd8ac20000 - 0x00007ffd8ac4d000 	C:\WINDOWS\SYSTEM32\IPHLPAPI.DLL
0x00007ffd8dd80000 - 0x00007ffd8dd89000 	C:\WINDOWS\System32\NSI.dll
0x00007ffd828a0000 - 0x00007ffd828b9000 	C:\WINDOWS\SYSTEM32\dhcpcsvc6.DLL
0x00007ffd82880000 - 0x00007ffd8289f000 	C:\WINDOWS\SYSTEM32\dhcpcsvc.DLL
0x00007ffd8ac50000 - 0x00007ffd8ad49000 	C:\WINDOWS\SYSTEM32\DNSAPI.dll
0x00007ffd60a50000 - 0x00007ffd60a57000 	C:\Users\giwat\.jdks\corretto-20.0.2.1\bin\extnet.dll
0x00007ffd6a920000 - 0x00007ffd6a92e000 	C:\Users\giwat\.jdks\corretto-20.0.2.1\bin\sunmscapi.dll
0x00007ffd8c310000 - 0x00007ffd8c476000 	C:\WINDOWS\System32\CRYPT32.dll
0x00007ffd8ba70000 - 0x00007ffd8ba9d000 	C:\WINDOWS\SYSTEM32\ncrypt.dll
0x00007ffd8ba30000 - 0x00007ffd8ba67000 	C:\WINDOWS\SYSTEM32\NTASN1.dll
0x00007ffd34aa0000 - 0x00007ffd34aa8000 	C:\WINDOWS\system32\wshunix.dll

dbghelp: loaded successfully - version: 4.0.5 - missing functions: none
symbol engine: initialized successfully - sym options: 0x614 - pdb path: .;C:\Users\giwat\.jdks\corretto-20.0.2.1\bin;C:\WINDOWS\SYSTEM32;C:\WINDOWS\WinSxS\amd64_microsoft.windows.common-controls_6595b64144ccf1df_6.0.22621.2506_none_270c5ae97388e100;C:\Users\giwat\.jdks\corretto-20.0.2.1\bin\server;C:\Users\giwat\.gradle\native\c067742578af261105cb4f569cf0c3c89f3d7b1fecec35dd04571415982c5e48\windows-amd64;C:\Users\giwat\.gradle\native\38dada09dfb8b06ba9b0570ebf7e218e3eb74d4ef43ca46872605cf95ebc2f47\windows-amd64

VM Arguments:
jvm_args: --add-opens=java.base/java.util=ALL-UNNAMED --add-opens=java.base/java.lang=ALL-UNNAMED --add-opens=java.base/java.lang.invoke=ALL-UNNAMED --add-opens=java.prefs/java.util.prefs=ALL-UNNAMED --add-opens=java.base/java.nio.charset=ALL-UNNAMED --add-opens=java.base/java.net=ALL-UNNAMED --add-opens=java.base/java.util.concurrent.atomic=ALL-UNNAMED -XX:MaxMetaspaceSize=384m -XX:+HeapDumpOnOutOfMemoryError -Xms256m -Xmx512m -Dfile.encoding=windows-1252 -Duser.country=CA -Duser.language=en -Duser.variant -javaagent:C:\Users\giwat\.gradle\wrapper\dists\gradle-8.4-bin\1w5dpkrfk8irigvoxmyhowfim\gradle-8.4\lib\agents\gradle-instrumentation-agent-8.4.jar 
java_command: org.gradle.launcher.daemon.bootstrap.GradleDaemon 8.4
java_class_path (initial): C:\Users\giwat\.gradle\wrapper\dists\gradle-8.4-bin\1w5dpkrfk8irigvoxmyhowfim\gradle-8.4\lib\gradle-launcher-8.4.jar
Launcher Type: SUN_STANDARD

[Global flags]
     intx CICompilerCount                          = 4                                         {product} {ergonomic}
   size_t CompressedClassSpaceSize                 = 322961408                                 {product} {ergonomic}
     uint ConcGCThreads                            = 2                                         {product} {ergonomic}
     uint G1ConcRefinementThreads                  = 8                                         {product} {ergonomic}
   size_t G1HeapRegionSize                         = 1048576                                   {product} {ergonomic}
    uintx GCDrainStackTargetSize                   = 64                                        {product} {ergonomic}
     bool HeapDumpOnOutOfMemoryError               = true                                   {manageable} {command line}
   size_t InitialHeapSize                          = 268435456                                 {product} {command line}
   size_t MarkStackSize                            = 4194304                                   {product} {ergonomic}
   size_t MaxHeapSize                              = 536870912                                 {product} {command line}
   size_t MaxMetaspaceSize                         = 402653184                                 {product} {command line}
   size_t MaxNewSize                               = 321912832                                 {product} {ergonomic}
   size_t MinHeapDeltaBytes                        = 1048576                                   {product} {ergonomic}
   size_t MinHeapSize                              = 268435456                                 {product} {command line}
    uintx NonNMethodCodeHeapSize                   = 5839372                                {pd product} {ergonomic}
    uintx NonProfiledCodeHeapSize                  = 122909434                              {pd product} {ergonomic}
    uintx ProfiledCodeHeapSize                     = 122909434                              {pd product} {ergonomic}
    uintx ReservedCodeCacheSize                    = 251658240                              {pd product} {ergonomic}
     bool SegmentedCodeCache                       = true                                      {product} {ergonomic}
   size_t SoftMaxHeapSize                          = 536870912                              {manageable} {ergonomic}
     bool UseCompressedClassPointers               = true                           {product lp64_product} {ergonomic}
     bool UseCompressedOops                        = true                           {product lp64_product} {ergonomic}
     bool UseG1GC                                  = true                                      {product} {ergonomic}
     bool UseLargePagesIndividualAllocation        = false                                  {pd product} {ergonomic}

Logging:
Log output configuration:
 #0: stdout all=warning uptime,level,tags foldmultilines=false
 #1: stderr all=off uptime,level,tags foldmultilines=false

Environment Variables:
PATH=C:\Program Files\Common Files\Oracle\Java\javapath;C:\Program Files (x86)\Common Files\Oracle\Java\javapath;C:\windows\system32;C:\windows;C:\windows\System32\Wbem;C:\windows\System32\WindowsPowerShell\v1.0\;C:\windows\System32\OpenSSH\;C:\Program Files\Microsoft SQL Server\130\Tools\Binn\;C:\Program Files\Git\cmd;C:\xampp\php;C:\ProgramData\ComposerSetup\bin;C:\WINDOWS\system32;C:\WINDOWS;C:\WINDOWS\System32\Wbem;C:\WINDOWS\System32\WindowsPowerShell\v1.0\;C:\WINDOWS\System32\OpenSSH\;C:\Program Files\dotnet\;C:\Program Files\Microsoft SQL Server\150\Tools\Binn\;C:\Program Files\nodejs\;C:\Users\giwat\Gradle\gradle-8.3\bin;;C:\Program Files\Docker\Docker\resources\bin;C:\Users\giwat\AppData\Local\Programs\Python\Python311\Scripts\;C:\Users\giwat\AppData\Local\Programs\Python\Python311\;C:\Program Files\MySQL\MySQL Shell 8.0\bin\;C:\Users\giwat\AppData\Local\Microsoft\WindowsApps;C:\Users\giwat\AppData\Local\Programs\Microsoft VS Code\bin;C:\Users\giwat\.dotnet\tools;C:\Users\giwat\AppData\Local\atom\bin;C:\Users\giwat\AppData\Roaming\Composer\vendor\bin;C:\Program Files (x86)\Brackets\;C:\Users\giwat\AppData\Local\Microsoft\WindowsApps;C:\Program Files\JetBrains\PyCharm 2022.3.1\bin;;C:\Users\giwat\.dotnet\tools;C:\Program Files\heroku\bin;C:\Users\giwat\AppData\Roaming\npm;C:\Program Files\JetBrains\DataGrip 2023.2.2\bin;
USERNAME=giwat
OS=Windows_NT
PROCESSOR_IDENTIFIER=Intel64 Family 6 Model 140 Stepping 2, GenuineIntel
TMP=C:\Users\giwat\AppData\Local\Temp
TEMP=C:\Users\giwat\AppData\Local\Temp




---------------  S Y S T E M  ---------------

OS:
 Windows 11 , 64 bit Build 22621 (10.0.22621.2506)
OS uptime: 0 days 16:38 hours
Hyper-V role detected

CPU: total 8 (initial active 8) (4 cores per cpu, 2 threads per core) family 6 model 140 stepping 2 microcode 0x2c, cx8, cmov, fxsr, ht, mmx, 3dnowpref, sse, sse2, sse3, ssse3, sse4.1, sse4.2, popcnt, lzcnt, tsc, tscinvbit, avx, avx2, aes, erms, clmul, bmi1, bmi2, adx, avx512f, avx512dq, avx512cd, avx512bw, avx512vl, sha, fma, vzeroupper, avx512_vpopcntdq, avx512_vpclmulqdq, avx512_vaes, avx512_vnni, clflush, clflushopt, clwb, avx512_vbmi2, avx512_vbmi, hv, rdtscp, rdpid, fsrm, gfni, avx512_bitalg, f16c, cet_ibt, cet_ss, avx512_ifma

Memory: 4k page, system-wide physical 7941M (22M free)
TotalPageFile size 32517M (AvailPageFile size 10M)
current process WorkingSet (physical memory assigned to process): 197M, peak: 272M
current process commit charge ("private bytes"): 480M, peak: 482M

vm_info: OpenJDK 64-Bit Server VM (20.0.2.1+10-FR) for windows-amd64 JRE (20.0.2.1+10-FR), built on 2023-08-19T09:18:31Z by "Administrator" with unknown MS VC++:1937

END.
