#
# There is insufficient memory for the Java Runtime Environment to continue.
# Native memory allocation (malloc) failed to allocate 316816 bytes for Chunk::new
# Possible reasons:
#   The system is out of physical RAM or swap space
#   The process is running with CompressedOops enabled, and the Java Heap may be blocking the growth of the native heap
# Possible solutions:
#   Reduce memory load on the system
#   Increase physical memory or swap space
#   Check if swap backing store is full
#   Decrease Java heap size (-Xmx/-Xms)
#   Decrease number of Java threads
#   Decrease Java thread stack sizes (-Xss)
#   Set larger code cache with -XX:ReservedCodeCacheSize=
#   JVM is running with Unscaled Compressed Oops mode in which the Java heap is
#     placed in the first 4GB address space. The Java Heap base address is the
#     maximum limit for the native heap growth. Please use -XX:HeapBaseMinAddress
#     to set the Java Heap base and to place the Java Heap above 4GB virtual address.
# This output file may be truncated or incomplete.
#
#  Out of Memory Error (arena.cpp:184), pid=25188, tid=24956
#
# JRE version: OpenJDK Runtime Environment Corretto-20.0.2.10.1 (20.0.2.1+10) (build 20.0.2.1+10-FR)
# Java VM: OpenJDK 64-Bit Server VM Corretto-20.0.2.10.1 (20.0.2.1+10-FR, mixed mode, sharing, tiered, compressed oops, compressed class ptrs, g1 gc, windows-amd64)
# No core dump will be written. Minidumps are not enabled by default on client versions of Windows
#

---------------  S U M M A R Y ------------

Command Line: --add-opens=java.base/java.util=ALL-UNNAMED --add-opens=java.base/java.lang=ALL-UNNAMED --add-opens=java.base/java.lang.invoke=ALL-UNNAMED --add-opens=java.prefs/java.util.prefs=ALL-UNNAMED --add-opens=java.base/java.nio.charset=ALL-UNNAMED --add-opens=java.base/java.net=ALL-UNNAMED --add-opens=java.base/java.util.concurrent.atomic=ALL-UNNAMED -XX:MaxMetaspaceSize=384m -XX:+HeapDumpOnOutOfMemoryError -Xms256m -Xmx512m -Dfile.encoding=windows-1252 -Duser.country=CA -Duser.language=en -Duser.variant -javaagent:C:\Users\giwat\.gradle\wrapper\dists\gradle-8.4-bin\1w5dpkrfk8irigvoxmyhowfim\gradle-8.4\lib\agents\gradle-instrumentation-agent-8.4.jar org.gradle.launcher.daemon.bootstrap.GradleDaemon 8.4

Host: 11th Gen Intel(R) Core(TM) i5-1155G7 @ 2.50GHz, 8 cores, 7G,  Windows 11 , 64 bit Build 22621 (10.0.22621.2506)
Time: Sat Nov 18 23:40:59 2023 Eastern Standard Time elapsed time: 96.300139 seconds (0d 0h 1m 36s)

---------------  T H R E A D  ---------------

Current thread (0x000001b326a8d400):  JavaThread "C2 CompilerThread0" daemon [_thread_in_native, id=24956, stack(0x00000074d8700000,0x00000074d8800000)]


Current CompileTask:
C2:  96300 5178       4       sun.invoke.util.VerifyAccess::isSamePackage (37 bytes)

Stack: [0x00000074d8700000,0x00000074d8800000]
Native frames: (J=compiled Java code, j=interpreted, Vv=VM code, C=native code)
V  [jvm.dll+0x6ba11a]
V  [jvm.dll+0x8968da]
V  [jvm.dll+0x898665]
V  [jvm.dll+0x898d53]
V  [jvm.dll+0x27f9ff]
V  [jvm.dll+0xc3771]
V  [jvm.dll+0xc3a95]
V  [jvm.dll+0x3b8f3c]
V  [jvm.dll+0x383445]
V  [jvm.dll+0x3828aa]
V  [jvm.dll+0x249089]
V  [jvm.dll+0x24847f]
V  [jvm.dll+0x1cbc81]
V  [jvm.dll+0x257f49]
V  [jvm.dll+0x256610]
V  [jvm.dll+0x3f0155]
V  [jvm.dll+0x843859]
V  [jvm.dll+0x6b8d9b]
C  [ucrtbase.dll+0x29363]
C  [KERNEL32.DLL+0x1257d]
C  [ntdll.dll+0x5aa58]


---------------  P R O C E S S  ---------------

Threads class SMR info:
_java_thread_list=0x000001b3419a8d20, length=43, elements={
0x000001b30beaf330, 0x000001b326a79940, 0x000001b326a7a8d0, 0x000001b326a83d90,
0x000001b326a859d0, 0x000001b326a88410, 0x000001b326a88e40, 0x000001b326a8d400,
0x000001b33f0000d0, 0x000001b33f0d3720, 0x000001b33f2a48c0, 0x000001b33fc7c960,
0x000001b33fc7f930, 0x000001b33fc7c410, 0x000001b33fc7d950, 0x000001b33fc7dea0,
0x000001b33fc7ceb0, 0x000001b33fc7f3e0, 0x000001b33fc7e3f0, 0x000001b33fc7d400,
0x000001b33fc7e940, 0x000001b33fc7ee90, 0x000001b33fecd520, 0x000001b33fec7580,
0x000001b33fecc530, 0x000001b33fec7030, 0x000001b33fec6590, 0x000001b33fecaaa0,
0x000001b33fec7ad0, 0x000001b33fecaff0, 0x000001b33fec6ae0, 0x000001b33feca550,
0x000001b33fec8020, 0x000001b33fecdfc0, 0x000001b33feccfd0, 0x000001b33fec9560,
0x000001b33fec9010, 0x000001b33fec9ab0, 0x000001b33feca000, 0x000001b33fecba90,
0x000001b33fecbfe0, 0x000001b33feaad40, 0x000001b33fea62e0
}

Java Threads: ( => current thread )
  0x000001b30beaf330 JavaThread "main" [_thread_blocked, id=24684, stack(0x00000074d7a00000,0x00000074d7b00000)]
  0x000001b326a79940 JavaThread "Reference Handler" daemon [_thread_blocked, id=18552, stack(0x00000074d8100000,0x00000074d8200000)]
  0x000001b326a7a8d0 JavaThread "Finalizer" daemon [_thread_blocked, id=33108, stack(0x00000074d8200000,0x00000074d8300000)]
  0x000001b326a83d90 JavaThread "Signal Dispatcher" daemon [_thread_blocked, id=17624, stack(0x00000074d8300000,0x00000074d8400000)]
  0x000001b326a859d0 JavaThread "Attach Listener" daemon [_thread_blocked, id=38496, stack(0x00000074d8400000,0x00000074d8500000)]
  0x000001b326a88410 JavaThread "Service Thread" daemon [_thread_blocked, id=16392, stack(0x00000074d8500000,0x00000074d8600000)]
  0x000001b326a88e40 JavaThread "Monitor Deflation Thread" daemon [_thread_blocked, id=15556, stack(0x00000074d8600000,0x00000074d8700000)]
=>0x000001b326a8d400 JavaThread "C2 CompilerThread0" daemon [_thread_in_native, id=24956, stack(0x00000074d8700000,0x00000074d8800000)]
  0x000001b33f0000d0 JavaThread "C1 CompilerThread0" daemon [_thread_blocked, id=31196, stack(0x00000074d8800000,0x00000074d8900000)]
  0x000001b33f0d3720 JavaThread "Common-Cleaner" daemon [_thread_blocked, id=28896, stack(0x00000074d8900000,0x00000074d8a00000)]
  0x000001b33f2a48c0 JavaThread "Notification Thread" daemon [_thread_blocked, id=15184, stack(0x00000074d8a00000,0x00000074d8b00000)]
  0x000001b33fc7c960 JavaThread "Daemon health stats" [_thread_blocked, id=36952, stack(0x00000074d9100000,0x00000074d9200000)]
  0x000001b33fc7f930 JavaThread "Incoming local TCP Connector on port 56318" [_thread_in_native, id=25032, stack(0x00000074d9200000,0x00000074d9300000)]
  0x000001b33fc7c410 JavaThread "Daemon periodic checks" [_thread_blocked, id=33980, stack(0x00000074d9300000,0x00000074d9400000)]
  0x000001b33fc7d950 JavaThread "Daemon" [_thread_blocked, id=9444, stack(0x00000074d9400000,0x00000074d9500000)]
  0x000001b33fc7dea0 JavaThread "Handler for socket connection from /127.0.0.1:56318 to /127.0.0.1:56319" [_thread_in_native, id=26320, stack(0x00000074d9500000,0x00000074d9600000)]
  0x000001b33fc7ceb0 JavaThread "Cancel handler" [_thread_blocked, id=34300, stack(0x00000074d9600000,0x00000074d9700000)]
  0x000001b33fc7f3e0 JavaThread "Daemon worker" [_thread_in_vm, id=18372, stack(0x00000074d9700000,0x00000074d9800000)]
  0x000001b33fc7e3f0 JavaThread "Asynchronous log dispatcher for DefaultDaemonConnection: socket connection from /127.0.0.1:56318 to /127.0.0.1:56319" [_thread_blocked, id=34980, stack(0x00000074d9800000,0x00000074d9900000)]
  0x000001b33fc7d400 JavaThread "Stdin handler" [_thread_blocked, id=36284, stack(0x00000074d9900000,0x00000074d9a00000)]
  0x000001b33fc7e940 JavaThread "Daemon client event forwarder" [_thread_blocked, id=36220, stack(0x00000074d9a00000,0x00000074d9b00000)]
  0x000001b33fc7ee90 JavaThread "Cache worker for journal cache (C:\Users\giwat\.gradle\caches\journal-1)" [_thread_blocked, id=16780, stack(0x00000074d9b00000,0x00000074d9c00000)]
  0x000001b33fecd520 JavaThread "File lock request listener" [_thread_in_native, id=288, stack(0x00000074d9c00000,0x00000074d9d00000)]
  0x000001b33fec7580 JavaThread "File lock release action executor" [_thread_blocked, id=38828, stack(0x00000074d9d00000,0x00000074d9e00000)]
  0x000001b33fecc530 JavaThread "Cache worker for file hash cache (C:\Users\giwat\.gradle\caches\8.4\fileHashes)" [_thread_blocked, id=31712, stack(0x00000074d9e00000,0x00000074d9f00000)]
  0x000001b33fec7030 JavaThread "File watcher server" daemon [_thread_in_native, id=28152, stack(0x00000074da200000,0x00000074da300000)]
  0x000001b33fec6590 JavaThread "File watcher consumer" daemon [_thread_blocked, id=27772, stack(0x00000074da300000,0x00000074da400000)]
  0x000001b33fecaaa0 JavaThread "Cache worker for checksums cache (C:\Users\giwat\Desktop\GBC\Semester5\COMP3095 - Web Application Development Using Java\Coursework\microservices-parent\inventory-service\.gradle\8.4\checksums)" [_thread_blocked, id=27836, stack(0x00000074da400000,0x00000074da500000)]
  0x000001b33fec7ad0 JavaThread "Cache worker for file hash cache (C:\Users\giwat\Desktop\GBC\Semester5\COMP3095 - Web Application Development Using Java\Coursework\microservices-parent\inventory-service\.gradle\8.4\fileHashes)" [_thread_blocked, id=30820, stack(0x00000074da500000,0x00000074da600000)]
  0x000001b33fecaff0 JavaThread "Cache worker for cache directory md-supplier (C:\Users\giwat\.gradle\caches\8.4\md-supplier)" [_thread_blocked, id=30480, stack(0x00000074da600000,0x00000074da700000)]
  0x000001b33fec6ae0 JavaThread "Cache worker for file content cache (C:\Users\giwat\.gradle\caches\8.4\fileContent)" [_thread_blocked, id=14584, stack(0x00000074da700000,0x00000074da800000)]
  0x000001b33feca550 JavaThread "Cache worker for cache directory md-rule (C:\Users\giwat\.gradle\caches\8.4\md-rule)" [_thread_blocked, id=34252, stack(0x00000074da800000,0x00000074da900000)]
  0x000001b33fec8020 JavaThread "Cache worker for execution history cache (C:\Users\giwat\.gradle\caches\8.4\executionHistory)" [_thread_blocked, id=12480, stack(0x00000074da900000,0x00000074daa00000)]
  0x000001b33fecdfc0 JavaThread "jar transforms" [_thread_blocked, id=30292, stack(0x00000074daa00000,0x00000074dab00000)]
  0x000001b33feccfd0 JavaThread "jar transforms Thread 2" [_thread_blocked, id=37664, stack(0x00000074dab00000,0x00000074dac00000)]
  0x000001b33fec9560 JavaThread "jar transforms Thread 3" [_thread_blocked, id=6252, stack(0x00000074dae00000,0x00000074daf00000)]
  0x000001b33fec9010 JavaThread "jar transforms Thread 4" [_thread_blocked, id=34820, stack(0x00000074daf00000,0x00000074db000000)]
  0x000001b33fec9ab0 JavaThread "jar transforms Thread 5" [_thread_blocked, id=6128, stack(0x00000074db000000,0x00000074db100000)]
  0x000001b33feca000 JavaThread "jar transforms Thread 6" [_thread_blocked, id=35964, stack(0x00000074db100000,0x00000074db200000)]
  0x000001b33fecba90 JavaThread "Cache worker for kotlin-dsl (C:\Users\giwat\.gradle\caches\8.4\kotlin-dsl)" [_thread_blocked, id=33440, stack(0x00000074db200000,0x00000074db300000)]
  0x000001b33fecbfe0 JavaThread "jar transforms Thread 7" [_thread_blocked, id=33116, stack(0x00000074d7700000,0x00000074d7800000)]
  0x000001b33feaad40 JavaThread "jar transforms Thread 8" [_thread_blocked, id=35364, stack(0x00000074d7800000,0x00000074d7900000)]
  0x000001b33fea62e0 JavaThread "Cache worker for dependencies-accessors (C:\Users\giwat\Desktop\GBC\Semester5\COMP3095 - Web Application Development Using Java\Coursework\microservices-parent\inventory-service\.gradle\8.4\dependencies-accessors)" [_thread_blocked, id=36452, stack(0x00000074d7900000,0x00000074d7a00000)]

Other Threads:
  0x000001b326a597b0 VMThread "VM Thread" [stack: 0x00000074d8000000,0x00000074d8100000] [id=36216]
  0x000001b33f2a5620 WatcherThread "VM Periodic Task Thread" [stack: 0x00000074d8b00000,0x00000074d8c00000] [id=15040]
  0x000001b30bee1130 WorkerThread "GC Thread#0" [stack: 0x00000074d7b00000,0x00000074d7c00000] [id=35184]
  0x000001b33fa33840 WorkerThread "GC Thread#1" [stack: 0x00000074d8c00000,0x00000074d8d00000] [id=37056]
  0x000001b33f9c87d0 WorkerThread "GC Thread#2" [stack: 0x00000074d8d00000,0x00000074d8e00000] [id=32608]
  0x000001b33fa75760 WorkerThread "GC Thread#3" [stack: 0x00000074d8e00000,0x00000074d8f00000] [id=33648]
  0x000001b33fa514c0 WorkerThread "GC Thread#4" [stack: 0x00000074d8f00000,0x00000074d9000000] [id=28508]
  0x000001b33fa50110 WorkerThread "GC Thread#5" [stack: 0x00000074d9000000,0x00000074d9100000] [id=32560]
  0x000001b34143e3a0 WorkerThread "GC Thread#6" [stack: 0x00000074d9f00000,0x00000074da000000] [id=23688]
  0x000001b34143ec10 WorkerThread "GC Thread#7" [stack: 0x00000074da000000,0x00000074da100000] [id=32200]
  0x000001b30bee6040 ConcurrentGCThread "G1 Main Marker" [stack: 0x00000074d7c00000,0x00000074d7d00000] [id=35836]
  0x000001b30bee6a70 WorkerThread "G1 Conc#0" [stack: 0x00000074d7d00000,0x00000074d7e00000] [id=10356]
  0x000001b341441640 WorkerThread "G1 Conc#1" [stack: 0x00000074da100000,0x00000074da200000] [id=26660]
  0x000001b30bf6e280 ConcurrentGCThread "G1 Refine#0" [stack: 0x00000074d7e00000,0x00000074d7f00000] [id=19828]
  0x000001b326915160 ConcurrentGCThread "G1 Service" [stack: 0x00000074d7f00000,0x00000074d8000000] [id=38300]

Threads with active compile tasks:
C2 CompilerThread0    96359 5178       4       sun.invoke.util.VerifyAccess::isSamePackage (37 bytes)

VM state: not at safepoint (normal execution)

VM Mutex/Monitor currently owned by a thread: None

Heap address: 0x00000000e0000000, size: 512 MB, Compressed Oops mode: 32-bit

CDS archive(s) mapped at: [0x000001b326c00000-0x000001b327860000-0x000001b327860000), size 12976128, SharedBaseAddress: 0x000001b326c00000, ArchiveRelocationMode: 1.
Compressed class space mapped at: 0x000001b327c00000-0x000001b33b000000, reserved size: 322961408
Narrow klass base: 0x000001b326c00000, Narrow klass shift: 0, Narrow klass range: 0x100000000

GC Precious Log:
 CardTable entry size: 512
 Card Set container configuration: InlinePtr #cards 5 size 8 Array Of Cards #cards 12 size 40 Howl #buckets 4 coarsen threshold 1843 Howl Bitmap #cards 512 size 80 coarsen threshold 460 Card regions per heap region 1 cards per card region 2048
 CPUs: 8 total, 8 available
 Memory: 7941M
 Large Page Support: Disabled
 NUMA Support: Disabled
 Compressed Oops: Enabled (32-bit)
 Heap Region Size: 1M
 Heap Min Capacity: 256M
 Heap Initial Capacity: 256M
 Heap Max Capacity: 512M
 Pre-touch: Disabled
 Parallel Workers: 8
 Concurrent Workers: 2
 Concurrent Refinement Workers: 8
 Periodic GC: Disabled

Heap:
 garbage-first heap   total 262144K, used 98109K [0x00000000e0000000, 0x0000000100000000)
  region size 1024K, 71 young (72704K), 9 survivors (9216K)
 Metaspace       used 41875K, committed 43328K, reserved 380928K
  class space    used 5842K, committed 6528K, reserved 315392K

Heap Regions: E=young(eden), S=young(survivor), O=old, HS=humongous(starts), HC=humongous(continues), CS=collection set, F=free, OA=open archive, CA=closed archive, TAMS=top-at-mark-start, PB=parsable bottom
|   0|0x00000000e0000000, 0x00000000e0100000, 0x00000000e0100000|100%|HS|  |TAMS 0x00000000e0000000| PB 0x00000000e0000000| Complete 
|   1|0x00000000e0100000, 0x00000000e0200000, 0x00000000e0200000|100%|HC|  |TAMS 0x00000000e0100000| PB 0x00000000e0100000| Complete 
|   2|0x00000000e0200000, 0x00000000e0300000, 0x00000000e0300000|100%|HC|  |TAMS 0x00000000e0200000| PB 0x00000000e0200000| Complete 
|   3|0x00000000e0300000, 0x00000000e0400000, 0x00000000e0400000|100%|HC|  |TAMS 0x00000000e0300000| PB 0x00000000e0300000| Complete 
|   4|0x00000000e0400000, 0x00000000e0500000, 0x00000000e0500000|100%| O|  |TAMS 0x00000000e0400000| PB 0x00000000e0400000| Untracked 
|   5|0x00000000e0500000, 0x00000000e0600000, 0x00000000e0600000|100%| O|  |TAMS 0x00000000e0500000| PB 0x00000000e0500000| Untracked 
|   6|0x00000000e0600000, 0x00000000e0700000, 0x00000000e0700000|100%| O|  |TAMS 0x00000000e0600000| PB 0x00000000e0600000| Untracked 
|   7|0x00000000e0700000, 0x00000000e0800000, 0x00000000e0800000|100%| O|  |TAMS 0x00000000e0700000| PB 0x00000000e0700000| Untracked 
|   8|0x00000000e0800000, 0x00000000e0900000, 0x00000000e0900000|100%| O|  |TAMS 0x00000000e0800000| PB 0x00000000e0800000| Untracked 
|   9|0x00000000e0900000, 0x00000000e0a00000, 0x00000000e0a00000|100%|HS|  |TAMS 0x00000000e0900000| PB 0x00000000e0900000| Complete 
|  10|0x00000000e0a00000, 0x00000000e0b00000, 0x00000000e0b00000|100%| O|  |TAMS 0x00000000e0a00000| PB 0x00000000e0a00000| Untracked 
|  11|0x00000000e0b00000, 0x00000000e0c00000, 0x00000000e0c00000|100%| O|  |TAMS 0x00000000e0b00000| PB 0x00000000e0b00000| Untracked 
|  12|0x00000000e0c00000, 0x00000000e0d00000, 0x00000000e0d00000|100%| O|  |TAMS 0x00000000e0c00000| PB 0x00000000e0c00000| Untracked 
|  13|0x00000000e0d00000, 0x00000000e0e00000, 0x00000000e0e00000|100%| O|  |TAMS 0x00000000e0d00000| PB 0x00000000e0d00000| Untracked 
|  14|0x00000000e0e00000, 0x00000000e0f00000, 0x00000000e0f00000|100%| O|  |TAMS 0x00000000e0e00000| PB 0x00000000e0e00000| Untracked 
|  15|0x00000000e0f00000, 0x00000000e1000000, 0x00000000e1000000|100%| O|  |TAMS 0x00000000e0f00000| PB 0x00000000e0f00000| Untracked 
|  16|0x00000000e1000000, 0x00000000e1100000, 0x00000000e1100000|100%| O|  |TAMS 0x00000000e1000000| PB 0x00000000e1000000| Untracked 
|  17|0x00000000e1100000, 0x00000000e1200000, 0x00000000e1200000|100%| O|  |TAMS 0x00000000e1100000| PB 0x00000000e1100000| Untracked 
|  18|0x00000000e1200000, 0x00000000e1300000, 0x00000000e1300000|100%| O|  |TAMS 0x00000000e1200000| PB 0x00000000e1200000| Untracked 
|  19|0x00000000e1300000, 0x00000000e1400000, 0x00000000e1400000|100%| O|  |TAMS 0x00000000e1300000| PB 0x00000000e1300000| Untracked 
|  20|0x00000000e1400000, 0x00000000e1500000, 0x00000000e1500000|100%| O|  |TAMS 0x00000000e1400000| PB 0x00000000e1400000| Untracked 
|  21|0x00000000e1500000, 0x00000000e1600000, 0x00000000e1600000|100%| O|  |TAMS 0x00000000e1500000| PB 0x00000000e1500000| Untracked 
|  22|0x00000000e1600000, 0x00000000e1700000, 0x00000000e1700000|100%| O|  |TAMS 0x00000000e1600000| PB 0x00000000e1600000| Untracked 
|  23|0x00000000e1700000, 0x00000000e1800000, 0x00000000e1800000|100%|HS|  |TAMS 0x00000000e1700000| PB 0x00000000e1700000| Complete 
|  24|0x00000000e1800000, 0x00000000e1900000, 0x00000000e1900000|100%|HS|  |TAMS 0x00000000e1800000| PB 0x00000000e1800000| Complete 
|  25|0x00000000e1900000, 0x00000000e1a00000, 0x00000000e1a00000|100%|HC|  |TAMS 0x00000000e1900000| PB 0x00000000e1900000| Complete 
|  26|0x00000000e1a00000, 0x00000000e1a00000, 0x00000000e1b00000|  0%| F|  |TAMS 0x00000000e1a00000| PB 0x00000000e1a00000| Untracked 
|  27|0x00000000e1b00000, 0x00000000e1b00000, 0x00000000e1c00000|  0%| F|  |TAMS 0x00000000e1b00000| PB 0x00000000e1b00000| Untracked 
|  28|0x00000000e1c00000, 0x00000000e1d00000, 0x00000000e1d00000|100%| O|  |TAMS 0x00000000e1c00000| PB 0x00000000e1c00000| Complete 
|  29|0x00000000e1d00000, 0x00000000e1d44600, 0x00000000e1e00000| 26%| O|  |TAMS 0x00000000e1d00000| PB 0x00000000e1d00000| Untracked 
|  30|0x00000000e1e00000, 0x00000000e1e00000, 0x00000000e1f00000|  0%| F|  |TAMS 0x00000000e1e00000| PB 0x00000000e1e00000| Untracked 
|  31|0x00000000e1f00000, 0x00000000e1f00000, 0x00000000e2000000|  0%| F|  |TAMS 0x00000000e1f00000| PB 0x00000000e1f00000| Untracked 
|  32|0x00000000e2000000, 0x00000000e2000000, 0x00000000e2100000|  0%| F|  |TAMS 0x00000000e2000000| PB 0x00000000e2000000| Untracked 
|  33|0x00000000e2100000, 0x00000000e2100000, 0x00000000e2200000|  0%| F|  |TAMS 0x00000000e2100000| PB 0x00000000e2100000| Untracked 
|  34|0x00000000e2200000, 0x00000000e2200000, 0x00000000e2300000|  0%| F|  |TAMS 0x00000000e2200000| PB 0x00000000e2200000| Untracked 
|  35|0x00000000e2300000, 0x00000000e2300000, 0x00000000e2400000|  0%| F|  |TAMS 0x00000000e2300000| PB 0x00000000e2300000| Untracked 
|  36|0x00000000e2400000, 0x00000000e2400000, 0x00000000e2500000|  0%| F|  |TAMS 0x00000000e2400000| PB 0x00000000e2400000| Untracked 
|  37|0x00000000e2500000, 0x00000000e2500000, 0x00000000e2600000|  0%| F|  |TAMS 0x00000000e2500000| PB 0x00000000e2500000| Untracked 
|  38|0x00000000e2600000, 0x00000000e2600000, 0x00000000e2700000|  0%| F|  |TAMS 0x00000000e2600000| PB 0x00000000e2600000| Untracked 
|  39|0x00000000e2700000, 0x00000000e2700000, 0x00000000e2800000|  0%| F|  |TAMS 0x00000000e2700000| PB 0x00000000e2700000| Untracked 
|  40|0x00000000e2800000, 0x00000000e2800000, 0x00000000e2900000|  0%| F|  |TAMS 0x00000000e2800000| PB 0x00000000e2800000| Untracked 
|  41|0x00000000e2900000, 0x00000000e2900000, 0x00000000e2a00000|  0%| F|  |TAMS 0x00000000e2900000| PB 0x00000000e2900000| Untracked 
|  42|0x00000000e2a00000, 0x00000000e2a00000, 0x00000000e2b00000|  0%| F|  |TAMS 0x00000000e2a00000| PB 0x00000000e2a00000| Untracked 
|  43|0x00000000e2b00000, 0x00000000e2b00000, 0x00000000e2c00000|  0%| F|  |TAMS 0x00000000e2b00000| PB 0x00000000e2b00000| Untracked 
|  44|0x00000000e2c00000, 0x00000000e2c00000, 0x00000000e2d00000|  0%| F|  |TAMS 0x00000000e2c00000| PB 0x00000000e2c00000| Untracked 
|  45|0x00000000e2d00000, 0x00000000e2d00000, 0x00000000e2e00000|  0%| F|  |TAMS 0x00000000e2d00000| PB 0x00000000e2d00000| Untracked 
|  46|0x00000000e2e00000, 0x00000000e2e00000, 0x00000000e2f00000|  0%| F|  |TAMS 0x00000000e2e00000| PB 0x00000000e2e00000| Untracked 
|  47|0x00000000e2f00000, 0x00000000e2f00000, 0x00000000e3000000|  0%| F|  |TAMS 0x00000000e2f00000| PB 0x00000000e2f00000| Untracked 
|  48|0x00000000e3000000, 0x00000000e3000000, 0x00000000e3100000|  0%| F|  |TAMS 0x00000000e3000000| PB 0x00000000e3000000| Untracked 
|  49|0x00000000e3100000, 0x00000000e3100000, 0x00000000e3200000|  0%| F|  |TAMS 0x00000000e3100000| PB 0x00000000e3100000| Untracked 
|  50|0x00000000e3200000, 0x00000000e3200000, 0x00000000e3300000|  0%| F|  |TAMS 0x00000000e3200000| PB 0x00000000e3200000| Untracked 
|  51|0x00000000e3300000, 0x00000000e3300000, 0x00000000e3400000|  0%| F|  |TAMS 0x00000000e3300000| PB 0x00000000e3300000| Untracked 
|  52|0x00000000e3400000, 0x00000000e3400000, 0x00000000e3500000|  0%| F|  |TAMS 0x00000000e3400000| PB 0x00000000e3400000| Untracked 
|  53|0x00000000e3500000, 0x00000000e3500000, 0x00000000e3600000|  0%| F|  |TAMS 0x00000000e3500000| PB 0x00000000e3500000| Untracked 
|  54|0x00000000e3600000, 0x00000000e3600000, 0x00000000e3700000|  0%| F|  |TAMS 0x00000000e3600000| PB 0x00000000e3600000| Untracked 
|  55|0x00000000e3700000, 0x00000000e3700000, 0x00000000e3800000|  0%| F|  |TAMS 0x00000000e3700000| PB 0x00000000e3700000| Untracked 
|  56|0x00000000e3800000, 0x00000000e3800000, 0x00000000e3900000|  0%| F|  |TAMS 0x00000000e3800000| PB 0x00000000e3800000| Untracked 
|  57|0x00000000e3900000, 0x00000000e3900000, 0x00000000e3a00000|  0%| F|  |TAMS 0x00000000e3900000| PB 0x00000000e3900000| Untracked 
|  58|0x00000000e3a00000, 0x00000000e3a00000, 0x00000000e3b00000|  0%| F|  |TAMS 0x00000000e3a00000| PB 0x00000000e3a00000| Untracked 
|  59|0x00000000e3b00000, 0x00000000e3b00000, 0x00000000e3c00000|  0%| F|  |TAMS 0x00000000e3b00000| PB 0x00000000e3b00000| Untracked 
|  60|0x00000000e3c00000, 0x00000000e3c00000, 0x00000000e3d00000|  0%| F|  |TAMS 0x00000000e3c00000| PB 0x00000000e3c00000| Untracked 
|  61|0x00000000e3d00000, 0x00000000e3d00000, 0x00000000e3e00000|  0%| F|  |TAMS 0x00000000e3d00000| PB 0x00000000e3d00000| Untracked 
|  62|0x00000000e3e00000, 0x00000000e3e00000, 0x00000000e3f00000|  0%| F|  |TAMS 0x00000000e3e00000| PB 0x00000000e3e00000| Untracked 
|  63|0x00000000e3f00000, 0x00000000e3f00000, 0x00000000e4000000|  0%| F|  |TAMS 0x00000000e3f00000| PB 0x00000000e3f00000| Untracked 
|  64|0x00000000e4000000, 0x00000000e4000000, 0x00000000e4100000|  0%| F|  |TAMS 0x00000000e4000000| PB 0x00000000e4000000| Untracked 
|  65|0x00000000e4100000, 0x00000000e4100000, 0x00000000e4200000|  0%| F|  |TAMS 0x00000000e4100000| PB 0x00000000e4100000| Untracked 
|  66|0x00000000e4200000, 0x00000000e4200000, 0x00000000e4300000|  0%| F|  |TAMS 0x00000000e4200000| PB 0x00000000e4200000| Untracked 
|  67|0x00000000e4300000, 0x00000000e4300000, 0x00000000e4400000|  0%| F|  |TAMS 0x00000000e4300000| PB 0x00000000e4300000| Untracked 
|  68|0x00000000e4400000, 0x00000000e4400000, 0x00000000e4500000|  0%| F|  |TAMS 0x00000000e4400000| PB 0x00000000e4400000| Untracked 
|  69|0x00000000e4500000, 0x00000000e4500000, 0x00000000e4600000|  0%| F|  |TAMS 0x00000000e4500000| PB 0x00000000e4500000| Untracked 
|  70|0x00000000e4600000, 0x00000000e4600000, 0x00000000e4700000|  0%| F|  |TAMS 0x00000000e4600000| PB 0x00000000e4600000| Untracked 
|  71|0x00000000e4700000, 0x00000000e4700000, 0x00000000e4800000|  0%| F|  |TAMS 0x00000000e4700000| PB 0x00000000e4700000| Untracked 
|  72|0x00000000e4800000, 0x00000000e4800000, 0x00000000e4900000|  0%| F|  |TAMS 0x00000000e4800000| PB 0x00000000e4800000| Untracked 
|  73|0x00000000e4900000, 0x00000000e4900000, 0x00000000e4a00000|  0%| F|  |TAMS 0x00000000e4900000| PB 0x00000000e4900000| Untracked 
|  74|0x00000000e4a00000, 0x00000000e4a00000, 0x00000000e4b00000|  0%| F|  |TAMS 0x00000000e4a00000| PB 0x00000000e4a00000| Untracked 
|  75|0x00000000e4b00000, 0x00000000e4b00000, 0x00000000e4c00000|  0%| F|  |TAMS 0x00000000e4b00000| PB 0x00000000e4b00000| Untracked 
|  76|0x00000000e4c00000, 0x00000000e4c00000, 0x00000000e4d00000|  0%| F|  |TAMS 0x00000000e4c00000| PB 0x00000000e4c00000| Untracked 
|  77|0x00000000e4d00000, 0x00000000e4d00000, 0x00000000e4e00000|  0%| F|  |TAMS 0x00000000e4d00000| PB 0x00000000e4d00000| Untracked 
|  78|0x00000000e4e00000, 0x00000000e4e00000, 0x00000000e4f00000|  0%| F|  |TAMS 0x00000000e4e00000| PB 0x00000000e4e00000| Untracked 
|  79|0x00000000e4f00000, 0x00000000e4f00000, 0x00000000e5000000|  0%| F|  |TAMS 0x00000000e4f00000| PB 0x00000000e4f00000| Untracked 
|  80|0x00000000e5000000, 0x00000000e5000000, 0x00000000e5100000|  0%| F|  |TAMS 0x00000000e5000000| PB 0x00000000e5000000| Untracked 
|  81|0x00000000e5100000, 0x00000000e5100000, 0x00000000e5200000|  0%| F|  |TAMS 0x00000000e5100000| PB 0x00000000e5100000| Untracked 
|  82|0x00000000e5200000, 0x00000000e5200000, 0x00000000e5300000|  0%| F|  |TAMS 0x00000000e5200000| PB 0x00000000e5200000| Untracked 
|  83|0x00000000e5300000, 0x00000000e5300000, 0x00000000e5400000|  0%| F|  |TAMS 0x00000000e5300000| PB 0x00000000e5300000| Untracked 
|  84|0x00000000e5400000, 0x00000000e5400000, 0x00000000e5500000|  0%| F|  |TAMS 0x00000000e5400000| PB 0x00000000e5400000| Untracked 
|  85|0x00000000e5500000, 0x00000000e5500000, 0x00000000e5600000|  0%| F|  |TAMS 0x00000000e5500000| PB 0x00000000e5500000| Untracked 
|  86|0x00000000e5600000, 0x00000000e5600000, 0x00000000e5700000|  0%| F|  |TAMS 0x00000000e5600000| PB 0x00000000e5600000| Untracked 
|  87|0x00000000e5700000, 0x00000000e5700000, 0x00000000e5800000|  0%| F|  |TAMS 0x00000000e5700000| PB 0x00000000e5700000| Untracked 
|  88|0x00000000e5800000, 0x00000000e5800000, 0x00000000e5900000|  0%| F|  |TAMS 0x00000000e5800000| PB 0x00000000e5800000| Untracked 
|  89|0x00000000e5900000, 0x00000000e5900000, 0x00000000e5a00000|  0%| F|  |TAMS 0x00000000e5900000| PB 0x00000000e5900000| Untracked 
|  90|0x00000000e5a00000, 0x00000000e5a00000, 0x00000000e5b00000|  0%| F|  |TAMS 0x00000000e5a00000| PB 0x00000000e5a00000| Untracked 
|  91|0x00000000e5b00000, 0x00000000e5b00000, 0x00000000e5c00000|  0%| F|  |TAMS 0x00000000e5b00000| PB 0x00000000e5b00000| Untracked 
|  92|0x00000000e5c00000, 0x00000000e5c00000, 0x00000000e5d00000|  0%| F|  |TAMS 0x00000000e5c00000| PB 0x00000000e5c00000| Untracked 
|  93|0x00000000e5d00000, 0x00000000e5d00000, 0x00000000e5e00000|  0%| F|  |TAMS 0x00000000e5d00000| PB 0x00000000e5d00000| Untracked 
|  94|0x00000000e5e00000, 0x00000000e5e00000, 0x00000000e5f00000|  0%| F|  |TAMS 0x00000000e5e00000| PB 0x00000000e5e00000| Untracked 
|  95|0x00000000e5f00000, 0x00000000e5f00000, 0x00000000e6000000|  0%| F|  |TAMS 0x00000000e5f00000| PB 0x00000000e5f00000| Untracked 
|  96|0x00000000e6000000, 0x00000000e6000000, 0x00000000e6100000|  0%| F|  |TAMS 0x00000000e6000000| PB 0x00000000e6000000| Untracked 
|  97|0x00000000e6100000, 0x00000000e6100000, 0x00000000e6200000|  0%| F|  |TAMS 0x00000000e6100000| PB 0x00000000e6100000| Untracked 
|  98|0x00000000e6200000, 0x00000000e6200000, 0x00000000e6300000|  0%| F|  |TAMS 0x00000000e6200000| PB 0x00000000e6200000| Untracked 
|  99|0x00000000e6300000, 0x00000000e6300000, 0x00000000e6400000|  0%| F|  |TAMS 0x00000000e6300000| PB 0x00000000e6300000| Untracked 
| 100|0x00000000e6400000, 0x00000000e6400000, 0x00000000e6500000|  0%| F|  |TAMS 0x00000000e6400000| PB 0x00000000e6400000| Untracked 
| 101|0x00000000e6500000, 0x00000000e6500000, 0x00000000e6600000|  0%| F|  |TAMS 0x00000000e6500000| PB 0x00000000e6500000| Untracked 
| 102|0x00000000e6600000, 0x00000000e6600000, 0x00000000e6700000|  0%| F|  |TAMS 0x00000000e6600000| PB 0x00000000e6600000| Untracked 
| 103|0x00000000e6700000, 0x00000000e6700000, 0x00000000e6800000|  0%| F|  |TAMS 0x00000000e6700000| PB 0x00000000e6700000| Untracked 
| 104|0x00000000e6800000, 0x00000000e6800000, 0x00000000e6900000|  0%| F|  |TAMS 0x00000000e6800000| PB 0x00000000e6800000| Untracked 
| 105|0x00000000e6900000, 0x00000000e6900000, 0x00000000e6a00000|  0%| F|  |TAMS 0x00000000e6900000| PB 0x00000000e6900000| Untracked 
| 106|0x00000000e6a00000, 0x00000000e6a00000, 0x00000000e6b00000|  0%| F|  |TAMS 0x00000000e6a00000| PB 0x00000000e6a00000| Untracked 
| 107|0x00000000e6b00000, 0x00000000e6b00000, 0x00000000e6c00000|  0%| F|  |TAMS 0x00000000e6b00000| PB 0x00000000e6b00000| Untracked 
| 108|0x00000000e6c00000, 0x00000000e6c00000, 0x00000000e6d00000|  0%| F|  |TAMS 0x00000000e6c00000| PB 0x00000000e6c00000| Untracked 
| 109|0x00000000e6d00000, 0x00000000e6d00000, 0x00000000e6e00000|  0%| F|  |TAMS 0x00000000e6d00000| PB 0x00000000e6d00000| Untracked 
| 110|0x00000000e6e00000, 0x00000000e6e00000, 0x00000000e6f00000|  0%| F|  |TAMS 0x00000000e6e00000| PB 0x00000000e6e00000| Untracked 
| 111|0x00000000e6f00000, 0x00000000e6f00000, 0x00000000e7000000|  0%| F|  |TAMS 0x00000000e6f00000| PB 0x00000000e6f00000| Untracked 
| 112|0x00000000e7000000, 0x00000000e7000000, 0x00000000e7100000|  0%| F|  |TAMS 0x00000000e7000000| PB 0x00000000e7000000| Untracked 
| 113|0x00000000e7100000, 0x00000000e7100000, 0x00000000e7200000|  0%| F|  |TAMS 0x00000000e7100000| PB 0x00000000e7100000| Untracked 
| 114|0x00000000e7200000, 0x00000000e7200000, 0x00000000e7300000|  0%| F|  |TAMS 0x00000000e7200000| PB 0x00000000e7200000| Untracked 
| 115|0x00000000e7300000, 0x00000000e7300000, 0x00000000e7400000|  0%| F|  |TAMS 0x00000000e7300000| PB 0x00000000e7300000| Untracked 
| 116|0x00000000e7400000, 0x00000000e7400000, 0x00000000e7500000|  0%| F|  |TAMS 0x00000000e7400000| PB 0x00000000e7400000| Untracked 
| 117|0x00000000e7500000, 0x00000000e7500000, 0x00000000e7600000|  0%| F|  |TAMS 0x00000000e7500000| PB 0x00000000e7500000| Untracked 
| 118|0x00000000e7600000, 0x00000000e7600000, 0x00000000e7700000|  0%| F|  |TAMS 0x00000000e7600000| PB 0x00000000e7600000| Untracked 
| 119|0x00000000e7700000, 0x00000000e7700000, 0x00000000e7800000|  0%| F|  |TAMS 0x00000000e7700000| PB 0x00000000e7700000| Untracked 
| 120|0x00000000e7800000, 0x00000000e7800000, 0x00000000e7900000|  0%| F|  |TAMS 0x00000000e7800000| PB 0x00000000e7800000| Untracked 
| 121|0x00000000e7900000, 0x00000000e7900000, 0x00000000e7a00000|  0%| F|  |TAMS 0x00000000e7900000| PB 0x00000000e7900000| Untracked 
| 122|0x00000000e7a00000, 0x00000000e7a00000, 0x00000000e7b00000|  0%| F|  |TAMS 0x00000000e7a00000| PB 0x00000000e7a00000| Untracked 
| 123|0x00000000e7b00000, 0x00000000e7b00000, 0x00000000e7c00000|  0%| F|  |TAMS 0x00000000e7b00000| PB 0x00000000e7b00000| Untracked 
| 124|0x00000000e7c00000, 0x00000000e7c00000, 0x00000000e7d00000|  0%| F|  |TAMS 0x00000000e7c00000| PB 0x00000000e7c00000| Untracked 
| 125|0x00000000e7d00000, 0x00000000e7d00000, 0x00000000e7e00000|  0%| F|  |TAMS 0x00000000e7d00000| PB 0x00000000e7d00000| Untracked 
| 126|0x00000000e7e00000, 0x00000000e7e00000, 0x00000000e7f00000|  0%| F|  |TAMS 0x00000000e7e00000| PB 0x00000000e7e00000| Untracked 
| 127|0x00000000e7f00000, 0x00000000e7f00000, 0x00000000e8000000|  0%| F|  |TAMS 0x00000000e7f00000| PB 0x00000000e7f00000| Untracked 
| 128|0x00000000e8000000, 0x00000000e8000000, 0x00000000e8100000|  0%| F|  |TAMS 0x00000000e8000000| PB 0x00000000e8000000| Untracked 
| 129|0x00000000e8100000, 0x00000000e8100000, 0x00000000e8200000|  0%| F|  |TAMS 0x00000000e8100000| PB 0x00000000e8100000| Untracked 
| 130|0x00000000e8200000, 0x00000000e8200000, 0x00000000e8300000|  0%| F|  |TAMS 0x00000000e8200000| PB 0x00000000e8200000| Untracked 
| 131|0x00000000e8300000, 0x00000000e8300000, 0x00000000e8400000|  0%| F|  |TAMS 0x00000000e8300000| PB 0x00000000e8300000| Untracked 
| 132|0x00000000e8400000, 0x00000000e8400000, 0x00000000e8500000|  0%| F|  |TAMS 0x00000000e8400000| PB 0x00000000e8400000| Untracked 
| 133|0x00000000e8500000, 0x00000000e8500000, 0x00000000e8600000|  0%| F|  |TAMS 0x00000000e8500000| PB 0x00000000e8500000| Untracked 
| 134|0x00000000e8600000, 0x00000000e8600000, 0x00000000e8700000|  0%| F|  |TAMS 0x00000000e8600000| PB 0x00000000e8600000| Untracked 
| 135|0x00000000e8700000, 0x00000000e8700000, 0x00000000e8800000|  0%| F|  |TAMS 0x00000000e8700000| PB 0x00000000e8700000| Untracked 
| 136|0x00000000e8800000, 0x00000000e8800000, 0x00000000e8900000|  0%| F|  |TAMS 0x00000000e8800000| PB 0x00000000e8800000| Untracked 
| 137|0x00000000e8900000, 0x00000000e8900000, 0x00000000e8a00000|  0%| F|  |TAMS 0x00000000e8900000| PB 0x00000000e8900000| Untracked 
| 138|0x00000000e8a00000, 0x00000000e8a00000, 0x00000000e8b00000|  0%| F|  |TAMS 0x00000000e8a00000| PB 0x00000000e8a00000| Untracked 
| 139|0x00000000e8b00000, 0x00000000e8b00000, 0x00000000e8c00000|  0%| F|  |TAMS 0x00000000e8b00000| PB 0x00000000e8b00000| Untracked 
| 140|0x00000000e8c00000, 0x00000000e8c00000, 0x00000000e8d00000|  0%| F|  |TAMS 0x00000000e8c00000| PB 0x00000000e8c00000| Untracked 
| 141|0x00000000e8d00000, 0x00000000e8d00000, 0x00000000e8e00000|  0%| F|  |TAMS 0x00000000e8d00000| PB 0x00000000e8d00000| Untracked 
| 142|0x00000000e8e00000, 0x00000000e8e00000, 0x00000000e8f00000|  0%| F|  |TAMS 0x00000000e8e00000| PB 0x00000000e8e00000| Untracked 
| 143|0x00000000e8f00000, 0x00000000e8f00000, 0x00000000e9000000|  0%| F|  |TAMS 0x00000000e8f00000| PB 0x00000000e8f00000| Untracked 
| 144|0x00000000e9000000, 0x00000000e9000000, 0x00000000e9100000|  0%| F|  |TAMS 0x00000000e9000000| PB 0x00000000e9000000| Untracked 
| 145|0x00000000e9100000, 0x00000000e9100000, 0x00000000e9200000|  0%| F|  |TAMS 0x00000000e9100000| PB 0x00000000e9100000| Untracked 
| 146|0x00000000e9200000, 0x00000000e9200000, 0x00000000e9300000|  0%| F|  |TAMS 0x00000000e9200000| PB 0x00000000e9200000| Untracked 
| 147|0x00000000e9300000, 0x00000000e9300000, 0x00000000e9400000|  0%| F|  |TAMS 0x00000000e9300000| PB 0x00000000e9300000| Untracked 
| 148|0x00000000e9400000, 0x00000000e9400000, 0x00000000e9500000|  0%| F|  |TAMS 0x00000000e9400000| PB 0x00000000e9400000| Untracked 
| 149|0x00000000e9500000, 0x00000000e9500000, 0x00000000e9600000|  0%| F|  |TAMS 0x00000000e9500000| PB 0x00000000e9500000| Untracked 
| 150|0x00000000e9600000, 0x00000000e9600000, 0x00000000e9700000|  0%| F|  |TAMS 0x00000000e9600000| PB 0x00000000e9600000| Untracked 
| 151|0x00000000e9700000, 0x00000000e9700000, 0x00000000e9800000|  0%| F|  |TAMS 0x00000000e9700000| PB 0x00000000e9700000| Untracked 
| 152|0x00000000e9800000, 0x00000000e9800000, 0x00000000e9900000|  0%| F|  |TAMS 0x00000000e9800000| PB 0x00000000e9800000| Untracked 
| 153|0x00000000e9900000, 0x00000000e9900000, 0x00000000e9a00000|  0%| F|  |TAMS 0x00000000e9900000| PB 0x00000000e9900000| Untracked 
| 154|0x00000000e9a00000, 0x00000000e9a00000, 0x00000000e9b00000|  0%| F|  |TAMS 0x00000000e9a00000| PB 0x00000000e9a00000| Untracked 
| 155|0x00000000e9b00000, 0x00000000e9b00000, 0x00000000e9c00000|  0%| F|  |TAMS 0x00000000e9b00000| PB 0x00000000e9b00000| Untracked 
| 156|0x00000000e9c00000, 0x00000000e9c00000, 0x00000000e9d00000|  0%| F|  |TAMS 0x00000000e9c00000| PB 0x00000000e9c00000| Untracked 
| 157|0x00000000e9d00000, 0x00000000e9d00000, 0x00000000e9e00000|  0%| F|  |TAMS 0x00000000e9d00000| PB 0x00000000e9d00000| Untracked 
| 158|0x00000000e9e00000, 0x00000000e9e00000, 0x00000000e9f00000|  0%| F|  |TAMS 0x00000000e9e00000| PB 0x00000000e9e00000| Untracked 
| 159|0x00000000e9f00000, 0x00000000e9f00000, 0x00000000ea000000|  0%| F|  |TAMS 0x00000000e9f00000| PB 0x00000000e9f00000| Untracked 
| 160|0x00000000ea000000, 0x00000000ea000000, 0x00000000ea100000|  0%| F|  |TAMS 0x00000000ea000000| PB 0x00000000ea000000| Untracked 
| 161|0x00000000ea100000, 0x00000000ea100000, 0x00000000ea200000|  0%| F|  |TAMS 0x00000000ea100000| PB 0x00000000ea100000| Untracked 
| 162|0x00000000ea200000, 0x00000000ea200000, 0x00000000ea300000|  0%| F|  |TAMS 0x00000000ea200000| PB 0x00000000ea200000| Untracked 
| 163|0x00000000ea300000, 0x00000000ea300000, 0x00000000ea400000|  0%| F|  |TAMS 0x00000000ea300000| PB 0x00000000ea300000| Untracked 
| 164|0x00000000ea400000, 0x00000000ea400000, 0x00000000ea500000|  0%| F|  |TAMS 0x00000000ea400000| PB 0x00000000ea400000| Untracked 
| 165|0x00000000ea500000, 0x00000000ea500000, 0x00000000ea600000|  0%| F|  |TAMS 0x00000000ea500000| PB 0x00000000ea500000| Untracked 
| 166|0x00000000ea600000, 0x00000000ea600000, 0x00000000ea700000|  0%| F|  |TAMS 0x00000000ea600000| PB 0x00000000ea600000| Untracked 
| 167|0x00000000ea700000, 0x00000000ea700000, 0x00000000ea800000|  0%| F|  |TAMS 0x00000000ea700000| PB 0x00000000ea700000| Untracked 
| 168|0x00000000ea800000, 0x00000000ea800000, 0x00000000ea900000|  0%| F|  |TAMS 0x00000000ea800000| PB 0x00000000ea800000| Untracked 
| 169|0x00000000ea900000, 0x00000000ea900000, 0x00000000eaa00000|  0%| F|  |TAMS 0x00000000ea900000| PB 0x00000000ea900000| Untracked 
| 170|0x00000000eaa00000, 0x00000000eaa00000, 0x00000000eab00000|  0%| F|  |TAMS 0x00000000eaa00000| PB 0x00000000eaa00000| Untracked 
| 171|0x00000000eab00000, 0x00000000eab00000, 0x00000000eac00000|  0%| F|  |TAMS 0x00000000eab00000| PB 0x00000000eab00000| Untracked 
| 172|0x00000000eac00000, 0x00000000eac00000, 0x00000000ead00000|  0%| F|  |TAMS 0x00000000eac00000| PB 0x00000000eac00000| Untracked 
| 173|0x00000000ead00000, 0x00000000ead00000, 0x00000000eae00000|  0%| F|  |TAMS 0x00000000ead00000| PB 0x00000000ead00000| Untracked 
| 174|0x00000000eae00000, 0x00000000eae00000, 0x00000000eaf00000|  0%| F|  |TAMS 0x00000000eae00000| PB 0x00000000eae00000| Untracked 
| 175|0x00000000eaf00000, 0x00000000eaf00000, 0x00000000eb000000|  0%| F|  |TAMS 0x00000000eaf00000| PB 0x00000000eaf00000| Untracked 
| 176|0x00000000eb000000, 0x00000000eb000000, 0x00000000eb100000|  0%| F|  |TAMS 0x00000000eb000000| PB 0x00000000eb000000| Untracked 
| 177|0x00000000eb100000, 0x00000000eb100000, 0x00000000eb200000|  0%| F|  |TAMS 0x00000000eb100000| PB 0x00000000eb100000| Untracked 
| 178|0x00000000eb200000, 0x00000000eb200000, 0x00000000eb300000|  0%| F|  |TAMS 0x00000000eb200000| PB 0x00000000eb200000| Untracked 
| 179|0x00000000eb300000, 0x00000000eb300000, 0x00000000eb400000|  0%| F|  |TAMS 0x00000000eb300000| PB 0x00000000eb300000| Untracked 
| 180|0x00000000eb400000, 0x00000000eb400000, 0x00000000eb500000|  0%| F|  |TAMS 0x00000000eb400000| PB 0x00000000eb400000| Untracked 
| 181|0x00000000eb500000, 0x00000000eb500000, 0x00000000eb600000|  0%| F|  |TAMS 0x00000000eb500000| PB 0x00000000eb500000| Untracked 
| 182|0x00000000eb600000, 0x00000000eb600000, 0x00000000eb700000|  0%| F|  |TAMS 0x00000000eb600000| PB 0x00000000eb600000| Untracked 
| 183|0x00000000eb700000, 0x00000000eb700000, 0x00000000eb800000|  0%| F|  |TAMS 0x00000000eb700000| PB 0x00000000eb700000| Untracked 
| 184|0x00000000eb800000, 0x00000000eb800000, 0x00000000eb900000|  0%| F|  |TAMS 0x00000000eb800000| PB 0x00000000eb800000| Untracked 
| 185|0x00000000eb900000, 0x00000000eba00000, 0x00000000eba00000|100%| E|  |TAMS 0x00000000eb900000| PB 0x00000000eb900000| Complete 
| 186|0x00000000eba00000, 0x00000000ebb00000, 0x00000000ebb00000|100%| E|CS|TAMS 0x00000000eba00000| PB 0x00000000eba00000| Complete 
| 187|0x00000000ebb00000, 0x00000000ebc00000, 0x00000000ebc00000|100%| E|CS|TAMS 0x00000000ebb00000| PB 0x00000000ebb00000| Complete 
| 188|0x00000000ebc00000, 0x00000000ebd00000, 0x00000000ebd00000|100%| E|CS|TAMS 0x00000000ebc00000| PB 0x00000000ebc00000| Complete 
| 189|0x00000000ebd00000, 0x00000000ebe00000, 0x00000000ebe00000|100%| E|CS|TAMS 0x00000000ebd00000| PB 0x00000000ebd00000| Complete 
| 190|0x00000000ebe00000, 0x00000000ebf00000, 0x00000000ebf00000|100%| E|CS|TAMS 0x00000000ebe00000| PB 0x00000000ebe00000| Complete 
| 191|0x00000000ebf00000, 0x00000000ec000000, 0x00000000ec000000|100%| E|CS|TAMS 0x00000000ebf00000| PB 0x00000000ebf00000| Complete 
| 192|0x00000000ec000000, 0x00000000ec100000, 0x00000000ec100000|100%| E|CS|TAMS 0x00000000ec000000| PB 0x00000000ec000000| Complete 
| 193|0x00000000ec100000, 0x00000000ec200000, 0x00000000ec200000|100%| E|CS|TAMS 0x00000000ec100000| PB 0x00000000ec100000| Complete 
| 194|0x00000000ec200000, 0x00000000ec300000, 0x00000000ec300000|100%| E|CS|TAMS 0x00000000ec200000| PB 0x00000000ec200000| Complete 
| 195|0x00000000ec300000, 0x00000000ec400000, 0x00000000ec400000|100%| E|CS|TAMS 0x00000000ec300000| PB 0x00000000ec300000| Complete 
| 196|0x00000000ec400000, 0x00000000ec500000, 0x00000000ec500000|100%| E|CS|TAMS 0x00000000ec400000| PB 0x00000000ec400000| Complete 
| 197|0x00000000ec500000, 0x00000000ec600000, 0x00000000ec600000|100%| E|CS|TAMS 0x00000000ec500000| PB 0x00000000ec500000| Complete 
| 198|0x00000000ec600000, 0x00000000ec700000, 0x00000000ec700000|100%| E|CS|TAMS 0x00000000ec600000| PB 0x00000000ec600000| Complete 
| 199|0x00000000ec700000, 0x00000000ec800000, 0x00000000ec800000|100%| E|CS|TAMS 0x00000000ec700000| PB 0x00000000ec700000| Complete 
| 200|0x00000000ec800000, 0x00000000ec900000, 0x00000000ec900000|100%| E|CS|TAMS 0x00000000ec800000| PB 0x00000000ec800000| Complete 
| 201|0x00000000ec900000, 0x00000000eca00000, 0x00000000eca00000|100%| E|CS|TAMS 0x00000000ec900000| PB 0x00000000ec900000| Complete 
| 202|0x00000000eca00000, 0x00000000ecb00000, 0x00000000ecb00000|100%| E|CS|TAMS 0x00000000eca00000| PB 0x00000000eca00000| Complete 
| 203|0x00000000ecb00000, 0x00000000ecc00000, 0x00000000ecc00000|100%| E|CS|TAMS 0x00000000ecb00000| PB 0x00000000ecb00000| Complete 
| 204|0x00000000ecc00000, 0x00000000ecd00000, 0x00000000ecd00000|100%| E|CS|TAMS 0x00000000ecc00000| PB 0x00000000ecc00000| Complete 
| 205|0x00000000ecd00000, 0x00000000ece00000, 0x00000000ece00000|100%| E|CS|TAMS 0x00000000ecd00000| PB 0x00000000ecd00000| Complete 
| 206|0x00000000ece00000, 0x00000000ecf00000, 0x00000000ecf00000|100%| E|CS|TAMS 0x00000000ece00000| PB 0x00000000ece00000| Complete 
| 207|0x00000000ecf00000, 0x00000000ed000000, 0x00000000ed000000|100%| E|CS|TAMS 0x00000000ecf00000| PB 0x00000000ecf00000| Complete 
| 208|0x00000000ed000000, 0x00000000ed100000, 0x00000000ed100000|100%| E|CS|TAMS 0x00000000ed000000| PB 0x00000000ed000000| Complete 
| 209|0x00000000ed100000, 0x00000000ed200000, 0x00000000ed200000|100%| E|CS|TAMS 0x00000000ed100000| PB 0x00000000ed100000| Complete 
| 210|0x00000000ed200000, 0x00000000ed300000, 0x00000000ed300000|100%| E|CS|TAMS 0x00000000ed200000| PB 0x00000000ed200000| Complete 
| 211|0x00000000ed300000, 0x00000000ed400000, 0x00000000ed400000|100%| E|CS|TAMS 0x00000000ed300000| PB 0x00000000ed300000| Complete 
| 212|0x00000000ed400000, 0x00000000ed500000, 0x00000000ed500000|100%| E|CS|TAMS 0x00000000ed400000| PB 0x00000000ed400000| Complete 
| 213|0x00000000ed500000, 0x00000000ed600000, 0x00000000ed600000|100%| E|CS|TAMS 0x00000000ed500000| PB 0x00000000ed500000| Complete 
| 214|0x00000000ed600000, 0x00000000ed700000, 0x00000000ed700000|100%| E|  |TAMS 0x00000000ed600000| PB 0x00000000ed600000| Complete 
| 215|0x00000000ed700000, 0x00000000ed800000, 0x00000000ed800000|100%| E|CS|TAMS 0x00000000ed700000| PB 0x00000000ed700000| Complete 
| 216|0x00000000ed800000, 0x00000000ed900000, 0x00000000ed900000|100%| E|CS|TAMS 0x00000000ed800000| PB 0x00000000ed800000| Complete 
| 217|0x00000000ed900000, 0x00000000eda00000, 0x00000000eda00000|100%| E|CS|TAMS 0x00000000ed900000| PB 0x00000000ed900000| Complete 
| 218|0x00000000eda00000, 0x00000000edb00000, 0x00000000edb00000|100%| E|CS|TAMS 0x00000000eda00000| PB 0x00000000eda00000| Complete 
| 219|0x00000000edb00000, 0x00000000edc00000, 0x00000000edc00000|100%| E|CS|TAMS 0x00000000edb00000| PB 0x00000000edb00000| Complete 
| 220|0x00000000edc00000, 0x00000000edd00000, 0x00000000edd00000|100%| E|CS|TAMS 0x00000000edc00000| PB 0x00000000edc00000| Complete 
| 221|0x00000000edd00000, 0x00000000ede00000, 0x00000000ede00000|100%| E|CS|TAMS 0x00000000edd00000| PB 0x00000000edd00000| Complete 
| 222|0x00000000ede00000, 0x00000000edf00000, 0x00000000edf00000|100%| E|CS|TAMS 0x00000000ede00000| PB 0x00000000ede00000| Complete 
| 223|0x00000000edf00000, 0x00000000ee000000, 0x00000000ee000000|100%| E|CS|TAMS 0x00000000edf00000| PB 0x00000000edf00000| Complete 
| 224|0x00000000ee000000, 0x00000000ee100000, 0x00000000ee100000|100%| E|CS|TAMS 0x00000000ee000000| PB 0x00000000ee000000| Complete 
| 225|0x00000000ee100000, 0x00000000ee200000, 0x00000000ee200000|100%| E|CS|TAMS 0x00000000ee100000| PB 0x00000000ee100000| Complete 
| 226|0x00000000ee200000, 0x00000000ee300000, 0x00000000ee300000|100%| E|CS|TAMS 0x00000000ee200000| PB 0x00000000ee200000| Complete 
| 227|0x00000000ee300000, 0x00000000ee400000, 0x00000000ee400000|100%| E|CS|TAMS 0x00000000ee300000| PB 0x00000000ee300000| Complete 
| 228|0x00000000ee400000, 0x00000000ee500000, 0x00000000ee500000|100%| E|CS|TAMS 0x00000000ee400000| PB 0x00000000ee400000| Complete 
| 229|0x00000000ee500000, 0x00000000ee600000, 0x00000000ee600000|100%| E|CS|TAMS 0x00000000ee500000| PB 0x00000000ee500000| Complete 
| 230|0x00000000ee600000, 0x00000000ee700000, 0x00000000ee700000|100%| E|CS|TAMS 0x00000000ee600000| PB 0x00000000ee600000| Complete 
| 231|0x00000000ee700000, 0x00000000ee800000, 0x00000000ee800000|100%| E|CS|TAMS 0x00000000ee700000| PB 0x00000000ee700000| Complete 
| 232|0x00000000ee800000, 0x00000000ee900000, 0x00000000ee900000|100%| E|CS|TAMS 0x00000000ee800000| PB 0x00000000ee800000| Complete 
| 233|0x00000000ee900000, 0x00000000eea00000, 0x00000000eea00000|100%| E|CS|TAMS 0x00000000ee900000| PB 0x00000000ee900000| Complete 
| 234|0x00000000eea00000, 0x00000000eeb00000, 0x00000000eeb00000|100%| E|CS|TAMS 0x00000000eea00000| PB 0x00000000eea00000| Complete 
| 235|0x00000000eeb00000, 0x00000000eec00000, 0x00000000eec00000|100%| E|CS|TAMS 0x00000000eeb00000| PB 0x00000000eeb00000| Complete 
| 236|0x00000000eec00000, 0x00000000eed00000, 0x00000000eed00000|100%| E|CS|TAMS 0x00000000eec00000| PB 0x00000000eec00000| Complete 
| 237|0x00000000eed00000, 0x00000000eed8b140, 0x00000000eee00000| 54%| S|CS|TAMS 0x00000000eed00000| PB 0x00000000eed00000| Complete 
| 238|0x00000000eee00000, 0x00000000eef00000, 0x00000000eef00000|100%| S|CS|TAMS 0x00000000eee00000| PB 0x00000000eee00000| Complete 
| 239|0x00000000eef00000, 0x00000000ef000000, 0x00000000ef000000|100%| S|CS|TAMS 0x00000000eef00000| PB 0x00000000eef00000| Complete 
| 240|0x00000000ef000000, 0x00000000ef100000, 0x00000000ef100000|100%| S|CS|TAMS 0x00000000ef000000| PB 0x00000000ef000000| Complete 
| 241|0x00000000ef100000, 0x00000000ef200000, 0x00000000ef200000|100%| S|CS|TAMS 0x00000000ef100000| PB 0x00000000ef100000| Complete 
| 242|0x00000000ef200000, 0x00000000ef300000, 0x00000000ef300000|100%| S|CS|TAMS 0x00000000ef200000| PB 0x00000000ef200000| Complete 
| 243|0x00000000ef300000, 0x00000000ef400000, 0x00000000ef400000|100%| E|CS|TAMS 0x00000000ef300000| PB 0x00000000ef300000| Complete 
| 244|0x00000000ef400000, 0x00000000ef500000, 0x00000000ef500000|100%| E|CS|TAMS 0x00000000ef400000| PB 0x00000000ef400000| Complete 
| 245|0x00000000ef500000, 0x00000000ef600000, 0x00000000ef600000|100%| E|CS|TAMS 0x00000000ef500000| PB 0x00000000ef500000| Complete 
| 246|0x00000000ef600000, 0x00000000ef700000, 0x00000000ef700000|100%| E|CS|TAMS 0x00000000ef600000| PB 0x00000000ef600000| Complete 
| 247|0x00000000ef700000, 0x00000000ef800000, 0x00000000ef800000|100%| E|CS|TAMS 0x00000000ef700000| PB 0x00000000ef700000| Complete 
| 248|0x00000000ef800000, 0x00000000ef900000, 0x00000000ef900000|100%| E|CS|TAMS 0x00000000ef800000| PB 0x00000000ef800000| Complete 
| 249|0x00000000ef900000, 0x00000000efa00000, 0x00000000efa00000|100%| E|CS|TAMS 0x00000000ef900000| PB 0x00000000ef900000| Complete 
| 250|0x00000000efa00000, 0x00000000efb00000, 0x00000000efb00000|100%| E|CS|TAMS 0x00000000efa00000| PB 0x00000000efa00000| Complete 
| 251|0x00000000efb00000, 0x00000000efc00000, 0x00000000efc00000|100%| E|CS|TAMS 0x00000000efb00000| PB 0x00000000efb00000| Complete 
| 252|0x00000000efc00000, 0x00000000efd00000, 0x00000000efd00000|100%| S|CS|TAMS 0x00000000efc00000| PB 0x00000000efc00000| Complete 
| 253|0x00000000efd00000, 0x00000000efe00000, 0x00000000efe00000|100%| S|CS|TAMS 0x00000000efd00000| PB 0x00000000efd00000| Complete 
| 254|0x00000000efe00000, 0x00000000eff00000, 0x00000000eff00000|100%| S|CS|TAMS 0x00000000efe00000| PB 0x00000000efe00000| Complete 
| 255|0x00000000eff00000, 0x00000000f0000000, 0x00000000f0000000|100%| E|CS|TAMS 0x00000000eff00000| PB 0x00000000eff00000| Complete 

Card table byte_map: [0x000001b323610000,0x000001b323710000] _byte_map_base: 0x000001b322f10000

Marking Bits: (CMBitMap*) 0x000001b30bee1760
 Bits: [0x000001b323810000, 0x000001b324010000)

Polling page: 0x000001b30b670000

Metaspace:

Usage:
  Non-class:     35.19 MB used.
      Class:      5.71 MB used.
       Both:     40.90 MB used.

Virtual space:
  Non-class space:       64.00 MB reserved,      35.94 MB ( 56%) committed,  1 nodes.
      Class space:      308.00 MB reserved,       6.38 MB (  2%) committed,  1 nodes.
             Both:      372.00 MB reserved,      42.31 MB ( 11%) committed. 

Chunk freelists:
   Non-Class:  3.92 MB
       Class:  1.59 MB
        Both:  5.52 MB

MaxMetaspaceSize: 384.00 MB
CompressedClassSpaceSize: 308.00 MB
Initial GC threshold: 21.00 MB
Current GC threshold: 60.00 MB
CDS: on
MetaspaceReclaimPolicy: balanced
 - commit_granule_bytes: 65536.
 - commit_granule_words: 8192.
 - virtual_space_node_default_size: 8388608.
 - enlarge_chunks_in_place: 1.
 - new_chunks_are_fully_committed: 0.
 - uncommit_free_chunks: 1.
 - use_allocation_guard: 0.


Internal statistics:

num_allocs_failed_limit: 12.
num_arena_births: 2446.
num_arena_deaths: 0.
num_vsnodes_births: 2.
num_vsnodes_deaths: 0.
num_space_committed: 677.
num_space_uncommitted: 0.
num_chunks_returned_to_freelist: 12.
num_chunks_taken_from_freelist: 4227.
num_chunk_merges: 12.
num_chunk_splits: 2794.
num_chunks_enlarged: 1802.
num_inconsistent_stats: 0.

CodeHeap 'non-profiled nmethods': size=120000Kb used=2391Kb max_used=2391Kb free=117608Kb
 bounds [0x000001b31bcb0000, 0x000001b31bf20000, 0x000001b3231e0000]
CodeHeap 'profiled nmethods': size=120000Kb used=9102Kb max_used=9102Kb free=110897Kb
 bounds [0x000001b3141e0000, 0x000001b314ad0000, 0x000001b31b710000]
CodeHeap 'non-nmethods': size=5760Kb used=2944Kb max_used=2961Kb free=2816Kb
 bounds [0x000001b31b710000, 0x000001b31ba00000, 0x000001b31bcb0000]
 total_blobs=5536 nmethods=4707 adapters=738
 compilation: enabled
              stopped_count=0, restarted_count=0
 full_count=0

Compilation events (20 events):
Event: 96.167 Thread 0x000001b33f0000d0 nmethod 5168 0x000001b31bf04110 code [0x000001b31bf04280, 0x000001b31bf04348]
Event: 96.169 Thread 0x000001b33f0000d0 5169       3       java.lang.ThreadLocal$ThreadLocalMap::expungeStaleEntry (146 bytes)
Event: 96.170 Thread 0x000001b33f0000d0 nmethod 5169 0x000001b314ab4e90 code [0x000001b314ab50c0, 0x000001b314ab5eb8]
Event: 96.198 Thread 0x000001b33f0000d0 5170       3       java.io.ObjectStreamField::getTypeString (16 bytes)
Event: 96.199 Thread 0x000001b33f0000d0 nmethod 5170 0x000001b314ab6210 code [0x000001b314ab6420, 0x000001b314ab6c08]
Event: 96.199 Thread 0x000001b33f0000d0 5171       3       java.io.ObjectOutputStream::writeTypeString (40 bytes)
Event: 96.200 Thread 0x000001b33f0000d0 nmethod 5171 0x000001b314ab6f10 code [0x000001b314ab7100, 0x000001b314ab7520]
Event: 96.204 Thread 0x000001b326a8d400 5172       4       java.io.ObjectOutputStream$BlockDataOutputStream::getUTFLength (124 bytes)
Event: 96.218 Thread 0x000001b326a8d400 nmethod 5172 0x000001b31bf04410 code [0x000001b31bf045a0, 0x000001b31bf04bd8]
Event: 96.227 Thread 0x000001b326a8d400 5173       4       java.io.ObjectOutputStream$BlockDataOutputStream::writeBytes (144 bytes)
Event: 96.245 Thread 0x000001b326a8d400 nmethod 5173 0x000001b31bf05010 code [0x000001b31bf051a0, 0x000001b31bf05860]
Event: 96.256 Thread 0x000001b33f0000d0 5175       3       java.io.ObjectStreamClass::writeNonProxy (161 bytes)
Event: 96.260 Thread 0x000001b33f0000d0 nmethod 5175 0x000001b314ab7710 code [0x000001b314ab7ae0, 0x000001b314ab9738]
Event: 96.260 Thread 0x000001b33f0000d0 5174       3       java.io.ObjectOutputStream::writeClassDescriptor (6 bytes)
Event: 96.260 Thread 0x000001b33f0000d0 nmethod 5174 0x000001b314aba210 code [0x000001b314aba3a0, 0x000001b314aba4e0]
Event: 96.260 Thread 0x000001b33f0000d0 5176       3       java.io.ObjectStreamClass::getSerialVersionUID (42 bytes)
Event: 96.262 Thread 0x000001b33f0000d0 nmethod 5176 0x000001b314aba590 code [0x000001b314aba7a0, 0x000001b314abae80]
Event: 96.265 Thread 0x000001b33f0000d0 5177       3       java.io.ObjectOutputStream::writeNonProxyDesc (109 bytes)
Event: 96.267 Thread 0x000001b33f0000d0 nmethod 5177 0x000001b314abb110 code [0x000001b314abb3e0, 0x000001b314abc218]
Event: 96.267 Thread 0x000001b326a8d400 5178       4       sun.invoke.util.VerifyAccess::isSamePackage (37 bytes)

GC Heap History (12 events):
Event: 3.834 GC heap before
{Heap before GC invocations=0 (full 0):
 garbage-first heap   total 262144K, used 26624K [0x00000000e0000000, 0x0000000100000000)
  region size 1024K, 23 young (23552K), 0 survivors (0K)
 Metaspace       used 3135K, committed 3264K, reserved 380928K
  class space    used 397K, committed 448K, reserved 315392K
}
Event: 3.847 GC heap after
{Heap after GC invocations=1 (full 0):
 garbage-first heap   total 262144K, used 10485K [0x00000000e0000000, 0x0000000100000000)
  region size 1024K, 3 young (3072K), 3 survivors (3072K)
 Metaspace       used 3135K, committed 3264K, reserved 380928K
  class space    used 397K, committed 448K, reserved 315392K
}
Event: 5.832 GC heap before
{Heap before GC invocations=1 (full 0):
 garbage-first heap   total 262144K, used 40181K [0x00000000e0000000, 0x0000000100000000)
  region size 1024K, 32 young (32768K), 3 survivors (3072K)
 Metaspace       used 4116K, committed 4288K, reserved 380928K
  class space    used 494K, committed 576K, reserved 315392K
}
Event: 5.837 GC heap after
{Heap after GC invocations=2 (full 0):
 garbage-first heap   total 262144K, used 13938K [0x00000000e0000000, 0x0000000100000000)
  region size 1024K, 3 young (3072K), 3 survivors (3072K)
 Metaspace       used 4116K, committed 4288K, reserved 380928K
  class space    used 494K, committed 576K, reserved 315392K
}
Event: 18.886 GC heap before
{Heap before GC invocations=2 (full 0):
 garbage-first heap   total 262144K, used 114290K [0x00000000e0000000, 0x0000000100000000)
  region size 1024K, 102 young (104448K), 3 survivors (3072K)
 Metaspace       used 20748K, committed 21504K, reserved 380928K
  class space    used 3011K, committed 3392K, reserved 315392K
}
Event: 18.952 GC heap after
{Heap after GC invocations=3 (full 0):
 garbage-first heap   total 262144K, used 22981K [0x00000000e0000000, 0x0000000100000000)
  region size 1024K, 12 young (12288K), 12 survivors (12288K)
 Metaspace       used 20748K, committed 21504K, reserved 380928K
  class space    used 3011K, committed 3392K, reserved 315392K
}
Event: 33.285 GC heap before
{Heap before GC invocations=4 (full 0):
 garbage-first heap   total 262144K, used 128453K [0x00000000e0000000, 0x0000000100000000)
  region size 1024K, 117 young (119808K), 12 survivors (12288K)
 Metaspace       used 34822K, committed 35968K, reserved 380928K
  class space    used 4935K, committed 5504K, reserved 315392K
}
Event: 33.331 GC heap after
{Heap after GC invocations=5 (full 0):
 garbage-first heap   total 262144K, used 32007K [0x00000000e0000000, 0x0000000100000000)
  region size 1024K, 9 young (9216K), 9 survivors (9216K)
 Metaspace       used 34822K, committed 35968K, reserved 380928K
  class space    used 4935K, committed 5504K, reserved 315392K
}
Event: 33.698 GC heap before
{Heap before GC invocations=5 (full 0):
 garbage-first heap   total 262144K, used 39175K [0x00000000e0000000, 0x0000000100000000)
  region size 1024K, 13 young (13312K), 9 survivors (9216K)
 Metaspace       used 35041K, committed 36288K, reserved 380928K
  class space    used 4943K, committed 5568K, reserved 315392K
}
Event: 33.770 GC heap after
{Heap after GC invocations=6 (full 0):
 garbage-first heap   total 262144K, used 34244K [0x00000000e0000000, 0x0000000100000000)
  region size 1024K, 9 young (9216K), 9 survivors (9216K)
 Metaspace       used 35041K, committed 36288K, reserved 380928K
  class space    used 4943K, committed 5568K, reserved 315392K
}
Event: 33.896 GC heap before
{Heap before GC invocations=6 (full 0):
 garbage-first heap   total 262144K, used 34244K [0x00000000e0000000, 0x0000000100000000)
  region size 1024K, 10 young (10240K), 9 survivors (9216K)
 Metaspace       used 35359K, committed 36608K, reserved 380928K
  class space    used 4943K, committed 5568K, reserved 315392K
}
Event: 33.917 GC heap after
{Heap after GC invocations=7 (full 0):
 garbage-first heap   total 262144K, used 34621K [0x00000000e0000000, 0x0000000100000000)
  region size 1024K, 9 young (9216K), 9 survivors (9216K)
 Metaspace       used 35359K, committed 36608K, reserved 380928K
  class space    used 4943K, committed 5568K, reserved 315392K
}

Dll operation events (15 events):
Event: 0.047 Loaded shared library C:\Users\giwat\.jdks\corretto-20.0.2.1\bin\java.dll
Event: 0.155 Loaded shared library C:\Users\giwat\.jdks\corretto-20.0.2.1\bin\jsvml.dll
Event: 0.350 Loaded shared library C:\Users\giwat\.jdks\corretto-20.0.2.1\bin\zip.dll
Event: 0.369 Loaded shared library C:\Users\giwat\.jdks\corretto-20.0.2.1\bin\instrument.dll
Event: 0.382 Loaded shared library C:\Users\giwat\.jdks\corretto-20.0.2.1\bin\net.dll
Event: 0.414 Loaded shared library C:\Users\giwat\.jdks\corretto-20.0.2.1\bin\nio.dll
Event: 0.424 Loaded shared library C:\Users\giwat\.jdks\corretto-20.0.2.1\bin\zip.dll
Event: 1.622 Loaded shared library C:\Users\giwat\.jdks\corretto-20.0.2.1\bin\jimage.dll
Event: 2.601 Loaded shared library C:\Users\giwat\.jdks\corretto-20.0.2.1\bin\verify.dll
Event: 3.373 Loaded shared library C:\Users\giwat\.gradle\native\c067742578af261105cb4f569cf0c3c89f3d7b1fecec35dd04571415982c5e48\windows-amd64\native-platform.dll
Event: 3.401 Loaded shared library C:\Users\giwat\.gradle\native\38dada09dfb8b06ba9b0570ebf7e218e3eb74d4ef43ca46872605cf95ebc2f47\windows-amd64\native-platform-file-events.dll
Event: 6.828 Loaded shared library C:\Users\giwat\.jdks\corretto-20.0.2.1\bin\management.dll
Event: 6.837 Loaded shared library C:\Users\giwat\.jdks\corretto-20.0.2.1\bin\management_ext.dll
Event: 7.726 Loaded shared library C:\Users\giwat\.jdks\corretto-20.0.2.1\bin\extnet.dll
Event: 9.069 Loaded shared library C:\Users\giwat\.jdks\corretto-20.0.2.1\bin\sunmscapi.dll

Deoptimization events (20 events):
Event: 89.057 Thread 0x000001b33fc7f3e0 Uncommon trap: trap_request=0xffffffde fr.pc=0x000001b31becfbc8 relative=0x0000000000002728
Event: 89.058 Thread 0x000001b33fc7f3e0 Uncommon trap: reason=class_check action=maybe_recompile pc=0x000001b31becfbc8 method=java.util.regex.Pattern$CharProperty.study(Ljava/util/regex/Pattern$TreeInfo;)Z @ 25 c2
Event: 89.058 Thread 0x000001b33fc7f3e0 DEOPT PACKING pc=0x000001b31becfbc8 sp=0x00000074d97fa3e0
Event: 89.058 Thread 0x000001b33fc7f3e0 DEOPT UNPACKING pc=0x000001b31b72d2a2 sp=0x00000074d97fa2d8 mode 2
Event: 89.087 Thread 0x000001b33fc7f3e0 Uncommon trap: trap_request=0xffffffde fr.pc=0x000001b31becfbc8 relative=0x0000000000002728
Event: 89.087 Thread 0x000001b33fc7f3e0 Uncommon trap: reason=class_check action=maybe_recompile pc=0x000001b31becfbc8 method=java.util.regex.Pattern$CharProperty.study(Ljava/util/regex/Pattern$TreeInfo;)Z @ 25 c2
Event: 89.087 Thread 0x000001b33fc7f3e0 DEOPT PACKING pc=0x000001b31becfbc8 sp=0x00000074d97fa3e0
Event: 89.087 Thread 0x000001b33fc7f3e0 DEOPT UNPACKING pc=0x000001b31b72d2a2 sp=0x00000074d97fa2d8 mode 2
Event: 89.100 Thread 0x000001b33fc7f3e0 Uncommon trap: trap_request=0xffffffde fr.pc=0x000001b31becfbc8 relative=0x0000000000002728
Event: 89.100 Thread 0x000001b33fc7f3e0 Uncommon trap: reason=class_check action=maybe_recompile pc=0x000001b31becfbc8 method=java.util.regex.Pattern$CharProperty.study(Ljava/util/regex/Pattern$TreeInfo;)Z @ 25 c2
Event: 89.100 Thread 0x000001b33fc7f3e0 DEOPT PACKING pc=0x000001b31becfbc8 sp=0x00000074d97fa3e0
Event: 89.100 Thread 0x000001b33fc7f3e0 DEOPT UNPACKING pc=0x000001b31b72d2a2 sp=0x00000074d97fa2d8 mode 2
Event: 94.306 Thread 0x000001b33fc7f3e0 Uncommon trap: trap_request=0xffffff45 fr.pc=0x000001b31be757e0 relative=0x0000000000000320
Event: 94.306 Thread 0x000001b33fc7f3e0 Uncommon trap: reason=unstable_if action=reinterpret pc=0x000001b31be757e0 method=org.gradle.internal.reflect.PropertyAccessorType.isGetGetterName(Ljava/lang/String;)Z @ 14 c2
Event: 94.306 Thread 0x000001b33fc7f3e0 DEOPT PACKING pc=0x000001b31be757e0 sp=0x00000074d97f90a0
Event: 94.306 Thread 0x000001b33fc7f3e0 DEOPT UNPACKING pc=0x000001b31b72d2a2 sp=0x00000074d97f8ff8 mode 2
Event: 95.726 Thread 0x000001b33fc7f3e0 Uncommon trap: trap_request=0xffffff45 fr.pc=0x000001b31be587f4 relative=0x00000000000000f4
Event: 95.726 Thread 0x000001b33fc7f3e0 Uncommon trap: reason=unstable_if action=reinterpret pc=0x000001b31be587f4 method=org.objectweb.asm.ByteVector.putShort(I)Lorg/objectweb/asm/ByteVector; @ 13 c2
Event: 95.726 Thread 0x000001b33fc7f3e0 DEOPT PACKING pc=0x000001b31be587f4 sp=0x00000074d97f8c40
Event: 95.726 Thread 0x000001b33fc7f3e0 DEOPT UNPACKING pc=0x000001b31b72d2a2 sp=0x00000074d97f8bd8 mode 2

Classes loaded (20 events):
Event: 76.914 Loading class java/util/concurrent/atomic/AtomicReferenceFieldUpdater
Event: 76.922 Loading class java/util/concurrent/atomic/AtomicReferenceFieldUpdater done
Event: 76.922 Loading class java/util/concurrent/atomic/AtomicReferenceFieldUpdater$AtomicReferenceFieldUpdaterImpl
Event: 76.925 Loading class java/util/concurrent/atomic/AtomicReferenceFieldUpdater$AtomicReferenceFieldUpdaterImpl done
Event: 76.925 Loading class java/util/concurrent/atomic/AtomicReferenceFieldUpdater$AtomicReferenceFieldUpdaterImpl$1
Event: 76.926 Loading class java/util/concurrent/atomic/AtomicReferenceFieldUpdater$AtomicReferenceFieldUpdaterImpl$1 done
Event: 79.222 Loading class java/util/zip/GZIPOutputStream
Event: 79.259 Loading class java/util/zip/GZIPOutputStream done
Event: 79.260 Loading class java/util/zip/GZIPInputStream
Event: 79.279 Loading class java/util/zip/GZIPInputStream done
Event: 86.093 Loading class java/nio/file/AtomicMoveNotSupportedException
Event: 86.099 Loading class java/nio/file/AtomicMoveNotSupportedException done
Event: 86.894 Loading class java/io/FileWriter
Event: 86.897 Loading class java/io/FileWriter done
Event: 92.114 Loading class java/util/DualPivotQuicksort
Event: 92.118 Loading class java/util/DualPivotQuicksort done
Event: 93.778 Loading class java/util/function/LongUnaryOperator
Event: 93.788 Loading class java/util/function/LongUnaryOperator done
Event: 95.853 Loading class java/lang/StringIndexOutOfBoundsException
Event: 95.857 Loading class java/lang/StringIndexOutOfBoundsException done

Classes unloaded (0 events):
No events

Classes redefined (0 events):
No events

Internal exceptions (20 events):
Event: 57.871 Thread 0x000001b33fc7f3e0 Exception <a 'java/lang/NoSuchMethodError'{0x00000000ee89cf48}: 'java.lang.Object java.lang.invoke.DirectMethodHandle$Holder.invokeSpecial(java.lang.Object, java.lang.Object, java.lang.Object, int, int)'> (0x00000000ee89cf48) 
thrown [s\src\hotspot\share\interpreter\linkResolver.cpp, line 773]
Event: 57.926 Thread 0x000001b33fc7f3e0 Exception <a 'java/lang/NoSuchMethodError'{0x00000000ee8d26a0}: 'void java.lang.invoke.DirectMethodHandle$Holder.invokeSpecial(java.lang.Object, java.lang.Object, int)'> (0x00000000ee8d26a0) 
thrown [s\src\hotspot\share\interpreter\linkResolver.cpp, line 773]
Event: 57.929 Thread 0x000001b33fc7f3e0 Exception <a 'java/lang/NoSuchMethodError'{0x00000000ee8d6910}: 'void java.lang.invoke.Invokers$Holder.invokeExact_MT(java.lang.Object, int, java.lang.Object)'> (0x00000000ee8d6910) 
thrown [s\src\hotspot\share\interpreter\linkResolver.cpp, line 773]
Event: 57.957 Thread 0x000001b33fc7f3e0 Exception <a 'java/lang/IncompatibleClassChangeError'{0x00000000ee8e1260}: Found class java.lang.Object, but interface was expected> (0x00000000ee8e1260) 
thrown [s\src\hotspot\share\interpreter\linkResolver.cpp, line 840]
Event: 58.056 Thread 0x000001b33fc7f3e0 Exception <a 'sun/nio/fs/WindowsException'{0x00000000ee721a20}> (0x00000000ee721a20) 
thrown [s\src\hotspot\share\prims\jni.cpp, line 519]
Event: 58.062 Thread 0x000001b33fc7f3e0 Exception <a 'sun/nio/fs/WindowsException'{0x00000000ee722f18}> (0x00000000ee722f18) 
thrown [s\src\hotspot\share\prims\jni.cpp, line 519]
Event: 58.063 Thread 0x000001b33fc7f3e0 Exception <a 'sun/nio/fs/WindowsException'{0x00000000ee7243e8}> (0x00000000ee7243e8) 
thrown [s\src\hotspot\share\prims\jni.cpp, line 519]
Event: 58.065 Thread 0x000001b33fc7f3e0 Exception <a 'sun/nio/fs/WindowsException'{0x00000000ee7258c8}> (0x00000000ee7258c8) 
thrown [s\src\hotspot\share\prims\jni.cpp, line 519]
Event: 58.714 Thread 0x000001b33fc7f3e0 Exception <a 'java/lang/NoSuchMethodError'{0x00000000ee6a18b0}: 'java.lang.Object java.lang.invoke.Invokers$Holder.invoker(java.lang.Object, java.lang.Object, java.lang.Object, java.lang.Object, java.lang.Object, java.lang.Object, java.lang.Object, java.lang.Object, java.lang.Object)'> (0x00000000ee6a18b0) 
thrown [s\src\hotspot\share\interpreter\linkResolver.cpp, line 773]
Event: 59.657 Thread 0x000001b33fc7f3e0 Exception <a 'java/lang/NoSuchMethodError'{0x00000000ee419338}: 'java.lang.Object java.lang.invoke.DirectMethodHandle$Holder.invokeSpecial(java.lang.Object, java.lang.Object, java.lang.Object, java.lang.Object, java.lang.Object, java.lang.Object, java.lang.Object, java.lang.Object, java.lang.Object, java.lang.Object, java.lang.Object, java.lang.Object, java.lang.Object, java.lang.Object, java.lang.Object, java.lang.Object, java.lang.Object, java.lang.Object, java.lang.Object, java.lang.Object, java.lang.Ob
Event: 59.659 Thread 0x000001b33fc7f3e0 Exception <a 'java/lang/NoSuchMethodError'{0x00000000ee41edb8}: 'java.lang.Object java.lang.invoke.DelegatingMethodHandle$Holder.reinvoke_L(java.lang.Object, java.lang.Object, java.lang.Object, java.lang.Object, java.lang.Object, java.lang.Object, java.lang.Object, java.lang.Object, java.lang.Object, java.lang.Object, java.lang.Object, java.lang.Object, java.lang.Object, java.lang.Object, java.lang.Object, java.lang.Object, java.lang.Object, java.lang.Object, java.lang.Object, java.lang.Object, java.lang.O
Event: 59.664 Thread 0x000001b33fc7f3e0 Exception <a 'java/lang/NoSuchMethodError'{0x00000000ee429dd0}: 'java.lang.Object java.lang.invoke.Invokers$Holder.invoker(java.lang.Object, java.lang.Object, java.lang.Object, java.lang.Object, java.lang.Object, java.lang.Object, java.lang.Object, java.lang.Object, java.lang.Object, java.lang.Object, java.lang.Object, java.lang.Object, java.lang.Object, java.lang.Object, java.lang.Object, java.lang.Object, java.lang.Object, java.lang.Object, java.lang.Object, java.lang.Object, java.lang.Object, java.lang.
Event: 59.668 Thread 0x000001b33fc7f3e0 Exception <a 'java/lang/NoSuchMethodError'{0x00000000ee430020}: 'java.lang.Object java.lang.invoke.DelegatingMethodHandle$Holder.delegate(java.lang.Object, java.lang.Object, java.lang.Object, java.lang.Object, java.lang.Object, java.lang.Object, java.lang.Object, java.lang.Object, java.lang.Object, java.lang.Object, java.lang.Object, java.lang.Object, java.lang.Object, java.lang.Object, java.lang.Object, java.lang.Object, java.lang.Object, java.lang.Object, java.lang.Object, java.lang.Object, java.lang.Obj
Event: 64.651 Thread 0x000001b33fc7f3e0 Exception <a 'java/lang/IncompatibleClassChangeError'{0x00000000ed5df5a8}: Found class java.lang.Object, but interface was expected> (0x00000000ed5df5a8) 
thrown [s\src\hotspot\share\interpreter\linkResolver.cpp, line 840]
Event: 73.213 Thread 0x000001b33fc7f3e0 Exception <a 'java/lang/IncompatibleClassChangeError'{0x00000000ed2c7828}: Found class java.lang.Object, but interface was expected> (0x00000000ed2c7828) 
thrown [s\src\hotspot\share\interpreter\linkResolver.cpp, line 840]
Event: 73.803 Thread 0x000001b33fc7f3e0 Exception <a 'java/lang/NoSuchMethodError'{0x00000000ed140290}: 'void java.lang.invoke.DirectMethodHandle$Holder.invokeStatic(java.lang.Object, java.lang.Object, java.lang.Object, java.lang.Object, java.lang.Object, java.lang.Object)'> (0x00000000ed140290) 
thrown [s\src\hotspot\share\interpreter\linkResolver.cpp, line 773]
Event: 74.613 Thread 0x000001b33fc7f3e0 Exception <a 'java/lang/NoSuchMethodError'{0x00000000ed06d0d0}: 'int java.lang.invoke.DirectMethodHandle$Holder.invokeStaticInit(java.lang.Object, java.lang.Object, java.lang.Object, java.lang.Object, java.lang.Object)'> (0x00000000ed06d0d0) 
thrown [s\src\hotspot\share\interpreter\linkResolver.cpp, line 773]
Event: 75.955 Thread 0x000001b33fc7f3e0 Exception <a 'java/lang/IncompatibleClassChangeError'{0x00000000ece302b8}: Found class java.lang.Object, but interface was expected> (0x00000000ece302b8) 
thrown [s\src\hotspot\share\interpreter\linkResolver.cpp, line 840]
Event: 81.105 Thread 0x000001b33fc7f3e0 Implicit null exception at 0x000001b31be7685c to 0x000001b31be76908
Event: 93.793 Thread 0x000001b33fc7f3e0 Exception <a 'java/lang/NoSuchMethodError'{0x00000000ebb7f4d8}: 'long java.lang.invoke.DirectMethodHandle$Holder.invokeStatic(java.lang.Object, long)'> (0x00000000ebb7f4d8) 
thrown [s\src\hotspot\share\interpreter\linkResolver.cpp, line 773]

VM Operations (20 events):
Event: 85.457 Executing VM operation: Cleanup
Event: 85.475 Executing VM operation: Cleanup done
Event: 86.481 Executing VM operation: Cleanup
Event: 86.482 Executing VM operation: Cleanup done
Event: 86.940 Executing VM operation: HandshakeAllThreads
Event: 86.940 Executing VM operation: HandshakeAllThreads done
Event: 87.941 Executing VM operation: Cleanup
Event: 87.990 Executing VM operation: Cleanup done
Event: 88.997 Executing VM operation: Cleanup
Event: 89.044 Executing VM operation: Cleanup done
Event: 90.054 Executing VM operation: Cleanup
Event: 90.090 Executing VM operation: Cleanup done
Event: 93.123 Executing VM operation: Cleanup
Event: 93.140 Executing VM operation: Cleanup done
Event: 94.146 Executing VM operation: Cleanup
Event: 94.259 Executing VM operation: Cleanup done
Event: 94.740 Executing VM operation: HandshakeAllThreads
Event: 94.740 Executing VM operation: HandshakeAllThreads done
Event: 95.745 Executing VM operation: Cleanup
Event: 95.746 Executing VM operation: Cleanup done

Events (20 events):
Event: 34.039 Thread 0x000001b326a597b0 flushing nmethod 0x000001b31bcf0690
Event: 34.039 Thread 0x000001b326a597b0 flushing nmethod 0x000001b31bce4290
Event: 34.039 Thread 0x000001b326a597b0 flushing nmethod 0x000001b31bce3990
Event: 34.039 Thread 0x000001b326a597b0 flushing nmethod 0x000001b31bce3090
Event: 34.039 Thread 0x000001b326a597b0 flushing nmethod 0x000001b31bce1390
Event: 34.039 Thread 0x000001b326a597b0 flushing nmethod 0x000001b31bcc0c90
Event: 34.039 Thread 0x000001b326a597b0 flushing nmethod 0x000001b31bcbfd90
Event: 34.039 Thread 0x000001b326a597b0 flushing nmethod 0x000001b31bcbdb10
Event: 34.039 Thread 0x000001b326a597b0 flushing nmethod 0x000001b31bcd8310
Event: 34.039 Thread 0x000001b326a597b0 flushing nmethod 0x000001b31bcd6810
Event: 34.039 Thread 0x000001b326a597b0 flushing nmethod 0x000001b31bcd3510
Event: 34.039 Thread 0x000001b326a597b0 flushing nmethod 0x000001b31bcb8a10
Event: 38.892 Thread 0x000001b33fec9560 Thread added: 0x000001b33fec9560
Event: 42.229 Thread 0x000001b33fec9010 Thread added: 0x000001b33fec9010
Event: 48.004 Thread 0x000001b33fec9ab0 Thread added: 0x000001b33fec9ab0
Event: 52.775 Thread 0x000001b33feca000 Thread added: 0x000001b33feca000
Event: 59.542 Thread 0x000001b33fecba90 Thread added: 0x000001b33fecba90
Event: 75.319 Thread 0x000001b33fecbfe0 Thread added: 0x000001b33fecbfe0
Event: 75.342 Thread 0x000001b33feaad40 Thread added: 0x000001b33feaad40
Event: 82.148 Thread 0x000001b33fea62e0 Thread added: 0x000001b33fea62e0


Dynamic libraries:
0x00007ff647f30000 - 0x00007ff647f3e000 	C:\Users\giwat\.jdks\corretto-20.0.2.1\bin\java.exe
0x00007ff894fb0000 - 0x00007ff8951c7000 	C:\WINDOWS\SYSTEM32\ntdll.dll
0x00007ff8949e0000 - 0x00007ff894aa4000 	C:\WINDOWS\System32\KERNEL32.DLL
0x00007ff8927f0000 - 0x00007ff892b95000 	C:\WINDOWS\System32\KERNELBASE.dll
0x00007ff892320000 - 0x00007ff892431000 	C:\WINDOWS\System32\ucrtbase.dll
0x00007ff854b30000 - 0x00007ff854b47000 	C:\Users\giwat\.jdks\corretto-20.0.2.1\bin\jli.dll
0x00007ff892d00000 - 0x00007ff892eae000 	C:\WINDOWS\System32\USER32.dll
0x00007ff892740000 - 0x00007ff892766000 	C:\WINDOWS\System32\win32u.dll
0x00007ff8930d0000 - 0x00007ff8930f9000 	C:\WINDOWS\System32\GDI32.dll
0x00007ff892620000 - 0x00007ff892739000 	C:\WINDOWS\System32\gdi32full.dll
0x00007ff892ba0000 - 0x00007ff892c3a000 	C:\WINDOWS\System32\msvcp_win.dll
0x00007ff854b10000 - 0x00007ff854b2b000 	C:\Users\giwat\.jdks\corretto-20.0.2.1\bin\VCRUNTIME140.dll
0x00007ff86d030000 - 0x00007ff86d2c3000 	C:\WINDOWS\WinSxS\amd64_microsoft.windows.common-controls_6595b64144ccf1df_6.0.22621.2506_none_270c5ae97388e100\COMCTL32.dll
0x00007ff8944b0000 - 0x00007ff894557000 	C:\WINDOWS\System32\msvcrt.dll
0x00007ff894ab0000 - 0x00007ff894ae1000 	C:\WINDOWS\System32\IMM32.DLL
0x00007ff888c50000 - 0x00007ff888c5c000 	C:\Users\giwat\.jdks\corretto-20.0.2.1\bin\vcruntime140_1.dll
0x00007ff83b4b0000 - 0x00007ff83b53e000 	C:\Users\giwat\.jdks\corretto-20.0.2.1\bin\msvcp140.dll
0x00007ff81c5e0000 - 0x00007ff81d2e4000 	C:\Users\giwat\.jdks\corretto-20.0.2.1\bin\server\jvm.dll
0x00007ff892f90000 - 0x00007ff893041000 	C:\WINDOWS\System32\ADVAPI32.dll
0x00007ff893d20000 - 0x00007ff893dc6000 	C:\WINDOWS\System32\sechost.dll
0x00007ff894e50000 - 0x00007ff894f67000 	C:\WINDOWS\System32\RPCRT4.dll
0x00007ff86f7b0000 - 0x00007ff86f7b9000 	C:\WINDOWS\SYSTEM32\WSOCK32.dll
0x00007ff894040000 - 0x00007ff8940b1000 	C:\WINDOWS\System32\WS2_32.dll
0x00007ff8871f0000 - 0x00007ff887224000 	C:\WINDOWS\SYSTEM32\WINMM.dll
0x00007ff888dd0000 - 0x00007ff888dda000 	C:\WINDOWS\SYSTEM32\VERSION.dll
0x00007ff891280000 - 0x00007ff891298000 	C:\WINDOWS\SYSTEM32\kernel.appcore.dll
0x00007ff85b020000 - 0x00007ff85b02a000 	C:\Users\giwat\.jdks\corretto-20.0.2.1\bin\jimage.dll
0x00007ff88f6a0000 - 0x00007ff88f8d3000 	C:\WINDOWS\SYSTEM32\DBGHELP.DLL
0x00007ff8940c0000 - 0x00007ff894449000 	C:\WINDOWS\System32\combase.dll
0x00007ff892eb0000 - 0x00007ff892f87000 	C:\WINDOWS\System32\OLEAUT32.dll
0x00007ff870d80000 - 0x00007ff870db2000 	C:\WINDOWS\SYSTEM32\dbgcore.DLL
0x00007ff892770000 - 0x00007ff8927ea000 	C:\WINDOWS\System32\bcryptPrimitives.dll
0x00007ff851180000 - 0x00007ff85118e000 	C:\Users\giwat\.jdks\corretto-20.0.2.1\bin\instrument.dll
0x00007ff8510b0000 - 0x00007ff8510d6000 	C:\Users\giwat\.jdks\corretto-20.0.2.1\bin\java.dll
0x00007ff83b0c0000 - 0x00007ff83b197000 	C:\Users\giwat\.jdks\corretto-20.0.2.1\bin\jsvml.dll
0x00007ff8934a0000 - 0x00007ff893cf9000 	C:\WINDOWS\System32\SHELL32.dll
0x00007ff8901f0000 - 0x00007ff890ae4000 	C:\WINDOWS\SYSTEM32\windows.storage.dll
0x00007ff8900b0000 - 0x00007ff8901ee000 	C:\WINDOWS\SYSTEM32\wintypes.dll
0x00007ff893dd0000 - 0x00007ff893ec3000 	C:\WINDOWS\System32\SHCORE.dll
0x00007ff893fe0000 - 0x00007ff89403e000 	C:\WINDOWS\System32\shlwapi.dll
0x00007ff892250000 - 0x00007ff892276000 	C:\WINDOWS\SYSTEM32\profapi.dll
0x00007ff851160000 - 0x00007ff851178000 	C:\Users\giwat\.jdks\corretto-20.0.2.1\bin\zip.dll
0x00007ff850fd0000 - 0x00007ff850fe3000 	C:\Users\giwat\.jdks\corretto-20.0.2.1\bin\net.dll
0x00007ff8897d0000 - 0x00007ff889907000 	C:\WINDOWS\SYSTEM32\WINHTTP.dll
0x00007ff891750000 - 0x00007ff8917b9000 	C:\WINDOWS\system32\mswsock.dll
0x00007ff84f430000 - 0x00007ff84f446000 	C:\Users\giwat\.jdks\corretto-20.0.2.1\bin\nio.dll
0x00007ff8510a0000 - 0x00007ff8510b0000 	C:\Users\giwat\.jdks\corretto-20.0.2.1\bin\verify.dll
0x00007ff83f320000 - 0x00007ff83f347000 	C:\Users\giwat\.gradle\native\c067742578af261105cb4f569cf0c3c89f3d7b1fecec35dd04571415982c5e48\windows-amd64\native-platform.dll
0x00007ff8247c0000 - 0x00007ff824904000 	C:\Users\giwat\.gradle\native\38dada09dfb8b06ba9b0570ebf7e218e3eb74d4ef43ca46872605cf95ebc2f47\windows-amd64\native-platform-file-events.dll
0x00007ff851060000 - 0x00007ff85106a000 	C:\Users\giwat\.jdks\corretto-20.0.2.1\bin\management.dll
0x00007ff850fc0000 - 0x00007ff850fcb000 	C:\Users\giwat\.jdks\corretto-20.0.2.1\bin\management_ext.dll
0x00007ff893460000 - 0x00007ff893468000 	C:\WINDOWS\System32\PSAPI.DLL
0x00007ff891a40000 - 0x00007ff891a5b000 	C:\WINDOWS\SYSTEM32\CRYPTSP.dll
0x00007ff891240000 - 0x00007ff891275000 	C:\WINDOWS\system32\rsaenh.dll
0x00007ff8917f0000 - 0x00007ff89181c000 	C:\WINDOWS\SYSTEM32\USERENV.dll
0x00007ff891bc0000 - 0x00007ff891be8000 	C:\WINDOWS\SYSTEM32\bcrypt.dll
0x00007ff891950000 - 0x00007ff89195c000 	C:\WINDOWS\SYSTEM32\CRYPTBASE.dll
0x00007ff890d50000 - 0x00007ff890d7d000 	C:\WINDOWS\SYSTEM32\IPHLPAPI.DLL
0x00007ff893490000 - 0x00007ff893499000 	C:\WINDOWS\System32\NSI.dll
0x00007ff886c30000 - 0x00007ff886c49000 	C:\WINDOWS\SYSTEM32\dhcpcsvc6.DLL
0x00007ff886780000 - 0x00007ff88679f000 	C:\WINDOWS\SYSTEM32\dhcpcsvc.DLL
0x00007ff890dc0000 - 0x00007ff890eb9000 	C:\WINDOWS\SYSTEM32\DNSAPI.dll
0x00007ff84f420000 - 0x00007ff84f427000 	C:\Users\giwat\.jdks\corretto-20.0.2.1\bin\extnet.dll
0x00007ff84f410000 - 0x00007ff84f41e000 	C:\Users\giwat\.jdks\corretto-20.0.2.1\bin\sunmscapi.dll
0x00007ff8924b0000 - 0x00007ff892616000 	C:\WINDOWS\System32\CRYPT32.dll
0x00007ff891b90000 - 0x00007ff891bbd000 	C:\WINDOWS\SYSTEM32\ncrypt.dll
0x00007ff891b50000 - 0x00007ff891b87000 	C:\WINDOWS\SYSTEM32\NTASN1.dll
0x00007ff855f70000 - 0x00007ff855f78000 	C:\WINDOWS\system32\wshunix.dll

dbghelp: loaded successfully - version: 4.0.5 - missing functions: none
symbol engine: initialized successfully - sym options: 0x614 - pdb path: .;C:\Users\giwat\.jdks\corretto-20.0.2.1\bin;C:\WINDOWS\SYSTEM32;C:\WINDOWS\WinSxS\amd64_microsoft.windows.common-controls_6595b64144ccf1df_6.0.22621.2506_none_270c5ae97388e100;C:\Users\giwat\.jdks\corretto-20.0.2.1\bin\server;C:\Users\giwat\.gradle\native\c067742578af261105cb4f569cf0c3c89f3d7b1fecec35dd04571415982c5e48\windows-amd64;C:\Users\giwat\.gradle\native\38dada09dfb8b06ba9b0570ebf7e218e3eb74d4ef43ca46872605cf95ebc2f47\windows-amd64

VM Arguments:
jvm_args: --add-opens=java.base/java.util=ALL-UNNAMED --add-opens=java.base/java.lang=ALL-UNNAMED --add-opens=java.base/java.lang.invoke=ALL-UNNAMED --add-opens=java.prefs/java.util.prefs=ALL-UNNAMED --add-opens=java.base/java.nio.charset=ALL-UNNAMED --add-opens=java.base/java.net=ALL-UNNAMED --add-opens=java.base/java.util.concurrent.atomic=ALL-UNNAMED -XX:MaxMetaspaceSize=384m -XX:+HeapDumpOnOutOfMemoryError -Xms256m -Xmx512m -Dfile.encoding=windows-1252 -Duser.country=CA -Duser.language=en -Duser.variant -javaagent:C:\Users\giwat\.gradle\wrapper\dists\gradle-8.4-bin\1w5dpkrfk8irigvoxmyhowfim\gradle-8.4\lib\agents\gradle-instrumentation-agent-8.4.jar 
java_command: org.gradle.launcher.daemon.bootstrap.GradleDaemon 8.4
java_class_path (initial): C:\Users\giwat\.gradle\wrapper\dists\gradle-8.4-bin\1w5dpkrfk8irigvoxmyhowfim\gradle-8.4\lib\gradle-launcher-8.4.jar
Launcher Type: SUN_STANDARD

[Global flags]
     intx CICompilerCount                          = 4                                         {product} {ergonomic}
   size_t CompressedClassSpaceSize                 = 322961408                                 {product} {ergonomic}
     uint ConcGCThreads                            = 2                                         {product} {ergonomic}
     uint G1ConcRefinementThreads                  = 8                                         {product} {ergonomic}
   size_t G1HeapRegionSize                         = 1048576                                   {product} {ergonomic}
    uintx GCDrainStackTargetSize                   = 64                                        {product} {ergonomic}
     bool HeapDumpOnOutOfMemoryError               = true                                   {manageable} {command line}
   size_t InitialHeapSize                          = 268435456                                 {product} {command line}
   size_t MarkStackSize                            = 4194304                                   {product} {ergonomic}
   size_t MaxHeapSize                              = 536870912                                 {product} {command line}
   size_t MaxMetaspaceSize                         = 402653184                                 {product} {command line}
   size_t MaxNewSize                               = 321912832                                 {product} {ergonomic}
   size_t MinHeapDeltaBytes                        = 1048576                                   {product} {ergonomic}
   size_t MinHeapSize                              = 268435456                                 {product} {command line}
    uintx NonNMethodCodeHeapSize                   = 5839372                                {pd product} {ergonomic}
    uintx NonProfiledCodeHeapSize                  = 122909434                              {pd product} {ergonomic}
    uintx ProfiledCodeHeapSize                     = 122909434                              {pd product} {ergonomic}
    uintx ReservedCodeCacheSize                    = 251658240                              {pd product} {ergonomic}
     bool SegmentedCodeCache                       = true                                      {product} {ergonomic}
   size_t SoftMaxHeapSize                          = 536870912                              {manageable} {ergonomic}
     bool UseCompressedClassPointers               = true                           {product lp64_product} {ergonomic}
     bool UseCompressedOops                        = true                           {product lp64_product} {ergonomic}
     bool UseG1GC                                  = true                                      {product} {ergonomic}
     bool UseLargePagesIndividualAllocation        = false                                  {pd product} {ergonomic}

Logging:
Log output configuration:
 #0: stdout all=warning uptime,level,tags foldmultilines=false
 #1: stderr all=off uptime,level,tags foldmultilines=false

Environment Variables:
PATH=C:\Program Files\Common Files\Oracle\Java\javapath;C:\Program Files (x86)\Common Files\Oracle\Java\javapath;C:\windows\system32;C:\windows;C:\windows\System32\Wbem;C:\windows\System32\WindowsPowerShell\v1.0\;C:\windows\System32\OpenSSH\;C:\Program Files\Microsoft SQL Server\130\Tools\Binn\;C:\Program Files\Git\cmd;C:\xampp\php;C:\ProgramData\ComposerSetup\bin;C:\WINDOWS\system32;C:\WINDOWS;C:\WINDOWS\System32\Wbem;C:\WINDOWS\System32\WindowsPowerShell\v1.0\;C:\WINDOWS\System32\OpenSSH\;C:\Program Files\dotnet\;C:\Program Files\Microsoft SQL Server\150\Tools\Binn\;C:\Program Files\nodejs\;C:\Users\giwat\Gradle\gradle-8.3\bin;;C:\Program Files\Docker\Docker\resources\bin;C:\Users\giwat\AppData\Local\Programs\Python\Python311\Scripts\;C:\Users\giwat\AppData\Local\Programs\Python\Python311\;C:\Program Files\MySQL\MySQL Shell 8.0\bin\;C:\Users\giwat\AppData\Local\Microsoft\WindowsApps;C:\Users\giwat\AppData\Local\Programs\Microsoft VS Code\bin;C:\Users\giwat\.dotnet\tools;C:\Users\giwat\AppData\Local\atom\bin;C:\Users\giwat\AppData\Roaming\Composer\vendor\bin;C:\Program Files (x86)\Brackets\;C:\Users\giwat\AppData\Local\Microsoft\WindowsApps;C:\Program Files\JetBrains\PyCharm 2022.3.1\bin;;C:\Users\giwat\.dotnet\tools;C:\Program Files\heroku\bin;C:\Users\giwat\AppData\Roaming\npm;C:\Program Files\JetBrains\DataGrip 2023.2.2\bin;
USERNAME=giwat
OS=Windows_NT
PROCESSOR_IDENTIFIER=Intel64 Family 6 Model 140 Stepping 2, GenuineIntel
TMP=C:\Users\giwat\AppData\Local\Temp
TEMP=C:\Users\giwat\AppData\Local\Temp




---------------  S Y S T E M  ---------------

OS:
 Windows 11 , 64 bit Build 22621 (10.0.22621.2506)
OS uptime: 0 days 3:31 hours
Hyper-V role detected

CPU: total 8 (initial active 8) (4 cores per cpu, 2 threads per core) family 6 model 140 stepping 2 microcode 0x2c, cx8, cmov, fxsr, ht, mmx, 3dnowpref, sse, sse2, sse3, ssse3, sse4.1, sse4.2, popcnt, lzcnt, tsc, tscinvbit, avx, avx2, aes, erms, clmul, bmi1, bmi2, adx, avx512f, avx512dq, avx512cd, avx512bw, avx512vl, sha, fma, vzeroupper, avx512_vpopcntdq, avx512_vpclmulqdq, avx512_vaes, avx512_vnni, clflush, clflushopt, clwb, avx512_vbmi2, avx512_vbmi, hv, rdtscp, rdpid, fsrm, gfni, avx512_bitalg, f16c, cet_ibt, cet_ss, avx512_ifma

Memory: 4k page, system-wide physical 7941M (109M free)
TotalPageFile size 32517M (AvailPageFile size 2M)
current process WorkingSet (physical memory assigned to process): 88M, peak: 162M
current process commit charge ("private bytes"): 432M, peak: 433M

vm_info: OpenJDK 64-Bit Server VM (20.0.2.1+10-FR) for windows-amd64 JRE (20.0.2.1+10-FR), built on 2023-08-19T09:18:31Z by "Administrator" with unknown MS VC++:1937

END.
